[15:14:34] src/nnvm/legacy_json_util.cc:190: Loading symbol saved by previous version v0.8.0. Attempting to upgrade...
[15:14:34] src/nnvm/legacy_json_util.cc:198: Symbol successfully upgraded!
note: caffe model don't have 'flatten0', but 'flatten_0'
note: don't have flatten_0, but flatten
[15:14:35] src/io/iter_image_recordio.cc:220: ImageRecordIOParser: ../../data/ism-train_train.rec, use 4 threads for decoding..
[15:14:49] src/io/iter_image_recordio.cc:220: ImageRecordIOParser: ../../data/ism-train_val.rec, use 4 threads for decoding..
2017-07-21 15:16:04,845 Epoch[0] Batch [10]	Speed: 232.94 samples/sec	Train-accuracy=0.589015
2017-07-21 15:16:06,198 Epoch[0] Batch [20]	Speed: 355.01 samples/sec	Train-accuracy=0.637500
2017-07-21 15:16:07,541 Epoch[0] Batch [30]	Speed: 357.55 samples/sec	Train-accuracy=0.645833
2017-07-21 15:16:08,880 Epoch[0] Batch [40]	Speed: 358.43 samples/sec	Train-accuracy=0.781250
2017-07-21 15:16:09,552 Epoch[0] Train-accuracy=0.795833
2017-07-21 15:16:09,552 Epoch[0] Time cost=14.808
2017-07-21 15:16:10,102 Saved checkpoint to "../../models/pretrained-models/nin/nin-train-224-lr-0.001-momentum-0.9-0001.params"
2017-07-21 15:16:10,343 Epoch[0] Validation-accuracy=0.822917
2017-07-21 15:16:11,767 Epoch[1] Batch [10]	Speed: 356.73 samples/sec	Train-accuracy=0.839015
2017-07-21 15:16:13,108 Epoch[1] Batch [20]	Speed: 358.13 samples/sec	Train-accuracy=0.835417
2017-07-21 15:16:14,451 Epoch[1] Batch [30]	Speed: 357.40 samples/sec	Train-accuracy=0.808333
2017-07-21 15:16:15,792 Epoch[1] Batch [40]	Speed: 358.00 samples/sec	Train-accuracy=0.835417
2017-07-21 15:16:16,329 Epoch[1] Train-accuracy=0.817708
2017-07-21 15:16:16,330 Epoch[1] Time cost=5.986
2017-07-21 15:16:18,414 Saved checkpoint to "../../models/pretrained-models/nin/nin-train-224-lr-0.001-momentum-0.9-0002.params"
2017-07-21 15:16:21,055 Epoch[1] Validation-accuracy=0.854167
2017-07-21 15:16:22,713 Epoch[2] Batch [10]	Speed: 305.69 samples/sec	Train-accuracy=0.839015
2017-07-21 15:16:24,057 Epoch[2] Batch [20]	Speed: 357.13 samples/sec	Train-accuracy=0.856250
2017-07-21 15:16:25,404 Epoch[2] Batch [30]	Speed: 356.47 samples/sec	Train-accuracy=0.854167
2017-07-21 15:16:26,746 Epoch[2] Batch [40]	Speed: 357.84 samples/sec	Train-accuracy=0.847917
2017-07-21 15:16:27,417 Epoch[2] Train-accuracy=0.829167
2017-07-21 15:16:27,418 Epoch[2] Time cost=6.363
2017-07-21 15:16:27,564 Saved checkpoint to "../../models/pretrained-models/nin/nin-train-224-lr-0.001-momentum-0.9-0003.params"
2017-07-21 15:16:27,780 Epoch[2] Validation-accuracy=0.875000
2017-07-21 15:16:29,220 Epoch[3] Batch [10]	Speed: 357.20 samples/sec	Train-accuracy=0.848485
2017-07-21 15:16:30,565 Epoch[3] Batch [20]	Speed: 356.91 samples/sec	Train-accuracy=0.856250
2017-07-21 15:16:31,983 Epoch[3] Batch [30]	Speed: 338.42 samples/sec	Train-accuracy=0.822917
2017-07-21 15:16:33,328 Epoch[3] Batch [40]	Speed: 357.11 samples/sec	Train-accuracy=0.887500
2017-07-21 15:16:33,867 Epoch[3] Train-accuracy=0.864583
2017-07-21 15:16:33,867 Epoch[3] Time cost=6.086
2017-07-21 15:16:33,985 Saved checkpoint to "../../models/pretrained-models/nin/nin-train-224-lr-0.001-momentum-0.9-0004.params"
2017-07-21 15:16:34,186 Epoch[3] Validation-accuracy=0.843750
2017-07-21 15:16:35,628 Epoch[4] Batch [10]	Speed: 357.33 samples/sec	Train-accuracy=0.909091
2017-07-21 15:16:36,972 Epoch[4] Batch [20]	Speed: 357.40 samples/sec	Train-accuracy=0.906250
2017-07-21 15:16:38,313 Epoch[4] Batch [30]	Speed: 357.89 samples/sec	Train-accuracy=0.881250
2017-07-21 15:16:39,652 Epoch[4] Batch [40]	Speed: 358.61 samples/sec	Train-accuracy=0.925000
2017-07-21 15:16:40,323 Epoch[4] Train-accuracy=0.908333
2017-07-21 15:16:40,324 Epoch[4] Time cost=6.137
2017-07-21 15:16:40,464 Saved checkpoint to "../../models/pretrained-models/nin/nin-train-224-lr-0.001-momentum-0.9-0005.params"
2017-07-21 15:16:41,581 Epoch[4] Validation-accuracy=0.909722
2017-07-21 15:16:43,003 Epoch[5] Batch [10]	Speed: 356.54 samples/sec	Train-accuracy=0.920455
2017-07-21 15:16:44,346 Epoch[5] Batch [20]	Speed: 357.38 samples/sec	Train-accuracy=0.897917
2017-07-21 15:16:45,689 Epoch[5] Batch [30]	Speed: 357.60 samples/sec	Train-accuracy=0.912500
2017-07-21 15:16:47,030 Epoch[5] Batch [40]	Speed: 357.90 samples/sec	Train-accuracy=0.912500
2017-07-21 15:16:47,566 Epoch[5] Train-accuracy=0.906250
2017-07-21 15:16:47,566 Epoch[5] Time cost=5.985
2017-07-21 15:16:47,691 Saved checkpoint to "../../models/pretrained-models/nin/nin-train-224-lr-0.001-momentum-0.9-0006.params"
2017-07-21 15:16:47,865 Epoch[5] Validation-accuracy=0.927083
2017-07-21 15:16:49,290 Epoch[6] Batch [10]	Speed: 357.02 samples/sec	Train-accuracy=0.918561
2017-07-21 15:16:50,634 Epoch[6] Batch [20]	Speed: 357.21 samples/sec	Train-accuracy=0.916667
2017-07-21 15:16:51,977 Epoch[6] Batch [30]	Speed: 357.53 samples/sec	Train-accuracy=0.912500
2017-07-21 15:16:53,321 Epoch[6] Batch [40]	Speed: 357.41 samples/sec	Train-accuracy=0.941667
2017-07-21 15:16:53,858 Epoch[6] Train-accuracy=0.916667
2017-07-21 15:16:53,858 Epoch[6] Time cost=5.992
2017-07-21 15:16:53,979 Saved checkpoint to "../../models/pretrained-models/nin/nin-train-224-lr-0.001-momentum-0.9-0007.params"
2017-07-21 15:16:54,175 Epoch[6] Validation-accuracy=0.916667
2017-07-21 15:16:55,599 Epoch[7] Batch [10]	Speed: 357.18 samples/sec	Train-accuracy=0.899621
2017-07-21 15:16:56,945 Epoch[7] Batch [20]	Speed: 356.75 samples/sec	Train-accuracy=0.889583
2017-07-21 15:16:58,287 Epoch[7] Batch [30]	Speed: 357.57 samples/sec	Train-accuracy=0.920833
2017-07-21 15:16:59,629 Epoch[7] Batch [40]	Speed: 358.01 samples/sec	Train-accuracy=0.922917
2017-07-21 15:17:00,299 Epoch[7] Train-accuracy=0.929167
2017-07-21 15:17:00,299 Epoch[7] Time cost=6.124
2017-07-21 15:17:00,422 Saved checkpoint to "../../models/pretrained-models/nin/nin-train-224-lr-0.001-momentum-0.9-0008.params"
2017-07-21 15:17:00,623 Epoch[7] Validation-accuracy=0.916667
2017-07-21 15:17:02,078 Epoch[8] Batch [10]	Speed: 354.80 samples/sec	Train-accuracy=0.939394
2017-07-21 15:17:03,429 Epoch[8] Batch [20]	Speed: 355.52 samples/sec	Train-accuracy=0.939583
2017-07-21 15:17:04,774 Epoch[8] Batch [30]	Speed: 356.75 samples/sec	Train-accuracy=0.945833
2017-07-21 15:17:06,122 Epoch[8] Batch [40]	Speed: 356.27 samples/sec	Train-accuracy=0.931250
2017-07-21 15:17:06,661 Epoch[8] Train-accuracy=0.921875
2017-07-21 15:17:06,661 Epoch[8] Time cost=6.038
2017-07-21 15:17:06,811 Saved checkpoint to "../../models/pretrained-models/nin/nin-train-224-lr-0.001-momentum-0.9-0009.params"
2017-07-21 15:17:07,012 Epoch[8] Validation-accuracy=0.916667
2017-07-21 15:17:08,447 Epoch[9] Batch [10]	Speed: 354.46 samples/sec	Train-accuracy=0.929924
2017-07-21 15:17:09,801 Epoch[9] Batch [20]	Speed: 354.61 samples/sec	Train-accuracy=0.916667
2017-07-21 15:17:11,150 Epoch[9] Batch [30]	Speed: 355.79 samples/sec	Train-accuracy=0.952083
2017-07-21 15:17:12,504 Epoch[9] Batch [40]	Speed: 354.75 samples/sec	Train-accuracy=0.939583
2017-07-21 15:17:13,179 Epoch[9] Train-accuracy=0.933333
2017-07-21 15:17:13,179 Epoch[9] Time cost=6.167
2017-07-21 15:17:13,306 Saved checkpoint to "../../models/pretrained-models/nin/nin-train-224-lr-0.001-momentum-0.9-0010.params"
2017-07-21 15:17:13,520 Epoch[9] Validation-accuracy=0.937500
2017-07-21 15:17:14,954 Epoch[10] Batch [10]	Speed: 354.94 samples/sec	Train-accuracy=0.916667
2017-07-21 15:17:16,311 Epoch[10] Batch [20]	Speed: 353.97 samples/sec	Train-accuracy=0.900000
2017-07-21 15:17:17,664 Epoch[10] Batch [30]	Speed: 354.80 samples/sec	Train-accuracy=0.935417
2017-07-21 15:17:19,016 Epoch[10] Batch [40]	Speed: 354.92 samples/sec	Train-accuracy=0.945833
2017-07-21 15:17:19,558 Epoch[10] Train-accuracy=0.901042
2017-07-21 15:17:19,559 Epoch[10] Time cost=6.039
2017-07-21 15:17:19,685 Saved checkpoint to "../../models/pretrained-models/nin/nin-train-224-lr-0.001-momentum-0.9-0011.params"
2017-07-21 15:17:19,862 Epoch[10] Validation-accuracy=0.947917
2017-07-21 15:17:21,301 Epoch[11] Batch [10]	Speed: 354.26 samples/sec	Train-accuracy=0.937500
2017-07-21 15:17:22,655 Epoch[11] Batch [20]	Speed: 354.75 samples/sec	Train-accuracy=0.947917
2017-07-21 15:17:24,008 Epoch[11] Batch [30]	Speed: 354.67 samples/sec	Train-accuracy=0.945833
2017-07-21 15:17:25,362 Epoch[11] Batch [40]	Speed: 354.60 samples/sec	Train-accuracy=0.970833
2017-07-21 15:17:25,904 Epoch[11] Train-accuracy=0.953125
2017-07-21 15:17:25,904 Epoch[11] Time cost=6.041
2017-07-21 15:17:26,023 Saved checkpoint to "../../models/pretrained-models/nin/nin-train-224-lr-0.001-momentum-0.9-0012.params"
2017-07-21 15:17:26,247 Epoch[11] Validation-accuracy=0.951389
2017-07-21 15:17:27,839 Epoch[12] Batch [10]	Speed: 354.54 samples/sec	Train-accuracy=0.958333
2017-07-21 15:17:29,194 Epoch[12] Batch [20]	Speed: 354.40 samples/sec	Train-accuracy=0.920833
2017-07-21 15:17:30,547 Epoch[12] Batch [30]	Speed: 354.81 samples/sec	Train-accuracy=0.937500
2017-07-21 15:17:31,899 Epoch[12] Batch [40]	Speed: 355.29 samples/sec	Train-accuracy=0.960417
2017-07-21 15:17:32,575 Epoch[12] Train-accuracy=0.941667
2017-07-21 15:17:32,575 Epoch[12] Time cost=6.328
2017-07-21 15:17:32,695 Saved checkpoint to "../../models/pretrained-models/nin/nin-train-224-lr-0.001-momentum-0.9-0013.params"
2017-07-21 15:17:32,882 Epoch[12] Validation-accuracy=0.947917
2017-07-21 15:17:34,332 Epoch[13] Batch [10]	Speed: 352.75 samples/sec	Train-accuracy=0.964015
2017-07-21 15:17:35,684 Epoch[13] Batch [20]	Speed: 355.31 samples/sec	Train-accuracy=0.962500
2017-07-21 15:17:37,037 Epoch[13] Batch [30]	Speed: 354.74 samples/sec	Train-accuracy=0.970833
2017-07-21 15:17:38,386 Epoch[13] Batch [40]	Speed: 355.80 samples/sec	Train-accuracy=0.966667
2017-07-21 15:17:38,927 Epoch[13] Train-accuracy=0.958333
2017-07-21 15:17:38,927 Epoch[13] Time cost=6.045
2017-07-21 15:17:39,079 Saved checkpoint to "../../models/pretrained-models/nin/nin-train-224-lr-0.001-momentum-0.9-0014.params"
2017-07-21 15:17:39,252 Epoch[13] Validation-accuracy=0.947917
2017-07-21 15:17:40,687 Epoch[14] Batch [10]	Speed: 354.55 samples/sec	Train-accuracy=0.954545
2017-07-21 15:17:42,040 Epoch[14] Batch [20]	Speed: 354.67 samples/sec	Train-accuracy=0.960417
2017-07-21 15:17:43,396 Epoch[14] Batch [30]	Speed: 354.25 samples/sec	Train-accuracy=0.925000
2017-07-21 15:17:44,750 Epoch[14] Batch [40]	Speed: 354.46 samples/sec	Train-accuracy=0.956250
2017-07-21 15:17:45,426 Epoch[14] Train-accuracy=0.945833
2017-07-21 15:17:45,426 Epoch[14] Time cost=6.173
2017-07-21 15:17:45,543 Saved checkpoint to "../../models/pretrained-models/nin/nin-train-224-lr-0.001-momentum-0.9-0015.params"
2017-07-21 15:17:45,739 Epoch[14] Validation-accuracy=0.930556
2017-07-21 15:17:47,169 Epoch[15] Batch [10]	Speed: 354.82 samples/sec	Train-accuracy=0.952652
2017-07-21 15:17:48,523 Epoch[15] Batch [20]	Speed: 354.67 samples/sec	Train-accuracy=0.968750
2017-07-21 15:17:49,874 Epoch[15] Batch [30]	Speed: 355.16 samples/sec	Train-accuracy=0.966667
2017-07-21 15:17:51,226 Epoch[15] Batch [40]	Speed: 355.26 samples/sec	Train-accuracy=0.970833
2017-07-21 15:17:51,767 Epoch[15] Train-accuracy=0.927083
2017-07-21 15:17:51,767 Epoch[15] Time cost=6.028
2017-07-21 15:17:51,896 Saved checkpoint to "../../models/pretrained-models/nin/nin-train-224-lr-0.001-momentum-0.9-0016.params"
2017-07-21 15:17:52,078 Epoch[15] Validation-accuracy=0.947917
2017-07-21 15:17:53,511 Epoch[16] Batch [10]	Speed: 355.22 samples/sec	Train-accuracy=0.956439
2017-07-21 15:17:54,864 Epoch[16] Batch [20]	Speed: 355.00 samples/sec	Train-accuracy=0.958333
2017-07-21 15:17:56,218 Epoch[16] Batch [30]	Speed: 354.59 samples/sec	Train-accuracy=0.966667
2017-07-21 15:17:57,573 Epoch[16] Batch [40]	Speed: 354.13 samples/sec	Train-accuracy=0.983333
2017-07-21 15:17:58,248 Epoch[16] Train-accuracy=0.966667
2017-07-21 15:17:58,248 Epoch[16] Time cost=6.170
2017-07-21 15:17:58,360 Saved checkpoint to "../../models/pretrained-models/nin/nin-train-224-lr-0.001-momentum-0.9-0017.params"
2017-07-21 15:17:58,559 Epoch[16] Validation-accuracy=0.937500
2017-07-21 15:17:59,997 Epoch[17] Batch [10]	Speed: 354.19 samples/sec	Train-accuracy=0.971591
2017-07-21 15:18:01,351 Epoch[17] Batch [20]	Speed: 354.70 samples/sec	Train-accuracy=0.968750
2017-07-21 15:18:02,704 Epoch[17] Batch [30]	Speed: 354.87 samples/sec	Train-accuracy=0.979167
2017-07-21 15:18:04,055 Epoch[17] Batch [40]	Speed: 355.44 samples/sec	Train-accuracy=0.962500
2017-07-21 15:18:04,595 Epoch[17] Train-accuracy=0.953125
2017-07-21 15:18:04,595 Epoch[17] Time cost=6.035
2017-07-21 15:18:04,715 Saved checkpoint to "../../models/pretrained-models/nin/nin-train-224-lr-0.001-momentum-0.9-0018.params"
2017-07-21 15:18:04,913 Epoch[17] Validation-accuracy=0.958333
2017-07-21 15:18:06,350 Epoch[18] Batch [10]	Speed: 354.30 samples/sec	Train-accuracy=0.962121
2017-07-21 15:18:07,706 Epoch[18] Batch [20]	Speed: 354.17 samples/sec	Train-accuracy=0.966667
2017-07-21 15:18:09,059 Epoch[18] Batch [30]	Speed: 354.88 samples/sec	Train-accuracy=0.950000
2017-07-21 15:18:10,410 Epoch[18] Batch [40]	Speed: 355.18 samples/sec	Train-accuracy=0.968750
2017-07-21 15:18:10,952 Epoch[18] Train-accuracy=0.963542
2017-07-21 15:18:10,953 Epoch[18] Time cost=6.039
2017-07-21 15:18:11,076 Saved checkpoint to "../../models/pretrained-models/nin/nin-train-224-lr-0.001-momentum-0.9-0019.params"
2017-07-21 15:18:11,259 Epoch[18] Validation-accuracy=0.927083
2017-07-21 15:18:12,693 Epoch[19] Batch [10]	Speed: 354.79 samples/sec	Train-accuracy=0.965909
2017-07-21 15:18:14,051 Epoch[19] Batch [20]	Speed: 353.61 samples/sec	Train-accuracy=0.977083
2017-07-21 15:18:15,402 Epoch[19] Batch [30]	Speed: 355.35 samples/sec	Train-accuracy=0.962500
2017-07-21 15:18:16,752 Epoch[19] Batch [40]	Speed: 355.65 samples/sec	Train-accuracy=0.970833
2017-07-21 15:18:17,428 Epoch[19] Train-accuracy=0.950000
2017-07-21 15:18:17,428 Epoch[19] Time cost=6.170
2017-07-21 15:18:17,572 Saved checkpoint to "../../models/pretrained-models/nin/nin-train-224-lr-0.001-momentum-0.9-0020.params"
2017-07-21 15:18:17,782 Epoch[19] Validation-accuracy=0.951389
2017-07-21 15:18:19,218 Epoch[20] Batch [10]	Speed: 354.89 samples/sec	Train-accuracy=0.964015
2017-07-21 15:18:20,572 Epoch[20] Batch [20]	Speed: 354.58 samples/sec	Train-accuracy=0.966667
2017-07-21 15:18:21,925 Epoch[20] Batch [30]	Speed: 354.90 samples/sec	Train-accuracy=0.977083
2017-07-21 15:18:23,275 Epoch[20] Batch [40]	Speed: 355.62 samples/sec	Train-accuracy=0.975000
2017-07-21 15:18:23,816 Epoch[20] Train-accuracy=0.953125
2017-07-21 15:18:23,816 Epoch[20] Time cost=6.033
2017-07-21 15:18:23,930 Saved checkpoint to "../../models/pretrained-models/nin/nin-train-224-lr-0.001-momentum-0.9-0021.params"
2017-07-21 15:18:24,099 Epoch[20] Validation-accuracy=0.958333
2017-07-21 15:18:25,533 Epoch[21] Batch [10]	Speed: 355.02 samples/sec	Train-accuracy=0.956439
2017-07-21 15:18:26,886 Epoch[21] Batch [20]	Speed: 354.69 samples/sec	Train-accuracy=0.975000
2017-07-21 15:18:28,242 Epoch[21] Batch [30]	Speed: 354.31 samples/sec	Train-accuracy=0.977083
2017-07-21 15:18:29,595 Epoch[21] Batch [40]	Speed: 354.84 samples/sec	Train-accuracy=0.977083
2017-07-21 15:18:30,270 Epoch[21] Train-accuracy=0.970833
2017-07-21 15:18:30,270 Epoch[21] Time cost=6.171
2017-07-21 15:18:30,393 Saved checkpoint to "../../models/pretrained-models/nin/nin-train-224-lr-0.001-momentum-0.9-0022.params"
2017-07-21 15:18:30,590 Epoch[21] Validation-accuracy=0.944444
2017-07-21 15:18:32,029 Epoch[22] Batch [10]	Speed: 354.30 samples/sec	Train-accuracy=0.979167
2017-07-21 15:18:33,380 Epoch[22] Batch [20]	Speed: 355.33 samples/sec	Train-accuracy=0.975000
2017-07-21 15:18:34,733 Epoch[22] Batch [30]	Speed: 354.82 samples/sec	Train-accuracy=0.981250
2017-07-21 15:18:36,082 Epoch[22] Batch [40]	Speed: 355.92 samples/sec	Train-accuracy=0.975000
2017-07-21 15:18:36,621 Epoch[22] Train-accuracy=0.947917
2017-07-21 15:18:36,621 Epoch[22] Time cost=6.030
2017-07-21 15:18:36,746 Saved checkpoint to "../../models/pretrained-models/nin/nin-train-224-lr-0.001-momentum-0.9-0023.params"
2017-07-21 15:18:36,915 Epoch[22] Validation-accuracy=0.968750
2017-07-21 15:18:38,347 Epoch[23] Batch [10]	Speed: 355.06 samples/sec	Train-accuracy=0.975379
2017-07-21 15:18:39,700 Epoch[23] Batch [20]	Speed: 354.66 samples/sec	Train-accuracy=0.972917
2017-07-21 15:18:41,053 Epoch[23] Batch [30]	Speed: 354.89 samples/sec	Train-accuracy=0.983333
2017-07-21 15:18:42,405 Epoch[23] Batch [40]	Speed: 355.23 samples/sec	Train-accuracy=0.983333
2017-07-21 15:18:42,943 Epoch[23] Train-accuracy=0.973958
2017-07-21 15:18:42,944 Epoch[23] Time cost=6.028
2017-07-21 15:18:43,068 Saved checkpoint to "../../models/pretrained-models/nin/nin-train-224-lr-0.001-momentum-0.9-0024.params"
2017-07-21 15:18:43,245 Epoch[23] Validation-accuracy=0.937500
2017-07-21 15:18:44,850 Epoch[24] Batch [10]	Speed: 354.78 samples/sec	Train-accuracy=0.973485
2017-07-21 15:18:46,204 Epoch[24] Batch [20]	Speed: 354.75 samples/sec	Train-accuracy=0.970833
2017-07-21 15:18:47,556 Epoch[24] Batch [30]	Speed: 355.17 samples/sec	Train-accuracy=0.962500
2017-07-21 15:18:48,906 Epoch[24] Batch [40]	Speed: 355.42 samples/sec	Train-accuracy=0.985417
2017-07-21 15:18:49,581 Epoch[24] Train-accuracy=0.958333
2017-07-21 15:18:49,581 Epoch[24] Time cost=6.336
2017-07-21 15:18:49,711 Saved checkpoint to "../../models/pretrained-models/nin/nin-train-224-lr-0.001-momentum-0.9-0025.params"
2017-07-21 15:18:49,917 Epoch[24] Validation-accuracy=0.937500
2017-07-21 15:18:51,353 Epoch[25] Batch [10]	Speed: 354.29 samples/sec	Train-accuracy=0.975379
2017-07-21 15:18:52,710 Epoch[25] Batch [20]	Speed: 353.85 samples/sec	Train-accuracy=0.977083
2017-07-21 15:18:54,060 Epoch[25] Batch [30]	Speed: 355.48 samples/sec	Train-accuracy=0.972917
2017-07-21 15:18:55,410 Epoch[25] Batch [40]	Speed: 355.60 samples/sec	Train-accuracy=0.981250
2017-07-21 15:18:55,950 Epoch[25] Train-accuracy=0.953125
2017-07-21 15:18:55,950 Epoch[25] Time cost=6.034
2017-07-21 15:18:56,070 Saved checkpoint to "../../models/pretrained-models/nin/nin-train-224-lr-0.001-momentum-0.9-0026.params"
2017-07-21 15:18:56,247 Epoch[25] Validation-accuracy=0.979167
2017-07-21 15:18:57,691 Epoch[26] Batch [10]	Speed: 355.11 samples/sec	Train-accuracy=0.973485
2017-07-21 15:18:59,044 Epoch[26] Batch [20]	Speed: 354.87 samples/sec	Train-accuracy=0.970833
2017-07-21 15:19:00,397 Epoch[26] Batch [30]	Speed: 354.91 samples/sec	Train-accuracy=0.983333
2017-07-21 15:19:01,750 Epoch[26] Batch [40]	Speed: 354.95 samples/sec	Train-accuracy=0.975000
2017-07-21 15:19:02,426 Epoch[26] Train-accuracy=0.945833
2017-07-21 15:19:02,426 Epoch[26] Time cost=6.178
2017-07-21 15:19:02,545 Saved checkpoint to "../../models/pretrained-models/nin/nin-train-224-lr-0.001-momentum-0.9-0027.params"
2017-07-21 15:19:02,748 Epoch[26] Validation-accuracy=0.923611
2017-07-21 15:19:04,191 Epoch[27] Batch [10]	Speed: 355.10 samples/sec	Train-accuracy=0.973485
2017-07-21 15:19:05,545 Epoch[27] Batch [20]	Speed: 354.68 samples/sec	Train-accuracy=0.970833
2017-07-21 15:19:06,899 Epoch[27] Batch [30]	Speed: 354.49 samples/sec	Train-accuracy=0.987500
2017-07-21 15:19:08,250 Epoch[27] Batch [40]	Speed: 355.30 samples/sec	Train-accuracy=0.983333
2017-07-21 15:19:08,790 Epoch[27] Train-accuracy=0.947917
2017-07-21 15:19:08,790 Epoch[27] Time cost=6.041
2017-07-21 15:19:08,910 Saved checkpoint to "../../models/pretrained-models/nin/nin-train-224-lr-0.001-momentum-0.9-0028.params"
2017-07-21 15:19:09,088 Epoch[27] Validation-accuracy=0.947917
2017-07-21 15:19:10,538 Epoch[28] Batch [10]	Speed: 354.51 samples/sec	Train-accuracy=0.981061
2017-07-21 15:19:11,892 Epoch[28] Batch [20]	Speed: 354.69 samples/sec	Train-accuracy=0.960417
2017-07-21 15:19:13,246 Epoch[28] Batch [30]	Speed: 354.62 samples/sec	Train-accuracy=0.983333
2017-07-21 15:19:14,597 Epoch[28] Batch [40]	Speed: 355.42 samples/sec	Train-accuracy=0.987500
2017-07-21 15:19:15,274 Epoch[28] Train-accuracy=0.975000
2017-07-21 15:19:15,274 Epoch[28] Time cost=6.186
2017-07-21 15:19:15,393 Saved checkpoint to "../../models/pretrained-models/nin/nin-train-224-lr-0.001-momentum-0.9-0029.params"
2017-07-21 15:19:15,583 Epoch[28] Validation-accuracy=0.968750
2017-07-21 15:19:17,018 Epoch[29] Batch [10]	Speed: 354.56 samples/sec	Train-accuracy=0.990530
2017-07-21 15:19:18,369 Epoch[29] Batch [20]	Speed: 355.39 samples/sec	Train-accuracy=0.989583
2017-07-21 15:19:19,723 Epoch[29] Batch [30]	Speed: 354.64 samples/sec	Train-accuracy=0.989583
2017-07-21 15:19:21,073 Epoch[29] Batch [40]	Speed: 355.52 samples/sec	Train-accuracy=0.991667
2017-07-21 15:19:21,614 Epoch[29] Train-accuracy=0.973958
2017-07-21 15:19:21,614 Epoch[29] Time cost=6.031
2017-07-21 15:19:21,742 Saved checkpoint to "../../models/pretrained-models/nin/nin-train-224-lr-0.001-momentum-0.9-0030.params"
2017-07-21 15:19:21,935 Epoch[29] Validation-accuracy=0.937500
2017-07-21 15:19:23,368 Epoch[30] Batch [10]	Speed: 354.82 samples/sec	Train-accuracy=0.981061
2017-07-21 15:19:24,723 Epoch[30] Batch [20]	Speed: 354.35 samples/sec	Train-accuracy=0.975000
2017-07-21 15:19:26,076 Epoch[30] Batch [30]	Speed: 354.99 samples/sec	Train-accuracy=0.972917
2017-07-21 15:19:27,430 Epoch[30] Batch [40]	Speed: 354.39 samples/sec	Train-accuracy=0.983333
2017-07-21 15:19:27,971 Epoch[30] Train-accuracy=0.947917
2017-07-21 15:19:27,971 Epoch[30] Time cost=6.036
2017-07-21 15:19:28,105 Saved checkpoint to "../../models/pretrained-models/nin/nin-train-224-lr-0.001-momentum-0.9-0031.params"
2017-07-21 15:19:28,279 Epoch[30] Validation-accuracy=0.947917
2017-07-21 15:19:29,710 Epoch[31] Batch [10]	Speed: 355.96 samples/sec	Train-accuracy=0.982955
2017-07-21 15:19:31,055 Epoch[31] Batch [20]	Speed: 356.79 samples/sec	Train-accuracy=0.987500
2017-07-21 15:19:32,404 Epoch[31] Batch [30]	Speed: 355.90 samples/sec	Train-accuracy=0.981250
2017-07-21 15:19:33,749 Epoch[31] Batch [40]	Speed: 357.07 samples/sec	Train-accuracy=0.979167
2017-07-21 15:19:34,421 Epoch[31] Train-accuracy=0.958333
2017-07-21 15:19:34,421 Epoch[31] Time cost=6.141
2017-07-21 15:19:34,542 Saved checkpoint to "../../models/pretrained-models/nin/nin-train-224-lr-0.001-momentum-0.9-0032.params"
2017-07-21 15:19:34,740 Epoch[31] Validation-accuracy=0.937500
2017-07-21 15:19:36,174 Epoch[32] Batch [10]	Speed: 354.49 samples/sec	Train-accuracy=0.971591
2017-07-21 15:19:37,528 Epoch[32] Batch [20]	Speed: 354.68 samples/sec	Train-accuracy=0.981250
2017-07-21 15:19:38,880 Epoch[32] Batch [30]	Speed: 354.99 samples/sec	Train-accuracy=0.979167
2017-07-21 15:19:40,232 Epoch[32] Batch [40]	Speed: 355.19 samples/sec	Train-accuracy=0.989583
2017-07-21 15:19:40,773 Epoch[32] Train-accuracy=0.979167
2017-07-21 15:19:40,774 Epoch[32] Time cost=6.033
2017-07-21 15:19:40,885 Saved checkpoint to "../../models/pretrained-models/nin/nin-train-224-lr-0.001-momentum-0.9-0033.params"
2017-07-21 15:19:41,056 Epoch[32] Validation-accuracy=0.947917
2017-07-21 15:19:42,496 Epoch[33] Batch [10]	Speed: 354.57 samples/sec	Train-accuracy=0.977273
2017-07-21 15:19:43,853 Epoch[33] Batch [20]	Speed: 353.83 samples/sec	Train-accuracy=0.985417
2017-07-21 15:19:45,204 Epoch[33] Batch [30]	Speed: 355.40 samples/sec	Train-accuracy=0.983333
2017-07-21 15:19:46,553 Epoch[33] Batch [40]	Speed: 355.80 samples/sec	Train-accuracy=0.987500
2017-07-21 15:19:47,229 Epoch[33] Train-accuracy=0.983333
2017-07-21 15:19:47,229 Epoch[33] Time cost=6.173
2017-07-21 15:19:47,347 Saved checkpoint to "../../models/pretrained-models/nin/nin-train-224-lr-0.001-momentum-0.9-0034.params"
2017-07-21 15:19:47,528 Epoch[33] Validation-accuracy=0.937500
2017-07-21 15:19:48,969 Epoch[34] Batch [10]	Speed: 353.95 samples/sec	Train-accuracy=0.979167
2017-07-21 15:19:50,322 Epoch[34] Batch [20]	Speed: 354.69 samples/sec	Train-accuracy=0.977083
2017-07-21 15:19:51,675 Epoch[34] Batch [30]	Speed: 355.01 samples/sec	Train-accuracy=0.983333
2017-07-21 15:19:53,027 Epoch[34] Batch [40]	Speed: 355.03 samples/sec	Train-accuracy=0.993750
2017-07-21 15:19:53,567 Epoch[34] Train-accuracy=0.973958
2017-07-21 15:19:53,567 Epoch[34] Time cost=6.039
2017-07-21 15:19:53,678 Saved checkpoint to "../../models/pretrained-models/nin/nin-train-224-lr-0.001-momentum-0.9-0035.params"
2017-07-21 15:19:53,876 Epoch[34] Validation-accuracy=0.930556
2017-07-21 15:19:55,312 Epoch[35] Batch [10]	Speed: 354.45 samples/sec	Train-accuracy=0.975379
2017-07-21 15:19:56,667 Epoch[35] Batch [20]	Speed: 354.50 samples/sec	Train-accuracy=0.975000
2017-07-21 15:19:58,019 Epoch[35] Batch [30]	Speed: 354.98 samples/sec	Train-accuracy=0.985417
2017-07-21 15:19:59,372 Epoch[35] Batch [40]	Speed: 354.94 samples/sec	Train-accuracy=0.989583
2017-07-21 15:19:59,912 Epoch[35] Train-accuracy=0.989583
2017-07-21 15:19:59,912 Epoch[35] Time cost=6.036
2017-07-21 15:20:00,036 Saved checkpoint to "../../models/pretrained-models/nin/nin-train-224-lr-0.001-momentum-0.9-0036.params"
2017-07-21 15:20:00,217 Epoch[35] Validation-accuracy=0.937500
2017-07-21 15:20:01,802 Epoch[36] Batch [10]	Speed: 357.29 samples/sec	Train-accuracy=0.982955
2017-07-21 15:20:03,144 Epoch[36] Batch [20]	Speed: 357.76 samples/sec	Train-accuracy=0.979167
2017-07-21 15:20:04,485 Epoch[36] Batch [30]	Speed: 358.08 samples/sec	Train-accuracy=0.995833
2017-07-21 15:20:05,827 Epoch[36] Batch [40]	Speed: 357.60 samples/sec	Train-accuracy=0.989583
2017-07-21 15:20:06,500 Epoch[36] Train-accuracy=0.979167
2017-07-21 15:20:06,500 Epoch[36] Time cost=6.283
2017-07-21 15:20:06,621 Saved checkpoint to "../../models/pretrained-models/nin/nin-train-224-lr-0.001-momentum-0.9-0037.params"
2017-07-21 15:20:06,821 Epoch[36] Validation-accuracy=0.937500
2017-07-21 15:20:08,250 Epoch[37] Batch [10]	Speed: 356.33 samples/sec	Train-accuracy=0.962121
2017-07-21 15:20:09,596 Epoch[37] Batch [20]	Speed: 356.68 samples/sec	Train-accuracy=0.968750
2017-07-21 15:20:10,942 Epoch[37] Batch [30]	Speed: 356.61 samples/sec	Train-accuracy=0.985417
2017-07-21 15:20:12,286 Epoch[37] Batch [40]	Speed: 357.26 samples/sec	Train-accuracy=0.985417
2017-07-21 15:20:12,823 Epoch[37] Train-accuracy=0.963542
2017-07-21 15:20:12,823 Epoch[37] Time cost=6.002
2017-07-21 15:20:12,942 Saved checkpoint to "../../models/pretrained-models/nin/nin-train-224-lr-0.001-momentum-0.9-0038.params"
2017-07-21 15:20:13,132 Epoch[37] Validation-accuracy=0.947917
2017-07-21 15:20:14,571 Epoch[38] Batch [10]	Speed: 356.83 samples/sec	Train-accuracy=0.977273
2017-07-21 15:20:15,917 Epoch[38] Batch [20]	Speed: 356.53 samples/sec	Train-accuracy=0.977083
2017-07-21 15:20:17,261 Epoch[38] Batch [30]	Speed: 357.40 samples/sec	Train-accuracy=0.989583
2017-07-21 15:20:18,603 Epoch[38] Batch [40]	Speed: 357.87 samples/sec	Train-accuracy=0.983333
2017-07-21 15:20:19,275 Epoch[38] Train-accuracy=0.987500
2017-07-21 15:20:19,275 Epoch[38] Time cost=6.143
2017-07-21 15:20:19,395 Saved checkpoint to "../../models/pretrained-models/nin/nin-train-224-lr-0.001-momentum-0.9-0039.params"
2017-07-21 15:20:19,564 Epoch[38] Validation-accuracy=0.937500
2017-07-21 15:20:20,990 Epoch[39] Batch [10]	Speed: 356.49 samples/sec	Train-accuracy=0.981061
2017-07-21 15:20:22,334 Epoch[39] Batch [20]	Speed: 357.17 samples/sec	Train-accuracy=0.981250
2017-07-21 15:20:23,675 Epoch[39] Batch [30]	Speed: 358.07 samples/sec	Train-accuracy=0.979167
2017-07-21 15:20:25,019 Epoch[39] Batch [40]	Speed: 357.07 samples/sec	Train-accuracy=0.981250
2017-07-21 15:20:25,558 Epoch[39] Train-accuracy=0.937500
2017-07-21 15:20:25,558 Epoch[39] Time cost=5.994
2017-07-21 15:20:25,704 Saved checkpoint to "../../models/pretrained-models/nin/nin-train-224-lr-0.001-momentum-0.9-0040.params"
2017-07-21 15:20:25,913 Epoch[39] Validation-accuracy=0.937500
2017-07-21 15:20:27,339 Epoch[40] Batch [10]	Speed: 356.72 samples/sec	Train-accuracy=0.979167
2017-07-21 15:20:28,684 Epoch[40] Batch [20]	Speed: 356.92 samples/sec	Train-accuracy=0.981250
2017-07-21 15:20:30,027 Epoch[40] Batch [30]	Speed: 357.50 samples/sec	Train-accuracy=0.968750
2017-07-21 15:20:31,373 Epoch[40] Batch [40]	Speed: 356.67 samples/sec	Train-accuracy=0.987500
2017-07-21 15:20:32,044 Epoch[40] Train-accuracy=0.979167
2017-07-21 15:20:32,044 Epoch[40] Time cost=6.131
2017-07-21 15:20:32,156 Saved checkpoint to "../../models/pretrained-models/nin/nin-train-224-lr-0.001-momentum-0.9-0041.params"
2017-07-21 15:20:32,338 Epoch[40] Validation-accuracy=0.947917
2017-07-21 15:20:33,762 Epoch[41] Batch [10]	Speed: 357.39 samples/sec	Train-accuracy=0.965909
2017-07-21 15:20:35,109 Epoch[41] Batch [20]	Speed: 356.44 samples/sec	Train-accuracy=0.991667
2017-07-21 15:20:36,451 Epoch[41] Batch [30]	Speed: 357.77 samples/sec	Train-accuracy=0.987500
2017-07-21 15:20:37,793 Epoch[41] Batch [40]	Speed: 357.59 samples/sec	Train-accuracy=0.997917
2017-07-21 15:20:38,331 Epoch[41] Train-accuracy=0.979167
2017-07-21 15:20:38,332 Epoch[41] Time cost=5.993
2017-07-21 15:20:38,444 Saved checkpoint to "../../models/pretrained-models/nin/nin-train-224-lr-0.001-momentum-0.9-0042.params"
2017-07-21 15:20:38,667 Epoch[41] Validation-accuracy=0.937500
2017-07-21 15:20:40,120 Epoch[42] Batch [10]	Speed: 349.69 samples/sec	Train-accuracy=0.977273
2017-07-21 15:20:41,463 Epoch[42] Batch [20]	Speed: 357.65 samples/sec	Train-accuracy=0.987500
2017-07-21 15:20:42,803 Epoch[42] Batch [30]	Speed: 358.14 samples/sec	Train-accuracy=0.997917
2017-07-21 15:20:44,145 Epoch[42] Batch [40]	Speed: 357.79 samples/sec	Train-accuracy=0.993750
2017-07-21 15:20:44,683 Epoch[42] Train-accuracy=0.989583
2017-07-21 15:20:44,683 Epoch[42] Time cost=6.016
2017-07-21 15:20:44,830 Saved checkpoint to "../../models/pretrained-models/nin/nin-train-224-lr-0.001-momentum-0.9-0043.params"
2017-07-21 15:20:45,017 Epoch[42] Validation-accuracy=0.937500
2017-07-21 15:20:46,453 Epoch[43] Batch [10]	Speed: 353.63 samples/sec	Train-accuracy=0.984848
2017-07-21 15:20:47,806 Epoch[43] Batch [20]	Speed: 354.91 samples/sec	Train-accuracy=0.995833
2017-07-21 15:20:49,162 Epoch[43] Batch [30]	Speed: 354.01 samples/sec	Train-accuracy=0.995833
2017-07-21 15:20:50,514 Epoch[43] Batch [40]	Speed: 355.08 samples/sec	Train-accuracy=0.987500
2017-07-21 15:20:51,190 Epoch[43] Train-accuracy=0.966667
2017-07-21 15:20:51,190 Epoch[43] Time cost=6.174
2017-07-21 15:20:51,317 Saved checkpoint to "../../models/pretrained-models/nin/nin-train-224-lr-0.001-momentum-0.9-0044.params"
2017-07-21 15:20:51,515 Epoch[43] Validation-accuracy=0.937500
2017-07-21 15:20:52,941 Epoch[44] Batch [10]	Speed: 357.21 samples/sec	Train-accuracy=0.969697
2017-07-21 15:20:54,290 Epoch[44] Batch [20]	Speed: 355.69 samples/sec	Train-accuracy=0.991667
2017-07-21 15:20:55,634 Epoch[44] Batch [30]	Speed: 357.46 samples/sec	Train-accuracy=0.995833
2017-07-21 15:20:56,977 Epoch[44] Batch [40]	Speed: 357.47 samples/sec	Train-accuracy=0.985417
2017-07-21 15:20:57,513 Epoch[44] Train-accuracy=0.994792
2017-07-21 15:20:57,513 Epoch[44] Time cost=5.998
2017-07-21 15:20:57,657 Saved checkpoint to "../../models/pretrained-models/nin/nin-train-224-lr-0.001-momentum-0.9-0045.params"
2017-07-21 15:20:57,885 Epoch[44] Validation-accuracy=0.930556
2017-07-21 15:20:59,312 Epoch[45] Batch [10]	Speed: 356.05 samples/sec	Train-accuracy=0.984848
2017-07-21 15:21:00,658 Epoch[45] Batch [20]	Speed: 356.71 samples/sec	Train-accuracy=0.987500
2017-07-21 15:21:02,005 Epoch[45] Batch [30]	Speed: 356.43 samples/sec	Train-accuracy=0.991667
2017-07-21 15:21:03,351 Epoch[45] Batch [40]	Speed: 356.63 samples/sec	Train-accuracy=0.987500
2017-07-21 15:21:04,024 Epoch[45] Train-accuracy=0.987500
2017-07-21 15:21:04,025 Epoch[45] Time cost=6.140
2017-07-21 15:21:04,153 Saved checkpoint to "../../models/pretrained-models/nin/nin-train-224-lr-0.001-momentum-0.9-0046.params"
2017-07-21 15:21:04,340 Epoch[45] Validation-accuracy=0.968750
2017-07-21 15:21:05,772 Epoch[46] Batch [10]	Speed: 354.45 samples/sec	Train-accuracy=0.988636
2017-07-21 15:21:07,121 Epoch[46] Batch [20]	Speed: 355.74 samples/sec	Train-accuracy=0.987500
2017-07-21 15:21:08,473 Epoch[46] Batch [30]	Speed: 355.22 samples/sec	Train-accuracy=0.991667
2017-07-21 15:21:09,825 Epoch[46] Batch [40]	Speed: 354.94 samples/sec	Train-accuracy=0.989583
2017-07-21 15:21:10,366 Epoch[46] Train-accuracy=0.984375
2017-07-21 15:21:10,367 Epoch[46] Time cost=6.026
2017-07-21 15:21:10,485 Saved checkpoint to "../../models/pretrained-models/nin/nin-train-224-lr-0.001-momentum-0.9-0047.params"
2017-07-21 15:21:10,614 Epoch[46] Validation-accuracy=0.947917
2017-07-21 15:21:12,049 Epoch[47] Batch [10]	Speed: 354.63 samples/sec	Train-accuracy=0.984848
2017-07-21 15:21:13,405 Epoch[47] Batch [20]	Speed: 354.28 samples/sec	Train-accuracy=0.993750
2017-07-21 15:21:14,757 Epoch[47] Batch [30]	Speed: 354.97 samples/sec	Train-accuracy=0.991667
2017-07-21 15:21:16,113 Epoch[47] Batch [40]	Speed: 354.23 samples/sec	Train-accuracy=0.989583
2017-07-21 15:21:16,652 Epoch[47] Train-accuracy=0.984375
2017-07-21 15:21:16,652 Epoch[47] Time cost=6.038
2017-07-21 15:21:16,770 Saved checkpoint to "../../models/pretrained-models/nin/nin-train-224-lr-0.001-momentum-0.9-0048.params"
2017-07-21 15:21:17,041 Epoch[47] Validation-accuracy=0.958333
2017-07-21 15:21:18,641 Epoch[48] Batch [10]	Speed: 355.04 samples/sec	Train-accuracy=0.986742
2017-07-21 15:21:19,994 Epoch[48] Batch [20]	Speed: 354.79 samples/sec	Train-accuracy=0.991667
2017-07-21 15:21:21,348 Epoch[48] Batch [30]	Speed: 354.77 samples/sec	Train-accuracy=0.993750
2017-07-21 15:21:22,704 Epoch[48] Batch [40]	Speed: 353.99 samples/sec	Train-accuracy=0.987500
2017-07-21 15:21:23,381 Epoch[48] Train-accuracy=0.975000
2017-07-21 15:21:23,381 Epoch[48] Time cost=6.339
2017-07-21 15:21:23,502 Saved checkpoint to "../../models/pretrained-models/nin/nin-train-224-lr-0.001-momentum-0.9-0049.params"
2017-07-21 15:21:23,703 Epoch[48] Validation-accuracy=0.968750
2017-07-21 15:21:25,142 Epoch[49] Batch [10]	Speed: 354.01 samples/sec	Train-accuracy=0.988636
2017-07-21 15:21:26,497 Epoch[49] Batch [20]	Speed: 354.24 samples/sec	Train-accuracy=0.985417
2017-07-21 15:21:27,852 Epoch[49] Batch [30]	Speed: 354.54 samples/sec	Train-accuracy=0.989583
2017-07-21 15:21:29,204 Epoch[49] Batch [40]	Speed: 355.00 samples/sec	Train-accuracy=0.989583
2017-07-21 15:21:29,745 Epoch[49] Train-accuracy=0.989583
2017-07-21 15:21:29,745 Epoch[49] Time cost=6.042
2017-07-21 15:21:29,859 Saved checkpoint to "../../models/pretrained-models/nin/nin-train-224-lr-0.001-momentum-0.9-0050.params"
2017-07-21 15:21:30,074 Epoch[49] Validation-accuracy=0.937500
2017-07-21 15:21:31,510 Epoch[50] Batch [10]	Speed: 354.22 samples/sec	Train-accuracy=0.994318
2017-07-21 15:21:32,863 Epoch[50] Batch [20]	Speed: 354.81 samples/sec	Train-accuracy=0.983333
2017-07-21 15:21:34,218 Epoch[50] Batch [30]	Speed: 354.35 samples/sec	Train-accuracy=0.989583
2017-07-21 15:21:35,590 Epoch[50] Batch [40]	Speed: 350.04 samples/sec	Train-accuracy=0.995833
2017-07-21 15:21:36,262 Epoch[50] Train-accuracy=0.979167
2017-07-21 15:21:36,263 Epoch[50] Time cost=6.188
2017-07-21 15:21:36,399 Saved checkpoint to "../../models/pretrained-models/nin/nin-train-224-lr-0.001-momentum-0.9-0051.params"
2017-07-21 15:21:36,577 Epoch[50] Validation-accuracy=0.947917
2017-07-21 15:21:38,007 Epoch[51] Batch [10]	Speed: 355.55 samples/sec	Train-accuracy=0.984848
2017-07-21 15:21:39,356 Epoch[51] Batch [20]	Speed: 355.93 samples/sec	Train-accuracy=0.985417
2017-07-21 15:21:40,708 Epoch[51] Batch [30]	Speed: 355.15 samples/sec	Train-accuracy=0.991667
2017-07-21 15:21:42,058 Epoch[51] Batch [40]	Speed: 355.63 samples/sec	Train-accuracy=0.997917
2017-07-21 15:21:42,598 Epoch[51] Train-accuracy=1.000000
2017-07-21 15:21:42,598 Epoch[51] Time cost=6.021
2017-07-21 15:21:42,722 Saved checkpoint to "../../models/pretrained-models/nin/nin-train-224-lr-0.001-momentum-0.9-0052.params"
2017-07-21 15:21:42,895 Epoch[51] Validation-accuracy=0.968750
2017-07-21 15:21:44,331 Epoch[52] Batch [10]	Speed: 355.14 samples/sec	Train-accuracy=0.992424
2017-07-21 15:21:45,685 Epoch[52] Batch [20]	Speed: 354.41 samples/sec	Train-accuracy=0.987500
2017-07-21 15:21:47,037 Epoch[52] Batch [30]	Speed: 355.19 samples/sec	Train-accuracy=0.989583
2017-07-21 15:21:48,389 Epoch[52] Batch [40]	Speed: 355.08 samples/sec	Train-accuracy=0.991667
2017-07-21 15:21:49,064 Epoch[52] Train-accuracy=0.987500
2017-07-21 15:21:49,064 Epoch[52] Time cost=6.169
2017-07-21 15:21:49,198 Saved checkpoint to "../../models/pretrained-models/nin/nin-train-224-lr-0.001-momentum-0.9-0053.params"
2017-07-21 15:21:49,400 Epoch[52] Validation-accuracy=0.951389
2017-07-21 15:21:50,835 Epoch[53] Batch [10]	Speed: 354.93 samples/sec	Train-accuracy=0.994318
2017-07-21 15:21:52,189 Epoch[53] Batch [20]	Speed: 354.52 samples/sec	Train-accuracy=0.995833
2017-07-21 15:21:53,544 Epoch[53] Batch [30]	Speed: 354.30 samples/sec	Train-accuracy=0.991667
2017-07-21 15:21:54,897 Epoch[53] Batch [40]	Speed: 354.84 samples/sec	Train-accuracy=0.987500
2017-07-21 15:21:55,438 Epoch[53] Train-accuracy=0.994792
2017-07-21 15:21:55,438 Epoch[53] Time cost=6.038
2017-07-21 15:21:55,551 Saved checkpoint to "../../models/pretrained-models/nin/nin-train-224-lr-0.001-momentum-0.9-0054.params"
2017-07-21 15:21:55,722 Epoch[53] Validation-accuracy=0.968750
2017-07-21 15:21:57,158 Epoch[54] Batch [10]	Speed: 354.70 samples/sec	Train-accuracy=0.988636
2017-07-21 15:21:58,510 Epoch[54] Batch [20]	Speed: 354.94 samples/sec	Train-accuracy=0.993750
2017-07-21 15:21:59,866 Epoch[54] Batch [30]	Speed: 354.15 samples/sec	Train-accuracy=0.997917
2017-07-21 15:22:01,216 Epoch[54] Batch [40]	Speed: 355.72 samples/sec	Train-accuracy=0.993750
2017-07-21 15:22:01,757 Epoch[54] Train-accuracy=0.973958
2017-07-21 15:22:01,757 Epoch[54] Time cost=6.035
2017-07-21 15:22:01,882 Saved checkpoint to "../../models/pretrained-models/nin/nin-train-224-lr-0.001-momentum-0.9-0055.params"
2017-07-21 15:22:02,112 Epoch[54] Validation-accuracy=0.951389
2017-07-21 15:22:03,549 Epoch[55] Batch [10]	Speed: 354.28 samples/sec	Train-accuracy=0.990530
2017-07-21 15:22:04,915 Epoch[55] Batch [20]	Speed: 351.57 samples/sec	Train-accuracy=0.979167
2017-07-21 15:22:06,255 Epoch[55] Batch [30]	Speed: 358.29 samples/sec	Train-accuracy=0.987500
2017-07-21 15:22:07,596 Epoch[55] Batch [40]	Speed: 357.98 samples/sec	Train-accuracy=0.989583
2017-07-21 15:22:08,267 Epoch[55] Train-accuracy=0.975000
2017-07-21 15:22:08,267 Epoch[55] Time cost=6.156
2017-07-21 15:22:08,412 Saved checkpoint to "../../models/pretrained-models/nin/nin-train-224-lr-0.001-momentum-0.9-0056.params"
2017-07-21 15:22:08,612 Epoch[55] Validation-accuracy=0.947917
2017-07-21 15:22:10,050 Epoch[56] Batch [10]	Speed: 353.78 samples/sec	Train-accuracy=0.990530
2017-07-21 15:22:11,401 Epoch[56] Batch [20]	Speed: 355.31 samples/sec	Train-accuracy=0.995833
2017-07-21 15:22:12,753 Epoch[56] Batch [30]	Speed: 355.31 samples/sec	Train-accuracy=0.987500
2017-07-21 15:22:14,102 Epoch[56] Batch [40]	Speed: 355.69 samples/sec	Train-accuracy=0.989583
2017-07-21 15:22:14,643 Epoch[56] Train-accuracy=0.989583
2017-07-21 15:22:14,643 Epoch[56] Time cost=6.030
2017-07-21 15:22:14,778 Saved checkpoint to "../../models/pretrained-models/nin/nin-train-224-lr-0.001-momentum-0.9-0057.params"
2017-07-21 15:22:14,959 Epoch[56] Validation-accuracy=0.927083
2017-07-21 15:22:16,394 Epoch[57] Batch [10]	Speed: 354.73 samples/sec	Train-accuracy=0.984848
2017-07-21 15:22:17,748 Epoch[57] Batch [20]	Speed: 354.74 samples/sec	Train-accuracy=0.981250
2017-07-21 15:22:19,101 Epoch[57] Batch [30]	Speed: 354.85 samples/sec	Train-accuracy=0.983333
2017-07-21 15:22:20,452 Epoch[57] Batch [40]	Speed: 355.41 samples/sec	Train-accuracy=0.993750
2017-07-21 15:22:21,126 Epoch[57] Train-accuracy=0.983333
2017-07-21 15:22:21,127 Epoch[57] Time cost=6.168
2017-07-21 15:22:21,245 Saved checkpoint to "../../models/pretrained-models/nin/nin-train-224-lr-0.001-momentum-0.9-0058.params"
2017-07-21 15:22:21,473 Epoch[57] Validation-accuracy=0.944444
2017-07-21 15:22:22,909 Epoch[58] Batch [10]	Speed: 354.67 samples/sec	Train-accuracy=0.986742
2017-07-21 15:22:24,261 Epoch[58] Batch [20]	Speed: 355.09 samples/sec	Train-accuracy=0.997917
2017-07-21 15:22:25,616 Epoch[58] Batch [30]	Speed: 354.32 samples/sec	Train-accuracy=0.995833
2017-07-21 15:22:26,970 Epoch[58] Batch [40]	Speed: 354.62 samples/sec	Train-accuracy=0.995833
2017-07-21 15:22:27,509 Epoch[58] Train-accuracy=0.968750
2017-07-21 15:22:27,509 Epoch[58] Time cost=6.036
2017-07-21 15:22:27,627 Saved checkpoint to "../../models/pretrained-models/nin/nin-train-224-lr-0.001-momentum-0.9-0059.params"
2017-07-21 15:22:27,813 Epoch[58] Validation-accuracy=0.968750
2017-07-21 15:22:29,246 Epoch[59] Batch [10]	Speed: 355.41 samples/sec	Train-accuracy=0.988636
2017-07-21 15:22:30,603 Epoch[59] Batch [20]	Speed: 353.65 samples/sec	Train-accuracy=0.991667
2017-07-21 15:22:31,955 Epoch[59] Batch [30]	Speed: 355.12 samples/sec	Train-accuracy=0.995833
2017-07-21 15:22:33,307 Epoch[59] Batch [40]	Speed: 355.25 samples/sec	Train-accuracy=0.993750
2017-07-21 15:22:33,849 Epoch[59] Train-accuracy=0.973958
2017-07-21 15:22:33,849 Epoch[59] Time cost=6.036
2017-07-21 15:22:33,968 Saved checkpoint to "../../models/pretrained-models/nin/nin-train-224-lr-0.001-momentum-0.9-0060.params"
2017-07-21 15:22:34,166 Epoch[59] Validation-accuracy=0.951389
2017-07-21 15:22:35,768 Epoch[60] Batch [10]	Speed: 351.53 samples/sec	Train-accuracy=0.996212
2017-07-21 15:22:37,115 Epoch[60] Batch [20]	Speed: 356.47 samples/sec	Train-accuracy=0.995833
2017-07-21 15:22:38,463 Epoch[60] Batch [30]	Speed: 356.25 samples/sec	Train-accuracy=0.991667
2017-07-21 15:22:39,808 Epoch[60] Batch [40]	Speed: 356.87 samples/sec	Train-accuracy=0.991667
2017-07-21 15:22:40,479 Epoch[60] Train-accuracy=1.000000
2017-07-21 15:22:40,480 Epoch[60] Time cost=6.313
2017-07-21 15:22:40,635 Saved checkpoint to "../../models/pretrained-models/nin/nin-train-224-lr-0.001-momentum-0.9-0061.params"
2017-07-21 15:22:40,808 Epoch[60] Validation-accuracy=0.968750
2017-07-21 15:22:42,242 Epoch[61] Batch [10]	Speed: 354.98 samples/sec	Train-accuracy=0.990530
2017-07-21 15:22:43,592 Epoch[61] Batch [20]	Speed: 355.61 samples/sec	Train-accuracy=0.997917
2017-07-21 15:22:44,942 Epoch[61] Batch [30]	Speed: 355.49 samples/sec	Train-accuracy=0.993750
2017-07-21 15:22:46,290 Epoch[61] Batch [40]	Speed: 356.33 samples/sec	Train-accuracy=0.987500
2017-07-21 15:22:46,830 Epoch[61] Train-accuracy=0.984375
2017-07-21 15:22:46,831 Epoch[61] Time cost=6.022
2017-07-21 15:22:46,958 Saved checkpoint to "../../models/pretrained-models/nin/nin-train-224-lr-0.001-momentum-0.9-0062.params"
2017-07-21 15:22:47,131 Epoch[61] Validation-accuracy=0.927083
2017-07-21 15:22:48,566 Epoch[62] Batch [10]	Speed: 354.94 samples/sec	Train-accuracy=0.986742
2017-07-21 15:22:49,916 Epoch[62] Batch [20]	Speed: 355.67 samples/sec	Train-accuracy=0.987500
2017-07-21 15:22:51,266 Epoch[62] Batch [30]	Speed: 355.74 samples/sec	Train-accuracy=0.987500
2017-07-21 15:22:52,612 Epoch[62] Batch [40]	Speed: 356.50 samples/sec	Train-accuracy=0.997917
2017-07-21 15:22:53,287 Epoch[62] Train-accuracy=0.995833
2017-07-21 15:22:53,287 Epoch[62] Time cost=6.156
2017-07-21 15:22:53,406 Saved checkpoint to "../../models/pretrained-models/nin/nin-train-224-lr-0.001-momentum-0.9-0063.params"
2017-07-21 15:22:53,608 Epoch[62] Validation-accuracy=0.958333
2017-07-21 15:22:55,049 Epoch[63] Batch [10]	Speed: 355.17 samples/sec	Train-accuracy=0.996212
2017-07-21 15:22:56,400 Epoch[63] Batch [20]	Speed: 355.28 samples/sec	Train-accuracy=0.993750
2017-07-21 15:22:57,750 Epoch[63] Batch [30]	Speed: 355.70 samples/sec	Train-accuracy=1.000000
2017-07-21 15:22:59,094 Epoch[63] Batch [40]	Speed: 357.16 samples/sec	Train-accuracy=0.997917
2017-07-21 15:22:59,635 Epoch[63] Train-accuracy=0.979167
2017-07-21 15:22:59,635 Epoch[63] Time cost=6.027
2017-07-21 15:22:59,754 Saved checkpoint to "../../models/pretrained-models/nin/nin-train-224-lr-0.001-momentum-0.9-0064.params"
2017-07-21 15:22:59,941 Epoch[63] Validation-accuracy=0.958333
2017-07-21 15:23:01,373 Epoch[64] Batch [10]	Speed: 355.28 samples/sec	Train-accuracy=0.994318
2017-07-21 15:23:02,721 Epoch[64] Batch [20]	Speed: 356.10 samples/sec	Train-accuracy=0.993750
2017-07-21 15:23:04,071 Epoch[64] Batch [30]	Speed: 355.77 samples/sec	Train-accuracy=1.000000
2017-07-21 15:23:05,417 Epoch[64] Batch [40]	Speed: 356.72 samples/sec	Train-accuracy=0.991667
2017-07-21 15:23:06,090 Epoch[64] Train-accuracy=0.983333
2017-07-21 15:23:06,090 Epoch[64] Time cost=6.149
2017-07-21 15:23:06,209 Saved checkpoint to "../../models/pretrained-models/nin/nin-train-224-lr-0.001-momentum-0.9-0065.params"
2017-07-21 15:23:06,423 Epoch[64] Validation-accuracy=0.944444
2017-07-21 15:23:07,857 Epoch[65] Batch [10]	Speed: 355.21 samples/sec	Train-accuracy=0.990530
2017-07-21 15:23:09,209 Epoch[65] Batch [20]	Speed: 355.24 samples/sec	Train-accuracy=0.997917
2017-07-21 15:23:10,558 Epoch[65] Batch [30]	Speed: 355.80 samples/sec	Train-accuracy=0.991667
2017-07-21 15:23:11,906 Epoch[65] Batch [40]	Speed: 356.27 samples/sec	Train-accuracy=0.995833
2017-07-21 15:23:12,456 Epoch[65] Train-accuracy=0.994792
2017-07-21 15:23:12,456 Epoch[65] Time cost=6.032
2017-07-21 15:23:12,599 Saved checkpoint to "../../models/pretrained-models/nin/nin-train-224-lr-0.001-momentum-0.9-0066.params"
2017-07-21 15:23:12,793 Epoch[65] Validation-accuracy=0.968750
2017-07-21 15:23:14,226 Epoch[66] Batch [10]	Speed: 354.91 samples/sec	Train-accuracy=0.992424
2017-07-21 15:23:15,575 Epoch[66] Batch [20]	Speed: 355.86 samples/sec	Train-accuracy=0.989583
2017-07-21 15:23:16,924 Epoch[66] Batch [30]	Speed: 356.12 samples/sec	Train-accuracy=0.989583
2017-07-21 15:23:18,269 Epoch[66] Batch [40]	Speed: 356.86 samples/sec	Train-accuracy=0.993750
2017-07-21 15:23:18,808 Epoch[66] Train-accuracy=1.000000
2017-07-21 15:23:18,808 Epoch[66] Time cost=6.015
2017-07-21 15:23:18,933 Saved checkpoint to "../../models/pretrained-models/nin/nin-train-224-lr-0.001-momentum-0.9-0067.params"
2017-07-21 15:23:19,112 Epoch[66] Validation-accuracy=0.927083
2017-07-21 15:23:20,542 Epoch[67] Batch [10]	Speed: 355.69 samples/sec	Train-accuracy=0.986742
2017-07-21 15:23:21,894 Epoch[67] Batch [20]	Speed: 355.30 samples/sec	Train-accuracy=0.966667
2017-07-21 15:23:23,242 Epoch[67] Batch [30]	Speed: 355.99 samples/sec	Train-accuracy=0.987500
2017-07-21 15:23:24,587 Epoch[67] Batch [40]	Speed: 357.13 samples/sec	Train-accuracy=0.979167
2017-07-21 15:23:25,260 Epoch[67] Train-accuracy=0.991667
2017-07-21 15:23:25,260 Epoch[67] Time cost=6.148
2017-07-21 15:23:25,385 Saved checkpoint to "../../models/pretrained-models/nin/nin-train-224-lr-0.001-momentum-0.9-0068.params"
2017-07-21 15:23:25,584 Epoch[67] Validation-accuracy=0.951389
2017-07-21 15:23:27,012 Epoch[68] Batch [10]	Speed: 356.00 samples/sec	Train-accuracy=0.982955
2017-07-21 15:23:28,362 Epoch[68] Batch [20]	Speed: 355.72 samples/sec	Train-accuracy=0.993750
2017-07-21 15:23:29,708 Epoch[68] Batch [30]	Speed: 356.56 samples/sec	Train-accuracy=0.991667
2017-07-21 15:23:31,054 Epoch[68] Batch [40]	Speed: 356.60 samples/sec	Train-accuracy=0.995833
2017-07-21 15:23:31,593 Epoch[68] Train-accuracy=0.989583
2017-07-21 15:23:31,594 Epoch[68] Time cost=6.010
2017-07-21 15:23:31,722 Saved checkpoint to "../../models/pretrained-models/nin/nin-train-224-lr-0.001-momentum-0.9-0069.params"
2017-07-21 15:23:31,898 Epoch[68] Validation-accuracy=0.968750
2017-07-21 15:23:33,337 Epoch[69] Batch [10]	Speed: 356.20 samples/sec	Train-accuracy=0.996212
2017-07-21 15:23:34,685 Epoch[69] Batch [20]	Speed: 356.28 samples/sec	Train-accuracy=0.993750
2017-07-21 15:23:36,030 Epoch[69] Batch [30]	Speed: 356.97 samples/sec	Train-accuracy=0.991667
2017-07-21 15:23:37,373 Epoch[69] Batch [40]	Speed: 357.29 samples/sec	Train-accuracy=0.995833
2017-07-21 15:23:38,049 Epoch[69] Train-accuracy=1.000000
2017-07-21 15:23:38,049 Epoch[69] Time cost=6.151
2017-07-21 15:23:38,167 Saved checkpoint to "../../models/pretrained-models/nin/nin-train-224-lr-0.001-momentum-0.9-0070.params"
2017-07-21 15:23:38,382 Epoch[69] Validation-accuracy=0.944444
2017-07-21 15:23:39,817 Epoch[70] Batch [10]	Speed: 356.52 samples/sec	Train-accuracy=0.994318
2017-07-21 15:23:41,162 Epoch[70] Batch [20]	Speed: 356.78 samples/sec	Train-accuracy=0.995833
2017-07-21 15:23:42,505 Epoch[70] Batch [30]	Speed: 357.61 samples/sec	Train-accuracy=0.997917
2017-07-21 15:23:43,849 Epoch[70] Batch [40]	Speed: 357.27 samples/sec	Train-accuracy=0.991667
2017-07-21 15:23:44,386 Epoch[70] Train-accuracy=0.989583
2017-07-21 15:23:44,386 Epoch[70] Time cost=6.004
2017-07-21 15:23:44,498 Saved checkpoint to "../../models/pretrained-models/nin/nin-train-224-lr-0.001-momentum-0.9-0071.params"
2017-07-21 15:23:44,688 Epoch[70] Validation-accuracy=0.958333
2017-07-21 15:23:46,116 Epoch[71] Batch [10]	Speed: 356.13 samples/sec	Train-accuracy=0.994318
2017-07-21 15:23:47,459 Epoch[71] Batch [20]	Speed: 357.42 samples/sec	Train-accuracy=0.997917
2017-07-21 15:23:48,804 Epoch[71] Batch [30]	Speed: 357.11 samples/sec	Train-accuracy=0.995833
2017-07-21 15:23:50,146 Epoch[71] Batch [40]	Speed: 357.69 samples/sec	Train-accuracy=0.991667
2017-07-21 15:23:50,683 Epoch[71] Train-accuracy=0.994792
2017-07-21 15:23:50,683 Epoch[71] Time cost=5.995
2017-07-21 15:23:50,807 Saved checkpoint to "../../models/pretrained-models/nin/nin-train-224-lr-0.001-momentum-0.9-0072.params"
2017-07-21 15:23:50,980 Epoch[71] Validation-accuracy=0.947917
2017-07-21 15:23:52,571 Epoch[72] Batch [10]	Speed: 355.31 samples/sec	Train-accuracy=0.992424
2017-07-21 15:23:53,922 Epoch[72] Batch [20]	Speed: 355.40 samples/sec	Train-accuracy=0.987500
2017-07-21 15:23:55,273 Epoch[72] Batch [30]	Speed: 355.22 samples/sec	Train-accuracy=0.993750
2017-07-21 15:23:56,624 Epoch[72] Batch [40]	Speed: 355.33 samples/sec	Train-accuracy=0.995833
2017-07-21 15:23:57,299 Epoch[72] Train-accuracy=0.995833
2017-07-21 15:23:57,299 Epoch[72] Time cost=6.319
2017-07-21 15:23:57,424 Saved checkpoint to "../../models/pretrained-models/nin/nin-train-224-lr-0.001-momentum-0.9-0073.params"
2017-07-21 15:23:57,642 Epoch[72] Validation-accuracy=0.951389
2017-07-21 15:23:59,077 Epoch[73] Batch [10]	Speed: 354.78 samples/sec	Train-accuracy=0.990530
2017-07-21 15:24:00,430 Epoch[73] Batch [20]	Speed: 354.79 samples/sec	Train-accuracy=0.991667
2017-07-21 15:24:01,781 Epoch[73] Batch [30]	Speed: 355.54 samples/sec	Train-accuracy=0.993750
2017-07-21 15:24:03,143 Epoch[73] Batch [40]	Speed: 352.34 samples/sec	Train-accuracy=0.995833
2017-07-21 15:24:03,680 Epoch[73] Train-accuracy=1.000000
2017-07-21 15:24:03,680 Epoch[73] Time cost=6.038
2017-07-21 15:24:03,818 Saved checkpoint to "../../models/pretrained-models/nin/nin-train-224-lr-0.001-momentum-0.9-0074.params"
2017-07-21 15:24:03,990 Epoch[73] Validation-accuracy=0.958333
2017-07-21 15:24:05,416 Epoch[74] Batch [10]	Speed: 356.81 samples/sec	Train-accuracy=0.994318
2017-07-21 15:24:06,758 Epoch[74] Batch [20]	Speed: 357.95 samples/sec	Train-accuracy=0.997917
2017-07-21 15:24:08,100 Epoch[74] Batch [30]	Speed: 357.58 samples/sec	Train-accuracy=0.995833
2017-07-21 15:24:09,442 Epoch[74] Batch [40]	Speed: 357.78 samples/sec	Train-accuracy=0.995833
2017-07-21 15:24:10,114 Epoch[74] Train-accuracy=1.000000
2017-07-21 15:24:10,114 Epoch[74] Time cost=6.124
2017-07-21 15:24:10,238 Saved checkpoint to "../../models/pretrained-models/nin/nin-train-224-lr-0.001-momentum-0.9-0075.params"
2017-07-21 15:24:10,439 Epoch[74] Validation-accuracy=0.944444
2017-07-21 15:24:11,867 Epoch[75] Batch [10]	Speed: 356.32 samples/sec	Train-accuracy=0.990530
2017-07-21 15:24:13,213 Epoch[75] Batch [20]	Speed: 356.80 samples/sec	Train-accuracy=0.975000
2017-07-21 15:24:14,558 Epoch[75] Batch [30]	Speed: 356.78 samples/sec	Train-accuracy=0.987500
2017-07-21 15:24:15,902 Epoch[75] Batch [40]	Speed: 357.46 samples/sec	Train-accuracy=0.987500
2017-07-21 15:24:16,439 Epoch[75] Train-accuracy=1.000000
2017-07-21 15:24:16,439 Epoch[75] Time cost=6.000
2017-07-21 15:24:16,572 Saved checkpoint to "../../models/pretrained-models/nin/nin-train-224-lr-0.001-momentum-0.9-0076.params"
2017-07-21 15:24:16,749 Epoch[75] Validation-accuracy=0.947917
2017-07-21 15:24:18,175 Epoch[76] Batch [10]	Speed: 356.69 samples/sec	Train-accuracy=0.992424
2017-07-21 15:24:19,517 Epoch[76] Batch [20]	Speed: 357.61 samples/sec	Train-accuracy=0.983333
2017-07-21 15:24:20,861 Epoch[76] Batch [30]	Speed: 357.41 samples/sec	Train-accuracy=0.993750
2017-07-21 15:24:22,202 Epoch[76] Batch [40]	Speed: 358.05 samples/sec	Train-accuracy=0.997917
2017-07-21 15:24:22,873 Epoch[76] Train-accuracy=0.983333
2017-07-21 15:24:22,873 Epoch[76] Time cost=6.124
2017-07-21 15:24:22,991 Saved checkpoint to "../../models/pretrained-models/nin/nin-train-224-lr-0.001-momentum-0.9-0077.params"
2017-07-21 15:24:23,166 Epoch[76] Validation-accuracy=0.958333
2017-07-21 15:24:24,592 Epoch[77] Batch [10]	Speed: 357.25 samples/sec	Train-accuracy=0.998106
2017-07-21 15:24:25,934 Epoch[77] Batch [20]	Speed: 357.62 samples/sec	Train-accuracy=0.989583
2017-07-21 15:24:27,278 Epoch[77] Batch [30]	Speed: 357.35 samples/sec	Train-accuracy=0.983333
2017-07-21 15:24:28,618 Epoch[77] Batch [40]	Speed: 358.28 samples/sec	Train-accuracy=0.993750
2017-07-21 15:24:29,154 Epoch[77] Train-accuracy=0.984375
2017-07-21 15:24:29,155 Epoch[77] Time cost=5.989
2017-07-21 15:24:29,280 Saved checkpoint to "../../models/pretrained-models/nin/nin-train-224-lr-0.001-momentum-0.9-0078.params"
2017-07-21 15:24:29,477 Epoch[77] Validation-accuracy=0.937500
2017-07-21 15:24:30,909 Epoch[78] Batch [10]	Speed: 355.69 samples/sec	Train-accuracy=1.000000
2017-07-21 15:24:32,258 Epoch[78] Batch [20]	Speed: 356.04 samples/sec	Train-accuracy=0.993750
2017-07-21 15:24:33,604 Epoch[78] Batch [30]	Speed: 356.67 samples/sec	Train-accuracy=0.993750
2017-07-21 15:24:34,949 Epoch[78] Batch [40]	Speed: 356.74 samples/sec	Train-accuracy=0.995833
2017-07-21 15:24:35,488 Epoch[78] Train-accuracy=0.994792
2017-07-21 15:24:35,489 Epoch[78] Time cost=6.011
2017-07-21 15:24:35,605 Saved checkpoint to "../../models/pretrained-models/nin/nin-train-224-lr-0.001-momentum-0.9-0079.params"
2017-07-21 15:24:35,778 Epoch[78] Validation-accuracy=0.958333
2017-07-21 15:24:37,217 Epoch[79] Batch [10]	Speed: 355.84 samples/sec	Train-accuracy=0.990530
2017-07-21 15:24:38,562 Epoch[79] Batch [20]	Speed: 356.97 samples/sec	Train-accuracy=0.993750
2017-07-21 15:24:39,909 Epoch[79] Batch [30]	Speed: 356.35 samples/sec	Train-accuracy=0.993750
2017-07-21 15:24:41,254 Epoch[79] Batch [40]	Speed: 356.92 samples/sec	Train-accuracy=0.995833
2017-07-21 15:24:41,928 Epoch[79] Train-accuracy=1.000000
2017-07-21 15:24:41,928 Epoch[79] Time cost=6.150
2017-07-21 15:24:42,052 Saved checkpoint to "../../models/pretrained-models/nin/nin-train-224-lr-0.001-momentum-0.9-0080.params"
2017-07-21 15:24:42,254 Epoch[79] Validation-accuracy=0.944444
2017-07-21 15:24:43,680 Epoch[80] Batch [10]	Speed: 356.96 samples/sec	Train-accuracy=0.988636
2017-07-21 15:24:45,025 Epoch[80] Batch [20]	Speed: 356.91 samples/sec	Train-accuracy=1.000000
2017-07-21 15:24:46,368 Epoch[80] Batch [30]	Speed: 357.59 samples/sec	Train-accuracy=0.997917
2017-07-21 15:24:47,712 Epoch[80] Batch [40]	Speed: 357.19 samples/sec	Train-accuracy=1.000000
2017-07-21 15:24:48,250 Epoch[80] Train-accuracy=0.994792
2017-07-21 15:24:48,250 Epoch[80] Time cost=5.996
2017-07-21 15:24:48,380 Saved checkpoint to "../../models/pretrained-models/nin/nin-train-224-lr-0.001-momentum-0.9-0081.params"
2017-07-21 15:24:48,571 Epoch[80] Validation-accuracy=0.968750
2017-07-21 15:24:50,008 Epoch[81] Batch [10]	Speed: 354.92 samples/sec	Train-accuracy=0.998106
2017-07-21 15:24:51,360 Epoch[81] Batch [20]	Speed: 355.11 samples/sec	Train-accuracy=0.997917
2017-07-21 15:24:52,709 Epoch[81] Batch [30]	Speed: 355.74 samples/sec	Train-accuracy=0.995833
2017-07-21 15:24:54,057 Epoch[81] Batch [40]	Speed: 356.13 samples/sec	Train-accuracy=0.995833
2017-07-21 15:24:54,734 Epoch[81] Train-accuracy=0.995833
2017-07-21 15:24:54,735 Epoch[81] Time cost=6.163
2017-07-21 15:24:54,860 Saved checkpoint to "../../models/pretrained-models/nin/nin-train-224-lr-0.001-momentum-0.9-0082.params"
2017-07-21 15:24:55,055 Epoch[81] Validation-accuracy=0.947917
2017-07-21 15:24:56,500 Epoch[82] Batch [10]	Speed: 355.85 samples/sec	Train-accuracy=0.998106
2017-07-21 15:24:57,848 Epoch[82] Batch [20]	Speed: 356.07 samples/sec	Train-accuracy=0.997917
2017-07-21 15:24:59,196 Epoch[82] Batch [30]	Speed: 356.22 samples/sec	Train-accuracy=0.991667
2017-07-21 15:25:00,540 Epoch[82] Batch [40]	Speed: 357.22 samples/sec	Train-accuracy=0.995833
2017-07-21 15:25:01,079 Epoch[82] Train-accuracy=0.994792
2017-07-21 15:25:01,079 Epoch[82] Time cost=6.023
2017-07-21 15:25:01,212 Saved checkpoint to "../../models/pretrained-models/nin/nin-train-224-lr-0.001-momentum-0.9-0083.params"
2017-07-21 15:25:01,417 Epoch[82] Validation-accuracy=0.944444
2017-07-21 15:25:02,846 Epoch[83] Batch [10]	Speed: 356.46 samples/sec	Train-accuracy=1.000000
2017-07-21 15:25:04,188 Epoch[83] Batch [20]	Speed: 357.82 samples/sec	Train-accuracy=0.991667
2017-07-21 15:25:05,530 Epoch[83] Batch [30]	Speed: 357.69 samples/sec	Train-accuracy=0.995833
2017-07-21 15:25:06,874 Epoch[83] Batch [40]	Speed: 357.22 samples/sec	Train-accuracy=0.997917
2017-07-21 15:25:07,411 Epoch[83] Train-accuracy=1.000000
2017-07-21 15:25:07,411 Epoch[83] Time cost=5.994
2017-07-21 15:25:07,561 Saved checkpoint to "../../models/pretrained-models/nin/nin-train-224-lr-0.001-momentum-0.9-0084.params"
2017-07-21 15:25:07,733 Epoch[83] Validation-accuracy=0.979167
2017-07-21 15:25:09,317 Epoch[84] Batch [10]	Speed: 355.89 samples/sec	Train-accuracy=0.998106
2017-07-21 15:25:10,667 Epoch[84] Batch [20]	Speed: 355.66 samples/sec	Train-accuracy=1.000000
2017-07-21 15:25:12,016 Epoch[84] Batch [30]	Speed: 356.02 samples/sec	Train-accuracy=0.991667
2017-07-21 15:25:13,361 Epoch[84] Batch [40]	Speed: 356.74 samples/sec	Train-accuracy=0.995833
2017-07-21 15:25:14,037 Epoch[84] Train-accuracy=0.991667
2017-07-21 15:25:14,037 Epoch[84] Time cost=6.303
2017-07-21 15:25:14,169 Saved checkpoint to "../../models/pretrained-models/nin/nin-train-224-lr-0.001-momentum-0.9-0085.params"
2017-07-21 15:25:14,360 Epoch[84] Validation-accuracy=0.951389
2017-07-21 15:25:15,794 Epoch[85] Batch [10]	Speed: 354.98 samples/sec	Train-accuracy=0.998106
2017-07-21 15:25:17,144 Epoch[85] Batch [20]	Speed: 355.77 samples/sec	Train-accuracy=0.997917
2017-07-21 15:25:18,491 Epoch[85] Batch [30]	Speed: 356.24 samples/sec	Train-accuracy=0.997917
2017-07-21 15:25:19,837 Epoch[85] Batch [40]	Speed: 356.90 samples/sec	Train-accuracy=0.997917
2017-07-21 15:25:20,375 Epoch[85] Train-accuracy=0.994792
2017-07-21 15:25:20,375 Epoch[85] Time cost=6.015
2017-07-21 15:25:20,500 Saved checkpoint to "../../models/pretrained-models/nin/nin-train-224-lr-0.001-momentum-0.9-0086.params"
2017-07-21 15:25:20,677 Epoch[85] Validation-accuracy=0.958333
2017-07-21 15:25:22,113 Epoch[86] Batch [10]	Speed: 354.67 samples/sec	Train-accuracy=0.992424
2017-07-21 15:25:23,467 Epoch[86] Batch [20]	Speed: 354.60 samples/sec	Train-accuracy=0.997917
2017-07-21 15:25:24,819 Epoch[86] Batch [30]	Speed: 355.09 samples/sec	Train-accuracy=0.997917
2017-07-21 15:25:26,175 Epoch[86] Batch [40]	Speed: 354.06 samples/sec	Train-accuracy=0.989583
2017-07-21 15:25:26,850 Epoch[86] Train-accuracy=0.991667
2017-07-21 15:25:26,850 Epoch[86] Time cost=6.173
2017-07-21 15:25:26,968 Saved checkpoint to "../../models/pretrained-models/nin/nin-train-224-lr-0.001-momentum-0.9-0087.params"
2017-07-21 15:25:27,146 Epoch[86] Validation-accuracy=0.958333
2017-07-21 15:25:28,592 Epoch[87] Batch [10]	Speed: 354.35 samples/sec	Train-accuracy=0.996212
2017-07-21 15:25:29,947 Epoch[87] Batch [20]	Speed: 354.29 samples/sec	Train-accuracy=0.977083
2017-07-21 15:25:31,301 Epoch[87] Batch [30]	Speed: 354.71 samples/sec	Train-accuracy=0.987500
2017-07-21 15:25:32,654 Epoch[87] Batch [40]	Speed: 354.78 samples/sec	Train-accuracy=0.972917
2017-07-21 15:25:33,195 Epoch[87] Train-accuracy=0.979167
2017-07-21 15:25:33,195 Epoch[87] Time cost=6.049
2017-07-21 15:25:33,313 Saved checkpoint to "../../models/pretrained-models/nin/nin-train-224-lr-0.001-momentum-0.9-0088.params"
2017-07-21 15:25:33,507 Epoch[87] Validation-accuracy=0.944444
2017-07-21 15:25:34,942 Epoch[88] Batch [10]	Speed: 354.52 samples/sec	Train-accuracy=0.986742
2017-07-21 15:25:36,293 Epoch[88] Batch [20]	Speed: 355.48 samples/sec	Train-accuracy=1.000000
2017-07-21 15:25:37,644 Epoch[88] Batch [30]	Speed: 355.40 samples/sec	Train-accuracy=0.997917
2017-07-21 15:25:38,993 Epoch[88] Batch [40]	Speed: 355.96 samples/sec	Train-accuracy=0.995833
2017-07-21 15:25:39,667 Epoch[88] Train-accuracy=1.000000
2017-07-21 15:25:39,667 Epoch[88] Time cost=6.160
2017-07-21 15:25:39,785 Saved checkpoint to "../../models/pretrained-models/nin/nin-train-224-lr-0.001-momentum-0.9-0089.params"
2017-07-21 15:25:39,963 Epoch[88] Validation-accuracy=0.979167
2017-07-21 15:25:41,400 Epoch[89] Batch [10]	Speed: 354.44 samples/sec	Train-accuracy=0.994318
2017-07-21 15:25:42,753 Epoch[89] Batch [20]	Speed: 354.63 samples/sec	Train-accuracy=0.995833
2017-07-21 15:25:44,104 Epoch[89] Batch [30]	Speed: 355.35 samples/sec	Train-accuracy=0.997917
2017-07-21 15:25:45,457 Epoch[89] Batch [40]	Speed: 354.93 samples/sec	Train-accuracy=0.997917
2017-07-21 15:25:45,999 Epoch[89] Train-accuracy=1.000000
2017-07-21 15:25:45,999 Epoch[89] Time cost=6.036
2017-07-21 15:25:46,122 Saved checkpoint to "../../models/pretrained-models/nin/nin-train-224-lr-0.001-momentum-0.9-0090.params"
2017-07-21 15:25:46,337 Epoch[89] Validation-accuracy=0.958333
2017-07-21 15:25:47,764 Epoch[90] Batch [10]	Speed: 356.90 samples/sec	Train-accuracy=0.996212
2017-07-21 15:25:49,110 Epoch[90] Batch [20]	Speed: 356.79 samples/sec	Train-accuracy=0.995833
2017-07-21 15:25:50,454 Epoch[90] Batch [30]	Speed: 357.12 samples/sec	Train-accuracy=1.000000
2017-07-21 15:25:51,797 Epoch[90] Batch [40]	Speed: 357.62 samples/sec	Train-accuracy=0.997917
2017-07-21 15:25:52,334 Epoch[90] Train-accuracy=0.989583
2017-07-21 15:25:52,334 Epoch[90] Time cost=5.997
2017-07-21 15:25:52,452 Saved checkpoint to "../../models/pretrained-models/nin/nin-train-224-lr-0.001-momentum-0.9-0091.params"
2017-07-21 15:25:52,625 Epoch[90] Validation-accuracy=0.947917
2017-07-21 15:25:54,055 Epoch[91] Batch [10]	Speed: 356.22 samples/sec	Train-accuracy=0.998106
2017-07-21 15:25:55,400 Epoch[91] Batch [20]	Speed: 356.84 samples/sec	Train-accuracy=0.997917
2017-07-21 15:25:56,747 Epoch[91] Batch [30]	Speed: 356.57 samples/sec	Train-accuracy=0.997917
2017-07-21 15:25:58,090 Epoch[91] Batch [40]	Speed: 357.33 samples/sec	Train-accuracy=0.987500
2017-07-21 15:25:58,759 Epoch[91] Train-accuracy=0.991667
2017-07-21 15:25:58,759 Epoch[91] Time cost=6.135
2017-07-21 15:25:58,877 Saved checkpoint to "../../models/pretrained-models/nin/nin-train-224-lr-0.001-momentum-0.9-0092.params"
2017-07-21 15:25:59,065 Epoch[91] Validation-accuracy=0.968750
2017-07-21 15:26:00,495 Epoch[92] Batch [10]	Speed: 355.65 samples/sec	Train-accuracy=0.990530
2017-07-21 15:26:01,838 Epoch[92] Batch [20]	Speed: 357.32 samples/sec	Train-accuracy=0.991667
2017-07-21 15:26:03,183 Epoch[92] Batch [30]	Speed: 357.21 samples/sec	Train-accuracy=0.997917
2017-07-21 15:26:04,525 Epoch[92] Batch [40]	Speed: 357.55 samples/sec	Train-accuracy=0.991667
2017-07-21 15:26:05,063 Epoch[92] Train-accuracy=1.000000
2017-07-21 15:26:05,063 Epoch[92] Time cost=5.997
2017-07-21 15:26:05,180 Saved checkpoint to "../../models/pretrained-models/nin/nin-train-224-lr-0.001-momentum-0.9-0093.params"
2017-07-21 15:26:05,376 Epoch[92] Validation-accuracy=0.972222
2017-07-21 15:26:06,802 Epoch[93] Batch [10]	Speed: 356.73 samples/sec	Train-accuracy=0.992424
2017-07-21 15:26:08,148 Epoch[93] Batch [20]	Speed: 356.81 samples/sec	Train-accuracy=0.991667
2017-07-21 15:26:09,492 Epoch[93] Batch [30]	Speed: 357.10 samples/sec	Train-accuracy=0.995833
2017-07-21 15:26:10,835 Epoch[93] Batch [40]	Speed: 357.53 samples/sec	Train-accuracy=1.000000
2017-07-21 15:26:11,506 Epoch[93] Train-accuracy=1.000000
2017-07-21 15:26:11,506 Epoch[93] Time cost=6.130
2017-07-21 15:26:11,654 Saved checkpoint to "../../models/pretrained-models/nin/nin-train-224-lr-0.001-momentum-0.9-0094.params"
2017-07-21 15:26:11,825 Epoch[93] Validation-accuracy=0.968750
2017-07-21 15:26:13,251 Epoch[94] Batch [10]	Speed: 356.95 samples/sec	Train-accuracy=0.998106
2017-07-21 15:26:14,595 Epoch[94] Batch [20]	Speed: 357.25 samples/sec	Train-accuracy=0.991667
2017-07-21 15:26:15,938 Epoch[94] Batch [30]	Speed: 357.40 samples/sec	Train-accuracy=1.000000
2017-07-21 15:26:17,280 Epoch[94] Batch [40]	Speed: 357.70 samples/sec	Train-accuracy=1.000000
2017-07-21 15:26:17,818 Epoch[94] Train-accuracy=0.994792
2017-07-21 15:26:17,818 Epoch[94] Time cost=5.993
2017-07-21 15:26:17,938 Saved checkpoint to "../../models/pretrained-models/nin/nin-train-224-lr-0.001-momentum-0.9-0095.params"
2017-07-21 15:26:18,066 Epoch[94] Validation-accuracy=0.947917
2017-07-21 15:26:19,497 Epoch[95] Batch [10]	Speed: 355.52 samples/sec	Train-accuracy=0.986742
2017-07-21 15:26:20,841 Epoch[95] Batch [20]	Speed: 357.20 samples/sec	Train-accuracy=0.989583
2017-07-21 15:26:22,184 Epoch[95] Batch [30]	Speed: 357.26 samples/sec	Train-accuracy=0.997917
2017-07-21 15:26:23,524 Epoch[95] Batch [40]	Speed: 358.40 samples/sec	Train-accuracy=0.995833
2017-07-21 15:26:24,061 Epoch[95] Train-accuracy=1.000000
2017-07-21 15:26:24,062 Epoch[95] Time cost=5.995
2017-07-21 15:26:24,193 Saved checkpoint to "../../models/pretrained-models/nin/nin-train-224-lr-0.001-momentum-0.9-0096.params"
2017-07-21 15:26:24,463 Epoch[95] Validation-accuracy=0.944444
2017-07-21 15:26:26,042 Epoch[96] Batch [10]	Speed: 357.30 samples/sec	Train-accuracy=0.996212
2017-07-21 15:26:27,388 Epoch[96] Batch [20]	Speed: 356.94 samples/sec	Train-accuracy=0.997917
2017-07-21 15:26:28,728 Epoch[96] Batch [30]	Speed: 358.16 samples/sec	Train-accuracy=1.000000
2017-07-21 15:26:30,068 Epoch[96] Batch [40]	Speed: 358.24 samples/sec	Train-accuracy=1.000000
2017-07-21 15:26:30,740 Epoch[96] Train-accuracy=0.991667
2017-07-21 15:26:30,741 Epoch[96] Time cost=6.277
2017-07-21 15:26:30,864 Saved checkpoint to "../../models/pretrained-models/nin/nin-train-224-lr-0.001-momentum-0.9-0097.params"
2017-07-21 15:26:31,043 Epoch[96] Validation-accuracy=0.968750
2017-07-21 15:26:32,467 Epoch[97] Batch [10]	Speed: 357.15 samples/sec	Train-accuracy=0.992424
2017-07-21 15:26:33,807 Epoch[97] Batch [20]	Speed: 358.19 samples/sec	Train-accuracy=0.997917
2017-07-21 15:26:35,149 Epoch[97] Batch [30]	Speed: 357.88 samples/sec	Train-accuracy=0.995833
2017-07-21 15:26:36,489 Epoch[97] Batch [40]	Speed: 358.28 samples/sec	Train-accuracy=0.989583
2017-07-21 15:26:37,025 Epoch[97] Train-accuracy=0.994792
2017-07-21 15:26:37,025 Epoch[97] Time cost=5.982
2017-07-21 15:26:37,152 Saved checkpoint to "../../models/pretrained-models/nin/nin-train-224-lr-0.001-momentum-0.9-0098.params"
2017-07-21 15:26:37,349 Epoch[97] Validation-accuracy=0.951389
2017-07-21 15:26:38,785 Epoch[98] Batch [10]	Speed: 357.23 samples/sec	Train-accuracy=0.994318
2017-07-21 15:26:40,129 Epoch[98] Batch [20]	Speed: 357.11 samples/sec	Train-accuracy=0.995833
2017-07-21 15:26:41,471 Epoch[98] Batch [30]	Speed: 357.64 samples/sec	Train-accuracy=0.997917
2017-07-21 15:26:42,812 Epoch[98] Batch [40]	Speed: 358.09 samples/sec	Train-accuracy=0.997917
2017-07-21 15:26:43,484 Epoch[98] Train-accuracy=0.995833
2017-07-21 15:26:43,485 Epoch[98] Time cost=6.135
2017-07-21 15:26:43,598 Saved checkpoint to "../../models/pretrained-models/nin/nin-train-224-lr-0.001-momentum-0.9-0099.params"
2017-07-21 15:26:43,770 Epoch[98] Validation-accuracy=0.979167
2017-07-21 15:26:45,192 Epoch[99] Batch [10]	Speed: 357.22 samples/sec	Train-accuracy=0.992424
2017-07-21 15:26:46,536 Epoch[99] Batch [20]	Speed: 357.25 samples/sec	Train-accuracy=0.995833
2017-07-21 15:26:47,878 Epoch[99] Batch [30]	Speed: 357.71 samples/sec	Train-accuracy=0.997917
2017-07-21 15:26:49,220 Epoch[99] Batch [40]	Speed: 357.81 samples/sec	Train-accuracy=0.995833
2017-07-21 15:26:49,758 Epoch[99] Train-accuracy=0.994792
2017-07-21 15:26:49,758 Epoch[99] Time cost=5.987
2017-07-21 15:26:49,884 Saved checkpoint to "../../models/pretrained-models/nin/nin-train-224-lr-0.001-momentum-0.9-0100.params"
2017-07-21 15:26:50,072 Epoch[99] Validation-accuracy=0.958333
