[12:45:24] src/nnvm/legacy_json_util.cc:190: Loading symbol saved by previous version v0.8.0. Attempting to upgrade...
[12:45:24] src/nnvm/legacy_json_util.cc:198: Symbol successfully upgraded!
note: caffe model don't have 'flatten0', but 'flatten_0'
note: don't have flatten_0, but flatten
[12:45:24] src/io/iter_image_recordio.cc:220: ImageRecordIOParser: ../../data/ism-train_train.rec, use 4 threads for decoding..
[12:45:28] src/io/iter_image_recordio.cc:220: ImageRecordIOParser: ../../data/ism-train_val.rec, use 4 threads for decoding..
2017-07-21 12:45:44,025 Epoch[0] Batch [10]	Speed: 212.76 samples/sec	Train-accuracy=0.583333
2017-07-21 12:45:46,256 Epoch[0] Batch [20]	Speed: 215.19 samples/sec	Train-accuracy=0.622917
2017-07-21 12:45:48,478 Epoch[0] Batch [30]	Speed: 216.09 samples/sec	Train-accuracy=0.658333
2017-07-21 12:45:50,700 Epoch[0] Batch [40]	Speed: 216.04 samples/sec	Train-accuracy=0.606250
2017-07-21 12:45:51,813 Epoch[0] Train-accuracy=0.629167
2017-07-21 12:45:51,814 Epoch[0] Time cost=12.376
2017-07-21 12:45:51,976 Saved checkpoint to "../../models/pretrained-models/squeezenet-v1.0/squeezenet_v1.0-train-224-lr-0.001-momentum-0.9-0001.params"
2017-07-21 12:45:52,296 Epoch[0] Validation-accuracy=0.645833
2017-07-21 12:45:54,638 Epoch[1] Batch [10]	Speed: 216.25 samples/sec	Train-accuracy=0.636364
2017-07-21 12:45:56,860 Epoch[1] Batch [20]	Speed: 216.02 samples/sec	Train-accuracy=0.627083
2017-07-21 12:45:59,085 Epoch[1] Batch [30]	Speed: 215.75 samples/sec	Train-accuracy=0.645833
2017-07-21 12:46:01,306 Epoch[1] Batch [40]	Speed: 216.20 samples/sec	Train-accuracy=0.608333
2017-07-21 12:46:02,196 Epoch[1] Train-accuracy=0.635417
2017-07-21 12:46:02,196 Epoch[1] Time cost=9.900
2017-07-21 12:46:02,356 Saved checkpoint to "../../models/pretrained-models/squeezenet-v1.0/squeezenet_v1.0-train-224-lr-0.001-momentum-0.9-0002.params"
2017-07-21 12:46:02,956 Epoch[1] Validation-accuracy=0.659722
2017-07-21 12:46:05,286 Epoch[2] Batch [10]	Speed: 216.07 samples/sec	Train-accuracy=0.638258
2017-07-21 12:46:07,509 Epoch[2] Batch [20]	Speed: 215.95 samples/sec	Train-accuracy=0.660417
2017-07-21 12:46:09,731 Epoch[2] Batch [30]	Speed: 216.09 samples/sec	Train-accuracy=0.722917
2017-07-21 12:46:11,952 Epoch[2] Batch [40]	Speed: 216.22 samples/sec	Train-accuracy=0.810417
2017-07-21 12:46:13,061 Epoch[2] Train-accuracy=0.833333
2017-07-21 12:46:13,061 Epoch[2] Time cost=10.104
2017-07-21 12:46:13,243 Saved checkpoint to "../../models/pretrained-models/squeezenet-v1.0/squeezenet_v1.0-train-224-lr-0.001-momentum-0.9-0003.params"
2017-07-21 12:46:13,488 Epoch[2] Validation-accuracy=0.885417
2017-07-21 12:46:15,818 Epoch[3] Batch [10]	Speed: 216.09 samples/sec	Train-accuracy=0.823864
2017-07-21 12:46:18,037 Epoch[3] Batch [20]	Speed: 216.36 samples/sec	Train-accuracy=0.847917
2017-07-21 12:46:20,268 Epoch[3] Batch [30]	Speed: 215.12 samples/sec	Train-accuracy=0.870833
2017-07-21 12:46:22,500 Epoch[3] Batch [40]	Speed: 215.12 samples/sec	Train-accuracy=0.875000
2017-07-21 12:46:23,395 Epoch[3] Train-accuracy=0.880208
2017-07-21 12:46:23,396 Epoch[3] Time cost=9.907
2017-07-21 12:46:23,557 Saved checkpoint to "../../models/pretrained-models/squeezenet-v1.0/squeezenet_v1.0-train-224-lr-0.001-momentum-0.9-0004.params"
2017-07-21 12:46:23,829 Epoch[3] Validation-accuracy=0.895833
2017-07-21 12:46:26,183 Epoch[4] Batch [10]	Speed: 216.22 samples/sec	Train-accuracy=0.892045
2017-07-21 12:46:28,403 Epoch[4] Batch [20]	Speed: 216.33 samples/sec	Train-accuracy=0.885417
2017-07-21 12:46:30,629 Epoch[4] Batch [30]	Speed: 215.62 samples/sec	Train-accuracy=0.887500
2017-07-21 12:46:32,849 Epoch[4] Batch [40]	Speed: 216.22 samples/sec	Train-accuracy=0.910417
2017-07-21 12:46:33,958 Epoch[4] Train-accuracy=0.891667
2017-07-21 12:46:33,958 Epoch[4] Time cost=10.128
2017-07-21 12:46:34,119 Saved checkpoint to "../../models/pretrained-models/squeezenet-v1.0/squeezenet_v1.0-train-224-lr-0.001-momentum-0.9-0005.params"
2017-07-21 12:46:34,575 Epoch[4] Validation-accuracy=0.916667
2017-07-21 12:46:36,933 Epoch[5] Batch [10]	Speed: 215.25 samples/sec	Train-accuracy=0.895833
2017-07-21 12:46:39,154 Epoch[5] Batch [20]	Speed: 216.15 samples/sec	Train-accuracy=0.908333
2017-07-21 12:46:41,374 Epoch[5] Batch [30]	Speed: 216.18 samples/sec	Train-accuracy=0.904167
2017-07-21 12:46:43,594 Epoch[5] Batch [40]	Speed: 216.29 samples/sec	Train-accuracy=0.927083
2017-07-21 12:46:44,482 Epoch[5] Train-accuracy=0.885417
2017-07-21 12:46:44,482 Epoch[5] Time cost=9.908
2017-07-21 12:46:44,643 Saved checkpoint to "../../models/pretrained-models/squeezenet-v1.0/squeezenet_v1.0-train-224-lr-0.001-momentum-0.9-0006.params"
2017-07-21 12:46:44,881 Epoch[5] Validation-accuracy=0.927083
2017-07-21 12:46:47,215 Epoch[6] Batch [10]	Speed: 215.57 samples/sec	Train-accuracy=0.903409
2017-07-21 12:46:49,438 Epoch[6] Batch [20]	Speed: 215.95 samples/sec	Train-accuracy=0.906250
2017-07-21 12:46:51,660 Epoch[6] Batch [30]	Speed: 216.04 samples/sec	Train-accuracy=0.904167
2017-07-21 12:46:53,880 Epoch[6] Batch [40]	Speed: 216.25 samples/sec	Train-accuracy=0.935417
2017-07-21 12:46:54,770 Epoch[6] Train-accuracy=0.911458
2017-07-21 12:46:54,770 Epoch[6] Time cost=9.889
2017-07-21 12:46:54,929 Saved checkpoint to "../../models/pretrained-models/squeezenet-v1.0/squeezenet_v1.0-train-224-lr-0.001-momentum-0.9-0007.params"
2017-07-21 12:46:55,200 Epoch[6] Validation-accuracy=0.937500
2017-07-21 12:46:57,531 Epoch[7] Batch [10]	Speed: 216.01 samples/sec	Train-accuracy=0.920455
2017-07-21 12:46:59,754 Epoch[7] Batch [20]	Speed: 215.99 samples/sec	Train-accuracy=0.912500
2017-07-21 12:47:01,978 Epoch[7] Batch [30]	Speed: 215.84 samples/sec	Train-accuracy=0.922917
2017-07-21 12:47:04,205 Epoch[7] Batch [40]	Speed: 215.62 samples/sec	Train-accuracy=0.916667
2017-07-21 12:47:05,316 Epoch[7] Train-accuracy=0.950000
2017-07-21 12:47:05,317 Epoch[7] Time cost=10.116
2017-07-21 12:47:05,476 Saved checkpoint to "../../models/pretrained-models/squeezenet-v1.0/squeezenet_v1.0-train-224-lr-0.001-momentum-0.9-0008.params"
2017-07-21 12:47:05,738 Epoch[7] Validation-accuracy=0.958333
2017-07-21 12:47:08,072 Epoch[8] Batch [10]	Speed: 216.05 samples/sec	Train-accuracy=0.948864
2017-07-21 12:47:10,295 Epoch[8] Batch [20]	Speed: 215.91 samples/sec	Train-accuracy=0.937500
2017-07-21 12:47:12,518 Epoch[8] Batch [30]	Speed: 215.95 samples/sec	Train-accuracy=0.916667
2017-07-21 12:47:14,744 Epoch[8] Batch [40]	Speed: 215.70 samples/sec	Train-accuracy=0.927083
2017-07-21 12:47:15,633 Epoch[8] Train-accuracy=0.927083
2017-07-21 12:47:15,633 Epoch[8] Time cost=9.895
2017-07-21 12:47:15,790 Saved checkpoint to "../../models/pretrained-models/squeezenet-v1.0/squeezenet_v1.0-train-224-lr-0.001-momentum-0.9-0009.params"
2017-07-21 12:47:16,033 Epoch[8] Validation-accuracy=0.916667
2017-07-21 12:47:18,365 Epoch[9] Batch [10]	Speed: 215.71 samples/sec	Train-accuracy=0.935606
2017-07-21 12:47:20,591 Epoch[9] Batch [20]	Speed: 215.70 samples/sec	Train-accuracy=0.925000
2017-07-21 12:47:22,813 Epoch[9] Batch [30]	Speed: 215.98 samples/sec	Train-accuracy=0.939583
2017-07-21 12:47:25,034 Epoch[9] Batch [40]	Speed: 216.23 samples/sec	Train-accuracy=0.929167
2017-07-21 12:47:26,146 Epoch[9] Train-accuracy=0.929167
2017-07-21 12:47:26,147 Epoch[9] Time cost=10.113
2017-07-21 12:47:26,306 Saved checkpoint to "../../models/pretrained-models/squeezenet-v1.0/squeezenet_v1.0-train-224-lr-0.001-momentum-0.9-0010.params"
2017-07-21 12:47:26,579 Epoch[9] Validation-accuracy=0.930556
2017-07-21 12:47:28,907 Epoch[10] Batch [10]	Speed: 216.05 samples/sec	Train-accuracy=0.948864
2017-07-21 12:47:31,130 Epoch[10] Batch [20]	Speed: 215.98 samples/sec	Train-accuracy=0.945833
2017-07-21 12:47:33,354 Epoch[10] Batch [30]	Speed: 215.88 samples/sec	Train-accuracy=0.939583
2017-07-21 12:47:35,576 Epoch[10] Batch [40]	Speed: 216.02 samples/sec	Train-accuracy=0.943750
2017-07-21 12:47:36,464 Epoch[10] Train-accuracy=0.911458
2017-07-21 12:47:36,465 Epoch[10] Time cost=9.885
2017-07-21 12:47:36,623 Saved checkpoint to "../../models/pretrained-models/squeezenet-v1.0/squeezenet_v1.0-train-224-lr-0.001-momentum-0.9-0011.params"
2017-07-21 12:47:36,863 Epoch[10] Validation-accuracy=0.937500
2017-07-21 12:47:39,221 Epoch[11] Batch [10]	Speed: 215.69 samples/sec	Train-accuracy=0.918561
2017-07-21 12:47:41,444 Epoch[11] Batch [20]	Speed: 215.98 samples/sec	Train-accuracy=0.956250
2017-07-21 12:47:43,668 Epoch[11] Batch [30]	Speed: 215.80 samples/sec	Train-accuracy=0.933333
2017-07-21 12:47:45,888 Epoch[11] Batch [40]	Speed: 216.24 samples/sec	Train-accuracy=0.939583
2017-07-21 12:47:46,778 Epoch[11] Train-accuracy=0.937500
2017-07-21 12:47:46,778 Epoch[11] Time cost=9.915
2017-07-21 12:47:46,938 Saved checkpoint to "../../models/pretrained-models/squeezenet-v1.0/squeezenet_v1.0-train-224-lr-0.001-momentum-0.9-0012.params"
2017-07-21 12:47:47,202 Epoch[11] Validation-accuracy=0.944444
2017-07-21 12:47:49,699 Epoch[12] Batch [10]	Speed: 215.84 samples/sec	Train-accuracy=0.948864
2017-07-21 12:47:51,921 Epoch[12] Batch [20]	Speed: 216.11 samples/sec	Train-accuracy=0.945833
2017-07-21 12:47:54,143 Epoch[12] Batch [30]	Speed: 216.00 samples/sec	Train-accuracy=0.954167
2017-07-21 12:47:56,367 Epoch[12] Batch [40]	Speed: 215.90 samples/sec	Train-accuracy=0.954167
2017-07-21 12:47:57,482 Epoch[12] Train-accuracy=0.954167
2017-07-21 12:47:57,483 Epoch[12] Time cost=10.281
2017-07-21 12:47:57,643 Saved checkpoint to "../../models/pretrained-models/squeezenet-v1.0/squeezenet_v1.0-train-224-lr-0.001-momentum-0.9-0013.params"
2017-07-21 12:47:57,882 Epoch[12] Validation-accuracy=0.947917
2017-07-21 12:48:00,236 Epoch[13] Batch [10]	Speed: 215.78 samples/sec	Train-accuracy=0.960227
2017-07-21 12:48:02,462 Epoch[13] Batch [20]	Speed: 215.69 samples/sec	Train-accuracy=0.954167
2017-07-21 12:48:04,683 Epoch[13] Batch [30]	Speed: 216.10 samples/sec	Train-accuracy=0.945833
2017-07-21 12:48:06,905 Epoch[13] Batch [40]	Speed: 216.05 samples/sec	Train-accuracy=0.945833
2017-07-21 12:48:07,794 Epoch[13] Train-accuracy=0.958333
2017-07-21 12:48:07,795 Epoch[13] Time cost=9.912
2017-07-21 12:48:07,955 Saved checkpoint to "../../models/pretrained-models/squeezenet-v1.0/squeezenet_v1.0-train-224-lr-0.001-momentum-0.9-0014.params"
2017-07-21 12:48:08,168 Epoch[13] Validation-accuracy=0.927083
2017-07-21 12:48:10,508 Epoch[14] Batch [10]	Speed: 215.94 samples/sec	Train-accuracy=0.964015
2017-07-21 12:48:12,730 Epoch[14] Batch [20]	Speed: 216.09 samples/sec	Train-accuracy=0.958333
2017-07-21 12:48:14,954 Epoch[14] Batch [30]	Speed: 215.84 samples/sec	Train-accuracy=0.954167
2017-07-21 12:48:17,177 Epoch[14] Batch [40]	Speed: 215.96 samples/sec	Train-accuracy=0.966667
2017-07-21 12:48:18,288 Epoch[14] Train-accuracy=0.933333
2017-07-21 12:48:18,288 Epoch[14] Time cost=10.120
2017-07-21 12:48:18,447 Saved checkpoint to "../../models/pretrained-models/squeezenet-v1.0/squeezenet_v1.0-train-224-lr-0.001-momentum-0.9-0015.params"
2017-07-21 12:48:18,730 Epoch[14] Validation-accuracy=0.930556
2017-07-21 12:48:21,070 Epoch[15] Batch [10]	Speed: 215.81 samples/sec	Train-accuracy=0.956439
2017-07-21 12:48:23,298 Epoch[15] Batch [20]	Speed: 215.51 samples/sec	Train-accuracy=0.937500
2017-07-21 12:48:25,522 Epoch[15] Batch [30]	Speed: 215.86 samples/sec	Train-accuracy=0.904167
2017-07-21 12:48:27,746 Epoch[15] Batch [40]	Speed: 215.85 samples/sec	Train-accuracy=0.914583
2017-07-21 12:48:28,634 Epoch[15] Train-accuracy=0.916667
2017-07-21 12:48:28,634 Epoch[15] Time cost=9.903
2017-07-21 12:48:28,793 Saved checkpoint to "../../models/pretrained-models/squeezenet-v1.0/squeezenet_v1.0-train-224-lr-0.001-momentum-0.9-0016.params"
2017-07-21 12:48:29,000 Epoch[15] Validation-accuracy=0.937500
2017-07-21 12:48:31,349 Epoch[16] Batch [10]	Speed: 215.68 samples/sec	Train-accuracy=0.945076
2017-07-21 12:48:33,574 Epoch[16] Batch [20]	Speed: 215.71 samples/sec	Train-accuracy=0.945833
2017-07-21 12:48:35,796 Epoch[16] Batch [30]	Speed: 216.06 samples/sec	Train-accuracy=0.950000
2017-07-21 12:48:38,018 Epoch[16] Batch [40]	Speed: 216.11 samples/sec	Train-accuracy=0.956250
2017-07-21 12:48:39,129 Epoch[16] Train-accuracy=0.950000
2017-07-21 12:48:39,129 Epoch[16] Time cost=10.129
2017-07-21 12:48:39,286 Saved checkpoint to "../../models/pretrained-models/squeezenet-v1.0/squeezenet_v1.0-train-224-lr-0.001-momentum-0.9-0017.params"
2017-07-21 12:48:39,556 Epoch[16] Validation-accuracy=0.923611
2017-07-21 12:48:41,889 Epoch[17] Batch [10]	Speed: 215.70 samples/sec	Train-accuracy=0.969697
2017-07-21 12:48:44,111 Epoch[17] Batch [20]	Speed: 216.09 samples/sec	Train-accuracy=0.968750
2017-07-21 12:48:46,332 Epoch[17] Batch [30]	Speed: 216.15 samples/sec	Train-accuracy=0.958333
2017-07-21 12:48:48,556 Epoch[17] Batch [40]	Speed: 215.86 samples/sec	Train-accuracy=0.962500
2017-07-21 12:48:49,444 Epoch[17] Train-accuracy=0.963542
2017-07-21 12:48:49,445 Epoch[17] Time cost=9.888
2017-07-21 12:48:49,604 Saved checkpoint to "../../models/pretrained-models/squeezenet-v1.0/squeezenet_v1.0-train-224-lr-0.001-momentum-0.9-0018.params"
2017-07-21 12:48:49,824 Epoch[17] Validation-accuracy=0.958333
2017-07-21 12:48:52,158 Epoch[18] Batch [10]	Speed: 215.63 samples/sec	Train-accuracy=0.967803
2017-07-21 12:48:54,381 Epoch[18] Batch [20]	Speed: 215.90 samples/sec	Train-accuracy=0.975000
2017-07-21 12:48:56,608 Epoch[18] Batch [30]	Speed: 215.55 samples/sec	Train-accuracy=0.956250
2017-07-21 12:48:58,828 Epoch[18] Batch [40]	Speed: 216.30 samples/sec	Train-accuracy=0.968750
2017-07-21 12:48:59,716 Epoch[18] Train-accuracy=0.958333
2017-07-21 12:48:59,716 Epoch[18] Time cost=9.892
2017-07-21 12:48:59,906 Saved checkpoint to "../../models/pretrained-models/squeezenet-v1.0/squeezenet_v1.0-train-224-lr-0.001-momentum-0.9-0019.params"
2017-07-21 12:49:00,129 Epoch[18] Validation-accuracy=0.927083
2017-07-21 12:49:02,471 Epoch[19] Batch [10]	Speed: 215.59 samples/sec	Train-accuracy=0.964015
2017-07-21 12:49:04,696 Epoch[19] Batch [20]	Speed: 215.77 samples/sec	Train-accuracy=0.970833
2017-07-21 12:49:06,920 Epoch[19] Batch [30]	Speed: 215.81 samples/sec	Train-accuracy=0.964583
2017-07-21 12:49:09,143 Epoch[19] Batch [40]	Speed: 215.94 samples/sec	Train-accuracy=0.975000
2017-07-21 12:49:10,259 Epoch[19] Train-accuracy=0.950000
2017-07-21 12:49:10,259 Epoch[19] Time cost=10.130
2017-07-21 12:49:10,419 Saved checkpoint to "../../models/pretrained-models/squeezenet-v1.0/squeezenet_v1.0-train-224-lr-0.001-momentum-0.9-0020.params"
2017-07-21 12:49:10,692 Epoch[19] Validation-accuracy=0.937500
2017-07-21 12:49:13,024 Epoch[20] Batch [10]	Speed: 215.87 samples/sec	Train-accuracy=0.967803
2017-07-21 12:49:15,248 Epoch[20] Batch [20]	Speed: 215.88 samples/sec	Train-accuracy=0.975000
2017-07-21 12:49:17,469 Epoch[20] Batch [30]	Speed: 216.12 samples/sec	Train-accuracy=0.968750
2017-07-21 12:49:19,690 Epoch[20] Batch [40]	Speed: 216.14 samples/sec	Train-accuracy=0.966667
2017-07-21 12:49:20,579 Epoch[20] Train-accuracy=0.953125
2017-07-21 12:49:20,580 Epoch[20] Time cost=9.887
2017-07-21 12:49:20,739 Saved checkpoint to "../../models/pretrained-models/squeezenet-v1.0/squeezenet_v1.0-train-224-lr-0.001-momentum-0.9-0021.params"
2017-07-21 12:49:20,950 Epoch[20] Validation-accuracy=0.958333
2017-07-21 12:49:23,281 Epoch[21] Batch [10]	Speed: 215.75 samples/sec	Train-accuracy=0.964015
2017-07-21 12:49:25,503 Epoch[21] Batch [20]	Speed: 216.04 samples/sec	Train-accuracy=0.968750
2017-07-21 12:49:27,728 Epoch[21] Batch [30]	Speed: 215.82 samples/sec	Train-accuracy=0.970833
2017-07-21 12:49:29,952 Epoch[21] Batch [40]	Speed: 215.86 samples/sec	Train-accuracy=0.975000
2017-07-21 12:49:31,062 Epoch[21] Train-accuracy=0.962500
2017-07-21 12:49:31,062 Epoch[21] Time cost=10.112
2017-07-21 12:49:31,221 Saved checkpoint to "../../models/pretrained-models/squeezenet-v1.0/squeezenet_v1.0-train-224-lr-0.001-momentum-0.9-0022.params"
2017-07-21 12:49:31,496 Epoch[21] Validation-accuracy=0.930556
2017-07-21 12:49:33,829 Epoch[22] Batch [10]	Speed: 215.77 samples/sec	Train-accuracy=0.971591
2017-07-21 12:49:36,053 Epoch[22] Batch [20]	Speed: 215.83 samples/sec	Train-accuracy=0.972917
2017-07-21 12:49:38,275 Epoch[22] Batch [30]	Speed: 216.01 samples/sec	Train-accuracy=0.960417
2017-07-21 12:49:40,498 Epoch[22] Batch [40]	Speed: 215.91 samples/sec	Train-accuracy=0.956250
2017-07-21 12:49:41,388 Epoch[22] Train-accuracy=0.968750
2017-07-21 12:49:41,389 Epoch[22] Time cost=9.892
2017-07-21 12:49:41,548 Saved checkpoint to "../../models/pretrained-models/squeezenet-v1.0/squeezenet_v1.0-train-224-lr-0.001-momentum-0.9-0023.params"
2017-07-21 12:49:41,772 Epoch[22] Validation-accuracy=0.958333
2017-07-21 12:49:44,101 Epoch[23] Batch [10]	Speed: 216.04 samples/sec	Train-accuracy=0.973485
2017-07-21 12:49:46,324 Epoch[23] Batch [20]	Speed: 215.99 samples/sec	Train-accuracy=0.977083
2017-07-21 12:49:48,549 Epoch[23] Batch [30]	Speed: 215.75 samples/sec	Train-accuracy=0.964583
2017-07-21 12:49:50,772 Epoch[23] Batch [40]	Speed: 215.92 samples/sec	Train-accuracy=0.979167
2017-07-21 12:49:51,663 Epoch[23] Train-accuracy=0.968750
2017-07-21 12:49:51,663 Epoch[23] Time cost=9.891
2017-07-21 12:49:51,824 Saved checkpoint to "../../models/pretrained-models/squeezenet-v1.0/squeezenet_v1.0-train-224-lr-0.001-momentum-0.9-0024.params"
2017-07-21 12:49:52,043 Epoch[23] Validation-accuracy=0.916667
2017-07-21 12:49:54,532 Epoch[24] Batch [10]	Speed: 215.75 samples/sec	Train-accuracy=0.969697
2017-07-21 12:49:56,756 Epoch[24] Batch [20]	Speed: 215.82 samples/sec	Train-accuracy=0.968750
2017-07-21 12:49:58,980 Epoch[24] Batch [30]	Speed: 215.92 samples/sec	Train-accuracy=0.956250
2017-07-21 12:50:01,207 Epoch[24] Batch [40]	Speed: 215.51 samples/sec	Train-accuracy=0.968750
2017-07-21 12:50:02,316 Epoch[24] Train-accuracy=0.962500
2017-07-21 12:50:02,316 Epoch[24] Time cost=10.273
2017-07-21 12:50:02,475 Saved checkpoint to "../../models/pretrained-models/squeezenet-v1.0/squeezenet_v1.0-train-224-lr-0.001-momentum-0.9-0025.params"
2017-07-21 12:50:02,747 Epoch[24] Validation-accuracy=0.944444
2017-07-21 12:50:05,080 Epoch[25] Batch [10]	Speed: 215.81 samples/sec	Train-accuracy=0.971591
2017-07-21 12:50:07,303 Epoch[25] Batch [20]	Speed: 215.98 samples/sec	Train-accuracy=0.962500
2017-07-21 12:50:09,522 Epoch[25] Batch [30]	Speed: 216.26 samples/sec	Train-accuracy=0.945833
2017-07-21 12:50:11,744 Epoch[25] Batch [40]	Speed: 216.11 samples/sec	Train-accuracy=0.960417
2017-07-21 12:50:12,633 Epoch[25] Train-accuracy=0.937500
2017-07-21 12:50:12,633 Epoch[25] Time cost=9.886
2017-07-21 12:50:12,792 Saved checkpoint to "../../models/pretrained-models/squeezenet-v1.0/squeezenet_v1.0-train-224-lr-0.001-momentum-0.9-0026.params"
2017-07-21 12:50:13,005 Epoch[25] Validation-accuracy=0.947917
2017-07-21 12:50:15,338 Epoch[26] Batch [10]	Speed: 215.78 samples/sec	Train-accuracy=0.967803
2017-07-21 12:50:17,562 Epoch[26] Batch [20]	Speed: 215.84 samples/sec	Train-accuracy=0.968750
2017-07-21 12:50:19,783 Epoch[26] Batch [30]	Speed: 216.10 samples/sec	Train-accuracy=0.968750
2017-07-21 12:50:22,004 Epoch[26] Batch [40]	Speed: 216.10 samples/sec	Train-accuracy=0.981250
2017-07-21 12:50:23,114 Epoch[26] Train-accuracy=0.962500
2017-07-21 12:50:23,114 Epoch[26] Time cost=10.109
2017-07-21 12:50:23,273 Saved checkpoint to "../../models/pretrained-models/squeezenet-v1.0/squeezenet_v1.0-train-224-lr-0.001-momentum-0.9-0027.params"
2017-07-21 12:50:23,559 Epoch[26] Validation-accuracy=0.930556
2017-07-21 12:50:25,892 Epoch[27] Batch [10]	Speed: 215.79 samples/sec	Train-accuracy=0.986742
2017-07-21 12:50:28,114 Epoch[27] Batch [20]	Speed: 216.04 samples/sec	Train-accuracy=0.983333
2017-07-21 12:50:30,337 Epoch[27] Batch [30]	Speed: 216.00 samples/sec	Train-accuracy=0.972917
2017-07-21 12:50:32,558 Epoch[27] Batch [40]	Speed: 216.14 samples/sec	Train-accuracy=0.979167
2017-07-21 12:50:33,447 Epoch[27] Train-accuracy=0.973958
2017-07-21 12:50:33,447 Epoch[27] Time cost=9.888
2017-07-21 12:50:33,607 Saved checkpoint to "../../models/pretrained-models/squeezenet-v1.0/squeezenet_v1.0-train-224-lr-0.001-momentum-0.9-0028.params"
2017-07-21 12:50:33,809 Epoch[27] Validation-accuracy=0.947917
2017-07-21 12:50:36,142 Epoch[28] Batch [10]	Speed: 215.68 samples/sec	Train-accuracy=0.975379
2017-07-21 12:50:38,365 Epoch[28] Batch [20]	Speed: 216.01 samples/sec	Train-accuracy=0.970833
2017-07-21 12:50:40,588 Epoch[28] Batch [30]	Speed: 215.96 samples/sec	Train-accuracy=0.966667
2017-07-21 12:50:42,813 Epoch[28] Batch [40]	Speed: 215.68 samples/sec	Train-accuracy=0.977083
2017-07-21 12:50:43,927 Epoch[28] Train-accuracy=0.979167
2017-07-21 12:50:43,927 Epoch[28] Time cost=10.118
2017-07-21 12:50:44,087 Saved checkpoint to "../../models/pretrained-models/squeezenet-v1.0/squeezenet_v1.0-train-224-lr-0.001-momentum-0.9-0029.params"
2017-07-21 12:50:44,296 Epoch[28] Validation-accuracy=0.937500
2017-07-21 12:50:46,630 Epoch[29] Batch [10]	Speed: 215.69 samples/sec	Train-accuracy=0.977273
2017-07-21 12:50:48,852 Epoch[29] Batch [20]	Speed: 216.04 samples/sec	Train-accuracy=0.981250
2017-07-21 12:50:51,074 Epoch[29] Batch [30]	Speed: 215.98 samples/sec	Train-accuracy=0.977083
2017-07-21 12:50:53,300 Epoch[29] Batch [40]	Speed: 215.73 samples/sec	Train-accuracy=0.979167
2017-07-21 12:50:54,188 Epoch[29] Train-accuracy=0.947917
2017-07-21 12:50:54,188 Epoch[29] Time cost=9.892
2017-07-21 12:50:54,349 Saved checkpoint to "../../models/pretrained-models/squeezenet-v1.0/squeezenet_v1.0-train-224-lr-0.001-momentum-0.9-0030.params"
2017-07-21 12:50:54,617 Epoch[29] Validation-accuracy=0.937500
2017-07-21 12:50:56,947 Epoch[30] Batch [10]	Speed: 215.77 samples/sec	Train-accuracy=0.982955
2017-07-21 12:50:59,171 Epoch[30] Batch [20]	Speed: 215.88 samples/sec	Train-accuracy=0.983333
2017-07-21 12:51:01,394 Epoch[30] Batch [30]	Speed: 215.92 samples/sec	Train-accuracy=0.968750
2017-07-21 12:51:03,617 Epoch[30] Batch [40]	Speed: 216.03 samples/sec	Train-accuracy=0.981250
2017-07-21 12:51:04,506 Epoch[30] Train-accuracy=0.979167
2017-07-21 12:51:04,506 Epoch[30] Time cost=9.889
2017-07-21 12:51:04,664 Saved checkpoint to "../../models/pretrained-models/squeezenet-v1.0/squeezenet_v1.0-train-224-lr-0.001-momentum-0.9-0031.params"
2017-07-21 12:51:04,876 Epoch[30] Validation-accuracy=0.958333
2017-07-21 12:51:07,219 Epoch[31] Batch [10]	Speed: 214.79 samples/sec	Train-accuracy=0.982955
2017-07-21 12:51:09,455 Epoch[31] Batch [20]	Speed: 214.70 samples/sec	Train-accuracy=0.979167
2017-07-21 12:51:11,681 Epoch[31] Batch [30]	Speed: 215.67 samples/sec	Train-accuracy=0.966667
2017-07-21 12:51:13,903 Epoch[31] Batch [40]	Speed: 216.07 samples/sec	Train-accuracy=0.981250
2017-07-21 12:51:15,013 Epoch[31] Train-accuracy=0.979167
2017-07-21 12:51:15,014 Epoch[31] Time cost=10.137
2017-07-21 12:51:15,170 Saved checkpoint to "../../models/pretrained-models/squeezenet-v1.0/squeezenet_v1.0-train-224-lr-0.001-momentum-0.9-0032.params"
2017-07-21 12:51:15,446 Epoch[31] Validation-accuracy=0.937500
2017-07-21 12:51:17,787 Epoch[32] Batch [10]	Speed: 216.01 samples/sec	Train-accuracy=0.984848
2017-07-21 12:51:20,008 Epoch[32] Batch [20]	Speed: 216.10 samples/sec	Train-accuracy=0.968750
2017-07-21 12:51:22,233 Epoch[32] Batch [30]	Speed: 215.77 samples/sec	Train-accuracy=0.962500
2017-07-21 12:51:24,458 Epoch[32] Batch [40]	Speed: 215.83 samples/sec	Train-accuracy=0.979167
2017-07-21 12:51:25,347 Epoch[32] Train-accuracy=0.984375
2017-07-21 12:51:25,347 Epoch[32] Time cost=9.901
2017-07-21 12:51:25,505 Saved checkpoint to "../../models/pretrained-models/squeezenet-v1.0/squeezenet_v1.0-train-224-lr-0.001-momentum-0.9-0033.params"
2017-07-21 12:51:25,721 Epoch[32] Validation-accuracy=0.968750
2017-07-21 12:51:28,061 Epoch[33] Batch [10]	Speed: 215.68 samples/sec	Train-accuracy=0.982955
2017-07-21 12:51:30,284 Epoch[33] Batch [20]	Speed: 215.96 samples/sec	Train-accuracy=0.979167
2017-07-21 12:51:32,505 Epoch[33] Batch [30]	Speed: 216.13 samples/sec	Train-accuracy=0.964583
2017-07-21 12:51:34,728 Epoch[33] Batch [40]	Speed: 216.00 samples/sec	Train-accuracy=0.939583
2017-07-21 12:51:35,838 Epoch[33] Train-accuracy=0.950000
2017-07-21 12:51:35,838 Epoch[33] Time cost=10.116
2017-07-21 12:51:35,995 Saved checkpoint to "../../models/pretrained-models/squeezenet-v1.0/squeezenet_v1.0-train-224-lr-0.001-momentum-0.9-0034.params"
2017-07-21 12:51:36,200 Epoch[33] Validation-accuracy=0.927083
2017-07-21 12:51:38,533 Epoch[34] Batch [10]	Speed: 215.85 samples/sec	Train-accuracy=0.964015
2017-07-21 12:51:40,756 Epoch[34] Batch [20]	Speed: 215.91 samples/sec	Train-accuracy=0.972917
2017-07-21 12:51:42,977 Epoch[34] Batch [30]	Speed: 216.13 samples/sec	Train-accuracy=0.947917
2017-07-21 12:51:45,199 Epoch[34] Batch [40]	Speed: 216.07 samples/sec	Train-accuracy=0.962500
2017-07-21 12:51:46,088 Epoch[34] Train-accuracy=0.958333
2017-07-21 12:51:46,088 Epoch[34] Time cost=9.887
2017-07-21 12:51:46,245 Saved checkpoint to "../../models/pretrained-models/squeezenet-v1.0/squeezenet_v1.0-train-224-lr-0.001-momentum-0.9-0035.params"
2017-07-21 12:51:46,517 Epoch[34] Validation-accuracy=0.944444
2017-07-21 12:51:48,851 Epoch[35] Batch [10]	Speed: 215.79 samples/sec	Train-accuracy=0.979167
2017-07-21 12:51:51,074 Epoch[35] Batch [20]	Speed: 215.99 samples/sec	Train-accuracy=0.987500
2017-07-21 12:51:53,293 Epoch[35] Batch [30]	Speed: 216.32 samples/sec	Train-accuracy=0.964583
2017-07-21 12:51:55,518 Epoch[35] Batch [40]	Speed: 215.74 samples/sec	Train-accuracy=0.975000
2017-07-21 12:51:56,406 Epoch[35] Train-accuracy=0.968750
2017-07-21 12:51:56,406 Epoch[35] Time cost=9.888
2017-07-21 12:51:56,563 Saved checkpoint to "../../models/pretrained-models/squeezenet-v1.0/squeezenet_v1.0-train-224-lr-0.001-momentum-0.9-0036.params"
2017-07-21 12:51:56,795 Epoch[35] Validation-accuracy=0.958333
2017-07-21 12:51:59,292 Epoch[36] Batch [10]	Speed: 215.37 samples/sec	Train-accuracy=0.969697
2017-07-21 12:52:01,518 Epoch[36] Batch [20]	Speed: 215.73 samples/sec	Train-accuracy=0.977083
2017-07-21 12:52:03,740 Epoch[36] Batch [30]	Speed: 215.98 samples/sec	Train-accuracy=0.970833
2017-07-21 12:52:05,964 Epoch[36] Batch [40]	Speed: 215.85 samples/sec	Train-accuracy=0.972917
2017-07-21 12:52:07,075 Epoch[36] Train-accuracy=0.962500
2017-07-21 12:52:07,075 Epoch[36] Time cost=10.279
2017-07-21 12:52:07,233 Saved checkpoint to "../../models/pretrained-models/squeezenet-v1.0/squeezenet_v1.0-train-224-lr-0.001-momentum-0.9-0037.params"
2017-07-21 12:52:07,505 Epoch[36] Validation-accuracy=0.930556
2017-07-21 12:52:09,840 Epoch[37] Batch [10]	Speed: 215.51 samples/sec	Train-accuracy=0.977273
2017-07-21 12:52:12,064 Epoch[37] Batch [20]	Speed: 215.87 samples/sec	Train-accuracy=0.981250
2017-07-21 12:52:14,286 Epoch[37] Batch [30]	Speed: 216.08 samples/sec	Train-accuracy=0.979167
2017-07-21 12:52:16,517 Epoch[37] Batch [40]	Speed: 215.17 samples/sec	Train-accuracy=0.985417
2017-07-21 12:52:17,405 Epoch[37] Train-accuracy=0.979167
2017-07-21 12:52:17,405 Epoch[37] Time cost=9.900
2017-07-21 12:52:17,563 Saved checkpoint to "../../models/pretrained-models/squeezenet-v1.0/squeezenet_v1.0-train-224-lr-0.001-momentum-0.9-0038.params"
2017-07-21 12:52:17,778 Epoch[37] Validation-accuracy=0.947917
2017-07-21 12:52:20,109 Epoch[38] Batch [10]	Speed: 215.95 samples/sec	Train-accuracy=0.982955
2017-07-21 12:52:22,329 Epoch[38] Batch [20]	Speed: 216.20 samples/sec	Train-accuracy=0.979167
2017-07-21 12:52:24,551 Epoch[38] Batch [30]	Speed: 216.02 samples/sec	Train-accuracy=0.985417
2017-07-21 12:52:26,775 Epoch[38] Batch [40]	Speed: 215.84 samples/sec	Train-accuracy=0.991667
2017-07-21 12:52:27,887 Epoch[38] Train-accuracy=0.975000
2017-07-21 12:52:27,887 Epoch[38] Time cost=10.108
2017-07-21 12:52:28,045 Saved checkpoint to "../../models/pretrained-models/squeezenet-v1.0/squeezenet_v1.0-train-224-lr-0.001-momentum-0.9-0039.params"
2017-07-21 12:52:28,256 Epoch[38] Validation-accuracy=0.958333
2017-07-21 12:52:30,588 Epoch[39] Batch [10]	Speed: 215.82 samples/sec	Train-accuracy=0.971591
2017-07-21 12:52:32,810 Epoch[39] Batch [20]	Speed: 216.00 samples/sec	Train-accuracy=0.981250
2017-07-21 12:52:35,034 Epoch[39] Batch [30]	Speed: 215.94 samples/sec	Train-accuracy=0.977083
2017-07-21 12:52:37,256 Epoch[39] Batch [40]	Speed: 216.03 samples/sec	Train-accuracy=0.979167
2017-07-21 12:52:38,147 Epoch[39] Train-accuracy=0.979167
2017-07-21 12:52:38,147 Epoch[39] Time cost=9.890
2017-07-21 12:52:38,305 Saved checkpoint to "../../models/pretrained-models/squeezenet-v1.0/squeezenet_v1.0-train-224-lr-0.001-momentum-0.9-0040.params"
2017-07-21 12:52:38,576 Epoch[39] Validation-accuracy=0.944444
2017-07-21 12:52:40,907 Epoch[40] Batch [10]	Speed: 215.79 samples/sec	Train-accuracy=0.977273
2017-07-21 12:52:43,132 Epoch[40] Batch [20]	Speed: 215.83 samples/sec	Train-accuracy=0.989583
2017-07-21 12:52:45,355 Epoch[40] Batch [30]	Speed: 215.88 samples/sec	Train-accuracy=0.979167
2017-07-21 12:52:47,578 Epoch[40] Batch [40]	Speed: 216.00 samples/sec	Train-accuracy=0.970833
2017-07-21 12:52:48,688 Epoch[40] Train-accuracy=0.987500
2017-07-21 12:52:48,688 Epoch[40] Time cost=10.112
2017-07-21 12:52:48,847 Saved checkpoint to "../../models/pretrained-models/squeezenet-v1.0/squeezenet_v1.0-train-224-lr-0.001-momentum-0.9-0041.params"
2017-07-21 12:52:49,055 Epoch[40] Validation-accuracy=0.958333
2017-07-21 12:52:51,389 Epoch[41] Batch [10]	Speed: 215.89 samples/sec	Train-accuracy=0.986742
2017-07-21 12:52:53,610 Epoch[41] Batch [20]	Speed: 216.06 samples/sec	Train-accuracy=0.991667
2017-07-21 12:52:55,836 Epoch[41] Batch [30]	Speed: 215.74 samples/sec	Train-accuracy=0.977083
2017-07-21 12:52:58,062 Epoch[41] Batch [40]	Speed: 215.60 samples/sec	Train-accuracy=0.975000
2017-07-21 12:52:58,951 Epoch[41] Train-accuracy=0.968750
2017-07-21 12:52:58,952 Epoch[41] Time cost=9.896
2017-07-21 12:52:59,111 Saved checkpoint to "../../models/pretrained-models/squeezenet-v1.0/squeezenet_v1.0-train-224-lr-0.001-momentum-0.9-0042.params"
2017-07-21 12:52:59,396 Epoch[41] Validation-accuracy=0.951389
2017-07-21 12:53:01,726 Epoch[42] Batch [10]	Speed: 215.71 samples/sec	Train-accuracy=0.981061
2017-07-21 12:53:03,953 Epoch[42] Batch [20]	Speed: 215.62 samples/sec	Train-accuracy=0.977083
2017-07-21 12:53:06,177 Epoch[42] Batch [30]	Speed: 215.81 samples/sec	Train-accuracy=0.981250
2017-07-21 12:53:08,402 Epoch[42] Batch [40]	Speed: 215.81 samples/sec	Train-accuracy=0.987500
2017-07-21 12:53:09,289 Epoch[42] Train-accuracy=0.979167
2017-07-21 12:53:09,289 Epoch[42] Time cost=9.893
2017-07-21 12:53:09,447 Saved checkpoint to "../../models/pretrained-models/squeezenet-v1.0/squeezenet_v1.0-train-224-lr-0.001-momentum-0.9-0043.params"
2017-07-21 12:53:09,655 Epoch[42] Validation-accuracy=0.947917
2017-07-21 12:53:11,987 Epoch[43] Batch [10]	Speed: 215.74 samples/sec	Train-accuracy=0.982955
2017-07-21 12:53:14,213 Epoch[43] Batch [20]	Speed: 215.70 samples/sec	Train-accuracy=0.993750
2017-07-21 12:53:16,434 Epoch[43] Batch [30]	Speed: 216.15 samples/sec	Train-accuracy=0.979167
2017-07-21 12:53:18,658 Epoch[43] Batch [40]	Speed: 215.87 samples/sec	Train-accuracy=0.991667
2017-07-21 12:53:19,769 Epoch[43] Train-accuracy=0.979167
2017-07-21 12:53:19,769 Epoch[43] Time cost=10.114
2017-07-21 12:53:19,927 Saved checkpoint to "../../models/pretrained-models/squeezenet-v1.0/squeezenet_v1.0-train-224-lr-0.001-momentum-0.9-0044.params"
2017-07-21 12:53:20,126 Epoch[43] Validation-accuracy=0.968750
2017-07-21 12:53:22,461 Epoch[44] Batch [10]	Speed: 215.81 samples/sec	Train-accuracy=0.977273
2017-07-21 12:53:24,685 Epoch[44] Batch [20]	Speed: 215.93 samples/sec	Train-accuracy=0.989583
2017-07-21 12:53:26,911 Epoch[44] Batch [30]	Speed: 215.64 samples/sec	Train-accuracy=0.989583
2017-07-21 12:53:29,136 Epoch[44] Batch [40]	Speed: 215.74 samples/sec	Train-accuracy=0.985417
2017-07-21 12:53:30,025 Epoch[44] Train-accuracy=0.968750
2017-07-21 12:53:30,025 Epoch[44] Time cost=9.898
2017-07-21 12:53:30,183 Saved checkpoint to "../../models/pretrained-models/squeezenet-v1.0/squeezenet_v1.0-train-224-lr-0.001-momentum-0.9-0045.params"
2017-07-21 12:53:30,457 Epoch[44] Validation-accuracy=0.944444
2017-07-21 12:53:32,786 Epoch[45] Batch [10]	Speed: 216.06 samples/sec	Train-accuracy=0.986742
2017-07-21 12:53:35,011 Epoch[45] Batch [20]	Speed: 215.76 samples/sec	Train-accuracy=0.991667
2017-07-21 12:53:37,234 Epoch[45] Batch [30]	Speed: 215.94 samples/sec	Train-accuracy=0.987500
2017-07-21 12:53:39,453 Epoch[45] Batch [40]	Speed: 216.33 samples/sec	Train-accuracy=0.989583
2017-07-21 12:53:40,564 Epoch[45] Train-accuracy=0.975000
2017-07-21 12:53:40,564 Epoch[45] Time cost=10.107
2017-07-21 12:53:40,723 Saved checkpoint to "../../models/pretrained-models/squeezenet-v1.0/squeezenet_v1.0-train-224-lr-0.001-momentum-0.9-0046.params"
2017-07-21 12:53:40,936 Epoch[45] Validation-accuracy=0.968750
2017-07-21 12:53:43,269 Epoch[46] Batch [10]	Speed: 215.70 samples/sec	Train-accuracy=0.986742
2017-07-21 12:53:45,496 Epoch[46] Batch [20]	Speed: 215.59 samples/sec	Train-accuracy=0.981250
2017-07-21 12:53:47,716 Epoch[46] Batch [30]	Speed: 216.28 samples/sec	Train-accuracy=0.989583
2017-07-21 12:53:49,936 Epoch[46] Batch [40]	Speed: 216.24 samples/sec	Train-accuracy=0.975000
2017-07-21 12:53:50,825 Epoch[46] Train-accuracy=0.968750
2017-07-21 12:53:50,825 Epoch[46] Time cost=9.889
2017-07-21 12:53:50,982 Saved checkpoint to "../../models/pretrained-models/squeezenet-v1.0/squeezenet_v1.0-train-224-lr-0.001-momentum-0.9-0047.params"
2017-07-21 12:53:51,172 Epoch[46] Validation-accuracy=0.958333
2017-07-21 12:53:53,510 Epoch[47] Batch [10]	Speed: 215.73 samples/sec	Train-accuracy=0.986742
2017-07-21 12:53:55,733 Epoch[47] Batch [20]	Speed: 215.96 samples/sec	Train-accuracy=0.993750
2017-07-21 12:53:57,957 Epoch[47] Batch [30]	Speed: 215.82 samples/sec	Train-accuracy=0.987500
2017-07-21 12:54:00,180 Epoch[47] Batch [40]	Speed: 216.03 samples/sec	Train-accuracy=0.987500
2017-07-21 12:54:01,077 Epoch[47] Train-accuracy=0.973958
2017-07-21 12:54:01,077 Epoch[47] Time cost=9.905
2017-07-21 12:54:01,234 Saved checkpoint to "../../models/pretrained-models/squeezenet-v1.0/squeezenet_v1.0-train-224-lr-0.001-momentum-0.9-0048.params"
2017-07-21 12:54:01,599 Epoch[47] Validation-accuracy=0.930556
2017-07-21 12:54:04,096 Epoch[48] Batch [10]	Speed: 215.92 samples/sec	Train-accuracy=0.982955
2017-07-21 12:54:06,323 Epoch[48] Batch [20]	Speed: 215.64 samples/sec	Train-accuracy=0.979167
2017-07-21 12:54:08,547 Epoch[48] Batch [30]	Speed: 215.83 samples/sec	Train-accuracy=0.991667
2017-07-21 12:54:10,771 Epoch[48] Batch [40]	Speed: 215.85 samples/sec	Train-accuracy=0.991667
2017-07-21 12:54:11,883 Epoch[48] Train-accuracy=0.979167
2017-07-21 12:54:11,883 Epoch[48] Time cost=10.284
2017-07-21 12:54:12,041 Saved checkpoint to "../../models/pretrained-models/squeezenet-v1.0/squeezenet_v1.0-train-224-lr-0.001-momentum-0.9-0049.params"
2017-07-21 12:54:12,265 Epoch[48] Validation-accuracy=0.968750
2017-07-21 12:54:14,598 Epoch[49] Batch [10]	Speed: 215.79 samples/sec	Train-accuracy=0.986742
2017-07-21 12:54:16,827 Epoch[49] Batch [20]	Speed: 215.46 samples/sec	Train-accuracy=1.000000
2017-07-21 12:54:19,048 Epoch[49] Batch [30]	Speed: 216.13 samples/sec	Train-accuracy=0.979167
2017-07-21 12:54:21,271 Epoch[49] Batch [40]	Speed: 215.91 samples/sec	Train-accuracy=0.989583
2017-07-21 12:54:22,159 Epoch[49] Train-accuracy=0.979167
2017-07-21 12:54:22,160 Epoch[49] Time cost=9.894
2017-07-21 12:54:22,318 Saved checkpoint to "../../models/pretrained-models/squeezenet-v1.0/squeezenet_v1.0-train-224-lr-0.001-momentum-0.9-0050.params"
2017-07-21 12:54:22,586 Epoch[49] Validation-accuracy=0.951389
2017-07-21 12:54:24,918 Epoch[50] Batch [10]	Speed: 215.80 samples/sec	Train-accuracy=0.984848
2017-07-21 12:54:27,139 Epoch[50] Batch [20]	Speed: 216.14 samples/sec	Train-accuracy=0.989583
2017-07-21 12:54:29,359 Epoch[50] Batch [30]	Speed: 216.20 samples/sec	Train-accuracy=0.989583
2017-07-21 12:54:31,579 Epoch[50] Batch [40]	Speed: 216.21 samples/sec	Train-accuracy=0.989583
2017-07-21 12:54:32,689 Epoch[50] Train-accuracy=0.962500
2017-07-21 12:54:32,690 Epoch[50] Time cost=10.103
2017-07-21 12:54:32,848 Saved checkpoint to "../../models/pretrained-models/squeezenet-v1.0/squeezenet_v1.0-train-224-lr-0.001-momentum-0.9-0051.params"
2017-07-21 12:54:33,056 Epoch[50] Validation-accuracy=0.958333
2017-07-21 12:54:35,389 Epoch[51] Batch [10]	Speed: 215.70 samples/sec	Train-accuracy=0.977273
2017-07-21 12:54:37,613 Epoch[51] Batch [20]	Speed: 215.83 samples/sec	Train-accuracy=0.997917
2017-07-21 12:54:39,837 Epoch[51] Batch [30]	Speed: 215.89 samples/sec	Train-accuracy=0.997917
2017-07-21 12:54:42,059 Epoch[51] Batch [40]	Speed: 215.99 samples/sec	Train-accuracy=0.983333
2017-07-21 12:54:42,949 Epoch[51] Train-accuracy=0.984375
2017-07-21 12:54:42,949 Epoch[51] Time cost=9.893
2017-07-21 12:54:43,108 Saved checkpoint to "../../models/pretrained-models/squeezenet-v1.0/squeezenet_v1.0-train-224-lr-0.001-momentum-0.9-0052.params"
2017-07-21 12:54:43,314 Epoch[51] Validation-accuracy=0.947917
2017-07-21 12:54:45,647 Epoch[52] Batch [10]	Speed: 215.78 samples/sec	Train-accuracy=0.990530
2017-07-21 12:54:47,872 Epoch[52] Batch [20]	Speed: 215.76 samples/sec	Train-accuracy=0.989583
2017-07-21 12:54:50,094 Epoch[52] Batch [30]	Speed: 216.03 samples/sec	Train-accuracy=0.991667
2017-07-21 12:54:52,318 Epoch[52] Batch [40]	Speed: 215.85 samples/sec	Train-accuracy=0.985417
2017-07-21 12:54:53,430 Epoch[52] Train-accuracy=0.979167
2017-07-21 12:54:53,430 Epoch[52] Time cost=10.116
2017-07-21 12:54:53,588 Saved checkpoint to "../../models/pretrained-models/squeezenet-v1.0/squeezenet_v1.0-train-224-lr-0.001-momentum-0.9-0053.params"
2017-07-21 12:54:53,854 Epoch[52] Validation-accuracy=0.958333
2017-07-21 12:54:56,186 Epoch[53] Batch [10]	Speed: 215.74 samples/sec	Train-accuracy=0.994318
2017-07-21 12:54:58,413 Epoch[53] Batch [20]	Speed: 215.62 samples/sec	Train-accuracy=0.987500
2017-07-21 12:55:00,636 Epoch[53] Batch [30]	Speed: 215.96 samples/sec	Train-accuracy=0.993750
2017-07-21 12:55:02,857 Epoch[53] Batch [40]	Speed: 216.14 samples/sec	Train-accuracy=0.983333
2017-07-21 12:55:03,747 Epoch[53] Train-accuracy=0.973958
2017-07-21 12:55:03,747 Epoch[53] Time cost=9.893
2017-07-21 12:55:03,906 Saved checkpoint to "../../models/pretrained-models/squeezenet-v1.0/squeezenet_v1.0-train-224-lr-0.001-momentum-0.9-0054.params"
2017-07-21 12:55:04,139 Epoch[53] Validation-accuracy=0.958333
2017-07-21 12:55:06,472 Epoch[54] Batch [10]	Speed: 215.78 samples/sec	Train-accuracy=0.982955
2017-07-21 12:55:08,694 Epoch[54] Batch [20]	Speed: 216.02 samples/sec	Train-accuracy=0.991667
2017-07-21 12:55:10,920 Epoch[54] Batch [30]	Speed: 215.70 samples/sec	Train-accuracy=0.991667
2017-07-21 12:55:13,149 Epoch[54] Batch [40]	Speed: 215.36 samples/sec	Train-accuracy=0.975000
2017-07-21 12:55:14,040 Epoch[54] Train-accuracy=0.963542
2017-07-21 12:55:14,041 Epoch[54] Time cost=9.901
2017-07-21 12:55:14,199 Saved checkpoint to "../../models/pretrained-models/squeezenet-v1.0/squeezenet_v1.0-train-224-lr-0.001-momentum-0.9-0055.params"
2017-07-21 12:55:14,462 Epoch[54] Validation-accuracy=0.944444
2017-07-21 12:55:16,791 Epoch[55] Batch [10]	Speed: 215.77 samples/sec	Train-accuracy=0.984848
2017-07-21 12:55:19,018 Epoch[55] Batch [20]	Speed: 215.60 samples/sec	Train-accuracy=0.975000
2017-07-21 12:55:21,243 Epoch[55] Batch [30]	Speed: 215.81 samples/sec	Train-accuracy=0.981250
2017-07-21 12:55:23,465 Epoch[55] Batch [40]	Speed: 216.00 samples/sec	Train-accuracy=0.964583
2017-07-21 12:55:24,576 Epoch[55] Train-accuracy=0.979167
2017-07-21 12:55:24,576 Epoch[55] Time cost=10.115
2017-07-21 12:55:24,734 Saved checkpoint to "../../models/pretrained-models/squeezenet-v1.0/squeezenet_v1.0-train-224-lr-0.001-momentum-0.9-0056.params"
2017-07-21 12:55:24,935 Epoch[55] Validation-accuracy=0.927083
2017-07-21 12:55:27,270 Epoch[56] Batch [10]	Speed: 215.46 samples/sec	Train-accuracy=0.981061
2017-07-21 12:55:29,498 Epoch[56] Batch [20]	Speed: 215.47 samples/sec	Train-accuracy=0.987500
2017-07-21 12:55:31,722 Epoch[56] Batch [30]	Speed: 215.79 samples/sec	Train-accuracy=0.991667
2017-07-21 12:55:33,946 Epoch[56] Batch [40]	Speed: 215.88 samples/sec	Train-accuracy=0.987500
2017-07-21 12:55:34,836 Epoch[56] Train-accuracy=0.984375
2017-07-21 12:55:34,836 Epoch[56] Time cost=9.901
2017-07-21 12:55:34,995 Saved checkpoint to "../../models/pretrained-models/squeezenet-v1.0/squeezenet_v1.0-train-224-lr-0.001-momentum-0.9-0057.params"
2017-07-21 12:55:35,209 Epoch[56] Validation-accuracy=0.937500
2017-07-21 12:55:37,540 Epoch[57] Batch [10]	Speed: 215.70 samples/sec	Train-accuracy=0.988636
2017-07-21 12:55:39,766 Epoch[57] Batch [20]	Speed: 215.68 samples/sec	Train-accuracy=0.983333
2017-07-21 12:55:41,991 Epoch[57] Batch [30]	Speed: 215.73 samples/sec	Train-accuracy=0.983333
2017-07-21 12:55:44,217 Epoch[57] Batch [40]	Speed: 215.75 samples/sec	Train-accuracy=0.987500
2017-07-21 12:55:45,328 Epoch[57] Train-accuracy=0.987500
2017-07-21 12:55:45,329 Epoch[57] Time cost=10.119
2017-07-21 12:55:45,487 Saved checkpoint to "../../models/pretrained-models/squeezenet-v1.0/squeezenet_v1.0-train-224-lr-0.001-momentum-0.9-0058.params"
2017-07-21 12:55:45,763 Epoch[57] Validation-accuracy=0.951389
2017-07-21 12:55:48,100 Epoch[58] Batch [10]	Speed: 215.35 samples/sec	Train-accuracy=0.986742
2017-07-21 12:55:50,324 Epoch[58] Batch [20]	Speed: 215.84 samples/sec	Train-accuracy=0.985417
2017-07-21 12:55:52,550 Epoch[58] Batch [30]	Speed: 215.71 samples/sec	Train-accuracy=0.989583
2017-07-21 12:55:54,774 Epoch[58] Batch [40]	Speed: 215.83 samples/sec	Train-accuracy=0.987500
2017-07-21 12:55:55,662 Epoch[58] Train-accuracy=0.968750
2017-07-21 12:55:55,663 Epoch[58] Time cost=9.900
2017-07-21 12:55:55,821 Saved checkpoint to "../../models/pretrained-models/squeezenet-v1.0/squeezenet_v1.0-train-224-lr-0.001-momentum-0.9-0059.params"
2017-07-21 12:55:56,035 Epoch[58] Validation-accuracy=0.968750
2017-07-21 12:55:58,373 Epoch[59] Batch [10]	Speed: 215.59 samples/sec	Train-accuracy=0.994318
2017-07-21 12:56:00,597 Epoch[59] Batch [20]	Speed: 215.86 samples/sec	Train-accuracy=0.997917
2017-07-21 12:56:02,825 Epoch[59] Batch [30]	Speed: 215.51 samples/sec	Train-accuracy=0.993750
2017-07-21 12:56:05,047 Epoch[59] Batch [40]	Speed: 216.04 samples/sec	Train-accuracy=0.989583
2017-07-21 12:56:05,937 Epoch[59] Train-accuracy=0.984375
2017-07-21 12:56:05,937 Epoch[59] Time cost=9.902
2017-07-21 12:56:06,096 Saved checkpoint to "../../models/pretrained-models/squeezenet-v1.0/squeezenet_v1.0-train-224-lr-0.001-momentum-0.9-0060.params"
2017-07-21 12:56:06,375 Epoch[59] Validation-accuracy=0.965278
2017-07-21 12:56:08,878 Epoch[60] Batch [10]	Speed: 215.85 samples/sec	Train-accuracy=0.990530
2017-07-21 12:56:11,103 Epoch[60] Batch [20]	Speed: 215.81 samples/sec	Train-accuracy=0.997917
2017-07-21 12:56:13,333 Epoch[60] Batch [30]	Speed: 215.26 samples/sec	Train-accuracy=0.993750
2017-07-21 12:56:15,556 Epoch[60] Batch [40]	Speed: 215.96 samples/sec	Train-accuracy=0.991667
2017-07-21 12:56:16,669 Epoch[60] Train-accuracy=0.987500
2017-07-21 12:56:16,669 Epoch[60] Time cost=10.294
2017-07-21 12:56:16,828 Saved checkpoint to "../../models/pretrained-models/squeezenet-v1.0/squeezenet_v1.0-train-224-lr-0.001-momentum-0.9-0061.params"
2017-07-21 12:56:17,043 Epoch[60] Validation-accuracy=0.968750
2017-07-21 12:56:19,380 Epoch[61] Batch [10]	Speed: 215.49 samples/sec	Train-accuracy=0.992424
2017-07-21 12:56:21,607 Epoch[61] Batch [20]	Speed: 215.57 samples/sec	Train-accuracy=0.995833
2017-07-21 12:56:23,832 Epoch[61] Batch [30]	Speed: 215.77 samples/sec	Train-accuracy=0.991667
2017-07-21 12:56:26,059 Epoch[61] Batch [40]	Speed: 215.56 samples/sec	Train-accuracy=0.991667
2017-07-21 12:56:26,948 Epoch[61] Train-accuracy=0.973958
2017-07-21 12:56:26,948 Epoch[61] Time cost=9.905
2017-07-21 12:56:27,107 Saved checkpoint to "../../models/pretrained-models/squeezenet-v1.0/squeezenet_v1.0-train-224-lr-0.001-momentum-0.9-0062.params"
2017-07-21 12:56:27,312 Epoch[61] Validation-accuracy=0.947917
2017-07-21 12:56:29,652 Epoch[62] Batch [10]	Speed: 215.17 samples/sec	Train-accuracy=0.996212
2017-07-21 12:56:31,878 Epoch[62] Batch [20]	Speed: 215.70 samples/sec	Train-accuracy=0.987500
2017-07-21 12:56:34,105 Epoch[62] Batch [30]	Speed: 215.61 samples/sec	Train-accuracy=0.991667
2017-07-21 12:56:36,332 Epoch[62] Batch [40]	Speed: 215.50 samples/sec	Train-accuracy=0.997917
2017-07-21 12:56:37,443 Epoch[62] Train-accuracy=0.983333
2017-07-21 12:56:37,444 Epoch[62] Time cost=10.132
2017-07-21 12:56:37,603 Saved checkpoint to "../../models/pretrained-models/squeezenet-v1.0/squeezenet_v1.0-train-224-lr-0.001-momentum-0.9-0063.params"
2017-07-21 12:56:37,878 Epoch[62] Validation-accuracy=0.965278
2017-07-21 12:56:40,213 Epoch[63] Batch [10]	Speed: 215.60 samples/sec	Train-accuracy=0.992424
2017-07-21 12:56:42,439 Epoch[63] Batch [20]	Speed: 215.67 samples/sec	Train-accuracy=0.991667
2017-07-21 12:56:44,667 Epoch[63] Batch [30]	Speed: 215.43 samples/sec	Train-accuracy=0.993750
2017-07-21 12:56:46,894 Epoch[63] Batch [40]	Speed: 215.59 samples/sec	Train-accuracy=0.997917
2017-07-21 12:56:47,784 Epoch[63] Train-accuracy=0.984375
2017-07-21 12:56:47,784 Epoch[63] Time cost=9.906
2017-07-21 12:56:47,942 Saved checkpoint to "../../models/pretrained-models/squeezenet-v1.0/squeezenet_v1.0-train-224-lr-0.001-momentum-0.9-0064.params"
2017-07-21 12:56:48,152 Epoch[63] Validation-accuracy=0.968750
2017-07-21 12:56:50,485 Epoch[64] Batch [10]	Speed: 215.71 samples/sec	Train-accuracy=0.990530
2017-07-21 12:56:52,712 Epoch[64] Batch [20]	Speed: 215.59 samples/sec	Train-accuracy=0.997917
2017-07-21 12:56:54,939 Epoch[64] Batch [30]	Speed: 215.58 samples/sec	Train-accuracy=0.997917
2017-07-21 12:56:57,164 Epoch[64] Batch [40]	Speed: 215.74 samples/sec	Train-accuracy=0.993750
2017-07-21 12:56:58,275 Epoch[64] Train-accuracy=0.983333
2017-07-21 12:56:58,275 Epoch[64] Time cost=10.123
2017-07-21 12:56:58,433 Saved checkpoint to "../../models/pretrained-models/squeezenet-v1.0/squeezenet_v1.0-train-224-lr-0.001-momentum-0.9-0065.params"
2017-07-21 12:56:58,696 Epoch[64] Validation-accuracy=0.951389
2017-07-21 12:57:01,031 Epoch[65] Batch [10]	Speed: 215.63 samples/sec	Train-accuracy=0.996212
2017-07-21 12:57:03,257 Epoch[65] Batch [20]	Speed: 215.65 samples/sec	Train-accuracy=0.993750
2017-07-21 12:57:05,486 Epoch[65] Batch [30]	Speed: 215.42 samples/sec	Train-accuracy=0.993750
2017-07-21 12:57:07,712 Epoch[65] Batch [40]	Speed: 215.64 samples/sec	Train-accuracy=0.991667
2017-07-21 12:57:08,603 Epoch[65] Train-accuracy=0.994792
2017-07-21 12:57:08,603 Epoch[65] Time cost=9.907
2017-07-21 12:57:08,762 Saved checkpoint to "../../models/pretrained-models/squeezenet-v1.0/squeezenet_v1.0-train-224-lr-0.001-momentum-0.9-0066.params"
2017-07-21 12:57:08,995 Epoch[65] Validation-accuracy=0.979167
2017-07-21 12:57:11,329 Epoch[66] Batch [10]	Speed: 215.48 samples/sec	Train-accuracy=0.988636
2017-07-21 12:57:13,555 Epoch[66] Batch [20]	Speed: 215.64 samples/sec	Train-accuracy=0.991667
2017-07-21 12:57:15,781 Epoch[66] Batch [30]	Speed: 215.64 samples/sec	Train-accuracy=0.966667
2017-07-21 12:57:18,004 Epoch[66] Batch [40]	Speed: 215.94 samples/sec	Train-accuracy=0.987500
2017-07-21 12:57:18,894 Epoch[66] Train-accuracy=0.994792
2017-07-21 12:57:18,895 Epoch[66] Time cost=9.899
2017-07-21 12:57:19,054 Saved checkpoint to "../../models/pretrained-models/squeezenet-v1.0/squeezenet_v1.0-train-224-lr-0.001-momentum-0.9-0067.params"
2017-07-21 12:57:19,254 Epoch[66] Validation-accuracy=0.958333
2017-07-21 12:57:21,591 Epoch[67] Batch [10]	Speed: 215.39 samples/sec	Train-accuracy=0.990530
2017-07-21 12:57:23,819 Epoch[67] Batch [20]	Speed: 215.52 samples/sec	Train-accuracy=0.987500
2017-07-21 12:57:26,046 Epoch[67] Batch [30]	Speed: 215.51 samples/sec	Train-accuracy=0.993750
2017-07-21 12:57:28,271 Epoch[67] Batch [40]	Speed: 215.76 samples/sec	Train-accuracy=0.995833
2017-07-21 12:57:29,383 Epoch[67] Train-accuracy=0.987500
2017-07-21 12:57:29,383 Epoch[67] Time cost=10.129
2017-07-21 12:57:29,542 Saved checkpoint to "../../models/pretrained-models/squeezenet-v1.0/squeezenet_v1.0-train-224-lr-0.001-momentum-0.9-0068.params"
2017-07-21 12:57:29,816 Epoch[67] Validation-accuracy=0.944444
2017-07-21 12:57:32,149 Epoch[68] Batch [10]	Speed: 215.78 samples/sec	Train-accuracy=0.992424
2017-07-21 12:57:34,374 Epoch[68] Batch [20]	Speed: 215.74 samples/sec	Train-accuracy=0.985417
2017-07-21 12:57:36,598 Epoch[68] Batch [30]	Speed: 215.87 samples/sec	Train-accuracy=0.995833
2017-07-21 12:57:38,823 Epoch[68] Batch [40]	Speed: 215.75 samples/sec	Train-accuracy=0.991667
2017-07-21 12:57:39,713 Epoch[68] Train-accuracy=0.989583
2017-07-21 12:57:39,714 Epoch[68] Time cost=9.897
2017-07-21 12:57:39,873 Saved checkpoint to "../../models/pretrained-models/squeezenet-v1.0/squeezenet_v1.0-train-224-lr-0.001-momentum-0.9-0069.params"
2017-07-21 12:57:40,076 Epoch[68] Validation-accuracy=0.968750
2017-07-21 12:57:42,413 Epoch[69] Batch [10]	Speed: 215.30 samples/sec	Train-accuracy=0.992424
2017-07-21 12:57:44,643 Epoch[69] Batch [20]	Speed: 215.29 samples/sec	Train-accuracy=0.997917
2017-07-21 12:57:46,868 Epoch[69] Batch [30]	Speed: 215.82 samples/sec	Train-accuracy=0.995833
2017-07-21 12:57:49,094 Epoch[69] Batch [40]	Speed: 215.64 samples/sec	Train-accuracy=0.989583
2017-07-21 12:57:50,208 Epoch[69] Train-accuracy=0.983333
2017-07-21 12:57:50,209 Epoch[69] Time cost=10.132
2017-07-21 12:57:50,365 Saved checkpoint to "../../models/pretrained-models/squeezenet-v1.0/squeezenet_v1.0-train-224-lr-0.001-momentum-0.9-0070.params"
2017-07-21 12:57:50,633 Epoch[69] Validation-accuracy=0.958333
2017-07-21 12:57:52,970 Epoch[70] Batch [10]	Speed: 215.45 samples/sec	Train-accuracy=0.990530
2017-07-21 12:57:55,192 Epoch[70] Batch [20]	Speed: 216.03 samples/sec	Train-accuracy=0.993750
2017-07-21 12:57:57,419 Epoch[70] Batch [30]	Speed: 215.50 samples/sec	Train-accuracy=0.987500
2017-07-21 12:57:59,643 Epoch[70] Batch [40]	Speed: 215.93 samples/sec	Train-accuracy=0.985417
2017-07-21 12:58:00,534 Epoch[70] Train-accuracy=0.963542
2017-07-21 12:58:00,534 Epoch[70] Time cost=9.900
2017-07-21 12:58:00,693 Saved checkpoint to "../../models/pretrained-models/squeezenet-v1.0/squeezenet_v1.0-train-224-lr-0.001-momentum-0.9-0071.params"
2017-07-21 12:58:00,922 Epoch[70] Validation-accuracy=0.979167
2017-07-21 12:58:03,256 Epoch[71] Batch [10]	Speed: 215.95 samples/sec	Train-accuracy=0.981061
2017-07-21 12:58:05,480 Epoch[71] Batch [20]	Speed: 215.87 samples/sec	Train-accuracy=0.987500
2017-07-21 12:58:07,705 Epoch[71] Batch [30]	Speed: 215.78 samples/sec	Train-accuracy=0.991667
2017-07-21 12:58:09,935 Epoch[71] Batch [40]	Speed: 215.25 samples/sec	Train-accuracy=0.995833
2017-07-21 12:58:10,830 Epoch[71] Train-accuracy=0.989583
2017-07-21 12:58:10,830 Epoch[71] Time cost=9.908
2017-07-21 12:58:10,989 Saved checkpoint to "../../models/pretrained-models/squeezenet-v1.0/squeezenet_v1.0-train-224-lr-0.001-momentum-0.9-0072.params"
2017-07-21 12:58:11,225 Epoch[71] Validation-accuracy=0.947917
2017-07-21 12:58:13,736 Epoch[72] Batch [10]	Speed: 215.51 samples/sec	Train-accuracy=0.992424
2017-07-21 12:58:15,968 Epoch[72] Batch [20]	Speed: 215.07 samples/sec	Train-accuracy=0.989583
2017-07-21 12:58:18,202 Epoch[72] Batch [30]	Speed: 214.92 samples/sec	Train-accuracy=0.981250
2017-07-21 12:58:20,433 Epoch[72] Batch [40]	Speed: 215.17 samples/sec	Train-accuracy=0.989583
2017-07-21 12:58:21,548 Epoch[72] Train-accuracy=0.983333
2017-07-21 12:58:21,548 Epoch[72] Time cost=10.323
2017-07-21 12:58:21,708 Saved checkpoint to "../../models/pretrained-models/squeezenet-v1.0/squeezenet_v1.0-train-224-lr-0.001-momentum-0.9-0073.params"
2017-07-21 12:58:21,997 Epoch[72] Validation-accuracy=0.965278
2017-07-21 12:58:24,356 Epoch[73] Batch [10]	Speed: 215.29 samples/sec	Train-accuracy=0.990530
2017-07-21 12:58:26,586 Epoch[73] Batch [20]	Speed: 215.35 samples/sec	Train-accuracy=0.995833
2017-07-21 12:58:28,814 Epoch[73] Batch [30]	Speed: 215.41 samples/sec	Train-accuracy=0.997917
2017-07-21 12:58:31,041 Epoch[73] Batch [40]	Speed: 215.62 samples/sec	Train-accuracy=0.993750
2017-07-21 12:58:31,929 Epoch[73] Train-accuracy=0.984375
2017-07-21 12:58:31,930 Epoch[73] Time cost=9.932
2017-07-21 12:58:32,087 Saved checkpoint to "../../models/pretrained-models/squeezenet-v1.0/squeezenet_v1.0-train-224-lr-0.001-momentum-0.9-0074.params"
2017-07-21 12:58:32,308 Epoch[73] Validation-accuracy=0.968750
2017-07-21 12:58:34,643 Epoch[74] Batch [10]	Speed: 215.47 samples/sec	Train-accuracy=0.998106
2017-07-21 12:58:36,872 Epoch[74] Batch [20]	Speed: 215.39 samples/sec	Train-accuracy=0.991667
2017-07-21 12:58:39,104 Epoch[74] Batch [30]	Speed: 215.10 samples/sec	Train-accuracy=0.995833
2017-07-21 12:58:41,337 Epoch[74] Batch [40]	Speed: 214.96 samples/sec	Train-accuracy=0.995833
2017-07-21 12:58:42,452 Epoch[74] Train-accuracy=0.991667
2017-07-21 12:58:42,452 Epoch[74] Time cost=10.143
2017-07-21 12:58:42,611 Saved checkpoint to "../../models/pretrained-models/squeezenet-v1.0/squeezenet_v1.0-train-224-lr-0.001-momentum-0.9-0075.params"
2017-07-21 12:58:42,899 Epoch[74] Validation-accuracy=0.944444
2017-07-21 12:58:45,239 Epoch[75] Batch [10]	Speed: 215.10 samples/sec	Train-accuracy=0.986742
2017-07-21 12:58:47,470 Epoch[75] Batch [20]	Speed: 215.14 samples/sec	Train-accuracy=0.995833
2017-07-21 12:58:49,700 Epoch[75] Batch [30]	Speed: 215.29 samples/sec	Train-accuracy=0.985417
2017-07-21 12:58:51,924 Epoch[75] Batch [40]	Speed: 215.84 samples/sec	Train-accuracy=0.981250
2017-07-21 12:58:52,816 Epoch[75] Train-accuracy=0.984375
2017-07-21 12:58:52,816 Epoch[75] Time cost=9.917
2017-07-21 12:58:52,975 Saved checkpoint to "../../models/pretrained-models/squeezenet-v1.0/squeezenet_v1.0-train-224-lr-0.001-momentum-0.9-0076.params"
2017-07-21 12:58:53,212 Epoch[75] Validation-accuracy=0.979167
2017-07-21 12:58:55,549 Epoch[76] Batch [10]	Speed: 215.46 samples/sec	Train-accuracy=0.992424
2017-07-21 12:58:57,781 Epoch[76] Batch [20]	Speed: 215.13 samples/sec	Train-accuracy=0.995833
2017-07-21 12:59:00,010 Epoch[76] Batch [30]	Speed: 215.36 samples/sec	Train-accuracy=0.993750
2017-07-21 12:59:02,241 Epoch[76] Batch [40]	Speed: 215.21 samples/sec	Train-accuracy=0.991667
2017-07-21 12:59:03,353 Epoch[76] Train-accuracy=0.979167
2017-07-21 12:59:03,353 Epoch[76] Time cost=10.141
2017-07-21 12:59:03,512 Saved checkpoint to "../../models/pretrained-models/squeezenet-v1.0/squeezenet_v1.0-train-224-lr-0.001-momentum-0.9-0077.params"
2017-07-21 12:59:03,717 Epoch[76] Validation-accuracy=0.958333
2017-07-21 12:59:06,064 Epoch[77] Batch [10]	Speed: 215.41 samples/sec	Train-accuracy=0.986742
2017-07-21 12:59:08,293 Epoch[77] Batch [20]	Speed: 215.41 samples/sec	Train-accuracy=0.995833
2017-07-21 12:59:10,521 Epoch[77] Batch [30]	Speed: 215.43 samples/sec	Train-accuracy=0.993750
2017-07-21 12:59:12,749 Epoch[77] Batch [40]	Speed: 215.50 samples/sec	Train-accuracy=0.995833
2017-07-21 12:59:13,642 Epoch[77] Train-accuracy=0.984375
2017-07-21 12:59:13,642 Epoch[77] Time cost=9.925
2017-07-21 12:59:13,801 Saved checkpoint to "../../models/pretrained-models/squeezenet-v1.0/squeezenet_v1.0-train-224-lr-0.001-momentum-0.9-0078.params"
2017-07-21 12:59:14,091 Epoch[77] Validation-accuracy=0.930556
2017-07-21 12:59:16,435 Epoch[78] Batch [10]	Speed: 215.63 samples/sec	Train-accuracy=0.979167
2017-07-21 12:59:18,665 Epoch[78] Batch [20]	Speed: 215.20 samples/sec	Train-accuracy=0.987500
2017-07-21 12:59:20,893 Epoch[78] Batch [30]	Speed: 215.55 samples/sec	Train-accuracy=0.987500
2017-07-21 12:59:23,119 Epoch[78] Batch [40]	Speed: 215.62 samples/sec	Train-accuracy=0.991667
2017-07-21 12:59:24,010 Epoch[78] Train-accuracy=0.984375
2017-07-21 12:59:24,011 Epoch[78] Time cost=9.919
2017-07-21 12:59:24,170 Saved checkpoint to "../../models/pretrained-models/squeezenet-v1.0/squeezenet_v1.0-train-224-lr-0.001-momentum-0.9-0079.params"
2017-07-21 12:59:24,380 Epoch[78] Validation-accuracy=0.968750
2017-07-21 12:59:26,718 Epoch[79] Batch [10]	Speed: 215.20 samples/sec	Train-accuracy=0.994318
2017-07-21 12:59:28,946 Epoch[79] Batch [20]	Speed: 215.48 samples/sec	Train-accuracy=0.995833
2017-07-21 12:59:31,174 Epoch[79] Batch [30]	Speed: 215.49 samples/sec	Train-accuracy=0.993750
2017-07-21 12:59:33,401 Epoch[79] Batch [40]	Speed: 215.51 samples/sec	Train-accuracy=0.981250
2017-07-21 12:59:34,517 Epoch[79] Train-accuracy=0.975000
2017-07-21 12:59:34,517 Epoch[79] Time cost=10.137
2017-07-21 12:59:34,676 Saved checkpoint to "../../models/pretrained-models/squeezenet-v1.0/squeezenet_v1.0-train-224-lr-0.001-momentum-0.9-0080.params"
2017-07-21 12:59:34,946 Epoch[79] Validation-accuracy=0.958333
2017-07-21 12:59:37,276 Epoch[80] Batch [10]	Speed: 215.72 samples/sec	Train-accuracy=0.984848
2017-07-21 12:59:39,502 Epoch[80] Batch [20]	Speed: 215.64 samples/sec	Train-accuracy=0.993750
2017-07-21 12:59:41,730 Epoch[80] Batch [30]	Speed: 215.46 samples/sec	Train-accuracy=0.991667
2017-07-21 12:59:43,955 Epoch[80] Batch [40]	Speed: 215.82 samples/sec	Train-accuracy=0.989583
2017-07-21 12:59:44,847 Epoch[80] Train-accuracy=0.979167
2017-07-21 12:59:44,847 Epoch[80] Time cost=9.901
2017-07-21 12:59:45,007 Saved checkpoint to "../../models/pretrained-models/squeezenet-v1.0/squeezenet_v1.0-train-224-lr-0.001-momentum-0.9-0081.params"
2017-07-21 12:59:45,235 Epoch[80] Validation-accuracy=0.947917
2017-07-21 12:59:47,571 Epoch[81] Batch [10]	Speed: 215.65 samples/sec	Train-accuracy=0.973485
2017-07-21 12:59:49,796 Epoch[81] Batch [20]	Speed: 215.71 samples/sec	Train-accuracy=0.985417
2017-07-21 12:59:52,022 Epoch[81] Batch [30]	Speed: 215.71 samples/sec	Train-accuracy=0.989583
2017-07-21 12:59:54,249 Epoch[81] Batch [40]	Speed: 215.52 samples/sec	Train-accuracy=0.991667
2017-07-21 12:59:55,368 Epoch[81] Train-accuracy=0.991667
2017-07-21 12:59:55,368 Epoch[81] Time cost=10.133
2017-07-21 12:59:55,527 Saved checkpoint to "../../models/pretrained-models/squeezenet-v1.0/squeezenet_v1.0-train-224-lr-0.001-momentum-0.9-0082.params"
2017-07-21 12:59:55,757 Epoch[81] Validation-accuracy=0.937500
2017-07-21 12:59:58,104 Epoch[82] Batch [10]	Speed: 215.51 samples/sec	Train-accuracy=0.992424
2017-07-21 13:00:00,332 Epoch[82] Batch [20]	Speed: 215.39 samples/sec	Train-accuracy=0.997917
2017-07-21 13:00:02,560 Epoch[82] Batch [30]	Speed: 215.46 samples/sec	Train-accuracy=0.989583
2017-07-21 13:00:04,785 Epoch[82] Batch [40]	Speed: 215.79 samples/sec	Train-accuracy=0.958333
2017-07-21 13:00:05,677 Epoch[82] Train-accuracy=0.973958
2017-07-21 13:00:05,677 Epoch[82] Time cost=9.920
2017-07-21 13:00:05,836 Saved checkpoint to "../../models/pretrained-models/squeezenet-v1.0/squeezenet_v1.0-train-224-lr-0.001-momentum-0.9-0083.params"
2017-07-21 13:00:06,109 Epoch[82] Validation-accuracy=0.937500
2017-07-21 13:00:08,437 Epoch[83] Batch [10]	Speed: 215.61 samples/sec	Train-accuracy=0.977273
2017-07-21 13:00:10,665 Epoch[83] Batch [20]	Speed: 215.46 samples/sec	Train-accuracy=0.987500
2017-07-21 13:00:12,892 Epoch[83] Batch [30]	Speed: 215.53 samples/sec	Train-accuracy=0.997917
2017-07-21 13:00:15,120 Epoch[83] Batch [40]	Speed: 215.53 samples/sec	Train-accuracy=0.995833
2017-07-21 13:00:16,010 Epoch[83] Train-accuracy=0.994792
2017-07-21 13:00:16,010 Epoch[83] Time cost=9.901
2017-07-21 13:00:16,169 Saved checkpoint to "../../models/pretrained-models/squeezenet-v1.0/squeezenet_v1.0-train-224-lr-0.001-momentum-0.9-0084.params"
2017-07-21 13:00:16,369 Epoch[83] Validation-accuracy=0.968750
2017-07-21 13:00:18,879 Epoch[84] Batch [10]	Speed: 215.32 samples/sec	Train-accuracy=0.994318
2017-07-21 13:00:21,106 Epoch[84] Batch [20]	Speed: 215.54 samples/sec	Train-accuracy=0.985417
2017-07-21 13:00:23,336 Epoch[84] Batch [30]	Speed: 215.26 samples/sec	Train-accuracy=0.997917
2017-07-21 13:00:25,563 Epoch[84] Batch [40]	Speed: 215.63 samples/sec	Train-accuracy=0.991667
2017-07-21 13:00:26,677 Epoch[84] Train-accuracy=1.000000
2017-07-21 13:00:26,677 Epoch[84] Time cost=10.308
2017-07-21 13:00:26,836 Saved checkpoint to "../../models/pretrained-models/squeezenet-v1.0/squeezenet_v1.0-train-224-lr-0.001-momentum-0.9-0085.params"
2017-07-21 13:00:27,119 Epoch[84] Validation-accuracy=0.937500
2017-07-21 13:00:29,464 Epoch[85] Batch [10]	Speed: 214.92 samples/sec	Train-accuracy=0.992424
2017-07-21 13:00:31,691 Epoch[85] Batch [20]	Speed: 215.50 samples/sec	Train-accuracy=0.993750
2017-07-21 13:00:33,920 Epoch[85] Batch [30]	Speed: 215.38 samples/sec	Train-accuracy=0.995833
2017-07-21 13:00:36,148 Epoch[85] Batch [40]	Speed: 215.48 samples/sec	Train-accuracy=0.997917
2017-07-21 13:00:37,040 Epoch[85] Train-accuracy=0.979167
2017-07-21 13:00:37,040 Epoch[85] Time cost=9.921
2017-07-21 13:00:37,198 Saved checkpoint to "../../models/pretrained-models/squeezenet-v1.0/squeezenet_v1.0-train-224-lr-0.001-momentum-0.9-0086.params"
2017-07-21 13:00:37,406 Epoch[85] Validation-accuracy=0.958333
2017-07-21 13:00:39,754 Epoch[86] Batch [10]	Speed: 215.37 samples/sec	Train-accuracy=0.998106
2017-07-21 13:00:41,981 Epoch[86] Batch [20]	Speed: 215.58 samples/sec	Train-accuracy=0.989583
2017-07-21 13:00:44,207 Epoch[86] Batch [30]	Speed: 215.63 samples/sec	Train-accuracy=0.993750
2017-07-21 13:00:46,439 Epoch[86] Batch [40]	Speed: 215.16 samples/sec	Train-accuracy=0.989583
2017-07-21 13:00:47,553 Epoch[86] Train-accuracy=0.991667
2017-07-21 13:00:47,553 Epoch[86] Time cost=10.147
2017-07-21 13:00:47,712 Saved checkpoint to "../../models/pretrained-models/squeezenet-v1.0/squeezenet_v1.0-train-224-lr-0.001-momentum-0.9-0087.params"
2017-07-21 13:00:47,921 Epoch[86] Validation-accuracy=0.968750
2017-07-21 13:00:50,262 Epoch[87] Batch [10]	Speed: 215.02 samples/sec	Train-accuracy=0.994318
2017-07-21 13:00:52,494 Epoch[87] Batch [20]	Speed: 215.01 samples/sec	Train-accuracy=0.995833
2017-07-21 13:00:54,728 Epoch[87] Batch [30]	Speed: 214.93 samples/sec	Train-accuracy=1.000000
2017-07-21 13:00:56,959 Epoch[87] Batch [40]	Speed: 215.17 samples/sec	Train-accuracy=0.993750
2017-07-21 13:00:57,852 Epoch[87] Train-accuracy=0.994792
2017-07-21 13:00:57,852 Epoch[87] Time cost=9.931
2017-07-21 13:00:58,011 Saved checkpoint to "../../models/pretrained-models/squeezenet-v1.0/squeezenet_v1.0-train-224-lr-0.001-momentum-0.9-0088.params"
2017-07-21 13:00:58,277 Epoch[87] Validation-accuracy=0.944444
2017-07-21 13:01:00,615 Epoch[88] Batch [10]	Speed: 215.22 samples/sec	Train-accuracy=0.990530
2017-07-21 13:01:02,846 Epoch[88] Batch [20]	Speed: 215.21 samples/sec	Train-accuracy=0.997917
2017-07-21 13:01:05,076 Epoch[88] Batch [30]	Speed: 215.28 samples/sec	Train-accuracy=1.000000
2017-07-21 13:01:07,304 Epoch[88] Batch [40]	Speed: 215.49 samples/sec	Train-accuracy=0.991667
2017-07-21 13:01:08,417 Epoch[88] Train-accuracy=0.987500
2017-07-21 13:01:08,417 Epoch[88] Time cost=10.140
2017-07-21 13:01:08,576 Saved checkpoint to "../../models/pretrained-models/squeezenet-v1.0/squeezenet_v1.0-train-224-lr-0.001-momentum-0.9-0089.params"
2017-07-21 13:01:08,772 Epoch[88] Validation-accuracy=0.968750
2017-07-21 13:01:11,116 Epoch[89] Batch [10]	Speed: 215.16 samples/sec	Train-accuracy=0.998106
2017-07-21 13:01:13,347 Epoch[89] Batch [20]	Speed: 215.15 samples/sec	Train-accuracy=0.991667
2017-07-21 13:01:15,578 Epoch[89] Batch [30]	Speed: 215.18 samples/sec	Train-accuracy=0.993750
2017-07-21 13:01:17,803 Epoch[89] Batch [40]	Speed: 215.81 samples/sec	Train-accuracy=0.993750
2017-07-21 13:01:18,691 Epoch[89] Train-accuracy=0.979167
2017-07-21 13:01:18,691 Epoch[89] Time cost=9.919
2017-07-21 13:01:18,850 Saved checkpoint to "../../models/pretrained-models/squeezenet-v1.0/squeezenet_v1.0-train-224-lr-0.001-momentum-0.9-0090.params"
2017-07-21 13:01:19,140 Epoch[89] Validation-accuracy=0.958333
2017-07-21 13:01:21,476 Epoch[90] Batch [10]	Speed: 215.26 samples/sec	Train-accuracy=0.975379
2017-07-21 13:01:23,704 Epoch[90] Batch [20]	Speed: 215.53 samples/sec	Train-accuracy=0.993750
2017-07-21 13:01:25,931 Epoch[90] Batch [30]	Speed: 215.54 samples/sec	Train-accuracy=0.993750
2017-07-21 13:01:28,160 Epoch[90] Batch [40]	Speed: 215.40 samples/sec	Train-accuracy=0.983333
2017-07-21 13:01:29,048 Epoch[90] Train-accuracy=0.989583
2017-07-21 13:01:29,049 Epoch[90] Time cost=9.909
2017-07-21 13:01:29,207 Saved checkpoint to "../../models/pretrained-models/squeezenet-v1.0/squeezenet_v1.0-train-224-lr-0.001-momentum-0.9-0091.params"
2017-07-21 13:01:29,417 Epoch[90] Validation-accuracy=0.947917
2017-07-21 13:01:31,753 Epoch[91] Batch [10]	Speed: 215.58 samples/sec	Train-accuracy=0.992424
2017-07-21 13:01:33,984 Epoch[91] Batch [20]	Speed: 215.20 samples/sec	Train-accuracy=0.991667
2017-07-21 13:01:36,215 Epoch[91] Batch [30]	Speed: 215.18 samples/sec	Train-accuracy=1.000000
2017-07-21 13:01:38,440 Epoch[91] Batch [40]	Speed: 215.81 samples/sec	Train-accuracy=0.995833
2017-07-21 13:01:39,554 Epoch[91] Train-accuracy=1.000000
2017-07-21 13:01:39,555 Epoch[91] Time cost=10.137
2017-07-21 13:01:39,714 Saved checkpoint to "../../models/pretrained-models/squeezenet-v1.0/squeezenet_v1.0-train-224-lr-0.001-momentum-0.9-0092.params"
2017-07-21 13:01:39,921 Epoch[91] Validation-accuracy=0.937500
2017-07-21 13:01:42,264 Epoch[92] Batch [10]	Speed: 215.43 samples/sec	Train-accuracy=0.996212
2017-07-21 13:01:44,492 Epoch[92] Batch [20]	Speed: 215.45 samples/sec	Train-accuracy=0.989583
2017-07-21 13:01:46,719 Epoch[92] Batch [30]	Speed: 215.57 samples/sec	Train-accuracy=0.995833
2017-07-21 13:01:48,947 Epoch[92] Batch [40]	Speed: 215.51 samples/sec	Train-accuracy=0.995833
2017-07-21 13:01:49,837 Epoch[92] Train-accuracy=0.979167
2017-07-21 13:01:49,837 Epoch[92] Time cost=9.915
2017-07-21 13:01:49,995 Saved checkpoint to "../../models/pretrained-models/squeezenet-v1.0/squeezenet_v1.0-train-224-lr-0.001-momentum-0.9-0093.params"
2017-07-21 13:01:50,265 Epoch[92] Validation-accuracy=0.965278
2017-07-21 13:01:52,606 Epoch[93] Batch [10]	Speed: 215.01 samples/sec	Train-accuracy=0.992424
2017-07-21 13:01:54,836 Epoch[93] Batch [20]	Speed: 215.23 samples/sec	Train-accuracy=0.989583
2017-07-21 13:01:57,063 Epoch[93] Batch [30]	Speed: 215.54 samples/sec	Train-accuracy=0.991667
2017-07-21 13:01:59,288 Epoch[93] Batch [40]	Speed: 215.81 samples/sec	Train-accuracy=1.000000
2017-07-21 13:02:00,402 Epoch[93] Train-accuracy=0.991667
2017-07-21 13:02:00,403 Epoch[93] Time cost=10.137
2017-07-21 13:02:00,561 Saved checkpoint to "../../models/pretrained-models/squeezenet-v1.0/squeezenet_v1.0-train-224-lr-0.001-momentum-0.9-0094.params"
2017-07-21 13:02:00,758 Epoch[93] Validation-accuracy=0.979167
2017-07-21 13:02:03,095 Epoch[94] Batch [10]	Speed: 215.10 samples/sec	Train-accuracy=0.996212
2017-07-21 13:02:05,324 Epoch[94] Batch [20]	Speed: 215.40 samples/sec	Train-accuracy=1.000000
2017-07-21 13:02:07,554 Epoch[94] Batch [30]	Speed: 215.25 samples/sec	Train-accuracy=0.993750
2017-07-21 13:02:09,781 Epoch[94] Batch [40]	Speed: 215.56 samples/sec	Train-accuracy=0.997917
2017-07-21 13:02:10,672 Epoch[94] Train-accuracy=0.984375
2017-07-21 13:02:10,672 Epoch[94] Time cost=9.913
2017-07-21 13:02:10,830 Saved checkpoint to "../../models/pretrained-models/squeezenet-v1.0/squeezenet_v1.0-train-224-lr-0.001-momentum-0.9-0095.params"
2017-07-21 13:02:11,024 Epoch[94] Validation-accuracy=0.979167
2017-07-21 13:02:13,370 Epoch[95] Batch [10]	Speed: 214.97 samples/sec	Train-accuracy=0.996212
2017-07-21 13:02:15,602 Epoch[95] Batch [20]	Speed: 215.15 samples/sec	Train-accuracy=0.993750
2017-07-21 13:02:17,831 Epoch[95] Batch [30]	Speed: 215.29 samples/sec	Train-accuracy=0.997917
2017-07-21 13:02:20,063 Epoch[95] Batch [40]	Speed: 215.16 samples/sec	Train-accuracy=0.991667
2017-07-21 13:02:20,956 Epoch[95] Train-accuracy=0.979167
2017-07-21 13:02:20,956 Epoch[95] Time cost=9.932
2017-07-21 13:02:21,114 Saved checkpoint to "../../models/pretrained-models/squeezenet-v1.0/squeezenet_v1.0-train-224-lr-0.001-momentum-0.9-0096.params"
2017-07-21 13:02:21,465 Epoch[95] Validation-accuracy=0.944444
2017-07-21 13:02:23,973 Epoch[96] Batch [10]	Speed: 214.96 samples/sec	Train-accuracy=0.998106
2017-07-21 13:02:26,201 Epoch[96] Batch [20]	Speed: 215.49 samples/sec	Train-accuracy=0.995833
2017-07-21 13:02:28,435 Epoch[96] Batch [30]	Speed: 214.92 samples/sec	Train-accuracy=1.000000
2017-07-21 13:02:30,663 Epoch[96] Batch [40]	Speed: 215.44 samples/sec	Train-accuracy=0.989583
2017-07-21 13:02:31,776 Epoch[96] Train-accuracy=0.991667
2017-07-21 13:02:31,776 Epoch[96] Time cost=10.310
2017-07-21 13:02:31,934 Saved checkpoint to "../../models/pretrained-models/squeezenet-v1.0/squeezenet_v1.0-train-224-lr-0.001-momentum-0.9-0097.params"
2017-07-21 13:02:32,140 Epoch[96] Validation-accuracy=0.979167
2017-07-21 13:02:34,476 Epoch[97] Batch [10]	Speed: 215.21 samples/sec	Train-accuracy=0.992424
2017-07-21 13:02:36,709 Epoch[97] Batch [20]	Speed: 214.98 samples/sec	Train-accuracy=0.995833
2017-07-21 13:02:38,940 Epoch[97] Batch [30]	Speed: 215.22 samples/sec	Train-accuracy=0.989583
2017-07-21 13:02:41,167 Epoch[97] Batch [40]	Speed: 215.57 samples/sec	Train-accuracy=0.989583
2017-07-21 13:02:42,059 Epoch[97] Train-accuracy=0.973958
2017-07-21 13:02:42,059 Epoch[97] Time cost=9.919
2017-07-21 13:02:42,217 Saved checkpoint to "../../models/pretrained-models/squeezenet-v1.0/squeezenet_v1.0-train-224-lr-0.001-momentum-0.9-0098.params"
2017-07-21 13:02:42,490 Epoch[97] Validation-accuracy=0.972222
2017-07-21 13:02:44,828 Epoch[98] Batch [10]	Speed: 215.41 samples/sec	Train-accuracy=0.994318
2017-07-21 13:02:47,058 Epoch[98] Batch [20]	Speed: 215.35 samples/sec	Train-accuracy=1.000000
2017-07-21 13:02:49,288 Epoch[98] Batch [30]	Speed: 215.23 samples/sec	Train-accuracy=1.000000
2017-07-21 13:02:51,515 Epoch[98] Batch [40]	Speed: 215.53 samples/sec	Train-accuracy=0.991667
2017-07-21 13:02:52,630 Epoch[98] Train-accuracy=0.995833
2017-07-21 13:02:52,630 Epoch[98] Time cost=10.140
2017-07-21 13:02:52,789 Saved checkpoint to "../../models/pretrained-models/squeezenet-v1.0/squeezenet_v1.0-train-224-lr-0.001-momentum-0.9-0099.params"
2017-07-21 13:02:52,994 Epoch[98] Validation-accuracy=0.968750
2017-07-21 13:02:55,330 Epoch[99] Batch [10]	Speed: 215.43 samples/sec	Train-accuracy=0.994318
2017-07-21 13:02:57,559 Epoch[99] Batch [20]	Speed: 215.44 samples/sec	Train-accuracy=0.995833
2017-07-21 13:02:59,788 Epoch[99] Batch [30]	Speed: 215.32 samples/sec	Train-accuracy=1.000000
2017-07-21 13:03:02,015 Epoch[99] Batch [40]	Speed: 215.56 samples/sec	Train-accuracy=0.995833
2017-07-21 13:03:02,905 Epoch[99] Train-accuracy=0.984375
2017-07-21 13:03:02,905 Epoch[99] Time cost=9.911
2017-07-21 13:03:03,063 Saved checkpoint to "../../models/pretrained-models/squeezenet-v1.0/squeezenet_v1.0-train-224-lr-0.001-momentum-0.9-0100.params"
2017-07-21 13:03:03,275 Epoch[99] Validation-accuracy=0.958333
