[12:13:08] src/nnvm/legacy_json_util.cc:190: Loading symbol saved by previous version v0.8.0. Attempting to upgrade...
[12:13:08] src/nnvm/legacy_json_util.cc:198: Symbol successfully upgraded!
note: caffe model don't have 'flatten0', but 'flatten_0'
note: don't have flatten_0, but flatten
[12:13:08] src/io/iter_image_recordio.cc:220: ImageRecordIOParser: ../../data/ism-train_train.rec, use 4 threads for decoding..
[12:13:10] src/io/iter_image_recordio.cc:220: ImageRecordIOParser: ../../data/ism-train_val.rec, use 4 threads for decoding..
2017-07-21 12:14:05,154 Epoch[0] Batch [10]	Speed: 23.58 samples/sec	Train-accuracy=0.386364
2017-07-21 12:14:22,683 Epoch[0] Batch [20]	Speed: 27.39 samples/sec	Train-accuracy=0.377083
2017-07-21 12:14:38,446 Epoch[0] Batch [30]	Speed: 30.45 samples/sec	Train-accuracy=0.454167
2017-07-21 12:14:52,943 Epoch[0] Batch [40]	Speed: 33.11 samples/sec	Train-accuracy=0.606250
2017-07-21 12:14:57,008 Epoch[0] Train-accuracy=0.629167
2017-07-21 12:14:57,008 Epoch[0] Time cost=81.915
2017-07-21 12:14:57,106 Saved checkpoint to "../../models/pretrained-models/squeezenet-v1.1/squeezenet_v1.1-train-224-lr-0.001-momentum-0.9-0001.params"
2017-07-21 12:14:58,447 Epoch[0] Validation-accuracy=0.645833
2017-07-21 12:15:03,428 Epoch[1] Batch [10]	Speed: 100.32 samples/sec	Train-accuracy=0.636364
2017-07-21 12:15:04,685 Epoch[1] Batch [20]	Speed: 381.92 samples/sec	Train-accuracy=0.627083
2017-07-21 12:15:05,944 Epoch[1] Batch [30]	Speed: 381.38 samples/sec	Train-accuracy=0.645833
2017-07-21 12:15:07,200 Epoch[1] Batch [40]	Speed: 382.47 samples/sec	Train-accuracy=0.608333
2017-07-21 12:15:07,704 Epoch[1] Train-accuracy=0.635417
2017-07-21 12:15:07,704 Epoch[1] Time cost=9.256
2017-07-21 12:15:07,800 Saved checkpoint to "../../models/pretrained-models/squeezenet-v1.1/squeezenet_v1.1-train-224-lr-0.001-momentum-0.9-0002.params"
2017-07-21 12:15:13,998 Epoch[1] Validation-accuracy=0.659722
2017-07-21 12:15:18,362 Epoch[2] Batch [10]	Speed: 130.97 samples/sec	Train-accuracy=0.638258
2017-07-21 12:15:23,062 Epoch[2] Batch [20]	Speed: 102.13 samples/sec	Train-accuracy=0.627083
2017-07-21 12:15:27,128 Epoch[2] Batch [30]	Speed: 118.05 samples/sec	Train-accuracy=0.650000
2017-07-21 12:15:32,631 Epoch[2] Batch [40]	Speed: 87.23 samples/sec	Train-accuracy=0.606250
2017-07-21 12:15:35,779 Epoch[2] Train-accuracy=0.625000
2017-07-21 12:15:35,780 Epoch[2] Time cost=21.782
2017-07-21 12:15:35,874 Saved checkpoint to "../../models/pretrained-models/squeezenet-v1.1/squeezenet_v1.1-train-224-lr-0.001-momentum-0.9-0003.params"
2017-07-21 12:15:37,042 Epoch[2] Validation-accuracy=0.625000
2017-07-21 12:15:44,211 Epoch[3] Batch [10]	Speed: 73.58 samples/sec	Train-accuracy=0.642045
2017-07-21 12:15:49,393 Epoch[3] Batch [20]	Speed: 92.63 samples/sec	Train-accuracy=0.629167
2017-07-21 12:15:52,843 Epoch[3] Batch [30]	Speed: 139.16 samples/sec	Train-accuracy=0.643750
2017-07-21 12:15:55,730 Epoch[3] Batch [40]	Speed: 166.26 samples/sec	Train-accuracy=0.602083
2017-07-21 12:15:56,583 Epoch[3] Train-accuracy=0.625000
2017-07-21 12:15:56,583 Epoch[3] Time cost=19.541
2017-07-21 12:15:56,680 Saved checkpoint to "../../models/pretrained-models/squeezenet-v1.1/squeezenet_v1.1-train-224-lr-0.001-momentum-0.9-0004.params"
2017-07-21 12:15:57,192 Epoch[3] Validation-accuracy=0.614583
2017-07-21 12:16:00,412 Epoch[4] Batch [10]	Speed: 162.64 samples/sec	Train-accuracy=0.649621
2017-07-21 12:16:03,110 Epoch[4] Batch [20]	Speed: 177.92 samples/sec	Train-accuracy=0.625000
2017-07-21 12:16:05,845 Epoch[4] Batch [30]	Speed: 175.58 samples/sec	Train-accuracy=0.647917
2017-07-21 12:16:08,633 Epoch[4] Batch [40]	Speed: 172.20 samples/sec	Train-accuracy=0.597917
2017-07-21 12:16:10,265 Epoch[4] Train-accuracy=0.675000
2017-07-21 12:16:10,266 Epoch[4] Time cost=13.074
2017-07-21 12:16:10,363 Saved checkpoint to "../../models/pretrained-models/squeezenet-v1.1/squeezenet_v1.1-train-224-lr-0.001-momentum-0.9-0005.params"
2017-07-21 12:16:12,264 Epoch[4] Validation-accuracy=0.659722
2017-07-21 12:16:16,671 Epoch[5] Batch [10]	Speed: 126.76 samples/sec	Train-accuracy=0.626894
2017-07-21 12:16:20,832 Epoch[5] Batch [20]	Speed: 115.36 samples/sec	Train-accuracy=0.635417
2017-07-21 12:16:24,262 Epoch[5] Batch [30]	Speed: 139.98 samples/sec	Train-accuracy=0.633333
2017-07-21 12:16:27,850 Epoch[5] Batch [40]	Speed: 133.76 samples/sec	Train-accuracy=0.602083
2017-07-21 12:16:28,997 Epoch[5] Train-accuracy=0.645833
2017-07-21 12:16:28,997 Epoch[5] Time cost=16.733
2017-07-21 12:16:29,093 Saved checkpoint to "../../models/pretrained-models/squeezenet-v1.1/squeezenet_v1.1-train-224-lr-0.001-momentum-0.9-0006.params"
2017-07-21 12:16:29,687 Epoch[5] Validation-accuracy=0.645833
2017-07-21 12:16:33,883 Epoch[6] Batch [10]	Speed: 122.37 samples/sec	Train-accuracy=0.645833
2017-07-21 12:16:36,962 Epoch[6] Batch [20]	Speed: 155.92 samples/sec	Train-accuracy=0.625000
2017-07-21 12:16:42,111 Epoch[6] Batch [30]	Speed: 93.21 samples/sec	Train-accuracy=0.637500
2017-07-21 12:16:48,341 Epoch[6] Batch [40]	Speed: 77.05 samples/sec	Train-accuracy=0.612500
2017-07-21 12:16:50,725 Epoch[6] Train-accuracy=0.619792
2017-07-21 12:16:50,725 Epoch[6] Time cost=21.037
2017-07-21 12:16:50,819 Saved checkpoint to "../../models/pretrained-models/squeezenet-v1.1/squeezenet_v1.1-train-224-lr-0.001-momentum-0.9-0007.params"
2017-07-21 12:16:52,351 Epoch[6] Validation-accuracy=0.659722
2017-07-21 12:16:58,166 Epoch[7] Batch [10]	Speed: 90.00 samples/sec	Train-accuracy=0.647727
2017-07-21 12:17:01,127 Epoch[7] Batch [20]	Speed: 162.08 samples/sec	Train-accuracy=0.620833
2017-07-21 12:17:04,872 Epoch[7] Batch [30]	Speed: 128.20 samples/sec	Train-accuracy=0.647917
2017-07-21 12:17:07,607 Epoch[7] Batch [40]	Speed: 175.49 samples/sec	Train-accuracy=0.610417
2017-07-21 12:17:09,489 Epoch[7] Train-accuracy=0.641667
2017-07-21 12:17:09,489 Epoch[7] Time cost=17.138
2017-07-21 12:17:09,587 Saved checkpoint to "../../models/pretrained-models/squeezenet-v1.1/squeezenet_v1.1-train-224-lr-0.001-momentum-0.9-0008.params"
2017-07-21 12:17:10,584 Epoch[7] Validation-accuracy=0.614583
2017-07-21 12:17:16,042 Epoch[8] Batch [10]	Speed: 95.20 samples/sec	Train-accuracy=0.621212
2017-07-21 12:17:19,402 Epoch[8] Batch [20]	Speed: 142.86 samples/sec	Train-accuracy=0.639583
2017-07-21 12:17:22,829 Epoch[8] Batch [30]	Speed: 140.09 samples/sec	Train-accuracy=0.637500
2017-07-21 12:17:26,224 Epoch[8] Batch [40]	Speed: 141.38 samples/sec	Train-accuracy=0.600000
2017-07-21 12:17:27,681 Epoch[8] Train-accuracy=0.656250
2017-07-21 12:17:27,681 Epoch[8] Time cost=17.097
2017-07-21 12:17:27,776 Saved checkpoint to "../../models/pretrained-models/squeezenet-v1.1/squeezenet_v1.1-train-224-lr-0.001-momentum-0.9-0009.params"
2017-07-21 12:17:28,267 Epoch[8] Validation-accuracy=0.625000
2017-07-21 12:17:31,444 Epoch[9] Batch [10]	Speed: 164.44 samples/sec	Train-accuracy=0.634470
2017-07-21 12:17:34,382 Epoch[9] Batch [20]	Speed: 163.36 samples/sec	Train-accuracy=0.654167
2017-07-21 12:17:37,380 Epoch[9] Batch [30]	Speed: 160.17 samples/sec	Train-accuracy=0.662500
2017-07-21 12:17:40,121 Epoch[9] Batch [40]	Speed: 175.10 samples/sec	Train-accuracy=0.625000
2017-07-21 12:17:41,747 Epoch[9] Train-accuracy=0.620833
2017-07-21 12:17:41,747 Epoch[9] Time cost=13.479
2017-07-21 12:17:41,844 Saved checkpoint to "../../models/pretrained-models/squeezenet-v1.1/squeezenet_v1.1-train-224-lr-0.001-momentum-0.9-0010.params"
2017-07-21 12:17:42,511 Epoch[9] Validation-accuracy=0.666667
2017-07-21 12:17:46,226 Epoch[10] Batch [10]	Speed: 159.27 samples/sec	Train-accuracy=0.666667
2017-07-21 12:17:49,437 Epoch[10] Batch [20]	Speed: 149.51 samples/sec	Train-accuracy=0.675000
2017-07-21 12:17:55,036 Epoch[10] Batch [30]	Speed: 85.73 samples/sec	Train-accuracy=0.708333
2017-07-21 12:18:00,791 Epoch[10] Batch [40]	Speed: 83.41 samples/sec	Train-accuracy=0.693750
2017-07-21 12:18:03,082 Epoch[10] Train-accuracy=0.640625
2017-07-21 12:18:03,082 Epoch[10] Time cost=20.571
2017-07-21 12:18:03,179 Saved checkpoint to "../../models/pretrained-models/squeezenet-v1.1/squeezenet_v1.1-train-224-lr-0.001-momentum-0.9-0011.params"
2017-07-21 12:18:04,117 Epoch[10] Validation-accuracy=0.677083
2017-07-21 12:18:09,458 Epoch[11] Batch [10]	Speed: 100.50 samples/sec	Train-accuracy=0.731061
2017-07-21 12:18:13,214 Epoch[11] Batch [20]	Speed: 127.80 samples/sec	Train-accuracy=0.718750
2017-07-21 12:18:16,099 Epoch[11] Batch [30]	Speed: 166.38 samples/sec	Train-accuracy=0.735417
2017-07-21 12:18:19,467 Epoch[11] Batch [40]	Speed: 142.53 samples/sec	Train-accuracy=0.706250
2017-07-21 12:18:20,970 Epoch[11] Train-accuracy=0.692708
2017-07-21 12:18:20,970 Epoch[11] Time cost=16.853
2017-07-21 12:18:21,065 Saved checkpoint to "../../models/pretrained-models/squeezenet-v1.1/squeezenet_v1.1-train-224-lr-0.001-momentum-0.9-0012.params"
2017-07-21 12:18:22,207 Epoch[11] Validation-accuracy=0.687500
2017-07-21 12:18:26,100 Epoch[12] Batch [10]	Speed: 155.43 samples/sec	Train-accuracy=0.723485
2017-07-21 12:18:29,052 Epoch[12] Batch [20]	Speed: 162.65 samples/sec	Train-accuracy=0.741667
2017-07-21 12:18:32,824 Epoch[12] Batch [30]	Speed: 127.24 samples/sec	Train-accuracy=0.772917
2017-07-21 12:18:36,513 Epoch[12] Batch [40]	Speed: 130.13 samples/sec	Train-accuracy=0.758333
2017-07-21 12:18:38,081 Epoch[12] Train-accuracy=0.779167
2017-07-21 12:18:38,081 Epoch[12] Time cost=15.874
2017-07-21 12:18:38,179 Saved checkpoint to "../../models/pretrained-models/squeezenet-v1.1/squeezenet_v1.1-train-224-lr-0.001-momentum-0.9-0013.params"
2017-07-21 12:18:38,720 Epoch[12] Validation-accuracy=0.781250
2017-07-21 12:18:42,149 Epoch[13] Batch [10]	Speed: 158.90 samples/sec	Train-accuracy=0.791667
2017-07-21 12:18:45,025 Epoch[13] Batch [20]	Speed: 166.94 samples/sec	Train-accuracy=0.800000
2017-07-21 12:18:48,237 Epoch[13] Batch [30]	Speed: 149.45 samples/sec	Train-accuracy=0.756250
2017-07-21 12:18:51,110 Epoch[13] Batch [40]	Speed: 167.08 samples/sec	Train-accuracy=0.727083
2017-07-21 12:18:52,174 Epoch[13] Train-accuracy=0.765625
2017-07-21 12:18:52,174 Epoch[13] Time cost=13.454
2017-07-21 12:18:52,270 Saved checkpoint to "../../models/pretrained-models/squeezenet-v1.1/squeezenet_v1.1-train-224-lr-0.001-momentum-0.9-0014.params"
2017-07-21 12:18:52,667 Epoch[13] Validation-accuracy=0.760417
2017-07-21 12:18:56,425 Epoch[14] Batch [10]	Speed: 134.92 samples/sec	Train-accuracy=0.812500
2017-07-21 12:19:00,090 Epoch[14] Batch [20]	Speed: 130.97 samples/sec	Train-accuracy=0.783333
2017-07-21 12:19:06,173 Epoch[14] Batch [30]	Speed: 78.91 samples/sec	Train-accuracy=0.800000
2017-07-21 12:19:13,016 Epoch[14] Batch [40]	Speed: 70.15 samples/sec	Train-accuracy=0.781250
2017-07-21 12:19:15,802 Epoch[14] Train-accuracy=0.787500
2017-07-21 12:19:15,802 Epoch[14] Time cost=23.136
2017-07-21 12:19:15,898 Saved checkpoint to "../../models/pretrained-models/squeezenet-v1.1/squeezenet_v1.1-train-224-lr-0.001-momentum-0.9-0015.params"
2017-07-21 12:19:17,607 Epoch[14] Validation-accuracy=0.826389
2017-07-21 12:19:21,891 Epoch[15] Batch [10]	Speed: 131.14 samples/sec	Train-accuracy=0.808712
2017-07-21 12:19:25,157 Epoch[15] Batch [20]	Speed: 146.95 samples/sec	Train-accuracy=0.797917
2017-07-21 12:19:27,980 Epoch[15] Batch [30]	Speed: 170.08 samples/sec	Train-accuracy=0.825000
2017-07-21 12:19:31,336 Epoch[15] Batch [40]	Speed: 143.02 samples/sec	Train-accuracy=0.814583
2017-07-21 12:19:32,374 Epoch[15] Train-accuracy=0.723958
2017-07-21 12:19:32,374 Epoch[15] Time cost=14.767
2017-07-21 12:19:32,469 Saved checkpoint to "../../models/pretrained-models/squeezenet-v1.1/squeezenet_v1.1-train-224-lr-0.001-momentum-0.9-0016.params"
2017-07-21 12:19:32,868 Epoch[15] Validation-accuracy=0.781250
2017-07-21 12:19:36,306 Epoch[16] Batch [10]	Speed: 147.90 samples/sec	Train-accuracy=0.770833
2017-07-21 12:19:39,121 Epoch[16] Batch [20]	Speed: 170.58 samples/sec	Train-accuracy=0.772917
2017-07-21 12:19:42,254 Epoch[16] Batch [30]	Speed: 153.21 samples/sec	Train-accuracy=0.833333
2017-07-21 12:19:45,104 Epoch[16] Batch [40]	Speed: 168.41 samples/sec	Train-accuracy=0.820833
2017-07-21 12:19:46,621 Epoch[16] Train-accuracy=0.829167
2017-07-21 12:19:46,621 Epoch[16] Time cost=13.753
2017-07-21 12:19:46,735 Saved checkpoint to "../../models/pretrained-models/squeezenet-v1.1/squeezenet_v1.1-train-224-lr-0.001-momentum-0.9-0017.params"
2017-07-21 12:19:47,632 Epoch[16] Validation-accuracy=0.784722
2017-07-21 12:19:50,787 Epoch[17] Batch [10]	Speed: 166.99 samples/sec	Train-accuracy=0.816288
2017-07-21 12:19:54,035 Epoch[17] Batch [20]	Speed: 147.80 samples/sec	Train-accuracy=0.862500
2017-07-21 12:19:57,227 Epoch[17] Batch [30]	Speed: 150.41 samples/sec	Train-accuracy=0.839583
2017-07-21 12:20:01,727 Epoch[17] Batch [40]	Speed: 106.66 samples/sec	Train-accuracy=0.812500
2017-07-21 12:20:03,272 Epoch[17] Train-accuracy=0.838542
2017-07-21 12:20:03,273 Epoch[17] Time cost=15.641
2017-07-21 12:20:03,368 Saved checkpoint to "../../models/pretrained-models/squeezenet-v1.1/squeezenet_v1.1-train-224-lr-0.001-momentum-0.9-0018.params"
2017-07-21 12:20:03,852 Epoch[17] Validation-accuracy=0.760417
2017-07-21 12:20:07,475 Epoch[18] Batch [10]	Speed: 162.35 samples/sec	Train-accuracy=0.823864
2017-07-21 12:20:10,516 Epoch[18] Batch [20]	Speed: 157.85 samples/sec	Train-accuracy=0.825000
2017-07-21 12:20:16,416 Epoch[18] Batch [30]	Speed: 81.37 samples/sec	Train-accuracy=0.854167
2017-07-21 12:20:22,620 Epoch[18] Batch [40]	Speed: 77.37 samples/sec	Train-accuracy=0.862500
2017-07-21 12:20:24,961 Epoch[18] Train-accuracy=0.864583
2017-07-21 12:20:24,961 Epoch[18] Time cost=21.108
2017-07-21 12:20:25,056 Saved checkpoint to "../../models/pretrained-models/squeezenet-v1.1/squeezenet_v1.1-train-224-lr-0.001-momentum-0.9-0019.params"
2017-07-21 12:20:26,367 Epoch[18] Validation-accuracy=0.802083
2017-07-21 12:20:31,507 Epoch[19] Batch [10]	Speed: 107.68 samples/sec	Train-accuracy=0.859848
2017-07-21 12:20:34,527 Epoch[19] Batch [20]	Speed: 158.95 samples/sec	Train-accuracy=0.868750
2017-07-21 12:20:37,360 Epoch[19] Batch [30]	Speed: 169.45 samples/sec	Train-accuracy=0.868750
2017-07-21 12:20:40,448 Epoch[19] Batch [40]	Speed: 155.48 samples/sec	Train-accuracy=0.889583
2017-07-21 12:20:42,039 Epoch[19] Train-accuracy=0.829167
2017-07-21 12:20:42,039 Epoch[19] Time cost=15.671
2017-07-21 12:20:42,133 Saved checkpoint to "../../models/pretrained-models/squeezenet-v1.1/squeezenet_v1.1-train-224-lr-0.001-momentum-0.9-0020.params"
2017-07-21 12:20:43,088 Epoch[19] Validation-accuracy=0.770833
2017-07-21 12:20:46,199 Epoch[20] Batch [10]	Speed: 169.34 samples/sec	Train-accuracy=0.825758
2017-07-21 12:20:49,098 Epoch[20] Batch [20]	Speed: 165.61 samples/sec	Train-accuracy=0.868750
2017-07-21 12:20:51,749 Epoch[20] Batch [30]	Speed: 181.12 samples/sec	Train-accuracy=0.883333
2017-07-21 12:20:54,503 Epoch[20] Batch [40]	Speed: 174.30 samples/sec	Train-accuracy=0.883333
2017-07-21 12:20:55,919 Epoch[20] Train-accuracy=0.843750
2017-07-21 12:20:55,919 Epoch[20] Time cost=12.831
2017-07-21 12:20:56,012 Saved checkpoint to "../../models/pretrained-models/squeezenet-v1.1/squeezenet_v1.1-train-224-lr-0.001-momentum-0.9-0021.params"
2017-07-21 12:20:56,500 Epoch[20] Validation-accuracy=0.833333
2017-07-21 12:21:01,010 Epoch[21] Batch [10]	Speed: 123.32 samples/sec	Train-accuracy=0.893939
2017-07-21 12:21:03,658 Epoch[21] Batch [20]	Speed: 181.27 samples/sec	Train-accuracy=0.889583
2017-07-21 12:21:07,157 Epoch[21] Batch [30]	Speed: 137.22 samples/sec	Train-accuracy=0.891667
2017-07-21 12:21:10,434 Epoch[21] Batch [40]	Speed: 146.49 samples/sec	Train-accuracy=0.891667
2017-07-21 12:21:11,871 Epoch[21] Train-accuracy=0.891667
2017-07-21 12:21:11,871 Epoch[21] Time cost=15.371
2017-07-21 12:21:11,967 Saved checkpoint to "../../models/pretrained-models/squeezenet-v1.1/squeezenet_v1.1-train-224-lr-0.001-momentum-0.9-0022.params"
2017-07-21 12:21:13,099 Epoch[21] Validation-accuracy=0.861111
2017-07-21 12:21:16,130 Epoch[22] Batch [10]	Speed: 174.89 samples/sec	Train-accuracy=0.880682
2017-07-21 12:21:19,369 Epoch[22] Batch [20]	Speed: 148.23 samples/sec	Train-accuracy=0.866667
2017-07-21 12:21:23,781 Epoch[22] Batch [30]	Speed: 108.78 samples/sec	Train-accuracy=0.877083
2017-07-21 12:21:30,548 Epoch[22] Batch [40]	Speed: 70.94 samples/sec	Train-accuracy=0.908333
2017-07-21 12:21:32,542 Epoch[22] Train-accuracy=0.880208
2017-07-21 12:21:32,542 Epoch[22] Time cost=19.442
2017-07-21 12:21:32,639 Saved checkpoint to "../../models/pretrained-models/squeezenet-v1.1/squeezenet_v1.1-train-224-lr-0.001-momentum-0.9-0023.params"
2017-07-21 12:21:33,563 Epoch[22] Validation-accuracy=0.843750
2017-07-21 12:21:39,326 Epoch[23] Batch [10]	Speed: 88.14 samples/sec	Train-accuracy=0.903409
2017-07-21 12:21:42,683 Epoch[23] Batch [20]	Speed: 143.00 samples/sec	Train-accuracy=0.900000
2017-07-21 12:21:45,993 Epoch[23] Batch [30]	Speed: 145.03 samples/sec	Train-accuracy=0.900000
2017-07-21 12:21:48,661 Epoch[23] Batch [40]	Speed: 179.90 samples/sec	Train-accuracy=0.908333
2017-07-21 12:21:49,784 Epoch[23] Train-accuracy=0.880208
2017-07-21 12:21:49,784 Epoch[23] Time cost=16.221
2017-07-21 12:21:49,879 Saved checkpoint to "../../models/pretrained-models/squeezenet-v1.1/squeezenet_v1.1-train-224-lr-0.001-momentum-0.9-0024.params"
2017-07-21 12:21:50,487 Epoch[23] Validation-accuracy=0.843750
2017-07-21 12:21:54,116 Epoch[24] Batch [10]	Speed: 150.05 samples/sec	Train-accuracy=0.914773
2017-07-21 12:21:56,893 Epoch[24] Batch [20]	Speed: 172.83 samples/sec	Train-accuracy=0.927083
2017-07-21 12:22:01,501 Epoch[24] Batch [30]	Speed: 104.19 samples/sec	Train-accuracy=0.912500
2017-07-21 12:22:05,001 Epoch[24] Batch [40]	Speed: 137.16 samples/sec	Train-accuracy=0.914583
2017-07-21 12:22:06,799 Epoch[24] Train-accuracy=0.879167
2017-07-21 12:22:06,799 Epoch[24] Time cost=16.312
2017-07-21 12:22:06,897 Saved checkpoint to "../../models/pretrained-models/squeezenet-v1.1/squeezenet_v1.1-train-224-lr-0.001-momentum-0.9-0025.params"
2017-07-21 12:22:07,664 Epoch[24] Validation-accuracy=0.819444
2017-07-21 12:22:12,708 Epoch[25] Batch [10]	Speed: 107.96 samples/sec	Train-accuracy=0.914773
2017-07-21 12:22:15,563 Epoch[25] Batch [20]	Speed: 168.12 samples/sec	Train-accuracy=0.933333
2017-07-21 12:22:18,681 Epoch[25] Batch [30]	Speed: 153.99 samples/sec	Train-accuracy=0.914583
2017-07-21 12:22:21,448 Epoch[25] Batch [40]	Speed: 173.49 samples/sec	Train-accuracy=0.935417
2017-07-21 12:22:22,503 Epoch[25] Train-accuracy=0.880208
2017-07-21 12:22:22,504 Epoch[25] Time cost=14.840
2017-07-21 12:22:22,601 Saved checkpoint to "../../models/pretrained-models/squeezenet-v1.1/squeezenet_v1.1-train-224-lr-0.001-momentum-0.9-0026.params"
2017-07-21 12:22:23,466 Epoch[25] Validation-accuracy=0.937500
2017-07-21 12:22:27,357 Epoch[26] Batch [10]	Speed: 132.45 samples/sec	Train-accuracy=0.931818
2017-07-21 12:22:31,388 Epoch[26] Batch [20]	Speed: 119.06 samples/sec	Train-accuracy=0.941667
2017-07-21 12:22:36,959 Epoch[26] Batch [30]	Speed: 86.17 samples/sec	Train-accuracy=0.929167
2017-07-21 12:22:43,101 Epoch[26] Batch [40]	Speed: 78.15 samples/sec	Train-accuracy=0.929167
2017-07-21 12:22:45,895 Epoch[26] Train-accuracy=0.904167
2017-07-21 12:22:45,896 Epoch[26] Time cost=22.429
2017-07-21 12:22:45,990 Saved checkpoint to "../../models/pretrained-models/squeezenet-v1.1/squeezenet_v1.1-train-224-lr-0.001-momentum-0.9-0027.params"
2017-07-21 12:22:47,631 Epoch[26] Validation-accuracy=0.895833
2017-07-21 12:22:50,995 Epoch[27] Batch [10]	Speed: 171.75 samples/sec	Train-accuracy=0.948864
2017-07-21 12:22:54,734 Epoch[27] Batch [20]	Speed: 128.36 samples/sec	Train-accuracy=0.933333
2017-07-21 12:22:57,470 Epoch[27] Batch [30]	Speed: 175.47 samples/sec	Train-accuracy=0.900000
2017-07-21 12:23:00,563 Epoch[27] Batch [40]	Speed: 155.21 samples/sec	Train-accuracy=0.925000
2017-07-21 12:23:02,243 Epoch[27] Train-accuracy=0.880208
2017-07-21 12:23:02,243 Epoch[27] Time cost=14.612
2017-07-21 12:23:02,339 Saved checkpoint to "../../models/pretrained-models/squeezenet-v1.1/squeezenet_v1.1-train-224-lr-0.001-momentum-0.9-0028.params"
2017-07-21 12:23:02,864 Epoch[27] Validation-accuracy=0.885417
2017-07-21 12:23:05,873 Epoch[28] Batch [10]	Speed: 188.96 samples/sec	Train-accuracy=0.884470
2017-07-21 12:23:08,992 Epoch[28] Batch [20]	Speed: 153.91 samples/sec	Train-accuracy=0.883333
2017-07-21 12:23:13,093 Epoch[28] Batch [30]	Speed: 117.06 samples/sec	Train-accuracy=0.845833
2017-07-21 12:23:16,355 Epoch[28] Batch [40]	Speed: 147.16 samples/sec	Train-accuracy=0.895833
2017-07-21 12:23:17,794 Epoch[28] Train-accuracy=0.916667
2017-07-21 12:23:17,795 Epoch[28] Time cost=14.930
2017-07-21 12:23:17,890 Saved checkpoint to "../../models/pretrained-models/squeezenet-v1.1/squeezenet_v1.1-train-224-lr-0.001-momentum-0.9-0029.params"
2017-07-21 12:23:18,440 Epoch[28] Validation-accuracy=0.895833
2017-07-21 12:23:21,598 Epoch[29] Batch [10]	Speed: 166.13 samples/sec	Train-accuracy=0.941288
2017-07-21 12:23:25,056 Epoch[29] Batch [20]	Speed: 138.81 samples/sec	Train-accuracy=0.943750
2017-07-21 12:23:28,921 Epoch[29] Batch [30]	Speed: 124.22 samples/sec	Train-accuracy=0.935417
2017-07-21 12:23:32,883 Epoch[29] Batch [40]	Speed: 121.17 samples/sec	Train-accuracy=0.950000
2017-07-21 12:23:34,404 Epoch[29] Train-accuracy=0.848958
2017-07-21 12:23:34,405 Epoch[29] Time cost=15.964
2017-07-21 12:23:34,500 Saved checkpoint to "../../models/pretrained-models/squeezenet-v1.1/squeezenet_v1.1-train-224-lr-0.001-momentum-0.9-0030.params"
2017-07-21 12:23:35,412 Epoch[29] Validation-accuracy=0.861111
2017-07-21 12:23:39,277 Epoch[30] Batch [10]	Speed: 140.16 samples/sec	Train-accuracy=0.933712
2017-07-21 12:23:43,712 Epoch[30] Batch [20]	Speed: 108.25 samples/sec	Train-accuracy=0.933333
2017-07-21 12:23:49,172 Epoch[30] Batch [30]	Speed: 87.90 samples/sec	Train-accuracy=0.943750
2017-07-21 12:23:55,533 Epoch[30] Batch [40]	Speed: 75.47 samples/sec	Train-accuracy=0.933333
2017-07-21 12:23:57,909 Epoch[30] Train-accuracy=0.916667
2017-07-21 12:23:57,909 Epoch[30] Time cost=22.497
2017-07-21 12:23:58,002 Saved checkpoint to "../../models/pretrained-models/squeezenet-v1.1/squeezenet_v1.1-train-224-lr-0.001-momentum-0.9-0031.params"
2017-07-21 12:23:59,176 Epoch[30] Validation-accuracy=0.906250
2017-07-21 12:24:02,723 Epoch[31] Batch [10]	Speed: 149.33 samples/sec	Train-accuracy=0.939394
2017-07-21 12:24:06,444 Epoch[31] Batch [20]	Speed: 129.01 samples/sec	Train-accuracy=0.935417
2017-07-21 12:24:10,526 Epoch[31] Batch [30]	Speed: 117.61 samples/sec	Train-accuracy=0.945833
2017-07-21 12:24:13,757 Epoch[31] Batch [40]	Speed: 148.57 samples/sec	Train-accuracy=0.943750
2017-07-21 12:24:15,143 Epoch[31] Train-accuracy=0.941667
2017-07-21 12:24:15,144 Epoch[31] Time cost=15.968
2017-07-21 12:24:15,239 Saved checkpoint to "../../models/pretrained-models/squeezenet-v1.1/squeezenet_v1.1-train-224-lr-0.001-momentum-0.9-0032.params"
2017-07-21 12:24:16,468 Epoch[31] Validation-accuracy=0.923611
2017-07-21 12:24:19,555 Epoch[32] Batch [10]	Speed: 172.06 samples/sec	Train-accuracy=0.958333
2017-07-21 12:24:22,333 Epoch[32] Batch [20]	Speed: 172.81 samples/sec	Train-accuracy=0.952083
2017-07-21 12:24:25,291 Epoch[32] Batch [30]	Speed: 162.29 samples/sec	Train-accuracy=0.954167
2017-07-21 12:24:28,119 Epoch[32] Batch [40]	Speed: 169.71 samples/sec	Train-accuracy=0.960417
2017-07-21 12:24:29,403 Epoch[32] Train-accuracy=0.942708
2017-07-21 12:24:29,403 Epoch[32] Time cost=12.935
2017-07-21 12:24:29,497 Saved checkpoint to "../../models/pretrained-models/squeezenet-v1.1/squeezenet_v1.1-train-224-lr-0.001-momentum-0.9-0033.params"
2017-07-21 12:24:29,948 Epoch[32] Validation-accuracy=0.895833
2017-07-21 12:24:34,247 Epoch[33] Batch [10]	Speed: 126.95 samples/sec	Train-accuracy=0.965909
2017-07-21 12:24:37,612 Epoch[33] Batch [20]	Speed: 142.68 samples/sec	Train-accuracy=0.933333
2017-07-21 12:24:40,885 Epoch[33] Batch [30]	Speed: 146.68 samples/sec	Train-accuracy=0.954167
2017-07-21 12:24:44,167 Epoch[33] Batch [40]	Speed: 146.25 samples/sec	Train-accuracy=0.947917
2017-07-21 12:24:45,540 Epoch[33] Train-accuracy=0.937500
2017-07-21 12:24:45,540 Epoch[33] Time cost=15.592
2017-07-21 12:24:45,636 Saved checkpoint to "../../models/pretrained-models/squeezenet-v1.1/squeezenet_v1.1-train-224-lr-0.001-momentum-0.9-0034.params"
2017-07-21 12:24:46,112 Epoch[33] Validation-accuracy=0.885417
2017-07-21 12:24:49,869 Epoch[34] Batch [10]	Speed: 154.15 samples/sec	Train-accuracy=0.962121
2017-07-21 12:24:55,004 Epoch[34] Batch [20]	Speed: 93.49 samples/sec	Train-accuracy=0.929167
2017-07-21 12:25:01,691 Epoch[34] Batch [30]	Speed: 71.78 samples/sec	Train-accuracy=0.956250
2017-07-21 12:25:07,638 Epoch[34] Batch [40]	Speed: 80.73 samples/sec	Train-accuracy=0.956250
2017-07-21 12:25:09,578 Epoch[34] Train-accuracy=0.932292
2017-07-21 12:25:09,578 Epoch[34] Time cost=23.466
2017-07-21 12:25:09,672 Saved checkpoint to "../../models/pretrained-models/squeezenet-v1.1/squeezenet_v1.1-train-224-lr-0.001-momentum-0.9-0035.params"
2017-07-21 12:25:11,100 Epoch[34] Validation-accuracy=0.895833
2017-07-21 12:25:15,752 Epoch[35] Batch [10]	Speed: 125.30 samples/sec	Train-accuracy=0.958333
2017-07-21 12:25:19,075 Epoch[35] Batch [20]	Speed: 144.46 samples/sec	Train-accuracy=0.950000
2017-07-21 12:25:22,556 Epoch[35] Batch [30]	Speed: 137.89 samples/sec	Train-accuracy=0.950000
2017-07-21 12:25:25,548 Epoch[35] Batch [40]	Speed: 160.45 samples/sec	Train-accuracy=0.943750
2017-07-21 12:25:26,646 Epoch[35] Train-accuracy=0.911458
2017-07-21 12:25:26,647 Epoch[35] Time cost=15.546
2017-07-21 12:25:26,742 Saved checkpoint to "../../models/pretrained-models/squeezenet-v1.1/squeezenet_v1.1-train-224-lr-0.001-momentum-0.9-0036.params"
2017-07-21 12:25:27,978 Epoch[35] Validation-accuracy=0.927083
2017-07-21 12:25:31,700 Epoch[36] Batch [10]	Speed: 146.37 samples/sec	Train-accuracy=0.967803
2017-07-21 12:25:35,386 Epoch[36] Batch [20]	Speed: 130.21 samples/sec	Train-accuracy=0.952083
2017-07-21 12:25:38,513 Epoch[36] Batch [30]	Speed: 153.55 samples/sec	Train-accuracy=0.956250
2017-07-21 12:25:41,723 Epoch[36] Batch [40]	Speed: 149.52 samples/sec	Train-accuracy=0.968750
2017-07-21 12:25:43,524 Epoch[36] Train-accuracy=0.954167
2017-07-21 12:25:43,524 Epoch[36] Time cost=15.545
2017-07-21 12:25:43,617 Saved checkpoint to "../../models/pretrained-models/squeezenet-v1.1/squeezenet_v1.1-train-224-lr-0.001-momentum-0.9-0037.params"
2017-07-21 12:25:44,372 Epoch[36] Validation-accuracy=0.902778
2017-07-21 12:25:48,542 Epoch[37] Batch [10]	Speed: 123.43 samples/sec	Train-accuracy=0.958333
2017-07-21 12:25:51,519 Epoch[37] Batch [20]	Speed: 161.22 samples/sec	Train-accuracy=0.958333
2017-07-21 12:25:55,035 Epoch[37] Batch [30]	Speed: 136.54 samples/sec	Train-accuracy=0.950000
2017-07-21 12:25:58,009 Epoch[37] Batch [40]	Speed: 161.41 samples/sec	Train-accuracy=0.962500
2017-07-21 12:25:59,834 Epoch[37] Train-accuracy=0.958333
2017-07-21 12:25:59,834 Epoch[37] Time cost=15.462
2017-07-21 12:25:59,927 Saved checkpoint to "../../models/pretrained-models/squeezenet-v1.1/squeezenet_v1.1-train-224-lr-0.001-momentum-0.9-0038.params"
2017-07-21 12:26:00,468 Epoch[37] Validation-accuracy=0.916667
2017-07-21 12:26:07,236 Epoch[38] Batch [10]	Speed: 78.58 samples/sec	Train-accuracy=0.967803
2017-07-21 12:26:13,305 Epoch[38] Batch [20]	Speed: 79.10 samples/sec	Train-accuracy=0.970833
2017-07-21 12:26:19,052 Epoch[38] Batch [30]	Speed: 83.52 samples/sec	Train-accuracy=0.962500
2017-07-21 12:26:23,132 Epoch[38] Batch [40]	Speed: 117.66 samples/sec	Train-accuracy=0.972917
2017-07-21 12:26:24,555 Epoch[38] Train-accuracy=0.945833
2017-07-21 12:26:24,556 Epoch[38] Time cost=24.087
2017-07-21 12:26:24,651 Saved checkpoint to "../../models/pretrained-models/squeezenet-v1.1/squeezenet_v1.1-train-224-lr-0.001-momentum-0.9-0039.params"
2017-07-21 12:26:25,187 Epoch[38] Validation-accuracy=0.937500
2017-07-21 12:26:28,975 Epoch[39] Batch [10]	Speed: 137.19 samples/sec	Train-accuracy=0.960227
2017-07-21 12:26:32,021 Epoch[39] Batch [20]	Speed: 157.61 samples/sec	Train-accuracy=0.962500
2017-07-21 12:26:35,223 Epoch[39] Batch [30]	Speed: 149.89 samples/sec	Train-accuracy=0.962500
2017-07-21 12:26:38,544 Epoch[39] Batch [40]	Speed: 144.58 samples/sec	Train-accuracy=0.960417
2017-07-21 12:26:39,894 Epoch[39] Train-accuracy=0.927083
2017-07-21 12:26:39,895 Epoch[39] Time cost=14.707
2017-07-21 12:26:39,991 Saved checkpoint to "../../models/pretrained-models/squeezenet-v1.1/squeezenet_v1.1-train-224-lr-0.001-momentum-0.9-0040.params"
2017-07-21 12:26:41,067 Epoch[39] Validation-accuracy=0.923611
2017-07-21 12:26:44,901 Epoch[40] Batch [10]	Speed: 164.46 samples/sec	Train-accuracy=0.971591
2017-07-21 12:26:49,165 Epoch[40] Batch [20]	Speed: 112.59 samples/sec	Train-accuracy=0.966667
2017-07-21 12:26:52,867 Epoch[40] Batch [30]	Speed: 129.67 samples/sec	Train-accuracy=0.960417
2017-07-21 12:26:56,261 Epoch[40] Batch [40]	Speed: 141.42 samples/sec	Train-accuracy=0.960417
2017-07-21 12:26:57,653 Epoch[40] Train-accuracy=0.933333
2017-07-21 12:26:57,653 Epoch[40] Time cost=16.586
2017-07-21 12:26:57,746 Saved checkpoint to "../../models/pretrained-models/squeezenet-v1.1/squeezenet_v1.1-train-224-lr-0.001-momentum-0.9-0041.params"
2017-07-21 12:26:58,207 Epoch[40] Validation-accuracy=0.937500
2017-07-21 12:27:01,182 Epoch[41] Batch [10]	Speed: 176.10 samples/sec	Train-accuracy=0.952652
2017-07-21 12:27:05,018 Epoch[41] Batch [20]	Speed: 125.13 samples/sec	Train-accuracy=0.966667
2017-07-21 12:27:07,886 Epoch[41] Batch [30]	Speed: 167.42 samples/sec	Train-accuracy=0.964583
2017-07-21 12:27:11,745 Epoch[41] Batch [40]	Speed: 124.39 samples/sec	Train-accuracy=0.972917
2017-07-21 12:27:13,809 Epoch[41] Train-accuracy=0.947917
2017-07-21 12:27:13,809 Epoch[41] Time cost=15.602
2017-07-21 12:27:13,901 Saved checkpoint to "../../models/pretrained-models/squeezenet-v1.1/squeezenet_v1.1-train-224-lr-0.001-momentum-0.9-0042.params"
2017-07-21 12:27:15,624 Epoch[41] Validation-accuracy=0.930556
2017-07-21 12:27:23,220 Epoch[42] Batch [10]	Speed: 67.92 samples/sec	Train-accuracy=0.967803
2017-07-21 12:27:29,183 Epoch[42] Batch [20]	Speed: 80.50 samples/sec	Train-accuracy=0.972917
2017-07-21 12:27:33,335 Epoch[42] Batch [30]	Speed: 115.62 samples/sec	Train-accuracy=0.956250
2017-07-21 12:27:36,642 Epoch[42] Batch [40]	Speed: 145.13 samples/sec	Train-accuracy=0.970833
2017-07-21 12:27:38,192 Epoch[42] Train-accuracy=0.973958
2017-07-21 12:27:38,192 Epoch[42] Time cost=22.568
2017-07-21 12:27:38,288 Saved checkpoint to "../../models/pretrained-models/squeezenet-v1.1/squeezenet_v1.1-train-224-lr-0.001-momentum-0.9-0043.params"
2017-07-21 12:27:38,820 Epoch[42] Validation-accuracy=0.916667
2017-07-21 12:27:42,063 Epoch[43] Batch [10]	Speed: 161.53 samples/sec	Train-accuracy=0.965909
2017-07-21 12:27:44,909 Epoch[43] Batch [20]	Speed: 168.70 samples/sec	Train-accuracy=0.972917
2017-07-21 12:27:47,720 Epoch[43] Batch [30]	Speed: 170.76 samples/sec	Train-accuracy=0.952083
2017-07-21 12:27:51,166 Epoch[43] Batch [40]	Speed: 139.31 samples/sec	Train-accuracy=0.962500
2017-07-21 12:27:52,744 Epoch[43] Train-accuracy=0.950000
2017-07-21 12:27:52,744 Epoch[43] Time cost=13.924
2017-07-21 12:27:52,839 Saved checkpoint to "../../models/pretrained-models/squeezenet-v1.1/squeezenet_v1.1-train-224-lr-0.001-momentum-0.9-0044.params"
2017-07-21 12:27:53,356 Epoch[43] Validation-accuracy=0.927083
2017-07-21 12:27:56,845 Epoch[44] Batch [10]	Speed: 149.04 samples/sec	Train-accuracy=0.964015
2017-07-21 12:28:00,927 Epoch[44] Batch [20]	Speed: 117.61 samples/sec	Train-accuracy=0.964583
2017-07-21 12:28:03,945 Epoch[44] Batch [30]	Speed: 159.02 samples/sec	Train-accuracy=0.966667
2017-07-21 12:28:06,760 Epoch[44] Batch [40]	Speed: 170.55 samples/sec	Train-accuracy=0.983333
2017-07-21 12:28:07,900 Epoch[44] Train-accuracy=0.958333
2017-07-21 12:28:07,900 Epoch[44] Time cost=14.544
2017-07-21 12:28:07,994 Saved checkpoint to "../../models/pretrained-models/squeezenet-v1.1/squeezenet_v1.1-train-224-lr-0.001-momentum-0.9-0045.params"
2017-07-21 12:28:08,735 Epoch[44] Validation-accuracy=0.923611
2017-07-21 12:28:13,102 Epoch[45] Batch [10]	Speed: 120.33 samples/sec	Train-accuracy=0.969697
2017-07-21 12:28:16,175 Epoch[45] Batch [20]	Speed: 156.23 samples/sec	Train-accuracy=0.968750
2017-07-21 12:28:20,043 Epoch[45] Batch [30]	Speed: 124.09 samples/sec	Train-accuracy=0.979167
2017-07-21 12:28:23,870 Epoch[45] Batch [40]	Speed: 125.44 samples/sec	Train-accuracy=0.979167
2017-07-21 12:28:27,127 Epoch[45] Train-accuracy=0.945833
2017-07-21 12:28:27,127 Epoch[45] Time cost=18.391
2017-07-21 12:28:27,221 Saved checkpoint to "../../models/pretrained-models/squeezenet-v1.1/squeezenet_v1.1-train-224-lr-0.001-momentum-0.9-0046.params"
2017-07-21 12:28:27,900 Epoch[45] Validation-accuracy=0.947917
2017-07-21 12:28:34,515 Epoch[46] Batch [10]	Speed: 79.83 samples/sec	Train-accuracy=0.977273
2017-07-21 12:28:40,026 Epoch[46] Batch [20]	Speed: 87.10 samples/sec	Train-accuracy=0.970833
2017-07-21 12:28:43,891 Epoch[46] Batch [30]	Speed: 124.19 samples/sec	Train-accuracy=0.972917
2017-07-21 12:28:46,703 Epoch[46] Batch [40]	Speed: 170.75 samples/sec	Train-accuracy=0.970833
2017-07-21 12:28:47,813 Epoch[46] Train-accuracy=0.963542
2017-07-21 12:28:47,814 Epoch[46] Time cost=19.914
2017-07-21 12:28:47,909 Saved checkpoint to "../../models/pretrained-models/squeezenet-v1.1/squeezenet_v1.1-train-224-lr-0.001-momentum-0.9-0047.params"
2017-07-21 12:28:48,256 Epoch[46] Validation-accuracy=0.947917
2017-07-21 12:28:51,815 Epoch[47] Batch [10]	Speed: 143.41 samples/sec	Train-accuracy=0.946970
2017-07-21 12:28:55,340 Epoch[47] Batch [20]	Speed: 136.19 samples/sec	Train-accuracy=0.947917
2017-07-21 12:28:58,558 Epoch[47] Batch [30]	Speed: 149.18 samples/sec	Train-accuracy=0.943750
2017-07-21 12:29:01,682 Epoch[47] Batch [40]	Speed: 153.70 samples/sec	Train-accuracy=0.970833
2017-07-21 12:29:02,846 Epoch[47] Train-accuracy=0.963542
2017-07-21 12:29:02,847 Epoch[47] Time cost=14.591
2017-07-21 12:29:02,940 Saved checkpoint to "../../models/pretrained-models/squeezenet-v1.1/squeezenet_v1.1-train-224-lr-0.001-momentum-0.9-0048.params"
2017-07-21 12:29:03,933 Epoch[47] Validation-accuracy=0.916667
2017-07-21 12:29:09,535 Epoch[48] Batch [10]	Speed: 94.51 samples/sec	Train-accuracy=0.977273
2017-07-21 12:29:13,619 Epoch[48] Batch [20]	Speed: 117.53 samples/sec	Train-accuracy=0.975000
2017-07-21 12:29:16,985 Epoch[48] Batch [30]	Speed: 142.62 samples/sec	Train-accuracy=0.972917
2017-07-21 12:29:20,537 Epoch[48] Batch [40]	Speed: 135.16 samples/sec	Train-accuracy=0.989583
2017-07-21 12:29:22,381 Epoch[48] Train-accuracy=0.954167
2017-07-21 12:29:22,381 Epoch[48] Time cost=18.447
2017-07-21 12:29:22,474 Saved checkpoint to "../../models/pretrained-models/squeezenet-v1.1/squeezenet_v1.1-train-224-lr-0.001-momentum-0.9-0049.params"
2017-07-21 12:29:22,972 Epoch[48] Validation-accuracy=0.958333
2017-07-21 12:29:26,488 Epoch[49] Batch [10]	Speed: 147.99 samples/sec	Train-accuracy=0.975379
2017-07-21 12:29:29,835 Epoch[49] Batch [20]	Speed: 143.43 samples/sec	Train-accuracy=0.977083
2017-07-21 12:29:32,298 Epoch[49] Batch [30]	Speed: 194.88 samples/sec	Train-accuracy=0.981250
2017-07-21 12:29:37,792 Epoch[49] Batch [40]	Speed: 87.38 samples/sec	Train-accuracy=0.979167
2017-07-21 12:29:40,333 Epoch[49] Train-accuracy=0.953125
2017-07-21 12:29:40,333 Epoch[49] Time cost=17.361
2017-07-21 12:29:40,427 Saved checkpoint to "../../models/pretrained-models/squeezenet-v1.1/squeezenet_v1.1-train-224-lr-0.001-momentum-0.9-0050.params"
2017-07-21 12:29:42,344 Epoch[49] Validation-accuracy=0.930556
2017-07-21 12:29:48,802 Epoch[50] Batch [10]	Speed: 82.48 samples/sec	Train-accuracy=0.977273
2017-07-21 12:29:53,313 Epoch[50] Batch [20]	Speed: 106.43 samples/sec	Train-accuracy=0.977083
2017-07-21 12:29:56,181 Epoch[50] Batch [30]	Speed: 167.36 samples/sec	Train-accuracy=0.977083
2017-07-21 12:29:59,160 Epoch[50] Batch [40]	Speed: 161.15 samples/sec	Train-accuracy=0.977083
2017-07-21 12:30:00,579 Epoch[50] Train-accuracy=0.941667
2017-07-21 12:30:00,579 Epoch[50] Time cost=18.234
2017-07-21 12:30:00,675 Saved checkpoint to "../../models/pretrained-models/squeezenet-v1.1/squeezenet_v1.1-train-224-lr-0.001-momentum-0.9-0051.params"
2017-07-21 12:30:01,407 Epoch[50] Validation-accuracy=0.937500
2017-07-21 12:30:04,616 Epoch[51] Batch [10]	Speed: 163.33 samples/sec	Train-accuracy=0.975379
2017-07-21 12:30:07,828 Epoch[51] Batch [20]	Speed: 149.44 samples/sec	Train-accuracy=0.979167
2017-07-21 12:30:11,180 Epoch[51] Batch [30]	Speed: 143.23 samples/sec	Train-accuracy=0.954167
2017-07-21 12:30:14,902 Epoch[51] Batch [40]	Speed: 128.97 samples/sec	Train-accuracy=0.972917
2017-07-21 12:30:16,027 Epoch[51] Train-accuracy=0.963542
2017-07-21 12:30:16,028 Epoch[51] Time cost=14.620
2017-07-21 12:30:16,121 Saved checkpoint to "../../models/pretrained-models/squeezenet-v1.1/squeezenet_v1.1-train-224-lr-0.001-momentum-0.9-0052.params"
2017-07-21 12:30:16,644 Epoch[51] Validation-accuracy=0.916667
2017-07-21 12:30:20,628 Epoch[52] Batch [10]	Speed: 138.54 samples/sec	Train-accuracy=0.975379
2017-07-21 12:30:23,960 Epoch[52] Batch [20]	Speed: 144.05 samples/sec	Train-accuracy=0.975000
2017-07-21 12:30:27,294 Epoch[52] Batch [30]	Speed: 144.00 samples/sec	Train-accuracy=0.979167
2017-07-21 12:30:30,103 Epoch[52] Batch [40]	Speed: 170.89 samples/sec	Train-accuracy=0.979167
2017-07-21 12:30:31,358 Epoch[52] Train-accuracy=0.966667
2017-07-21 12:30:31,358 Epoch[52] Time cost=14.714
2017-07-21 12:30:31,451 Saved checkpoint to "../../models/pretrained-models/squeezenet-v1.1/squeezenet_v1.1-train-224-lr-0.001-momentum-0.9-0053.params"
2017-07-21 12:30:32,287 Epoch[52] Validation-accuracy=0.937500
2017-07-21 12:30:36,620 Epoch[53] Batch [10]	Speed: 118.84 samples/sec	Train-accuracy=0.969697
2017-07-21 12:30:41,098 Epoch[53] Batch [20]	Speed: 107.18 samples/sec	Train-accuracy=0.970833
2017-07-21 12:30:45,970 Epoch[53] Batch [30]	Speed: 98.54 samples/sec	Train-accuracy=0.960417
2017-07-21 12:30:51,670 Epoch[53] Batch [40]	Speed: 84.21 samples/sec	Train-accuracy=0.962500
2017-07-21 12:30:53,738 Epoch[53] Train-accuracy=0.947917
2017-07-21 12:30:53,739 Epoch[53] Time cost=21.451
2017-07-21 12:30:53,834 Saved checkpoint to "../../models/pretrained-models/squeezenet-v1.1/squeezenet_v1.1-train-224-lr-0.001-momentum-0.9-0054.params"
2017-07-21 12:30:54,630 Epoch[53] Validation-accuracy=0.916667
2017-07-21 12:31:00,765 Epoch[54] Batch [10]	Speed: 87.71 samples/sec	Train-accuracy=0.965909
2017-07-21 12:31:03,812 Epoch[54] Batch [20]	Speed: 157.55 samples/sec	Train-accuracy=0.983333
2017-07-21 12:31:07,156 Epoch[54] Batch [30]	Speed: 143.54 samples/sec	Train-accuracy=0.968750
2017-07-21 12:31:11,033 Epoch[54] Batch [40]	Speed: 123.82 samples/sec	Train-accuracy=0.981250
2017-07-21 12:31:12,580 Epoch[54] Train-accuracy=0.942708
2017-07-21 12:31:12,580 Epoch[54] Time cost=17.949
2017-07-21 12:31:12,675 Saved checkpoint to "../../models/pretrained-models/squeezenet-v1.1/squeezenet_v1.1-train-224-lr-0.001-momentum-0.9-0055.params"
2017-07-21 12:31:13,663 Epoch[54] Validation-accuracy=0.923611
2017-07-21 12:31:18,162 Epoch[55] Batch [10]	Speed: 113.78 samples/sec	Train-accuracy=0.967803
2017-07-21 12:31:22,488 Epoch[55] Batch [20]	Speed: 110.97 samples/sec	Train-accuracy=0.958333
2017-07-21 12:31:26,211 Epoch[55] Batch [30]	Speed: 128.96 samples/sec	Train-accuracy=0.979167
2017-07-21 12:31:29,838 Epoch[55] Batch [40]	Speed: 132.34 samples/sec	Train-accuracy=0.960417
2017-07-21 12:31:31,704 Epoch[55] Train-accuracy=0.950000
2017-07-21 12:31:31,705 Epoch[55] Time cost=18.041
2017-07-21 12:31:31,800 Saved checkpoint to "../../models/pretrained-models/squeezenet-v1.1/squeezenet_v1.1-train-224-lr-0.001-momentum-0.9-0056.params"
2017-07-21 12:31:32,684 Epoch[55] Validation-accuracy=0.958333
2017-07-21 12:31:36,825 Epoch[56] Batch [10]	Speed: 124.20 samples/sec	Train-accuracy=0.958333
2017-07-21 12:31:40,080 Epoch[56] Batch [20]	Speed: 147.45 samples/sec	Train-accuracy=0.977083
2017-07-21 12:31:43,487 Epoch[56] Batch [30]	Speed: 140.91 samples/sec	Train-accuracy=0.966667
2017-07-21 12:31:46,716 Epoch[56] Batch [40]	Speed: 148.68 samples/sec	Train-accuracy=0.985417
2017-07-21 12:31:47,928 Epoch[56] Train-accuracy=0.984375
2017-07-21 12:31:47,929 Epoch[56] Time cost=15.244
2017-07-21 12:31:48,025 Saved checkpoint to "../../models/pretrained-models/squeezenet-v1.1/squeezenet_v1.1-train-224-lr-0.001-momentum-0.9-0057.params"
2017-07-21 12:31:48,547 Epoch[56] Validation-accuracy=0.937500
2017-07-21 12:31:52,024 Epoch[57] Batch [10]	Speed: 150.01 samples/sec	Train-accuracy=0.981061
2017-07-21 12:31:58,682 Epoch[57] Batch [20]	Speed: 72.10 samples/sec	Train-accuracy=0.987500
2017-07-21 12:32:04,773 Epoch[57] Batch [30]	Speed: 78.80 samples/sec	Train-accuracy=0.977083
2017-07-21 12:32:11,131 Epoch[57] Batch [40]	Speed: 75.50 samples/sec	Train-accuracy=0.979167
2017-07-21 12:32:14,002 Epoch[57] Train-accuracy=0.966667
2017-07-21 12:32:14,003 Epoch[57] Time cost=25.455
2017-07-21 12:32:14,098 Saved checkpoint to "../../models/pretrained-models/squeezenet-v1.1/squeezenet_v1.1-train-224-lr-0.001-momentum-0.9-0058.params"
2017-07-21 12:32:14,895 Epoch[57] Validation-accuracy=0.923611
2017-07-21 12:32:18,038 Epoch[58] Batch [10]	Speed: 167.05 samples/sec	Train-accuracy=0.982955
2017-07-21 12:32:20,911 Epoch[58] Batch [20]	Speed: 167.09 samples/sec	Train-accuracy=0.977083
2017-07-21 12:32:23,814 Epoch[58] Batch [30]	Speed: 165.32 samples/sec	Train-accuracy=0.977083
2017-07-21 12:32:27,252 Epoch[58] Batch [40]	Speed: 139.65 samples/sec	Train-accuracy=0.972917
2017-07-21 12:32:28,415 Epoch[58] Train-accuracy=0.937500
2017-07-21 12:32:28,415 Epoch[58] Time cost=13.520
2017-07-21 12:32:28,510 Saved checkpoint to "../../models/pretrained-models/squeezenet-v1.1/squeezenet_v1.1-train-224-lr-0.001-momentum-0.9-0059.params"
2017-07-21 12:32:29,243 Epoch[58] Validation-accuracy=0.927083
2017-07-21 12:32:32,144 Epoch[59] Batch [10]	Speed: 182.61 samples/sec	Train-accuracy=0.973485
2017-07-21 12:32:35,324 Epoch[59] Batch [20]	Speed: 150.98 samples/sec	Train-accuracy=0.981250
2017-07-21 12:32:38,791 Epoch[59] Batch [30]	Speed: 138.45 samples/sec	Train-accuracy=0.987500
2017-07-21 12:32:41,924 Epoch[59] Batch [40]	Speed: 153.20 samples/sec	Train-accuracy=0.985417
2017-07-21 12:32:43,032 Epoch[59] Train-accuracy=0.973958
2017-07-21 12:32:43,032 Epoch[59] Time cost=13.788
2017-07-21 12:32:43,126 Saved checkpoint to "../../models/pretrained-models/squeezenet-v1.1/squeezenet_v1.1-train-224-lr-0.001-momentum-0.9-0060.params"
2017-07-21 12:32:43,743 Epoch[59] Validation-accuracy=0.930556
2017-07-21 12:32:47,785 Epoch[60] Batch [10]	Speed: 140.79 samples/sec	Train-accuracy=0.982955
2017-07-21 12:32:50,712 Epoch[60] Batch [20]	Speed: 164.04 samples/sec	Train-accuracy=0.985417
2017-07-21 12:32:53,730 Epoch[60] Batch [30]	Speed: 159.06 samples/sec	Train-accuracy=0.987500
2017-07-21 12:32:57,207 Epoch[60] Batch [40]	Speed: 138.09 samples/sec	Train-accuracy=0.987500
2017-07-21 12:32:58,612 Epoch[60] Train-accuracy=0.970833
2017-07-21 12:32:58,612 Epoch[60] Time cost=14.869
2017-07-21 12:32:58,706 Saved checkpoint to "../../models/pretrained-models/squeezenet-v1.1/squeezenet_v1.1-train-224-lr-0.001-momentum-0.9-0061.params"
2017-07-21 12:32:59,564 Epoch[60] Validation-accuracy=0.947917
2017-07-21 12:33:03,272 Epoch[61] Batch [10]	Speed: 139.70 samples/sec	Train-accuracy=0.969697
2017-07-21 12:33:09,022 Epoch[61] Batch [20]	Speed: 83.49 samples/sec	Train-accuracy=0.981250
2017-07-21 12:33:14,771 Epoch[61] Batch [30]	Speed: 83.49 samples/sec	Train-accuracy=0.983333
2017-07-21 12:33:21,590 Epoch[61] Batch [40]	Speed: 70.40 samples/sec	Train-accuracy=0.970833
2017-07-21 12:33:23,881 Epoch[61] Train-accuracy=0.947917
2017-07-21 12:33:23,882 Epoch[61] Time cost=24.317
2017-07-21 12:33:23,979 Saved checkpoint to "../../models/pretrained-models/squeezenet-v1.1/squeezenet_v1.1-train-224-lr-0.001-momentum-0.9-0062.params"
2017-07-21 12:33:24,809 Epoch[61] Validation-accuracy=0.927083
2017-07-21 12:33:31,687 Epoch[62] Batch [10]	Speed: 77.38 samples/sec	Train-accuracy=0.984848
2017-07-21 12:33:37,695 Epoch[62] Batch [20]	Speed: 79.90 samples/sec	Train-accuracy=0.979167
2017-07-21 12:33:43,778 Epoch[62] Batch [30]	Speed: 78.92 samples/sec	Train-accuracy=0.981250
2017-07-21 12:33:47,162 Epoch[62] Batch [40]	Speed: 141.83 samples/sec	Train-accuracy=0.985417
2017-07-21 12:33:48,765 Epoch[62] Train-accuracy=0.970833
2017-07-21 12:33:48,765 Epoch[62] Time cost=23.956
2017-07-21 12:33:48,862 Saved checkpoint to "../../models/pretrained-models/squeezenet-v1.1/squeezenet_v1.1-train-224-lr-0.001-momentum-0.9-0063.params"
2017-07-21 12:33:49,441 Epoch[62] Validation-accuracy=0.930556
2017-07-21 12:33:52,751 Epoch[63] Batch [10]	Speed: 155.11 samples/sec	Train-accuracy=0.973485
2017-07-21 12:33:56,515 Epoch[63] Batch [20]	Speed: 127.54 samples/sec	Train-accuracy=0.977083
2017-07-21 12:34:00,057 Epoch[63] Batch [30]	Speed: 135.50 samples/sec	Train-accuracy=0.989583
2017-07-21 12:34:03,340 Epoch[63] Batch [40]	Speed: 146.26 samples/sec	Train-accuracy=0.983333
2017-07-21 12:34:04,183 Epoch[63] Train-accuracy=0.979167
2017-07-21 12:34:04,183 Epoch[63] Time cost=14.742
2017-07-21 12:34:04,277 Saved checkpoint to "../../models/pretrained-models/squeezenet-v1.1/squeezenet_v1.1-train-224-lr-0.001-momentum-0.9-0064.params"
2017-07-21 12:34:04,743 Epoch[63] Validation-accuracy=0.947917
2017-07-21 12:34:08,228 Epoch[64] Batch [10]	Speed: 147.99 samples/sec	Train-accuracy=0.984848
2017-07-21 12:34:11,747 Epoch[64] Batch [20]	Speed: 136.41 samples/sec	Train-accuracy=0.987500
2017-07-21 12:34:14,455 Epoch[64] Batch [30]	Speed: 177.29 samples/sec	Train-accuracy=0.987500
2017-07-21 12:34:17,304 Epoch[64] Batch [40]	Speed: 168.51 samples/sec	Train-accuracy=0.989583
2017-07-21 12:34:19,092 Epoch[64] Train-accuracy=0.975000
2017-07-21 12:34:19,092 Epoch[64] Time cost=14.348
2017-07-21 12:34:19,186 Saved checkpoint to "../../models/pretrained-models/squeezenet-v1.1/squeezenet_v1.1-train-224-lr-0.001-momentum-0.9-0065.params"
2017-07-21 12:34:19,975 Epoch[64] Validation-accuracy=0.923611
2017-07-21 12:34:24,781 Epoch[65] Batch [10]	Speed: 106.07 samples/sec	Train-accuracy=0.981061
2017-07-21 12:34:30,159 Epoch[65] Batch [20]	Speed: 89.27 samples/sec	Train-accuracy=0.989583
2017-07-21 12:34:36,041 Epoch[65] Batch [30]	Speed: 81.61 samples/sec	Train-accuracy=0.991667
2017-07-21 12:34:41,543 Epoch[65] Batch [40]	Speed: 87.24 samples/sec	Train-accuracy=0.989583
2017-07-21 12:34:43,152 Epoch[65] Train-accuracy=0.973958
2017-07-21 12:34:43,152 Epoch[65] Time cost=23.177
2017-07-21 12:34:43,246 Saved checkpoint to "../../models/pretrained-models/squeezenet-v1.1/squeezenet_v1.1-train-224-lr-0.001-momentum-0.9-0066.params"
2017-07-21 12:34:43,767 Epoch[65] Validation-accuracy=0.947917
2017-07-21 12:34:46,451 Epoch[66] Batch [10]	Speed: 198.43 samples/sec	Train-accuracy=0.981061
2017-07-21 12:34:49,319 Epoch[66] Batch [20]	Speed: 167.35 samples/sec	Train-accuracy=0.993750
2017-07-21 12:34:53,294 Epoch[66] Batch [30]	Speed: 120.78 samples/sec	Train-accuracy=0.989583
2017-07-21 12:34:57,702 Epoch[66] Batch [40]	Speed: 108.90 samples/sec	Train-accuracy=0.989583
2017-07-21 12:34:59,026 Epoch[66] Train-accuracy=0.979167
2017-07-21 12:34:59,026 Epoch[66] Time cost=15.258
2017-07-21 12:34:59,122 Saved checkpoint to "../../models/pretrained-models/squeezenet-v1.1/squeezenet_v1.1-train-224-lr-0.001-momentum-0.9-0067.params"
2017-07-21 12:34:59,833 Epoch[66] Validation-accuracy=0.947917
2017-07-21 12:35:03,088 Epoch[67] Batch [10]	Speed: 158.76 samples/sec	Train-accuracy=0.977273
2017-07-21 12:35:06,052 Epoch[67] Batch [20]	Speed: 161.97 samples/sec	Train-accuracy=0.985417
2017-07-21 12:35:08,683 Epoch[67] Batch [30]	Speed: 182.43 samples/sec	Train-accuracy=0.985417
2017-07-21 12:35:11,513 Epoch[67] Batch [40]	Speed: 169.68 samples/sec	Train-accuracy=0.985417
2017-07-21 12:35:13,124 Epoch[67] Train-accuracy=0.983333
2017-07-21 12:35:13,124 Epoch[67] Time cost=13.292
2017-07-21 12:35:13,217 Saved checkpoint to "../../models/pretrained-models/squeezenet-v1.1/squeezenet_v1.1-train-224-lr-0.001-momentum-0.9-0068.params"
2017-07-21 12:35:14,159 Epoch[67] Validation-accuracy=0.937500
2017-07-21 12:35:17,500 Epoch[68] Batch [10]	Speed: 156.84 samples/sec	Train-accuracy=0.990530
2017-07-21 12:35:20,829 Epoch[68] Batch [20]	Speed: 144.23 samples/sec	Train-accuracy=0.991667
2017-07-21 12:35:23,994 Epoch[68] Batch [30]	Speed: 151.65 samples/sec	Train-accuracy=0.987500
2017-07-21 12:35:27,536 Epoch[68] Batch [40]	Speed: 135.53 samples/sec	Train-accuracy=0.991667
2017-07-21 12:35:28,692 Epoch[68] Train-accuracy=0.979167
2017-07-21 12:35:28,692 Epoch[68] Time cost=14.533
2017-07-21 12:35:28,788 Saved checkpoint to "../../models/pretrained-models/squeezenet-v1.1/squeezenet_v1.1-train-224-lr-0.001-momentum-0.9-0069.params"
2017-07-21 12:35:29,308 Epoch[68] Validation-accuracy=0.958333
2017-07-21 12:35:33,308 Epoch[69] Batch [10]	Speed: 128.77 samples/sec	Train-accuracy=0.979167
2017-07-21 12:35:36,880 Epoch[69] Batch [20]	Speed: 134.41 samples/sec	Train-accuracy=0.972917
2017-07-21 12:35:42,772 Epoch[69] Batch [30]	Speed: 81.47 samples/sec	Train-accuracy=0.983333
2017-07-21 12:35:48,677 Epoch[69] Batch [40]	Speed: 81.29 samples/sec	Train-accuracy=0.985417
2017-07-21 12:35:51,209 Epoch[69] Train-accuracy=0.987500
2017-07-21 12:35:51,210 Epoch[69] Time cost=21.902
2017-07-21 12:35:51,303 Saved checkpoint to "../../models/pretrained-models/squeezenet-v1.1/squeezenet_v1.1-train-224-lr-0.001-momentum-0.9-0070.params"
2017-07-21 12:35:52,468 Epoch[69] Validation-accuracy=0.923611
2017-07-21 12:35:56,616 Epoch[70] Batch [10]	Speed: 123.11 samples/sec	Train-accuracy=0.988636
2017-07-21 12:36:00,186 Epoch[70] Batch [20]	Speed: 134.46 samples/sec	Train-accuracy=0.985417
2017-07-21 12:36:03,479 Epoch[70] Batch [30]	Speed: 145.77 samples/sec	Train-accuracy=0.987500
2017-07-21 12:36:06,693 Epoch[70] Batch [40]	Speed: 149.35 samples/sec	Train-accuracy=0.983333
2017-07-21 12:36:08,488 Epoch[70] Train-accuracy=0.979167
2017-07-21 12:36:08,488 Epoch[70] Time cost=16.020
2017-07-21 12:36:08,582 Saved checkpoint to "../../models/pretrained-models/squeezenet-v1.1/squeezenet_v1.1-train-224-lr-0.001-momentum-0.9-0071.params"
2017-07-21 12:36:09,292 Epoch[70] Validation-accuracy=0.958333
2017-07-21 12:36:13,331 Epoch[71] Batch [10]	Speed: 150.26 samples/sec	Train-accuracy=0.971591
2017-07-21 12:36:16,371 Epoch[71] Batch [20]	Speed: 157.93 samples/sec	Train-accuracy=0.985417
2017-07-21 12:36:19,230 Epoch[71] Batch [30]	Speed: 167.89 samples/sec	Train-accuracy=0.981250
2017-07-21 12:36:22,772 Epoch[71] Batch [40]	Speed: 135.52 samples/sec	Train-accuracy=0.983333
2017-07-21 12:36:23,910 Epoch[71] Train-accuracy=0.984375
2017-07-21 12:36:23,910 Epoch[71] Time cost=14.618
2017-07-21 12:36:24,004 Saved checkpoint to "../../models/pretrained-models/squeezenet-v1.1/squeezenet_v1.1-train-224-lr-0.001-momentum-0.9-0072.params"
2017-07-21 12:36:24,536 Epoch[71] Validation-accuracy=0.937500
2017-07-21 12:36:28,718 Epoch[72] Batch [10]	Speed: 127.99 samples/sec	Train-accuracy=0.984848
2017-07-21 12:36:32,389 Epoch[72] Batch [20]	Speed: 130.76 samples/sec	Train-accuracy=0.989583
2017-07-21 12:36:36,010 Epoch[72] Batch [30]	Speed: 132.58 samples/sec	Train-accuracy=0.987500
2017-07-21 12:36:39,447 Epoch[72] Batch [40]	Speed: 139.68 samples/sec	Train-accuracy=0.989583
2017-07-21 12:36:40,835 Epoch[72] Train-accuracy=0.987500
2017-07-21 12:36:40,836 Epoch[72] Time cost=16.299
2017-07-21 12:36:40,930 Saved checkpoint to "../../models/pretrained-models/squeezenet-v1.1/squeezenet_v1.1-train-224-lr-0.001-momentum-0.9-0073.params"
2017-07-21 12:36:41,668 Epoch[72] Validation-accuracy=0.937500
2017-07-21 12:36:45,673 Epoch[73] Batch [10]	Speed: 128.62 samples/sec	Train-accuracy=0.984848
2017-07-21 12:36:48,612 Epoch[73] Batch [20]	Speed: 163.29 samples/sec	Train-accuracy=0.985417
2017-07-21 12:36:52,271 Epoch[73] Batch [30]	Speed: 131.20 samples/sec	Train-accuracy=0.989583
2017-07-21 12:36:55,580 Epoch[73] Batch [40]	Speed: 145.09 samples/sec	Train-accuracy=0.997917
2017-07-21 12:36:56,739 Epoch[73] Train-accuracy=0.968750
2017-07-21 12:36:56,739 Epoch[73] Time cost=15.072
2017-07-21 12:36:56,833 Saved checkpoint to "../../models/pretrained-models/squeezenet-v1.1/squeezenet_v1.1-train-224-lr-0.001-momentum-0.9-0074.params"
2017-07-21 12:36:57,308 Epoch[73] Validation-accuracy=0.947917
2017-07-21 12:37:01,906 Epoch[74] Batch [10]	Speed: 110.46 samples/sec	Train-accuracy=0.986742
2017-07-21 12:37:05,014 Epoch[74] Batch [20]	Speed: 154.46 samples/sec	Train-accuracy=0.983333
2017-07-21 12:37:10,502 Epoch[74] Batch [30]	Speed: 87.47 samples/sec	Train-accuracy=0.989583
2017-07-21 12:37:16,635 Epoch[74] Batch [40]	Speed: 78.27 samples/sec	Train-accuracy=0.991667
2017-07-21 12:37:19,706 Epoch[74] Train-accuracy=0.991667
2017-07-21 12:37:19,706 Epoch[74] Time cost=22.397
2017-07-21 12:37:19,801 Saved checkpoint to "../../models/pretrained-models/squeezenet-v1.1/squeezenet_v1.1-train-224-lr-0.001-momentum-0.9-0075.params"
2017-07-21 12:37:21,560 Epoch[74] Validation-accuracy=0.930556
2017-07-21 12:37:27,073 Epoch[75] Batch [10]	Speed: 97.07 samples/sec	Train-accuracy=0.988636
2017-07-21 12:37:30,319 Epoch[75] Batch [20]	Speed: 147.87 samples/sec	Train-accuracy=0.989583
2017-07-21 12:37:33,851 Epoch[75] Batch [30]	Speed: 135.94 samples/sec	Train-accuracy=0.989583
2017-07-21 12:37:36,884 Epoch[75] Batch [40]	Speed: 158.27 samples/sec	Train-accuracy=0.966667
2017-07-21 12:37:38,416 Epoch[75] Train-accuracy=0.953125
2017-07-21 12:37:38,417 Epoch[75] Time cost=16.856
2017-07-21 12:37:38,512 Saved checkpoint to "../../models/pretrained-models/squeezenet-v1.1/squeezenet_v1.1-train-224-lr-0.001-momentum-0.9-0076.params"
2017-07-21 12:37:39,027 Epoch[75] Validation-accuracy=0.937500
2017-07-21 12:37:42,578 Epoch[76] Batch [10]	Speed: 146.27 samples/sec	Train-accuracy=0.967803
2017-07-21 12:37:46,115 Epoch[76] Batch [20]	Speed: 135.73 samples/sec	Train-accuracy=0.983333
2017-07-21 12:37:48,878 Epoch[76] Batch [30]	Speed: 173.75 samples/sec	Train-accuracy=0.975000
2017-07-21 12:37:52,100 Epoch[76] Batch [40]	Speed: 149.00 samples/sec	Train-accuracy=0.989583
2017-07-21 12:37:53,469 Epoch[76] Train-accuracy=0.983333
2017-07-21 12:37:53,469 Epoch[76] Time cost=14.441
2017-07-21 12:37:53,564 Saved checkpoint to "../../models/pretrained-models/squeezenet-v1.1/squeezenet_v1.1-train-224-lr-0.001-momentum-0.9-0077.params"
2017-07-21 12:37:54,068 Epoch[76] Validation-accuracy=0.947917
2017-07-21 12:37:58,066 Epoch[77] Batch [10]	Speed: 128.98 samples/sec	Train-accuracy=0.984848
2017-07-21 12:38:00,669 Epoch[77] Batch [20]	Speed: 184.44 samples/sec	Train-accuracy=0.970833
2017-07-21 12:38:04,734 Epoch[77] Batch [30]	Speed: 118.08 samples/sec	Train-accuracy=0.983333
2017-07-21 12:38:10,262 Epoch[77] Batch [40]	Speed: 86.83 samples/sec	Train-accuracy=0.991667
2017-07-21 12:38:12,602 Epoch[77] Train-accuracy=0.968750
2017-07-21 12:38:12,602 Epoch[77] Time cost=18.533
2017-07-21 12:38:12,697 Saved checkpoint to "../../models/pretrained-models/squeezenet-v1.1/squeezenet_v1.1-train-224-lr-0.001-momentum-0.9-0078.params"
2017-07-21 12:38:14,515 Epoch[77] Validation-accuracy=0.951389
2017-07-21 12:38:20,724 Epoch[78] Batch [10]	Speed: 82.87 samples/sec	Train-accuracy=0.981061
2017-07-21 12:38:25,689 Epoch[78] Batch [20]	Speed: 96.67 samples/sec	Train-accuracy=0.985417
2017-07-21 12:38:28,800 Epoch[78] Batch [30]	Speed: 154.32 samples/sec	Train-accuracy=0.991667
2017-07-21 12:38:31,978 Epoch[78] Batch [40]	Speed: 151.07 samples/sec	Train-accuracy=0.991667
2017-07-21 12:38:34,289 Epoch[78] Train-accuracy=0.973958
2017-07-21 12:38:34,290 Epoch[78] Time cost=19.774
2017-07-21 12:38:34,384 Saved checkpoint to "../../models/pretrained-models/squeezenet-v1.1/squeezenet_v1.1-train-224-lr-0.001-momentum-0.9-0079.params"
2017-07-21 12:38:34,919 Epoch[78] Validation-accuracy=0.958333
2017-07-21 12:38:38,870 Epoch[79] Batch [10]	Speed: 128.01 samples/sec	Train-accuracy=0.994318
2017-07-21 12:38:41,979 Epoch[79] Batch [20]	Speed: 154.40 samples/sec	Train-accuracy=0.987500
2017-07-21 12:38:45,203 Epoch[79] Batch [30]	Speed: 148.90 samples/sec	Train-accuracy=0.997917
2017-07-21 12:38:48,033 Epoch[79] Batch [40]	Speed: 169.62 samples/sec	Train-accuracy=0.991667
2017-07-21 12:38:49,436 Epoch[79] Train-accuracy=0.966667
2017-07-21 12:38:49,436 Epoch[79] Time cost=14.517
2017-07-21 12:38:49,530 Saved checkpoint to "../../models/pretrained-models/squeezenet-v1.1/squeezenet_v1.1-train-224-lr-0.001-momentum-0.9-0080.params"
2017-07-21 12:38:50,168 Epoch[79] Validation-accuracy=0.951389
2017-07-21 12:38:53,200 Epoch[80] Batch [10]	Speed: 164.05 samples/sec	Train-accuracy=0.990530
2017-07-21 12:38:56,156 Epoch[80] Batch [20]	Speed: 162.42 samples/sec	Train-accuracy=0.985417
2017-07-21 12:38:59,144 Epoch[80] Batch [30]	Speed: 160.66 samples/sec	Train-accuracy=0.981250
2017-07-21 12:39:02,359 Epoch[80] Batch [40]	Speed: 149.32 samples/sec	Train-accuracy=0.979167
2017-07-21 12:39:03,538 Epoch[80] Train-accuracy=0.979167
2017-07-21 12:39:03,538 Epoch[80] Time cost=13.370
2017-07-21 12:39:03,633 Saved checkpoint to "../../models/pretrained-models/squeezenet-v1.1/squeezenet_v1.1-train-224-lr-0.001-momentum-0.9-0081.params"
2017-07-21 12:39:04,011 Epoch[80] Validation-accuracy=0.937500
2017-07-21 12:39:07,377 Epoch[81] Batch [10]	Speed: 154.04 samples/sec	Train-accuracy=0.979167
2017-07-21 12:39:11,030 Epoch[81] Batch [20]	Speed: 131.43 samples/sec	Train-accuracy=0.989583
2017-07-21 12:39:14,313 Epoch[81] Batch [30]	Speed: 146.18 samples/sec	Train-accuracy=0.989583
2017-07-21 12:39:19,167 Epoch[81] Batch [40]	Speed: 98.91 samples/sec	Train-accuracy=0.987500
2017-07-21 12:39:22,016 Epoch[81] Train-accuracy=0.975000
2017-07-21 12:39:22,016 Epoch[81] Time cost=18.005
2017-07-21 12:39:22,109 Saved checkpoint to "../../models/pretrained-models/squeezenet-v1.1/squeezenet_v1.1-train-224-lr-0.001-momentum-0.9-0082.params"
2017-07-21 12:39:23,345 Epoch[81] Validation-accuracy=0.958333
2017-07-21 12:39:29,404 Epoch[82] Batch [10]	Speed: 87.59 samples/sec	Train-accuracy=0.988636
2017-07-21 12:39:34,081 Epoch[82] Batch [20]	Speed: 102.65 samples/sec	Train-accuracy=0.991667
2017-07-21 12:39:38,311 Epoch[82] Batch [30]	Speed: 113.48 samples/sec	Train-accuracy=0.991667
2017-07-21 12:39:41,927 Epoch[82] Batch [40]	Speed: 132.73 samples/sec	Train-accuracy=0.985417
2017-07-21 12:39:43,083 Epoch[82] Train-accuracy=0.973958
2017-07-21 12:39:43,083 Epoch[82] Time cost=19.738
2017-07-21 12:39:43,180 Saved checkpoint to "../../models/pretrained-models/squeezenet-v1.1/squeezenet_v1.1-train-224-lr-0.001-momentum-0.9-0083.params"
2017-07-21 12:39:43,980 Epoch[82] Validation-accuracy=0.930556
2017-07-21 12:39:48,104 Epoch[83] Batch [10]	Speed: 136.83 samples/sec	Train-accuracy=0.994318
2017-07-21 12:39:51,996 Epoch[83] Batch [20]	Speed: 123.33 samples/sec	Train-accuracy=0.991667
2017-07-21 12:39:55,547 Epoch[83] Batch [30]	Speed: 135.20 samples/sec	Train-accuracy=0.995833
2017-07-21 12:39:58,305 Epoch[83] Batch [40]	Speed: 174.05 samples/sec	Train-accuracy=0.989583
2017-07-21 12:39:59,786 Epoch[83] Train-accuracy=0.989583
2017-07-21 12:39:59,787 Epoch[83] Time cost=15.806
2017-07-21 12:39:59,880 Saved checkpoint to "../../models/pretrained-models/squeezenet-v1.1/squeezenet_v1.1-train-224-lr-0.001-momentum-0.9-0084.params"
2017-07-21 12:40:00,732 Epoch[83] Validation-accuracy=0.947917
2017-07-21 12:40:04,701 Epoch[84] Batch [10]	Speed: 143.35 samples/sec	Train-accuracy=0.977273
2017-07-21 12:40:08,350 Epoch[84] Batch [20]	Speed: 131.55 samples/sec	Train-accuracy=0.987500
2017-07-21 12:40:11,107 Epoch[84] Batch [30]	Speed: 174.13 samples/sec	Train-accuracy=0.995833
2017-07-21 12:40:15,189 Epoch[84] Batch [40]	Speed: 117.61 samples/sec	Train-accuracy=0.991667
2017-07-21 12:40:16,629 Epoch[84] Train-accuracy=0.979167
2017-07-21 12:40:16,629 Epoch[84] Time cost=15.897
2017-07-21 12:40:16,723 Saved checkpoint to "../../models/pretrained-models/squeezenet-v1.1/squeezenet_v1.1-train-224-lr-0.001-momentum-0.9-0085.params"
2017-07-21 12:40:17,846 Epoch[84] Validation-accuracy=0.923611
2017-07-21 12:40:21,164 Epoch[85] Batch [10]	Speed: 167.39 samples/sec	Train-accuracy=0.990530
2017-07-21 12:40:24,665 Epoch[85] Batch [20]	Speed: 137.10 samples/sec	Train-accuracy=0.987500
2017-07-21 12:40:30,157 Epoch[85] Batch [30]	Speed: 87.41 samples/sec	Train-accuracy=0.995833
2017-07-21 12:40:36,540 Epoch[85] Batch [40]	Speed: 75.20 samples/sec	Train-accuracy=0.989583
2017-07-21 12:40:38,775 Epoch[85] Train-accuracy=0.973958
2017-07-21 12:40:38,775 Epoch[85] Time cost=20.929
2017-07-21 12:40:38,869 Saved checkpoint to "../../models/pretrained-models/squeezenet-v1.1/squeezenet_v1.1-train-224-lr-0.001-momentum-0.9-0086.params"
2017-07-21 12:40:40,197 Epoch[85] Validation-accuracy=0.916667
2017-07-21 12:40:46,143 Epoch[86] Batch [10]	Speed: 87.87 samples/sec	Train-accuracy=0.981061
2017-07-21 12:40:49,884 Epoch[86] Batch [20]	Speed: 128.30 samples/sec	Train-accuracy=0.993750
2017-07-21 12:40:52,696 Epoch[86] Batch [30]	Speed: 170.74 samples/sec	Train-accuracy=0.993750
2017-07-21 12:40:55,858 Epoch[86] Batch [40]	Speed: 151.81 samples/sec	Train-accuracy=0.995833
2017-07-21 12:40:58,359 Epoch[86] Train-accuracy=0.975000
2017-07-21 12:40:58,359 Epoch[86] Time cost=18.162
2017-07-21 12:40:58,454 Saved checkpoint to "../../models/pretrained-models/squeezenet-v1.1/squeezenet_v1.1-train-224-lr-0.001-momentum-0.9-0087.params"
2017-07-21 12:40:58,847 Epoch[86] Validation-accuracy=0.968750
2017-07-21 12:41:02,454 Epoch[87] Batch [10]	Speed: 140.84 samples/sec	Train-accuracy=0.990530
2017-07-21 12:41:05,190 Epoch[87] Batch [20]	Speed: 175.48 samples/sec	Train-accuracy=0.995833
2017-07-21 12:41:07,996 Epoch[87] Batch [30]	Speed: 171.09 samples/sec	Train-accuracy=0.979167
2017-07-21 12:41:11,904 Epoch[87] Batch [40]	Speed: 122.80 samples/sec	Train-accuracy=0.983333
2017-07-21 12:41:13,164 Epoch[87] Train-accuracy=0.994792
2017-07-21 12:41:13,164 Epoch[87] Time cost=14.317
2017-07-21 12:41:13,259 Saved checkpoint to "../../models/pretrained-models/squeezenet-v1.1/squeezenet_v1.1-train-224-lr-0.001-momentum-0.9-0088.params"
2017-07-21 12:41:14,111 Epoch[87] Validation-accuracy=0.916667
2017-07-21 12:41:17,380 Epoch[88] Batch [10]	Speed: 157.50 samples/sec	Train-accuracy=0.986742
2017-07-21 12:41:20,664 Epoch[88] Batch [20]	Speed: 146.20 samples/sec	Train-accuracy=0.970833
2017-07-21 12:41:24,251 Epoch[88] Batch [30]	Speed: 133.81 samples/sec	Train-accuracy=0.981250
2017-07-21 12:41:27,368 Epoch[88] Batch [40]	Speed: 154.02 samples/sec	Train-accuracy=0.989583
2017-07-21 12:41:29,264 Epoch[88] Train-accuracy=0.987500
2017-07-21 12:41:29,265 Epoch[88] Time cost=15.153
2017-07-21 12:41:29,360 Saved checkpoint to "../../models/pretrained-models/squeezenet-v1.1/squeezenet_v1.1-train-224-lr-0.001-momentum-0.9-0089.params"
2017-07-21 12:41:29,969 Epoch[88] Validation-accuracy=0.947917
2017-07-21 12:41:32,705 Epoch[89] Batch [10]	Speed: 189.28 samples/sec	Train-accuracy=0.979167
2017-07-21 12:41:36,055 Epoch[89] Batch [20]	Speed: 143.27 samples/sec	Train-accuracy=0.993750
2017-07-21 12:41:42,039 Epoch[89] Batch [30]	Speed: 80.22 samples/sec	Train-accuracy=0.993750
2017-07-21 12:41:48,377 Epoch[89] Batch [40]	Speed: 75.74 samples/sec	Train-accuracy=0.995833
2017-07-21 12:41:50,922 Epoch[89] Train-accuracy=0.984375
2017-07-21 12:41:50,922 Epoch[89] Time cost=20.953
2017-07-21 12:41:51,016 Saved checkpoint to "../../models/pretrained-models/squeezenet-v1.1/squeezenet_v1.1-train-224-lr-0.001-momentum-0.9-0090.params"
2017-07-21 12:41:52,401 Epoch[89] Validation-accuracy=0.923611
2017-07-21 12:41:57,598 Epoch[90] Batch [10]	Speed: 107.94 samples/sec	Train-accuracy=0.986742
2017-07-21 12:42:00,676 Epoch[90] Batch [20]	Speed: 155.92 samples/sec	Train-accuracy=0.995833
2017-07-21 12:42:04,619 Epoch[90] Batch [30]	Speed: 121.76 samples/sec	Train-accuracy=0.993750
2017-07-21 12:42:07,489 Epoch[90] Batch [40]	Speed: 167.27 samples/sec	Train-accuracy=0.995833
2017-07-21 12:42:08,642 Epoch[90] Train-accuracy=0.984375
2017-07-21 12:42:08,642 Epoch[90] Time cost=16.240
2017-07-21 12:42:08,737 Saved checkpoint to "../../models/pretrained-models/squeezenet-v1.1/squeezenet_v1.1-train-224-lr-0.001-momentum-0.9-0091.params"
2017-07-21 12:42:09,168 Epoch[90] Validation-accuracy=0.947917
2017-07-21 12:42:13,131 Epoch[91] Batch [10]	Speed: 128.85 samples/sec	Train-accuracy=0.988636
2017-07-21 12:42:16,806 Epoch[91] Batch [20]	Speed: 130.63 samples/sec	Train-accuracy=1.000000
2017-07-21 12:42:20,256 Epoch[91] Batch [30]	Speed: 139.16 samples/sec	Train-accuracy=0.995833
2017-07-21 12:42:24,270 Epoch[91] Batch [40]	Speed: 119.59 samples/sec	Train-accuracy=0.995833
2017-07-21 12:42:25,697 Epoch[91] Train-accuracy=0.995833
2017-07-21 12:42:25,697 Epoch[91] Time cost=16.528
2017-07-21 12:42:25,791 Saved checkpoint to "../../models/pretrained-models/squeezenet-v1.1/squeezenet_v1.1-train-224-lr-0.001-momentum-0.9-0092.params"
2017-07-21 12:42:26,294 Epoch[91] Validation-accuracy=0.947917
2017-07-21 12:42:29,737 Epoch[92] Batch [10]	Speed: 151.33 samples/sec	Train-accuracy=0.992424
2017-07-21 12:42:33,251 Epoch[92] Batch [20]	Speed: 136.58 samples/sec	Train-accuracy=0.997917
2017-07-21 12:42:36,566 Epoch[92] Batch [30]	Speed: 144.84 samples/sec	Train-accuracy=0.993750
2017-07-21 12:42:40,043 Epoch[92] Batch [40]	Speed: 138.05 samples/sec	Train-accuracy=0.997917
2017-07-21 12:42:41,109 Epoch[92] Train-accuracy=0.973958
2017-07-21 12:42:41,109 Epoch[92] Time cost=14.814
2017-07-21 12:42:41,204 Saved checkpoint to "../../models/pretrained-models/squeezenet-v1.1/squeezenet_v1.1-train-224-lr-0.001-momentum-0.9-0093.params"
2017-07-21 12:42:42,085 Epoch[92] Validation-accuracy=0.930556
2017-07-21 12:42:45,281 Epoch[93] Batch [10]	Speed: 164.14 samples/sec	Train-accuracy=0.996212
2017-07-21 12:42:50,359 Epoch[93] Batch [20]	Speed: 94.53 samples/sec	Train-accuracy=0.993750
2017-07-21 12:42:56,473 Epoch[93] Batch [30]	Speed: 78.50 samples/sec	Train-accuracy=0.981250
2017-07-21 12:43:03,220 Epoch[93] Batch [40]	Speed: 71.15 samples/sec	Train-accuracy=0.950000
2017-07-21 12:43:06,140 Epoch[93] Train-accuracy=0.941667
2017-07-21 12:43:06,141 Epoch[93] Time cost=24.056
2017-07-21 12:43:06,233 Saved checkpoint to "../../models/pretrained-models/squeezenet-v1.1/squeezenet_v1.1-train-224-lr-0.001-momentum-0.9-0094.params"
2017-07-21 12:43:06,759 Epoch[93] Validation-accuracy=0.947917
2017-07-21 12:43:10,598 Epoch[94] Batch [10]	Speed: 133.88 samples/sec	Train-accuracy=0.973485
2017-07-21 12:43:13,737 Epoch[94] Batch [20]	Speed: 152.93 samples/sec	Train-accuracy=0.989583
2017-07-21 12:43:16,788 Epoch[94] Batch [30]	Speed: 157.33 samples/sec	Train-accuracy=0.987500
2017-07-21 12:43:20,428 Epoch[94] Batch [40]	Speed: 131.86 samples/sec	Train-accuracy=0.989583
2017-07-21 12:43:21,586 Epoch[94] Train-accuracy=0.979167
2017-07-21 12:43:21,586 Epoch[94] Time cost=14.827
2017-07-21 12:43:21,681 Saved checkpoint to "../../models/pretrained-models/squeezenet-v1.1/squeezenet_v1.1-train-224-lr-0.001-momentum-0.9-0095.params"
2017-07-21 12:43:22,220 Epoch[94] Validation-accuracy=0.947917
2017-07-21 12:43:25,474 Epoch[95] Batch [10]	Speed: 159.48 samples/sec	Train-accuracy=0.994318
2017-07-21 12:43:28,509 Epoch[95] Batch [20]	Speed: 158.21 samples/sec	Train-accuracy=0.989583
2017-07-21 12:43:31,904 Epoch[95] Batch [30]	Speed: 141.36 samples/sec	Train-accuracy=0.997917
2017-07-21 12:43:35,456 Epoch[95] Batch [40]	Speed: 135.16 samples/sec	Train-accuracy=0.997917
2017-07-21 12:43:36,679 Epoch[95] Train-accuracy=0.989583
2017-07-21 12:43:36,679 Epoch[95] Time cost=14.459
2017-07-21 12:43:36,777 Saved checkpoint to "../../models/pretrained-models/squeezenet-v1.1/squeezenet_v1.1-train-224-lr-0.001-momentum-0.9-0096.params"
2017-07-21 12:43:37,492 Epoch[95] Validation-accuracy=0.937500
2017-07-21 12:43:40,963 Epoch[96] Batch [10]	Speed: 164.47 samples/sec	Train-accuracy=0.994318
2017-07-21 12:43:43,846 Epoch[96] Batch [20]	Speed: 166.51 samples/sec	Train-accuracy=0.991667
2017-07-21 12:43:47,354 Epoch[96] Batch [30]	Speed: 136.83 samples/sec	Train-accuracy=0.989583
2017-07-21 12:43:50,119 Epoch[96] Batch [40]	Speed: 173.63 samples/sec	Train-accuracy=0.989583
2017-07-21 12:43:51,570 Epoch[96] Train-accuracy=0.987500
2017-07-21 12:43:51,571 Epoch[96] Time cost=14.079
2017-07-21 12:43:51,664 Saved checkpoint to "../../models/pretrained-models/squeezenet-v1.1/squeezenet_v1.1-train-224-lr-0.001-momentum-0.9-0097.params"
2017-07-21 12:43:52,195 Epoch[96] Validation-accuracy=0.968750
2017-07-21 12:43:55,480 Epoch[97] Batch [10]	Speed: 174.73 samples/sec	Train-accuracy=0.994318
2017-07-21 12:44:00,338 Epoch[97] Batch [20]	Speed: 98.81 samples/sec	Train-accuracy=0.997917
2017-07-21 12:44:06,640 Epoch[97] Batch [30]	Speed: 76.16 samples/sec	Train-accuracy=0.997917
2017-07-21 12:44:12,327 Epoch[97] Batch [40]	Speed: 84.42 samples/sec	Train-accuracy=0.993750
2017-07-21 12:44:13,905 Epoch[97] Train-accuracy=0.989583
2017-07-21 12:44:13,905 Epoch[97] Time cost=21.710
2017-07-21 12:44:14,002 Saved checkpoint to "../../models/pretrained-models/squeezenet-v1.1/squeezenet_v1.1-train-224-lr-0.001-momentum-0.9-0098.params"
2017-07-21 12:44:14,844 Epoch[97] Validation-accuracy=0.937500
2017-07-21 12:44:18,475 Epoch[98] Batch [10]	Speed: 143.43 samples/sec	Train-accuracy=0.988636
2017-07-21 12:44:21,642 Epoch[98] Batch [20]	Speed: 151.55 samples/sec	Train-accuracy=0.991667
2017-07-21 12:44:25,205 Epoch[98] Batch [30]	Speed: 134.75 samples/sec	Train-accuracy=0.991667
2017-07-21 12:44:28,829 Epoch[98] Batch [40]	Speed: 132.46 samples/sec	Train-accuracy=0.993750
2017-07-21 12:44:30,307 Epoch[98] Train-accuracy=0.983333
2017-07-21 12:44:30,308 Epoch[98] Time cost=15.463
2017-07-21 12:44:30,402 Saved checkpoint to "../../models/pretrained-models/squeezenet-v1.1/squeezenet_v1.1-train-224-lr-0.001-momentum-0.9-0099.params"
2017-07-21 12:44:30,939 Epoch[98] Validation-accuracy=0.947917
2017-07-21 12:44:34,907 Epoch[99] Batch [10]	Speed: 130.89 samples/sec	Train-accuracy=0.992424
2017-07-21 12:44:37,894 Epoch[99] Batch [20]	Speed: 160.72 samples/sec	Train-accuracy=0.991667
2017-07-21 12:44:41,282 Epoch[99] Batch [30]	Speed: 141.72 samples/sec	Train-accuracy=0.995833
2017-07-21 12:44:44,639 Epoch[99] Batch [40]	Speed: 143.01 samples/sec	Train-accuracy=0.987500
2017-07-21 12:44:45,817 Epoch[99] Train-accuracy=0.984375
2017-07-21 12:44:45,817 Epoch[99] Time cost=14.878
2017-07-21 12:44:45,911 Saved checkpoint to "../../models/pretrained-models/squeezenet-v1.1/squeezenet_v1.1-train-224-lr-0.001-momentum-0.9-0100.params"
2017-07-21 12:44:46,456 Epoch[99] Validation-accuracy=0.927083
