[inception-resnet-v2-50]
INFO:root:start with arguments Namespace(batch_size=24, benchmark=0, data_nthreads=4, data_train='../../data/ism-train_train.rec', data_val='../../data/ism-train_val.rec', disp_batches=20, dtype='float32', gpus='0,1,2', image_shape='3,224,224', kv_store='device', load_epoch=None, lr=0.01, lr_factor=0.1, lr_step_epochs='200,250', max_random_aspect_ratio=0, max_random_h=36, max_random_l=50, max_random_rotate_angle=0, max_random_s=50, max_random_scale=1, max_random_shear_ratio=0, min_random_scale=1, model_prefix='./models/inception-resnet-v2-50-train-224-lr-0.01/inception-resnet-v2-50-train-224-lr-0.01', mom=0.9, momentum=0.9, monitor=0, network='inception-resnet-v2', num_classes=2, num_epochs=150, num_examples=7804, num_layers=50, optimizer='sgd', pad_size=4, random_crop=1, random_mirror=1, rgb_mean='123.68,116.779,103.939', test_io=0, top_k=0, wd=0.0001)
[01:31:15] src/io/iter_image_recordio.cc:220: ImageRecordIOParser: ../../data/ism-train_train.rec, use 4 threads for decoding..
[01:31:16] src/io/iter_image_recordio.cc:220: ImageRecordIOParser: ../../data/ism-train_val.rec, use 4 threads for decoding..
[01:31:20] src/operator/./cudnn_convolution-inl.h:55: Running performance tests to find the best convolution algorithm, this can take a while... (setting env variable MXNET_CUDNN_AUTOTUNE_DEFAULT to 0 to disable)
INFO:root:Epoch[0] Batch [20]	Speed: 34.88 samples/sec	Train-accuracy=0.621032
INFO:root:Epoch[0] Batch [40]	Speed: 33.76 samples/sec	Train-accuracy=0.654167
INFO:root:Epoch[0] Batch [60]	Speed: 34.06 samples/sec	Train-accuracy=0.691667
INFO:root:Epoch[0] Batch [80]	Speed: 34.46 samples/sec	Train-accuracy=0.731250
INFO:root:Epoch[0] Train-accuracy=0.758333
INFO:root:Epoch[0] Time cost=68.783
INFO:root:Saved checkpoint to "./models/inception-resnet-v2-50-train-224-lr-0.01/inception-resnet-v2-50-train-224-lr-0.01-0001.params"
INFO:root:Epoch[0] Validation-accuracy=0.750000
INFO:root:Epoch[1] Batch [20]	Speed: 34.54 samples/sec	Train-accuracy=0.765873
INFO:root:Epoch[1] Batch [40]	Speed: 34.30 samples/sec	Train-accuracy=0.793750
INFO:root:Epoch[1] Batch [60]	Speed: 34.47 samples/sec	Train-accuracy=0.750000
INFO:root:Epoch[1] Batch [80]	Speed: 34.71 samples/sec	Train-accuracy=0.770833
INFO:root:Epoch[1] Train-accuracy=0.754167
INFO:root:Epoch[1] Time cost=62.856
INFO:root:Saved checkpoint to "./models/inception-resnet-v2-50-train-224-lr-0.01/inception-resnet-v2-50-train-224-lr-0.01-0002.params"
INFO:root:Epoch[1] Validation-accuracy=0.775000
INFO:root:Epoch[2] Batch [20]	Speed: 34.50 samples/sec	Train-accuracy=0.787698
INFO:root:Epoch[2] Batch [40]	Speed: 34.57 samples/sec	Train-accuracy=0.850000
INFO:root:Epoch[2] Batch [60]	Speed: 34.08 samples/sec	Train-accuracy=0.793750
INFO:root:Epoch[2] Batch [80]	Speed: 34.57 samples/sec	Train-accuracy=0.839583
INFO:root:Epoch[2] Train-accuracy=0.804167
INFO:root:Epoch[2] Time cost=62.927
INFO:root:Saved checkpoint to "./models/inception-resnet-v2-50-train-224-lr-0.01/inception-resnet-v2-50-train-224-lr-0.01-0003.params"
INFO:root:Epoch[2] Validation-accuracy=0.658333
INFO:root:Epoch[3] Batch [20]	Speed: 34.52 samples/sec	Train-accuracy=0.799603
INFO:root:Epoch[3] Batch [40]	Speed: 34.60 samples/sec	Train-accuracy=0.837500
INFO:root:Epoch[3] Batch [60]	Speed: 34.41 samples/sec	Train-accuracy=0.835417
INFO:root:Epoch[3] Batch [80]	Speed: 34.63 samples/sec	Train-accuracy=0.816667
INFO:root:Epoch[3] Train-accuracy=0.816667
INFO:root:Epoch[3] Time cost=62.840
INFO:root:Saved checkpoint to "./models/inception-resnet-v2-50-train-224-lr-0.01/inception-resnet-v2-50-train-224-lr-0.01-0004.params"
INFO:root:Epoch[3] Validation-accuracy=0.812500
INFO:root:Epoch[4] Batch [20]	Speed: 34.20 samples/sec	Train-accuracy=0.861111
INFO:root:Epoch[4] Batch [40]	Speed: 34.51 samples/sec	Train-accuracy=0.825000
INFO:root:Epoch[4] Batch [60]	Speed: 34.45 samples/sec	Train-accuracy=0.835417
INFO:root:Epoch[4] Batch [80]	Speed: 34.51 samples/sec	Train-accuracy=0.852083
INFO:root:Epoch[4] Train-accuracy=0.858333
INFO:root:Epoch[4] Time cost=62.983
INFO:root:Saved checkpoint to "./models/inception-resnet-v2-50-train-224-lr-0.01/inception-resnet-v2-50-train-224-lr-0.01-0005.params"
INFO:root:Epoch[4] Validation-accuracy=0.883333
INFO:root:Epoch[5] Batch [20]	Speed: 34.71 samples/sec	Train-accuracy=0.847222
INFO:root:Epoch[5] Batch [40]	Speed: 34.56 samples/sec	Train-accuracy=0.872917
INFO:root:Epoch[5] Batch [60]	Speed: 34.25 samples/sec	Train-accuracy=0.854167
INFO:root:Epoch[5] Batch [80]	Speed: 34.51 samples/sec	Train-accuracy=0.891667
INFO:root:Epoch[5] Train-accuracy=0.847222
INFO:root:Epoch[5] Time cost=62.123
INFO:root:Saved checkpoint to "./models/inception-resnet-v2-50-train-224-lr-0.01/inception-resnet-v2-50-train-224-lr-0.01-0006.params"
INFO:root:Epoch[5] Validation-accuracy=0.850000
INFO:root:Epoch[6] Batch [20]	Speed: 34.73 samples/sec	Train-accuracy=0.871032
INFO:root:Epoch[6] Batch [40]	Speed: 34.67 samples/sec	Train-accuracy=0.875000
INFO:root:Epoch[6] Batch [60]	Speed: 34.59 samples/sec	Train-accuracy=0.843750
INFO:root:Epoch[6] Batch [80]	Speed: 34.68 samples/sec	Train-accuracy=0.858333
INFO:root:Epoch[6] Train-accuracy=0.825000
INFO:root:Epoch[6] Time cost=62.864
INFO:root:Saved checkpoint to "./models/inception-resnet-v2-50-train-224-lr-0.01/inception-resnet-v2-50-train-224-lr-0.01-0007.params"
INFO:root:Epoch[6] Validation-accuracy=0.816667
INFO:root:Epoch[7] Batch [20]	Speed: 34.08 samples/sec	Train-accuracy=0.849206
INFO:root:Epoch[7] Batch [40]	Speed: 34.63 samples/sec	Train-accuracy=0.877083
INFO:root:Epoch[7] Batch [60]	Speed: 34.66 samples/sec	Train-accuracy=0.866667
INFO:root:Epoch[7] Batch [80]	Speed: 34.52 samples/sec	Train-accuracy=0.866667
INFO:root:Epoch[7] Train-accuracy=0.887500
INFO:root:Epoch[7] Time cost=62.883
INFO:root:Saved checkpoint to "./models/inception-resnet-v2-50-train-224-lr-0.01/inception-resnet-v2-50-train-224-lr-0.01-0008.params"
INFO:root:Epoch[7] Validation-accuracy=0.858333
INFO:root:Epoch[8] Batch [20]	Speed: 34.58 samples/sec	Train-accuracy=0.863095
INFO:root:Epoch[8] Batch [40]	Speed: 34.62 samples/sec	Train-accuracy=0.797917
INFO:root:Epoch[8] Batch [60]	Speed: 34.13 samples/sec	Train-accuracy=0.891667
INFO:root:Epoch[8] Batch [80]	Speed: 34.51 samples/sec	Train-accuracy=0.902083
INFO:root:Epoch[8] Train-accuracy=0.870833
INFO:root:Epoch[8] Time cost=62.944
INFO:root:Saved checkpoint to "./models/inception-resnet-v2-50-train-224-lr-0.01/inception-resnet-v2-50-train-224-lr-0.01-0009.params"
INFO:root:Epoch[8] Validation-accuracy=0.875000
INFO:root:Epoch[9] Batch [20]	Speed: 34.64 samples/sec	Train-accuracy=0.880952
INFO:root:Epoch[9] Batch [40]	Speed: 34.57 samples/sec	Train-accuracy=0.906250
INFO:root:Epoch[9] Batch [60]	Speed: 34.54 samples/sec	Train-accuracy=0.872917
INFO:root:Epoch[9] Batch [80]	Speed: 34.65 samples/sec	Train-accuracy=0.879167
INFO:root:Epoch[9] Train-accuracy=0.891667
INFO:root:Epoch[9] Time cost=62.633
INFO:root:Saved checkpoint to "./models/inception-resnet-v2-50-train-224-lr-0.01/inception-resnet-v2-50-train-224-lr-0.01-0010.params"
INFO:root:Epoch[9] Validation-accuracy=0.883333
INFO:root:Epoch[10] Batch [20]	Speed: 34.17 samples/sec	Train-accuracy=0.882937
INFO:root:Epoch[10] Batch [40]	Speed: 34.21 samples/sec	Train-accuracy=0.881250
INFO:root:Epoch[10] Batch [60]	Speed: 34.20 samples/sec	Train-accuracy=0.889583
INFO:root:Epoch[10] Batch [80]	Speed: 34.32 samples/sec	Train-accuracy=0.887500
INFO:root:Epoch[10] Train-accuracy=0.833333
INFO:root:Epoch[10] Time cost=63.395
INFO:root:Saved checkpoint to "./models/inception-resnet-v2-50-train-224-lr-0.01/inception-resnet-v2-50-train-224-lr-0.01-0011.params"
INFO:root:Epoch[10] Validation-accuracy=0.883333
INFO:root:Epoch[11] Batch [20]	Speed: 34.07 samples/sec	Train-accuracy=0.898810
INFO:root:Epoch[11] Batch [40]	Speed: 33.98 samples/sec	Train-accuracy=0.895833
INFO:root:Epoch[11] Batch [60]	Speed: 34.12 samples/sec	Train-accuracy=0.866667
INFO:root:Epoch[11] Batch [80]	Speed: 33.79 samples/sec	Train-accuracy=0.887500
INFO:root:Epoch[11] Train-accuracy=0.861111
INFO:root:Epoch[11] Time cost=63.092
INFO:root:Saved checkpoint to "./models/inception-resnet-v2-50-train-224-lr-0.01/inception-resnet-v2-50-train-224-lr-0.01-0012.params"
INFO:root:Epoch[11] Validation-accuracy=0.900000
INFO:root:Epoch[12] Batch [20]	Speed: 34.17 samples/sec	Train-accuracy=0.900794
INFO:root:Epoch[12] Batch [40]	Speed: 34.00 samples/sec	Train-accuracy=0.889583
INFO:root:Epoch[12] Batch [60]	Speed: 33.96 samples/sec	Train-accuracy=0.881250
INFO:root:Epoch[12] Batch [80]	Speed: 34.11 samples/sec	Train-accuracy=0.897917
INFO:root:Epoch[12] Train-accuracy=0.829167
INFO:root:Epoch[12] Time cost=64.001
INFO:root:Saved checkpoint to "./models/inception-resnet-v2-50-train-224-lr-0.01/inception-resnet-v2-50-train-224-lr-0.01-0013.params"
INFO:root:Epoch[12] Validation-accuracy=0.883333
INFO:root:Epoch[13] Batch [20]	Speed: 33.79 samples/sec	Train-accuracy=0.918651
INFO:root:Epoch[13] Batch [40]	Speed: 34.12 samples/sec	Train-accuracy=0.881250
INFO:root:Epoch[13] Batch [60]	Speed: 33.91 samples/sec	Train-accuracy=0.864583
INFO:root:Epoch[13] Batch [80]	Speed: 34.07 samples/sec	Train-accuracy=0.891667
INFO:root:Epoch[13] Train-accuracy=0.908333
INFO:root:Epoch[13] Time cost=63.768
INFO:root:Saved checkpoint to "./models/inception-resnet-v2-50-train-224-lr-0.01/inception-resnet-v2-50-train-224-lr-0.01-0014.params"
INFO:root:Epoch[13] Validation-accuracy=0.875000
INFO:root:Epoch[14] Batch [20]	Speed: 34.04 samples/sec	Train-accuracy=0.914683
INFO:root:Epoch[14] Batch [40]	Speed: 33.87 samples/sec	Train-accuracy=0.902083
INFO:root:Epoch[14] Batch [60]	Speed: 33.94 samples/sec	Train-accuracy=0.902083
INFO:root:Epoch[14] Batch [80]	Speed: 33.84 samples/sec	Train-accuracy=0.906250
INFO:root:Epoch[14] Train-accuracy=0.904167
INFO:root:Epoch[14] Time cost=63.890
INFO:root:Saved checkpoint to "./models/inception-resnet-v2-50-train-224-lr-0.01/inception-resnet-v2-50-train-224-lr-0.01-0015.params"
INFO:root:Epoch[14] Validation-accuracy=0.883333
INFO:root:Epoch[15] Batch [20]	Speed: 34.04 samples/sec	Train-accuracy=0.876984
INFO:root:Epoch[15] Batch [40]	Speed: 33.99 samples/sec	Train-accuracy=0.900000
INFO:root:Epoch[15] Batch [60]	Speed: 34.06 samples/sec	Train-accuracy=0.864583
INFO:root:Epoch[15] Batch [80]	Speed: 34.32 samples/sec	Train-accuracy=0.883333
INFO:root:Epoch[15] Train-accuracy=0.912500
INFO:root:Epoch[15] Time cost=63.433
INFO:root:Saved checkpoint to "./models/inception-resnet-v2-50-train-224-lr-0.01/inception-resnet-v2-50-train-224-lr-0.01-0016.params"
INFO:root:Epoch[15] Validation-accuracy=0.900000
INFO:root:Epoch[16] Batch [20]	Speed: 34.52 samples/sec	Train-accuracy=0.904762
INFO:root:Epoch[16] Batch [40]	Speed: 34.29 samples/sec	Train-accuracy=0.889583
INFO:root:Epoch[16] Batch [60]	Speed: 34.61 samples/sec	Train-accuracy=0.897917
INFO:root:Epoch[16] Batch [80]	Speed: 34.67 samples/sec	Train-accuracy=0.891667
INFO:root:Epoch[16] Train-accuracy=0.925000
INFO:root:Epoch[16] Time cost=62.813
INFO:root:Saved checkpoint to "./models/inception-resnet-v2-50-train-224-lr-0.01/inception-resnet-v2-50-train-224-lr-0.01-0017.params"
INFO:root:Epoch[16] Validation-accuracy=0.908333
INFO:root:Epoch[17] Batch [20]	Speed: 34.59 samples/sec	Train-accuracy=0.888889
INFO:root:Epoch[17] Batch [40]	Speed: 34.62 samples/sec	Train-accuracy=0.902083
INFO:root:Epoch[17] Batch [60]	Speed: 34.65 samples/sec	Train-accuracy=0.897917
INFO:root:Epoch[17] Batch [80]	Speed: 34.18 samples/sec	Train-accuracy=0.914583
INFO:root:Epoch[17] Train-accuracy=0.921296
INFO:root:Epoch[17] Time cost=62.126
INFO:root:Saved checkpoint to "./models/inception-resnet-v2-50-train-224-lr-0.01/inception-resnet-v2-50-train-224-lr-0.01-0018.params"
INFO:root:Epoch[17] Validation-accuracy=0.908333
INFO:root:Epoch[18] Batch [20]	Speed: 34.54 samples/sec	Train-accuracy=0.932540
INFO:root:Epoch[18] Batch [40]	Speed: 34.16 samples/sec	Train-accuracy=0.931250
INFO:root:Epoch[18] Batch [60]	Speed: 34.52 samples/sec	Train-accuracy=0.935417
INFO:root:Epoch[18] Batch [80]	Speed: 34.53 samples/sec	Train-accuracy=0.902083
INFO:root:Epoch[18] Train-accuracy=0.900000
INFO:root:Epoch[18] Time cost=63.270
INFO:root:Saved checkpoint to "./models/inception-resnet-v2-50-train-224-lr-0.01/inception-resnet-v2-50-train-224-lr-0.01-0019.params"
INFO:root:Epoch[18] Validation-accuracy=0.875000
INFO:root:Epoch[19] Batch [20]	Speed: 34.55 samples/sec	Train-accuracy=0.900794
INFO:root:Epoch[19] Batch [40]	Speed: 34.10 samples/sec	Train-accuracy=0.918750
INFO:root:Epoch[19] Batch [60]	Speed: 34.74 samples/sec	Train-accuracy=0.910417
INFO:root:Epoch[19] Batch [80]	Speed: 34.73 samples/sec	Train-accuracy=0.900000
INFO:root:Epoch[19] Train-accuracy=0.912500
INFO:root:Epoch[19] Time cost=62.802
INFO:root:Saved checkpoint to "./models/inception-resnet-v2-50-train-224-lr-0.01/inception-resnet-v2-50-train-224-lr-0.01-0020.params"
INFO:root:Epoch[19] Validation-accuracy=0.875000
INFO:root:Epoch[20] Batch [20]	Speed: 34.74 samples/sec	Train-accuracy=0.898810
INFO:root:Epoch[20] Batch [40]	Speed: 34.57 samples/sec	Train-accuracy=0.912500
INFO:root:Epoch[20] Batch [60]	Speed: 34.41 samples/sec	Train-accuracy=0.912500
INFO:root:Epoch[20] Batch [80]	Speed: 34.68 samples/sec	Train-accuracy=0.933333
INFO:root:Epoch[20] Train-accuracy=0.870833
INFO:root:Epoch[20] Time cost=62.790
INFO:root:Saved checkpoint to "./models/inception-resnet-v2-50-train-224-lr-0.01/inception-resnet-v2-50-train-224-lr-0.01-0021.params"
INFO:root:Epoch[20] Validation-accuracy=0.908333
INFO:root:Epoch[21] Batch [20]	Speed: 34.58 samples/sec	Train-accuracy=0.902778
INFO:root:Epoch[21] Batch [40]	Speed: 34.60 samples/sec	Train-accuracy=0.927083
INFO:root:Epoch[21] Batch [60]	Speed: 34.71 samples/sec	Train-accuracy=0.897917
INFO:root:Epoch[21] Batch [80]	Speed: 34.65 samples/sec	Train-accuracy=0.929167
INFO:root:Epoch[21] Train-accuracy=0.908333
INFO:root:Epoch[21] Time cost=62.632
INFO:root:Saved checkpoint to "./models/inception-resnet-v2-50-train-224-lr-0.01/inception-resnet-v2-50-train-224-lr-0.01-0022.params"
INFO:root:Epoch[21] Validation-accuracy=0.916667
INFO:root:Epoch[22] Batch [20]	Speed: 34.74 samples/sec	Train-accuracy=0.940476
INFO:root:Epoch[22] Batch [40]	Speed: 34.72 samples/sec	Train-accuracy=0.943750
INFO:root:Epoch[22] Batch [60]	Speed: 34.30 samples/sec	Train-accuracy=0.927083
INFO:root:Epoch[22] Batch [80]	Speed: 34.65 samples/sec	Train-accuracy=0.925000
INFO:root:Epoch[22] Train-accuracy=0.920833
INFO:root:Epoch[22] Time cost=62.648
INFO:root:Saved checkpoint to "./models/inception-resnet-v2-50-train-224-lr-0.01/inception-resnet-v2-50-train-224-lr-0.01-0023.params"
INFO:root:Epoch[22] Validation-accuracy=0.895833
INFO:root:Epoch[23] Batch [20]	Speed: 34.61 samples/sec	Train-accuracy=0.934524
INFO:root:Epoch[23] Batch [40]	Speed: 34.71 samples/sec	Train-accuracy=0.920833
INFO:root:Epoch[23] Batch [60]	Speed: 34.66 samples/sec	Train-accuracy=0.935417
INFO:root:Epoch[23] Batch [80]	Speed: 34.63 samples/sec	Train-accuracy=0.939583
INFO:root:Epoch[23] Train-accuracy=0.912037
INFO:root:Epoch[23] Time cost=61.893
INFO:root:Saved checkpoint to "./models/inception-resnet-v2-50-train-224-lr-0.01/inception-resnet-v2-50-train-224-lr-0.01-0024.params"
INFO:root:Epoch[23] Validation-accuracy=0.891667
INFO:root:Epoch[24] Batch [20]	Speed: 34.46 samples/sec	Train-accuracy=0.926587
INFO:root:Epoch[24] Batch [40]	Speed: 34.82 samples/sec	Train-accuracy=0.927083
INFO:root:Epoch[24] Batch [60]	Speed: 34.61 samples/sec	Train-accuracy=0.910417
INFO:root:Epoch[24] Batch [80]	Speed: 34.60 samples/sec	Train-accuracy=0.929167
INFO:root:Epoch[24] Train-accuracy=0.895833
INFO:root:Epoch[24] Time cost=62.903
INFO:root:Saved checkpoint to "./models/inception-resnet-v2-50-train-224-lr-0.01/inception-resnet-v2-50-train-224-lr-0.01-0025.params"
INFO:root:Epoch[24] Validation-accuracy=0.900000
INFO:root:Epoch[25] Batch [20]	Speed: 34.64 samples/sec	Train-accuracy=0.914683
INFO:root:Epoch[25] Batch [40]	Speed: 34.75 samples/sec	Train-accuracy=0.929167
INFO:root:Epoch[25] Batch [60]	Speed: 34.20 samples/sec	Train-accuracy=0.897917
INFO:root:Epoch[25] Batch [80]	Speed: 34.61 samples/sec	Train-accuracy=0.945833
INFO:root:Epoch[25] Train-accuracy=0.929167
INFO:root:Epoch[25] Time cost=62.733
INFO:root:Saved checkpoint to "./models/inception-resnet-v2-50-train-224-lr-0.01/inception-resnet-v2-50-train-224-lr-0.01-0026.params"
INFO:root:Epoch[25] Validation-accuracy=0.900000
INFO:root:Epoch[26] Batch [20]	Speed: 34.68 samples/sec	Train-accuracy=0.938492
INFO:root:Epoch[26] Batch [40]	Speed: 34.70 samples/sec	Train-accuracy=0.937500
INFO:root:Epoch[26] Batch [60]	Speed: 34.59 samples/sec	Train-accuracy=0.943750
INFO:root:Epoch[26] Batch [80]	Speed: 34.40 samples/sec	Train-accuracy=0.941667
INFO:root:Epoch[26] Train-accuracy=0.908333
INFO:root:Epoch[26] Time cost=62.664
INFO:root:Saved checkpoint to "./models/inception-resnet-v2-50-train-224-lr-0.01/inception-resnet-v2-50-train-224-lr-0.01-0027.params"
INFO:root:Epoch[26] Validation-accuracy=0.875000
INFO:root:Epoch[27] Batch [20]	Speed: 34.16 samples/sec	Train-accuracy=0.918651
INFO:root:Epoch[27] Batch [40]	Speed: 34.64 samples/sec	Train-accuracy=0.929167
INFO:root:Epoch[27] Batch [60]	Speed: 34.58 samples/sec	Train-accuracy=0.922917
INFO:root:Epoch[27] Batch [80]	Speed: 34.59 samples/sec	Train-accuracy=0.945833
INFO:root:Epoch[27] Train-accuracy=0.933333
INFO:root:Epoch[27] Time cost=62.820
INFO:root:Saved checkpoint to "./models/inception-resnet-v2-50-train-224-lr-0.01/inception-resnet-v2-50-train-224-lr-0.01-0028.params"
INFO:root:Epoch[27] Validation-accuracy=0.895833
INFO:root:Epoch[28] Batch [20]	Speed: 34.51 samples/sec	Train-accuracy=0.944444
INFO:root:Epoch[28] Batch [40]	Speed: 34.74 samples/sec	Train-accuracy=0.920833
INFO:root:Epoch[28] Batch [60]	Speed: 34.31 samples/sec	Train-accuracy=0.925000
INFO:root:Epoch[28] Batch [80]	Speed: 34.39 samples/sec	Train-accuracy=0.931250
INFO:root:Epoch[28] Train-accuracy=0.945833
INFO:root:Epoch[28] Time cost=62.851
INFO:root:Saved checkpoint to "./models/inception-resnet-v2-50-train-224-lr-0.01/inception-resnet-v2-50-train-224-lr-0.01-0029.params"
INFO:root:Epoch[28] Validation-accuracy=0.925000
INFO:root:Epoch[29] Batch [20]	Speed: 34.52 samples/sec	Train-accuracy=0.938492
INFO:root:Epoch[29] Batch [40]	Speed: 34.57 samples/sec	Train-accuracy=0.933333
INFO:root:Epoch[29] Batch [60]	Speed: 34.57 samples/sec	Train-accuracy=0.943750
INFO:root:Epoch[29] Batch [80]	Speed: 34.70 samples/sec	Train-accuracy=0.943750
INFO:root:Epoch[29] Train-accuracy=0.912037
INFO:root:Epoch[29] Time cost=62.001
INFO:root:Saved checkpoint to "./models/inception-resnet-v2-50-train-224-lr-0.01/inception-resnet-v2-50-train-224-lr-0.01-0030.params"
INFO:root:Epoch[29] Validation-accuracy=0.891667
INFO:root:Epoch[30] Batch [20]	Speed: 34.30 samples/sec	Train-accuracy=0.928571
INFO:root:Epoch[30] Batch [40]	Speed: 34.65 samples/sec	Train-accuracy=0.929167
INFO:root:Epoch[30] Batch [60]	Speed: 34.67 samples/sec	Train-accuracy=0.927083
INFO:root:Epoch[30] Batch [80]	Speed: 34.52 samples/sec	Train-accuracy=0.937500
INFO:root:Epoch[30] Train-accuracy=0.945833
INFO:root:Epoch[30] Time cost=63.101
INFO:root:Saved checkpoint to "./models/inception-resnet-v2-50-train-224-lr-0.01/inception-resnet-v2-50-train-224-lr-0.01-0031.params"
INFO:root:Epoch[30] Validation-accuracy=0.825000
INFO:root:Epoch[31] Batch [20]	Speed: 34.61 samples/sec	Train-accuracy=0.922619
INFO:root:Epoch[31] Batch [40]	Speed: 34.68 samples/sec	Train-accuracy=0.935417
INFO:root:Epoch[31] Batch [60]	Speed: 34.90 samples/sec	Train-accuracy=0.914583
INFO:root:Epoch[31] Batch [80]	Speed: 34.49 samples/sec	Train-accuracy=0.929167
INFO:root:Epoch[31] Train-accuracy=0.920833
INFO:root:Epoch[31] Time cost=62.588
INFO:root:Saved checkpoint to "./models/inception-resnet-v2-50-train-224-lr-0.01/inception-resnet-v2-50-train-224-lr-0.01-0032.params"
INFO:root:Epoch[31] Validation-accuracy=0.933333
INFO:root:Epoch[32] Batch [20]	Speed: 34.70 samples/sec	Train-accuracy=0.938492
INFO:root:Epoch[32] Batch [40]	Speed: 34.78 samples/sec	Train-accuracy=0.939583
INFO:root:Epoch[32] Batch [60]	Speed: 34.67 samples/sec	Train-accuracy=0.947917
INFO:root:Epoch[32] Batch [80]	Speed: 34.45 samples/sec	Train-accuracy=0.918750
INFO:root:Epoch[32] Train-accuracy=0.950000
INFO:root:Epoch[32] Time cost=62.568
INFO:root:Saved checkpoint to "./models/inception-resnet-v2-50-train-224-lr-0.01/inception-resnet-v2-50-train-224-lr-0.01-0033.params"
INFO:root:Epoch[32] Validation-accuracy=0.895833
INFO:root:Epoch[33] Batch [20]	Speed: 34.58 samples/sec	Train-accuracy=0.954365
INFO:root:Epoch[33] Batch [40]	Speed: 34.21 samples/sec	Train-accuracy=0.952083
INFO:root:Epoch[33] Batch [60]	Speed: 34.38 samples/sec	Train-accuracy=0.956250
INFO:root:Epoch[33] Batch [80]	Speed: 34.57 samples/sec	Train-accuracy=0.922917
INFO:root:Epoch[33] Train-accuracy=0.945833
INFO:root:Epoch[33] Time cost=62.901
INFO:root:Saved checkpoint to "./models/inception-resnet-v2-50-train-224-lr-0.01/inception-resnet-v2-50-train-224-lr-0.01-0034.params"
INFO:root:Epoch[33] Validation-accuracy=0.916667
INFO:root:Epoch[34] Batch [20]	Speed: 34.65 samples/sec	Train-accuracy=0.950397
INFO:root:Epoch[34] Batch [40]	Speed: 34.52 samples/sec	Train-accuracy=0.918750
INFO:root:Epoch[34] Batch [60]	Speed: 34.73 samples/sec	Train-accuracy=0.937500
INFO:root:Epoch[34] Batch [80]	Speed: 34.33 samples/sec	Train-accuracy=0.962500
INFO:root:Epoch[34] Train-accuracy=0.925000
INFO:root:Epoch[34] Time cost=62.728
INFO:root:Saved checkpoint to "./models/inception-resnet-v2-50-train-224-lr-0.01/inception-resnet-v2-50-train-224-lr-0.01-0035.params"
INFO:root:Epoch[34] Validation-accuracy=0.900000
INFO:root:Epoch[35] Batch [20]	Speed: 34.67 samples/sec	Train-accuracy=0.926587
INFO:root:Epoch[35] Batch [40]	Speed: 34.65 samples/sec	Train-accuracy=0.937500
INFO:root:Epoch[35] Batch [60]	Speed: 34.76 samples/sec	Train-accuracy=0.943750
INFO:root:Epoch[35] Batch [80]	Speed: 34.75 samples/sec	Train-accuracy=0.939583
INFO:root:Epoch[35] Train-accuracy=0.935185
INFO:root:Epoch[35] Time cost=61.781
INFO:root:Saved checkpoint to "./models/inception-resnet-v2-50-train-224-lr-0.01/inception-resnet-v2-50-train-224-lr-0.01-0036.params"
INFO:root:Epoch[35] Validation-accuracy=0.925000
INFO:root:Epoch[36] Batch [20]	Speed: 34.70 samples/sec	Train-accuracy=0.954365
INFO:root:Epoch[36] Batch [40]	Speed: 34.30 samples/sec	Train-accuracy=0.937500
INFO:root:Epoch[36] Batch [60]	Speed: 34.53 samples/sec	Train-accuracy=0.947917
INFO:root:Epoch[36] Batch [80]	Speed: 34.55 samples/sec	Train-accuracy=0.941667
INFO:root:Epoch[36] Train-accuracy=0.950000
INFO:root:Epoch[36] Time cost=63.130
INFO:root:Saved checkpoint to "./models/inception-resnet-v2-50-train-224-lr-0.01/inception-resnet-v2-50-train-224-lr-0.01-0037.params"
INFO:root:Epoch[36] Validation-accuracy=0.900000
INFO:root:Epoch[37] Batch [20]	Speed: 34.71 samples/sec	Train-accuracy=0.956349
INFO:root:Epoch[37] Batch [40]	Speed: 34.66 samples/sec	Train-accuracy=0.947917
INFO:root:Epoch[37] Batch [60]	Speed: 34.63 samples/sec	Train-accuracy=0.927083
INFO:root:Epoch[37] Batch [80]	Speed: 34.62 samples/sec	Train-accuracy=0.947917
INFO:root:Epoch[37] Train-accuracy=0.941667
INFO:root:Epoch[37] Time cost=62.687
INFO:root:Saved checkpoint to "./models/inception-resnet-v2-50-train-224-lr-0.01/inception-resnet-v2-50-train-224-lr-0.01-0038.params"
INFO:root:Epoch[37] Validation-accuracy=0.885417
INFO:root:Epoch[38] Batch [20]	Speed: 34.43 samples/sec	Train-accuracy=0.958333
INFO:root:Epoch[38] Batch [40]	Speed: 34.53 samples/sec	Train-accuracy=0.941667
INFO:root:Epoch[38] Batch [60]	Speed: 34.87 samples/sec	Train-accuracy=0.950000
INFO:root:Epoch[38] Batch [80]	Speed: 34.75 samples/sec	Train-accuracy=0.954167
INFO:root:Epoch[38] Train-accuracy=0.916667
INFO:root:Epoch[38] Time cost=62.592
INFO:root:Saved checkpoint to "./models/inception-resnet-v2-50-train-224-lr-0.01/inception-resnet-v2-50-train-224-lr-0.01-0039.params"
INFO:root:Epoch[38] Validation-accuracy=0.925000
INFO:root:Epoch[39] Batch [20]	Speed: 34.65 samples/sec	Train-accuracy=0.924603
INFO:root:Epoch[39] Batch [40]	Speed: 34.39 samples/sec	Train-accuracy=0.941667
INFO:root:Epoch[39] Batch [60]	Speed: 34.58 samples/sec	Train-accuracy=0.943750
INFO:root:Epoch[39] Batch [80]	Speed: 34.61 samples/sec	Train-accuracy=0.927083
INFO:root:Epoch[39] Train-accuracy=0.912500
INFO:root:Epoch[39] Time cost=62.707
INFO:root:Saved checkpoint to "./models/inception-resnet-v2-50-train-224-lr-0.01/inception-resnet-v2-50-train-224-lr-0.01-0040.params"
INFO:root:Epoch[39] Validation-accuracy=0.916667
INFO:root:Epoch[40] Batch [20]	Speed: 34.60 samples/sec	Train-accuracy=0.940476
INFO:root:Epoch[40] Batch [40]	Speed: 34.68 samples/sec	Train-accuracy=0.941667
INFO:root:Epoch[40] Batch [60]	Speed: 34.50 samples/sec	Train-accuracy=0.956250
INFO:root:Epoch[40] Batch [80]	Speed: 34.73 samples/sec	Train-accuracy=0.960417
INFO:root:Epoch[40] Train-accuracy=0.950000
INFO:root:Epoch[40] Time cost=62.625
INFO:root:Saved checkpoint to "./models/inception-resnet-v2-50-train-224-lr-0.01/inception-resnet-v2-50-train-224-lr-0.01-0041.params"
INFO:root:Epoch[40] Validation-accuracy=0.900000
INFO:root:Epoch[41] Batch [20]	Speed: 34.71 samples/sec	Train-accuracy=0.954365
INFO:root:Epoch[41] Batch [40]	Speed: 34.86 samples/sec	Train-accuracy=0.937500
INFO:root:Epoch[41] Batch [60]	Speed: 34.66 samples/sec	Train-accuracy=0.954167
INFO:root:Epoch[41] Batch [80]	Speed: 34.74 samples/sec	Train-accuracy=0.931250
INFO:root:Epoch[41] Train-accuracy=0.939815
INFO:root:Epoch[41] Time cost=61.762
INFO:root:Saved checkpoint to "./models/inception-resnet-v2-50-train-224-lr-0.01/inception-resnet-v2-50-train-224-lr-0.01-0042.params"
INFO:root:Epoch[41] Validation-accuracy=0.933333
INFO:root:Epoch[42] Batch [20]	Speed: 34.44 samples/sec	Train-accuracy=0.946429
INFO:root:Epoch[42] Batch [40]	Speed: 34.63 samples/sec	Train-accuracy=0.950000
INFO:root:Epoch[42] Batch [60]	Speed: 34.26 samples/sec	Train-accuracy=0.956250
INFO:root:Epoch[42] Batch [80]	Speed: 34.58 samples/sec	Train-accuracy=0.950000
INFO:root:Epoch[42] Train-accuracy=0.954167
INFO:root:Epoch[42] Time cost=63.171
INFO:root:Saved checkpoint to "./models/inception-resnet-v2-50-train-224-lr-0.01/inception-resnet-v2-50-train-224-lr-0.01-0043.params"
INFO:root:Epoch[42] Validation-accuracy=0.864583
INFO:root:Epoch[43] Batch [20]	Speed: 34.59 samples/sec	Train-accuracy=0.958333
INFO:root:Epoch[43] Batch [40]	Speed: 34.73 samples/sec	Train-accuracy=0.950000
INFO:root:Epoch[43] Batch [60]	Speed: 34.81 samples/sec	Train-accuracy=0.962500
INFO:root:Epoch[43] Batch [80]	Speed: 34.35 samples/sec	Train-accuracy=0.960417
INFO:root:Epoch[43] Train-accuracy=0.954167
INFO:root:Epoch[43] Time cost=62.630
INFO:root:Saved checkpoint to "./models/inception-resnet-v2-50-train-224-lr-0.01/inception-resnet-v2-50-train-224-lr-0.01-0044.params"
INFO:root:Epoch[43] Validation-accuracy=0.925000
INFO:root:Epoch[44] Batch [20]	Speed: 34.25 samples/sec	Train-accuracy=0.946429
INFO:root:Epoch[44] Batch [40]	Speed: 34.48 samples/sec	Train-accuracy=0.945833
INFO:root:Epoch[44] Batch [60]	Speed: 34.76 samples/sec	Train-accuracy=0.958333
INFO:root:Epoch[44] Batch [80]	Speed: 34.64 samples/sec	Train-accuracy=0.945833
INFO:root:Epoch[44] Train-accuracy=0.954167
INFO:root:Epoch[44] Time cost=62.755
INFO:root:Saved checkpoint to "./models/inception-resnet-v2-50-train-224-lr-0.01/inception-resnet-v2-50-train-224-lr-0.01-0045.params"
INFO:root:Epoch[44] Validation-accuracy=0.933333
INFO:root:Epoch[45] Batch [20]	Speed: 34.65 samples/sec	Train-accuracy=0.948413
INFO:root:Epoch[45] Batch [40]	Speed: 34.41 samples/sec	Train-accuracy=0.958333
INFO:root:Epoch[45] Batch [60]	Speed: 34.28 samples/sec	Train-accuracy=0.954167
INFO:root:Epoch[45] Batch [80]	Speed: 34.67 samples/sec	Train-accuracy=0.966667
INFO:root:Epoch[45] Train-accuracy=0.945833
INFO:root:Epoch[45] Time cost=62.810
INFO:root:Saved checkpoint to "./models/inception-resnet-v2-50-train-224-lr-0.01/inception-resnet-v2-50-train-224-lr-0.01-0046.params"
INFO:root:Epoch[45] Validation-accuracy=0.916667
INFO:root:Epoch[46] Batch [20]	Speed: 34.45 samples/sec	Train-accuracy=0.946429
INFO:root:Epoch[46] Batch [40]	Speed: 34.69 samples/sec	Train-accuracy=0.929167
INFO:root:Epoch[46] Batch [60]	Speed: 34.69 samples/sec	Train-accuracy=0.954167
INFO:root:Epoch[46] Batch [80]	Speed: 34.57 samples/sec	Train-accuracy=0.941667
INFO:root:Epoch[46] Train-accuracy=0.920833
INFO:root:Epoch[46] Time cost=62.641
INFO:root:Saved checkpoint to "./models/inception-resnet-v2-50-train-224-lr-0.01/inception-resnet-v2-50-train-224-lr-0.01-0047.params"
INFO:root:Epoch[46] Validation-accuracy=0.895833
INFO:root:Epoch[47] Batch [20]	Speed: 34.34 samples/sec	Train-accuracy=0.944444
INFO:root:Epoch[47] Batch [40]	Speed: 34.36 samples/sec	Train-accuracy=0.950000
INFO:root:Epoch[47] Batch [60]	Speed: 34.35 samples/sec	Train-accuracy=0.950000
INFO:root:Epoch[47] Batch [80]	Speed: 34.65 samples/sec	Train-accuracy=0.950000
INFO:root:Epoch[47] Train-accuracy=0.967593
INFO:root:Epoch[47] Time cost=62.280
INFO:root:Saved checkpoint to "./models/inception-resnet-v2-50-train-224-lr-0.01/inception-resnet-v2-50-train-224-lr-0.01-0048.params"
INFO:root:Epoch[47] Validation-accuracy=0.925000
INFO:root:Epoch[48] Batch [20]	Speed: 34.70 samples/sec	Train-accuracy=0.942460
INFO:root:Epoch[48] Batch [40]	Speed: 34.48 samples/sec	Train-accuracy=0.947917
INFO:root:Epoch[48] Batch [60]	Speed: 34.51 samples/sec	Train-accuracy=0.941667
INFO:root:Epoch[48] Batch [80]	Speed: 34.24 samples/sec	Train-accuracy=0.958333
INFO:root:Epoch[48] Train-accuracy=0.966667
INFO:root:Epoch[48] Time cost=63.146
INFO:root:Saved checkpoint to "./models/inception-resnet-v2-50-train-224-lr-0.01/inception-resnet-v2-50-train-224-lr-0.01-0049.params"
INFO:root:Epoch[48] Validation-accuracy=0.908333
INFO:root:Epoch[49] Batch [20]	Speed: 34.78 samples/sec	Train-accuracy=0.954365
INFO:root:Epoch[49] Batch [40]	Speed: 34.50 samples/sec	Train-accuracy=0.950000
INFO:root:Epoch[49] Batch [60]	Speed: 34.57 samples/sec	Train-accuracy=0.950000
INFO:root:Epoch[49] Batch [80]	Speed: 34.46 samples/sec	Train-accuracy=0.970833
INFO:root:Epoch[49] Train-accuracy=0.954167
INFO:root:Epoch[49] Time cost=62.685
INFO:root:Saved checkpoint to "./models/inception-resnet-v2-50-train-224-lr-0.01/inception-resnet-v2-50-train-224-lr-0.01-0050.params"
INFO:root:Epoch[49] Validation-accuracy=0.933333
INFO:root:Epoch[50] Batch [20]	Speed: 34.33 samples/sec	Train-accuracy=0.960317
INFO:root:Epoch[50] Batch [40]	Speed: 34.57 samples/sec	Train-accuracy=0.960417
INFO:root:Epoch[50] Batch [60]	Speed: 34.68 samples/sec	Train-accuracy=0.960417
INFO:root:Epoch[50] Batch [80]	Speed: 34.61 samples/sec	Train-accuracy=0.977083
INFO:root:Epoch[50] Train-accuracy=0.966667
INFO:root:Epoch[50] Time cost=62.701
INFO:root:Saved checkpoint to "./models/inception-resnet-v2-50-train-224-lr-0.01/inception-resnet-v2-50-train-224-lr-0.01-0051.params"
INFO:root:Epoch[50] Validation-accuracy=0.916667
INFO:root:Epoch[51] Batch [20]	Speed: 34.49 samples/sec	Train-accuracy=0.950397
INFO:root:Epoch[51] Batch [40]	Speed: 34.63 samples/sec	Train-accuracy=0.970833
INFO:root:Epoch[51] Batch [60]	Speed: 34.68 samples/sec	Train-accuracy=0.931250
INFO:root:Epoch[51] Batch [80]	Speed: 34.15 samples/sec	Train-accuracy=0.947917
INFO:root:Epoch[51] Train-accuracy=0.954167
INFO:root:Epoch[51] Time cost=62.877
INFO:root:Saved checkpoint to "./models/inception-resnet-v2-50-train-224-lr-0.01/inception-resnet-v2-50-train-224-lr-0.01-0052.params"
INFO:root:Epoch[51] Validation-accuracy=0.916667
INFO:root:Epoch[52] Batch [20]	Speed: 34.54 samples/sec	Train-accuracy=0.962302
INFO:root:Epoch[52] Batch [40]	Speed: 34.67 samples/sec	Train-accuracy=0.962500
INFO:root:Epoch[52] Batch [60]	Speed: 34.62 samples/sec	Train-accuracy=0.958333
INFO:root:Epoch[52] Batch [80]	Speed: 34.64 samples/sec	Train-accuracy=0.968750
INFO:root:Epoch[52] Train-accuracy=0.941667
INFO:root:Epoch[52] Time cost=62.612
INFO:root:Saved checkpoint to "./models/inception-resnet-v2-50-train-224-lr-0.01/inception-resnet-v2-50-train-224-lr-0.01-0053.params"
INFO:root:Epoch[52] Validation-accuracy=0.950000
INFO:root:Epoch[53] Batch [20]	Speed: 34.64 samples/sec	Train-accuracy=0.952381
INFO:root:Epoch[53] Batch [40]	Speed: 34.36 samples/sec	Train-accuracy=0.958333
INFO:root:Epoch[53] Batch [60]	Speed: 34.67 samples/sec	Train-accuracy=0.950000
INFO:root:Epoch[53] Batch [80]	Speed: 34.79 samples/sec	Train-accuracy=0.962500
INFO:root:Epoch[53] Train-accuracy=0.939815
INFO:root:Epoch[53] Time cost=61.944
INFO:root:Saved checkpoint to "./models/inception-resnet-v2-50-train-224-lr-0.01/inception-resnet-v2-50-train-224-lr-0.01-0054.params"
INFO:root:Epoch[53] Validation-accuracy=0.933333
INFO:root:Epoch[54] Batch [20]	Speed: 34.50 samples/sec	Train-accuracy=0.950397
INFO:root:Epoch[54] Batch [40]	Speed: 34.77 samples/sec	Train-accuracy=0.964583
INFO:root:Epoch[54] Batch [60]	Speed: 34.86 samples/sec	Train-accuracy=0.962500
INFO:root:Epoch[54] Batch [80]	Speed: 34.36 samples/sec	Train-accuracy=0.968750
INFO:root:Epoch[54] Train-accuracy=0.958333
INFO:root:Epoch[54] Time cost=62.998
INFO:root:Saved checkpoint to "./models/inception-resnet-v2-50-train-224-lr-0.01/inception-resnet-v2-50-train-224-lr-0.01-0055.params"
INFO:root:Epoch[54] Validation-accuracy=0.916667
INFO:root:Epoch[55] Batch [20]	Speed: 34.48 samples/sec	Train-accuracy=0.976190
INFO:root:Epoch[55] Batch [40]	Speed: 34.15 samples/sec	Train-accuracy=0.954167
INFO:root:Epoch[55] Batch [60]	Speed: 34.77 samples/sec	Train-accuracy=0.966667
INFO:root:Epoch[55] Batch [80]	Speed: 34.53 samples/sec	Train-accuracy=0.962500
INFO:root:Epoch[55] Train-accuracy=0.958333
INFO:root:Epoch[55] Time cost=62.831
INFO:root:Saved checkpoint to "./models/inception-resnet-v2-50-train-224-lr-0.01/inception-resnet-v2-50-train-224-lr-0.01-0056.params"
INFO:root:Epoch[55] Validation-accuracy=0.941667
INFO:root:Epoch[56] Batch [20]	Speed: 34.66 samples/sec	Train-accuracy=0.958333
INFO:root:Epoch[56] Batch [40]	Speed: 34.09 samples/sec	Train-accuracy=0.943750
INFO:root:Epoch[56] Batch [60]	Speed: 34.51 samples/sec	Train-accuracy=0.958333
INFO:root:Epoch[56] Batch [80]	Speed: 34.35 samples/sec	Train-accuracy=0.970833
INFO:root:Epoch[56] Train-accuracy=0.966667
INFO:root:Epoch[56] Time cost=63.062
INFO:root:Saved checkpoint to "./models/inception-resnet-v2-50-train-224-lr-0.01/inception-resnet-v2-50-train-224-lr-0.01-0057.params"
INFO:root:Epoch[56] Validation-accuracy=0.916667
INFO:root:Epoch[57] Batch [20]	Speed: 34.61 samples/sec	Train-accuracy=0.970238
INFO:root:Epoch[57] Batch [40]	Speed: 34.64 samples/sec	Train-accuracy=0.966667
INFO:root:Epoch[57] Batch [60]	Speed: 34.64 samples/sec	Train-accuracy=0.962500
INFO:root:Epoch[57] Batch [80]	Speed: 34.22 samples/sec	Train-accuracy=0.975000
INFO:root:Epoch[57] Train-accuracy=0.933333
INFO:root:Epoch[57] Time cost=62.776
INFO:root:Saved checkpoint to "./models/inception-resnet-v2-50-train-224-lr-0.01/inception-resnet-v2-50-train-224-lr-0.01-0058.params"
INFO:root:Epoch[57] Validation-accuracy=0.925000
INFO:root:Epoch[58] Batch [20]	Speed: 34.47 samples/sec	Train-accuracy=0.940476
INFO:root:Epoch[58] Batch [40]	Speed: 34.75 samples/sec	Train-accuracy=0.964583
INFO:root:Epoch[58] Batch [60]	Speed: 34.73 samples/sec	Train-accuracy=0.952083
INFO:root:Epoch[58] Batch [80]	Speed: 34.69 samples/sec	Train-accuracy=0.966667
INFO:root:Epoch[58] Train-accuracy=0.941667
INFO:root:Epoch[58] Time cost=62.525
INFO:root:Saved checkpoint to "./models/inception-resnet-v2-50-train-224-lr-0.01/inception-resnet-v2-50-train-224-lr-0.01-0059.params"
INFO:root:Epoch[58] Validation-accuracy=0.916667
INFO:root:Epoch[59] Batch [20]	Speed: 34.60 samples/sec	Train-accuracy=0.962302
INFO:root:Epoch[59] Batch [40]	Speed: 34.21 samples/sec	Train-accuracy=0.954167
INFO:root:Epoch[59] Batch [60]	Speed: 34.65 samples/sec	Train-accuracy=0.970833
INFO:root:Epoch[59] Batch [80]	Speed: 34.54 samples/sec	Train-accuracy=0.962500
INFO:root:Epoch[59] Train-accuracy=0.958333
INFO:root:Epoch[59] Time cost=62.132
INFO:root:Saved checkpoint to "./models/inception-resnet-v2-50-train-224-lr-0.01/inception-resnet-v2-50-train-224-lr-0.01-0060.params"
INFO:root:Epoch[59] Validation-accuracy=0.950000
INFO:root:Epoch[60] Batch [20]	Speed: 34.31 samples/sec	Train-accuracy=0.942460
INFO:root:Epoch[60] Batch [40]	Speed: 34.69 samples/sec	Train-accuracy=0.960417
INFO:root:Epoch[60] Batch [60]	Speed: 34.76 samples/sec	Train-accuracy=0.964583
INFO:root:Epoch[60] Batch [80]	Speed: 34.62 samples/sec	Train-accuracy=0.970833
INFO:root:Epoch[60] Train-accuracy=0.983333
INFO:root:Epoch[60] Time cost=63.013
INFO:root:Saved checkpoint to "./models/inception-resnet-v2-50-train-224-lr-0.01/inception-resnet-v2-50-train-224-lr-0.01-0061.params"
INFO:root:Epoch[60] Validation-accuracy=0.941667
INFO:root:Epoch[61] Batch [20]	Speed: 34.57 samples/sec	Train-accuracy=0.966270
INFO:root:Epoch[61] Batch [40]	Speed: 34.80 samples/sec	Train-accuracy=0.960417
INFO:root:Epoch[61] Batch [60]	Speed: 34.56 samples/sec	Train-accuracy=0.964583
INFO:root:Epoch[61] Batch [80]	Speed: 34.49 samples/sec	Train-accuracy=0.987500
INFO:root:Epoch[61] Train-accuracy=0.975000
INFO:root:Epoch[61] Time cost=62.650
INFO:root:Saved checkpoint to "./models/inception-resnet-v2-50-train-224-lr-0.01/inception-resnet-v2-50-train-224-lr-0.01-0062.params"
INFO:root:Epoch[61] Validation-accuracy=0.927083
INFO:root:Epoch[62] Batch [20]	Speed: 34.67 samples/sec	Train-accuracy=0.974206
INFO:root:Epoch[62] Batch [40]	Speed: 34.63 samples/sec	Train-accuracy=0.960417
INFO:root:Epoch[62] Batch [60]	Speed: 34.37 samples/sec	Train-accuracy=0.962500
INFO:root:Epoch[62] Batch [80]	Speed: 34.58 samples/sec	Train-accuracy=0.960417
INFO:root:Epoch[62] Train-accuracy=0.970833
INFO:root:Epoch[62] Time cost=62.678
INFO:root:Saved checkpoint to "./models/inception-resnet-v2-50-train-224-lr-0.01/inception-resnet-v2-50-train-224-lr-0.01-0063.params"
INFO:root:Epoch[62] Validation-accuracy=0.883333
INFO:root:Epoch[63] Batch [20]	Speed: 34.60 samples/sec	Train-accuracy=0.960317
INFO:root:Epoch[63] Batch [40]	Speed: 34.74 samples/sec	Train-accuracy=0.954167
INFO:root:Epoch[63] Batch [60]	Speed: 34.68 samples/sec	Train-accuracy=0.960417
INFO:root:Epoch[63] Batch [80]	Speed: 34.60 samples/sec	Train-accuracy=0.979167
INFO:root:Epoch[63] Train-accuracy=0.983333
INFO:root:Epoch[63] Time cost=62.504
INFO:root:Saved checkpoint to "./models/inception-resnet-v2-50-train-224-lr-0.01/inception-resnet-v2-50-train-224-lr-0.01-0064.params"
INFO:root:Epoch[63] Validation-accuracy=0.941667
INFO:root:Epoch[64] Batch [20]	Speed: 34.18 samples/sec	Train-accuracy=0.972222
INFO:root:Epoch[64] Batch [40]	Speed: 34.72 samples/sec	Train-accuracy=0.966667
INFO:root:Epoch[64] Batch [60]	Speed: 34.53 samples/sec	Train-accuracy=0.939583
INFO:root:Epoch[64] Batch [80]	Speed: 34.63 samples/sec	Train-accuracy=0.954167
INFO:root:Epoch[64] Train-accuracy=0.966667
INFO:root:Epoch[64] Time cost=62.740
INFO:root:Saved checkpoint to "./models/inception-resnet-v2-50-train-224-lr-0.01/inception-resnet-v2-50-train-224-lr-0.01-0065.params"
INFO:root:Epoch[64] Validation-accuracy=0.925000
INFO:root:Epoch[65] Batch [20]	Speed: 34.83 samples/sec	Train-accuracy=0.964286
INFO:root:Epoch[65] Batch [40]	Speed: 34.78 samples/sec	Train-accuracy=0.958333
INFO:root:Epoch[65] Batch [60]	Speed: 34.16 samples/sec	Train-accuracy=0.970833
INFO:root:Epoch[65] Batch [80]	Speed: 34.51 samples/sec	Train-accuracy=0.972917
INFO:root:Epoch[65] Train-accuracy=0.958333
INFO:root:Epoch[65] Time cost=61.976
INFO:root:Saved checkpoint to "./models/inception-resnet-v2-50-train-224-lr-0.01/inception-resnet-v2-50-train-224-lr-0.01-0066.params"
INFO:root:Epoch[65] Validation-accuracy=0.925000
INFO:root:Epoch[66] Batch [20]	Speed: 34.47 samples/sec	Train-accuracy=0.964286
INFO:root:Epoch[66] Batch [40]	Speed: 34.88 samples/sec	Train-accuracy=0.956250
INFO:root:Epoch[66] Batch [60]	Speed: 34.61 samples/sec	Train-accuracy=0.966667
INFO:root:Epoch[66] Batch [80]	Speed: 34.69 samples/sec	Train-accuracy=0.975000
INFO:root:Epoch[66] Train-accuracy=0.975000
INFO:root:Epoch[66] Time cost=62.881
INFO:root:Saved checkpoint to "./models/inception-resnet-v2-50-train-224-lr-0.01/inception-resnet-v2-50-train-224-lr-0.01-0067.params"
INFO:root:Epoch[66] Validation-accuracy=0.906250
INFO:root:Epoch[67] Batch [20]	Speed: 34.24 samples/sec	Train-accuracy=0.970238
INFO:root:Epoch[67] Batch [40]	Speed: 34.56 samples/sec	Train-accuracy=0.975000
INFO:root:Epoch[67] Batch [60]	Speed: 34.55 samples/sec	Train-accuracy=0.966667
INFO:root:Epoch[67] Batch [80]	Speed: 34.56 samples/sec	Train-accuracy=0.958333
INFO:root:Epoch[67] Train-accuracy=0.975000
INFO:root:Epoch[67] Time cost=62.830
INFO:root:Saved checkpoint to "./models/inception-resnet-v2-50-train-224-lr-0.01/inception-resnet-v2-50-train-224-lr-0.01-0068.params"
INFO:root:Epoch[67] Validation-accuracy=0.933333
INFO:root:Epoch[68] Batch [20]	Speed: 34.66 samples/sec	Train-accuracy=0.968254
INFO:root:Epoch[68] Batch [40]	Speed: 34.41 samples/sec	Train-accuracy=0.972917
INFO:root:Epoch[68] Batch [60]	Speed: 34.54 samples/sec	Train-accuracy=0.977083
INFO:root:Epoch[68] Batch [80]	Speed: 34.37 samples/sec	Train-accuracy=0.964583
INFO:root:Epoch[68] Train-accuracy=0.975000
INFO:root:Epoch[68] Time cost=62.774
INFO:root:Saved checkpoint to "./models/inception-resnet-v2-50-train-224-lr-0.01/inception-resnet-v2-50-train-224-lr-0.01-0069.params"
INFO:root:Epoch[68] Validation-accuracy=0.933333
INFO:root:Epoch[69] Batch [20]	Speed: 34.76 samples/sec	Train-accuracy=0.960317
INFO:root:Epoch[69] Batch [40]	Speed: 34.71 samples/sec	Train-accuracy=0.975000
INFO:root:Epoch[69] Batch [60]	Speed: 34.78 samples/sec	Train-accuracy=0.983333
INFO:root:Epoch[69] Batch [80]	Speed: 34.34 samples/sec	Train-accuracy=0.975000
INFO:root:Epoch[69] Train-accuracy=0.979167
INFO:root:Epoch[69] Time cost=62.587
INFO:root:Saved checkpoint to "./models/inception-resnet-v2-50-train-224-lr-0.01/inception-resnet-v2-50-train-224-lr-0.01-0070.params"
INFO:root:Epoch[69] Validation-accuracy=0.933333
INFO:root:Epoch[70] Batch [20]	Speed: 34.39 samples/sec	Train-accuracy=0.968254
INFO:root:Epoch[70] Batch [40]	Speed: 34.60 samples/sec	Train-accuracy=0.987500
INFO:root:Epoch[70] Batch [60]	Speed: 34.69 samples/sec	Train-accuracy=0.989583
INFO:root:Epoch[70] Batch [80]	Speed: 34.74 samples/sec	Train-accuracy=0.987500
INFO:root:Epoch[70] Train-accuracy=0.975000
INFO:root:Epoch[70] Time cost=62.593
INFO:root:Saved checkpoint to "./models/inception-resnet-v2-50-train-224-lr-0.01/inception-resnet-v2-50-train-224-lr-0.01-0071.params"
INFO:root:Epoch[70] Validation-accuracy=0.916667
INFO:root:Epoch[71] Batch [20]	Speed: 34.56 samples/sec	Train-accuracy=0.974206
INFO:root:Epoch[71] Batch [40]	Speed: 34.70 samples/sec	Train-accuracy=0.977083
INFO:root:Epoch[71] Batch [60]	Speed: 34.64 samples/sec	Train-accuracy=0.947917
INFO:root:Epoch[71] Batch [80]	Speed: 34.61 samples/sec	Train-accuracy=0.966667
INFO:root:Epoch[71] Train-accuracy=0.972222
INFO:root:Epoch[71] Time cost=61.930
INFO:root:Saved checkpoint to "./models/inception-resnet-v2-50-train-224-lr-0.01/inception-resnet-v2-50-train-224-lr-0.01-0072.params"
INFO:root:Epoch[71] Validation-accuracy=0.916667
INFO:root:Epoch[72] Batch [20]	Speed: 34.34 samples/sec	Train-accuracy=0.974206
INFO:root:Epoch[72] Batch [40]	Speed: 34.66 samples/sec	Train-accuracy=0.968750
INFO:root:Epoch[72] Batch [60]	Speed: 34.86 samples/sec	Train-accuracy=0.968750
INFO:root:Epoch[72] Batch [80]	Speed: 34.50 samples/sec	Train-accuracy=0.972917
INFO:root:Epoch[72] Train-accuracy=0.970833
INFO:root:Epoch[72] Time cost=63.023
INFO:root:Saved checkpoint to "./models/inception-resnet-v2-50-train-224-lr-0.01/inception-resnet-v2-50-train-224-lr-0.01-0073.params"
INFO:root:Epoch[72] Validation-accuracy=0.933333
INFO:root:Epoch[73] Batch [20]	Speed: 34.31 samples/sec	Train-accuracy=0.970238
INFO:root:Epoch[73] Batch [40]	Speed: 34.51 samples/sec	Train-accuracy=0.977083
INFO:root:Epoch[73] Batch [60]	Speed: 34.61 samples/sec	Train-accuracy=0.966667
INFO:root:Epoch[73] Batch [80]	Speed: 34.62 samples/sec	Train-accuracy=0.970833
INFO:root:Epoch[73] Train-accuracy=0.979167
INFO:root:Epoch[73] Time cost=62.729
INFO:root:Saved checkpoint to "./models/inception-resnet-v2-50-train-224-lr-0.01/inception-resnet-v2-50-train-224-lr-0.01-0074.params"
INFO:root:Epoch[73] Validation-accuracy=0.933333
INFO:root:Epoch[74] Batch [20]	Speed: 34.54 samples/sec	Train-accuracy=0.976190
INFO:root:Epoch[74] Batch [40]	Speed: 34.43 samples/sec	Train-accuracy=0.981250
INFO:root:Epoch[74] Batch [60]	Speed: 34.75 samples/sec	Train-accuracy=0.983333
INFO:root:Epoch[74] Batch [80]	Speed: 34.26 samples/sec	Train-accuracy=0.972917
INFO:root:Epoch[74] Train-accuracy=0.962500
INFO:root:Epoch[74] Time cost=62.859
INFO:root:Saved checkpoint to "./models/inception-resnet-v2-50-train-224-lr-0.01/inception-resnet-v2-50-train-224-lr-0.01-0075.params"
INFO:root:Epoch[74] Validation-accuracy=0.916667
INFO:root:Epoch[75] Batch [20]	Speed: 34.38 samples/sec	Train-accuracy=0.976190
INFO:root:Epoch[75] Batch [40]	Speed: 34.57 samples/sec	Train-accuracy=0.983333
INFO:root:Epoch[75] Batch [60]	Speed: 34.65 samples/sec	Train-accuracy=0.977083
INFO:root:Epoch[75] Batch [80]	Speed: 34.52 samples/sec	Train-accuracy=0.979167
INFO:root:Epoch[75] Train-accuracy=0.975000
INFO:root:Epoch[75] Time cost=62.746
INFO:root:Saved checkpoint to "./models/inception-resnet-v2-50-train-224-lr-0.01/inception-resnet-v2-50-train-224-lr-0.01-0076.params"
INFO:root:Epoch[75] Validation-accuracy=0.927083
INFO:root:Epoch[76] Batch [20]	Speed: 34.21 samples/sec	Train-accuracy=0.978175
INFO:root:Epoch[76] Batch [40]	Speed: 34.44 samples/sec	Train-accuracy=0.979167
INFO:root:Epoch[76] Batch [60]	Speed: 34.59 samples/sec	Train-accuracy=0.964583
INFO:root:Epoch[76] Batch [80]	Speed: 34.51 samples/sec	Train-accuracy=0.964583
INFO:root:Epoch[76] Train-accuracy=0.970833
INFO:root:Epoch[76] Time cost=62.953
INFO:root:Saved checkpoint to "./models/inception-resnet-v2-50-train-224-lr-0.01/inception-resnet-v2-50-train-224-lr-0.01-0077.params"
INFO:root:Epoch[76] Validation-accuracy=0.925000
INFO:root:Epoch[77] Batch [20]	Speed: 34.62 samples/sec	Train-accuracy=0.966270
INFO:root:Epoch[77] Batch [40]	Speed: 34.54 samples/sec	Train-accuracy=0.968750
INFO:root:Epoch[77] Batch [60]	Speed: 34.77 samples/sec	Train-accuracy=0.981250
INFO:root:Epoch[77] Batch [80]	Speed: 34.02 samples/sec	Train-accuracy=0.987500
INFO:root:Epoch[77] Train-accuracy=0.981481
INFO:root:Epoch[77] Time cost=62.112
INFO:root:Saved checkpoint to "./models/inception-resnet-v2-50-train-224-lr-0.01/inception-resnet-v2-50-train-224-lr-0.01-0078.params"
INFO:root:Epoch[77] Validation-accuracy=0.933333
INFO:root:Epoch[78] Batch [20]	Speed: 34.70 samples/sec	Train-accuracy=0.976190
INFO:root:Epoch[78] Batch [40]	Speed: 34.85 samples/sec	Train-accuracy=0.972917
INFO:root:Epoch[78] Batch [60]	Speed: 34.63 samples/sec	Train-accuracy=0.985417
INFO:root:Epoch[78] Batch [80]	Speed: 34.67 samples/sec	Train-accuracy=0.981250
INFO:root:Epoch[78] Train-accuracy=0.983333
INFO:root:Epoch[78] Time cost=62.771
INFO:root:Saved checkpoint to "./models/inception-resnet-v2-50-train-224-lr-0.01/inception-resnet-v2-50-train-224-lr-0.01-0079.params"
INFO:root:Epoch[78] Validation-accuracy=0.950000
INFO:root:Epoch[79] Batch [20]	Speed: 34.59 samples/sec	Train-accuracy=0.982143
INFO:root:Epoch[79] Batch [40]	Speed: 34.24 samples/sec	Train-accuracy=0.975000
INFO:root:Epoch[79] Batch [60]	Speed: 34.74 samples/sec	Train-accuracy=0.989583
INFO:root:Epoch[79] Batch [80]	Speed: 34.69 samples/sec	Train-accuracy=0.975000
INFO:root:Epoch[79] Train-accuracy=0.991667
INFO:root:Epoch[79] Time cost=62.717
INFO:root:Saved checkpoint to "./models/inception-resnet-v2-50-train-224-lr-0.01/inception-resnet-v2-50-train-224-lr-0.01-0080.params"
INFO:root:Epoch[79] Validation-accuracy=0.950000
INFO:root:Epoch[80] Batch [20]	Speed: 34.68 samples/sec	Train-accuracy=0.980159
INFO:root:Epoch[80] Batch [40]	Speed: 34.69 samples/sec	Train-accuracy=0.972917
INFO:root:Epoch[80] Batch [60]	Speed: 34.67 samples/sec	Train-accuracy=0.983333
INFO:root:Epoch[80] Batch [80]	Speed: 34.36 samples/sec	Train-accuracy=0.970833
INFO:root:Epoch[80] Train-accuracy=0.987500
INFO:root:Epoch[80] Time cost=62.659
INFO:root:Saved checkpoint to "./models/inception-resnet-v2-50-train-224-lr-0.01/inception-resnet-v2-50-train-224-lr-0.01-0081.params"
INFO:root:Epoch[80] Validation-accuracy=0.895833
INFO:root:Epoch[81] Batch [20]	Speed: 34.55 samples/sec	Train-accuracy=0.974206
INFO:root:Epoch[81] Batch [40]	Speed: 34.79 samples/sec	Train-accuracy=0.968750
INFO:root:Epoch[81] Batch [60]	Speed: 34.74 samples/sec	Train-accuracy=0.983333
INFO:root:Epoch[81] Batch [80]	Speed: 34.81 samples/sec	Train-accuracy=0.977083
INFO:root:Epoch[81] Train-accuracy=0.975000
INFO:root:Epoch[81] Time cost=62.413
INFO:root:Saved checkpoint to "./models/inception-resnet-v2-50-train-224-lr-0.01/inception-resnet-v2-50-train-224-lr-0.01-0082.params"
INFO:root:Epoch[81] Validation-accuracy=0.900000
INFO:root:Epoch[82] Batch [20]	Speed: 34.66 samples/sec	Train-accuracy=0.980159
INFO:root:Epoch[82] Batch [40]	Speed: 34.45 samples/sec	Train-accuracy=0.985417
INFO:root:Epoch[82] Batch [60]	Speed: 34.79 samples/sec	Train-accuracy=0.977083
INFO:root:Epoch[82] Batch [80]	Speed: 34.44 samples/sec	Train-accuracy=0.941667
INFO:root:Epoch[82] Train-accuracy=0.962500
INFO:root:Epoch[82] Time cost=62.688
INFO:root:Saved checkpoint to "./models/inception-resnet-v2-50-train-224-lr-0.01/inception-resnet-v2-50-train-224-lr-0.01-0083.params"
INFO:root:Epoch[82] Validation-accuracy=0.925000
INFO:root:Epoch[83] Batch [20]	Speed: 34.61 samples/sec	Train-accuracy=0.974206
INFO:root:Epoch[83] Batch [40]	Speed: 34.57 samples/sec	Train-accuracy=0.968750
INFO:root:Epoch[83] Batch [60]	Speed: 34.62 samples/sec	Train-accuracy=0.975000
INFO:root:Epoch[83] Batch [80]	Speed: 34.54 samples/sec	Train-accuracy=0.981250
INFO:root:Epoch[83] Train-accuracy=0.976852
INFO:root:Epoch[83] Time cost=62.068
INFO:root:Saved checkpoint to "./models/inception-resnet-v2-50-train-224-lr-0.01/inception-resnet-v2-50-train-224-lr-0.01-0084.params"
INFO:root:Epoch[83] Validation-accuracy=0.925000
INFO:root:Epoch[84] Batch [20]	Speed: 34.29 samples/sec	Train-accuracy=0.972222
INFO:root:Epoch[84] Batch [40]	Speed: 34.77 samples/sec	Train-accuracy=0.970833
INFO:root:Epoch[84] Batch [60]	Speed: 34.71 samples/sec	Train-accuracy=0.989583
INFO:root:Epoch[84] Batch [80]	Speed: 34.59 samples/sec	Train-accuracy=0.989583
INFO:root:Epoch[84] Train-accuracy=0.966667
INFO:root:Epoch[84] Time cost=62.980
INFO:root:Saved checkpoint to "./models/inception-resnet-v2-50-train-224-lr-0.01/inception-resnet-v2-50-train-224-lr-0.01-0085.params"
INFO:root:Epoch[84] Validation-accuracy=0.933333
INFO:root:Epoch[85] Batch [20]	Speed: 34.58 samples/sec	Train-accuracy=0.980159
INFO:root:Epoch[85] Batch [40]	Speed: 34.55 samples/sec	Train-accuracy=0.975000
INFO:root:Epoch[85] Batch [60]	Speed: 34.52 samples/sec	Train-accuracy=0.979167
INFO:root:Epoch[85] Batch [80]	Speed: 34.43 samples/sec	Train-accuracy=0.987500
INFO:root:Epoch[85] Train-accuracy=0.991667
INFO:root:Epoch[85] Time cost=62.792
INFO:root:Saved checkpoint to "./models/inception-resnet-v2-50-train-224-lr-0.01/inception-resnet-v2-50-train-224-lr-0.01-0086.params"
INFO:root:Epoch[85] Validation-accuracy=0.927083
INFO:root:Epoch[86] Batch [20]	Speed: 34.56 samples/sec	Train-accuracy=0.986111
INFO:root:Epoch[86] Batch [40]	Speed: 34.35 samples/sec	Train-accuracy=0.979167
INFO:root:Epoch[86] Batch [60]	Speed: 34.23 samples/sec	Train-accuracy=0.985417
INFO:root:Epoch[86] Batch [80]	Speed: 34.50 samples/sec	Train-accuracy=0.995833
INFO:root:Epoch[86] Train-accuracy=0.991667
INFO:root:Epoch[86] Time cost=63.112
INFO:root:Saved checkpoint to "./models/inception-resnet-v2-50-train-224-lr-0.01/inception-resnet-v2-50-train-224-lr-0.01-0087.params"
INFO:root:Epoch[86] Validation-accuracy=0.941667
INFO:root:Epoch[87] Batch [20]	Speed: 34.50 samples/sec	Train-accuracy=0.982143
INFO:root:Epoch[87] Batch [40]	Speed: 34.28 samples/sec	Train-accuracy=0.981250
INFO:root:Epoch[87] Batch [60]	Speed: 34.64 samples/sec	Train-accuracy=0.983333
INFO:root:Epoch[87] Batch [80]	Speed: 34.43 samples/sec	Train-accuracy=0.989583
INFO:root:Epoch[87] Train-accuracy=0.987500
INFO:root:Epoch[87] Time cost=62.829
INFO:root:Saved checkpoint to "./models/inception-resnet-v2-50-train-224-lr-0.01/inception-resnet-v2-50-train-224-lr-0.01-0088.params"
INFO:root:Epoch[87] Validation-accuracy=0.950000
INFO:root:Epoch[88] Batch [20]	Speed: 34.69 samples/sec	Train-accuracy=0.984127
INFO:root:Epoch[88] Batch [40]	Speed: 34.59 samples/sec	Train-accuracy=0.970833
INFO:root:Epoch[88] Batch [60]	Speed: 34.30 samples/sec	Train-accuracy=0.970833
INFO:root:Epoch[88] Batch [80]	Speed: 34.28 samples/sec	Train-accuracy=0.989583
INFO:root:Epoch[88] Train-accuracy=0.970833
INFO:root:Epoch[88] Time cost=62.870
INFO:root:Saved checkpoint to "./models/inception-resnet-v2-50-train-224-lr-0.01/inception-resnet-v2-50-train-224-lr-0.01-0089.params"
INFO:root:Epoch[88] Validation-accuracy=0.941667
INFO:root:Epoch[89] Batch [20]	Speed: 34.50 samples/sec	Train-accuracy=0.982143
INFO:root:Epoch[89] Batch [40]	Speed: 34.66 samples/sec	Train-accuracy=0.985417
INFO:root:Epoch[89] Batch [60]	Speed: 34.62 samples/sec	Train-accuracy=0.972917
INFO:root:Epoch[89] Batch [80]	Speed: 34.59 samples/sec	Train-accuracy=0.985417
INFO:root:Epoch[89] Train-accuracy=0.967593
INFO:root:Epoch[89] Time cost=61.967
INFO:root:Saved checkpoint to "./models/inception-resnet-v2-50-train-224-lr-0.01/inception-resnet-v2-50-train-224-lr-0.01-0090.params"
INFO:root:Epoch[89] Validation-accuracy=0.933333
INFO:root:Epoch[90] Batch [20]	Speed: 34.51 samples/sec	Train-accuracy=0.976190
INFO:root:Epoch[90] Batch [40]	Speed: 34.80 samples/sec	Train-accuracy=0.977083
INFO:root:Epoch[90] Batch [60]	Speed: 34.68 samples/sec	Train-accuracy=0.987500
INFO:root:Epoch[90] Batch [80]	Speed: 34.64 samples/sec	Train-accuracy=0.991667
INFO:root:Epoch[90] Train-accuracy=0.987500
INFO:root:Epoch[90] Time cost=63.012
INFO:root:Saved checkpoint to "./models/inception-resnet-v2-50-train-224-lr-0.01/inception-resnet-v2-50-train-224-lr-0.01-0091.params"
INFO:root:Epoch[90] Validation-accuracy=0.947917
INFO:root:Epoch[91] Batch [20]	Speed: 34.50 samples/sec	Train-accuracy=0.976190
INFO:root:Epoch[91] Batch [40]	Speed: 34.67 samples/sec	Train-accuracy=0.977083
INFO:root:Epoch[91] Batch [60]	Speed: 34.17 samples/sec	Train-accuracy=0.989583
INFO:root:Epoch[91] Batch [80]	Speed: 34.34 samples/sec	Train-accuracy=0.985417
INFO:root:Epoch[91] Train-accuracy=0.991667
INFO:root:Epoch[91] Time cost=62.887
INFO:root:Saved checkpoint to "./models/inception-resnet-v2-50-train-224-lr-0.01/inception-resnet-v2-50-train-224-lr-0.01-0092.params"
INFO:root:Epoch[91] Validation-accuracy=0.950000
INFO:root:Epoch[92] Batch [20]	Speed: 34.48 samples/sec	Train-accuracy=0.990079
INFO:root:Epoch[92] Batch [40]	Speed: 34.63 samples/sec	Train-accuracy=0.989583
INFO:root:Epoch[92] Batch [60]	Speed: 34.60 samples/sec	Train-accuracy=0.970833
INFO:root:Epoch[92] Batch [80]	Speed: 34.63 samples/sec	Train-accuracy=0.979167
INFO:root:Epoch[92] Train-accuracy=0.970833
INFO:root:Epoch[92] Time cost=62.707
INFO:root:Saved checkpoint to "./models/inception-resnet-v2-50-train-224-lr-0.01/inception-resnet-v2-50-train-224-lr-0.01-0093.params"
INFO:root:Epoch[92] Validation-accuracy=0.925000
INFO:root:Epoch[93] Batch [20]	Speed: 34.13 samples/sec	Train-accuracy=0.978175
INFO:root:Epoch[93] Batch [40]	Speed: 34.74 samples/sec	Train-accuracy=0.987500
INFO:root:Epoch[93] Batch [60]	Speed: 34.73 samples/sec	Train-accuracy=0.977083
INFO:root:Epoch[93] Batch [80]	Speed: 34.37 samples/sec	Train-accuracy=0.983333
INFO:root:Epoch[93] Train-accuracy=0.983333
INFO:root:Epoch[93] Time cost=62.799
INFO:root:Saved checkpoint to "./models/inception-resnet-v2-50-train-224-lr-0.01/inception-resnet-v2-50-train-224-lr-0.01-0094.params"
INFO:root:Epoch[93] Validation-accuracy=0.925000
INFO:root:Epoch[94] Batch [20]	Speed: 34.81 samples/sec	Train-accuracy=0.982143
INFO:root:Epoch[94] Batch [40]	Speed: 34.72 samples/sec	Train-accuracy=0.991667
INFO:root:Epoch[94] Batch [60]	Speed: 34.37 samples/sec	Train-accuracy=0.983333
INFO:root:Epoch[94] Batch [80]	Speed: 34.46 samples/sec	Train-accuracy=0.979167
INFO:root:Epoch[94] Train-accuracy=0.983333
INFO:root:Epoch[94] Time cost=62.639
INFO:root:Saved checkpoint to "./models/inception-resnet-v2-50-train-224-lr-0.01/inception-resnet-v2-50-train-224-lr-0.01-0095.params"
INFO:root:Epoch[94] Validation-accuracy=0.937500
INFO:root:Epoch[95] Batch [20]	Speed: 34.49 samples/sec	Train-accuracy=0.988095
INFO:root:Epoch[95] Batch [40]	Speed: 34.64 samples/sec	Train-accuracy=0.981250
INFO:root:Epoch[95] Batch [60]	Speed: 34.59 samples/sec	Train-accuracy=0.987500
INFO:root:Epoch[95] Batch [80]	Speed: 34.55 samples/sec	Train-accuracy=0.993750
INFO:root:Epoch[95] Train-accuracy=0.976852
INFO:root:Epoch[95] Time cost=62.012
INFO:root:Saved checkpoint to "./models/inception-resnet-v2-50-train-224-lr-0.01/inception-resnet-v2-50-train-224-lr-0.01-0096.params"
INFO:root:Epoch[95] Validation-accuracy=0.958333
INFO:root:Epoch[96] Batch [20]	Speed: 34.05 samples/sec	Train-accuracy=0.980159
INFO:root:Epoch[96] Batch [40]	Speed: 34.42 samples/sec	Train-accuracy=0.970833
INFO:root:Epoch[96] Batch [60]	Speed: 34.55 samples/sec	Train-accuracy=0.981250
INFO:root:Epoch[96] Batch [80]	Speed: 34.42 samples/sec	Train-accuracy=0.985417
INFO:root:Epoch[96] Train-accuracy=0.987500
INFO:root:Epoch[96] Time cost=63.363
INFO:root:Saved checkpoint to "./models/inception-resnet-v2-50-train-224-lr-0.01/inception-resnet-v2-50-train-224-lr-0.01-0097.params"
INFO:root:Epoch[96] Validation-accuracy=0.958333
INFO:root:Epoch[97] Batch [20]	Speed: 34.48 samples/sec	Train-accuracy=0.982143
INFO:root:Epoch[97] Batch [40]	Speed: 34.58 samples/sec	Train-accuracy=0.981250
INFO:root:Epoch[97] Batch [60]	Speed: 34.32 samples/sec	Train-accuracy=0.983333
INFO:root:Epoch[97] Batch [80]	Speed: 34.39 samples/sec	Train-accuracy=0.964583
INFO:root:Epoch[97] Train-accuracy=0.958333
INFO:root:Epoch[97] Time cost=62.917
INFO:root:Saved checkpoint to "./models/inception-resnet-v2-50-train-224-lr-0.01/inception-resnet-v2-50-train-224-lr-0.01-0098.params"
INFO:root:Epoch[97] Validation-accuracy=0.925000
INFO:root:Epoch[98] Batch [20]	Speed: 34.37 samples/sec	Train-accuracy=0.970238
INFO:root:Epoch[98] Batch [40]	Speed: 34.44 samples/sec	Train-accuracy=0.989583
INFO:root:Epoch[98] Batch [60]	Speed: 34.45 samples/sec	Train-accuracy=0.989583
INFO:root:Epoch[98] Batch [80]	Speed: 34.51 samples/sec	Train-accuracy=0.985417
INFO:root:Epoch[98] Train-accuracy=0.991667
INFO:root:Epoch[98] Time cost=62.944
INFO:root:Saved checkpoint to "./models/inception-resnet-v2-50-train-224-lr-0.01/inception-resnet-v2-50-train-224-lr-0.01-0099.params"
INFO:root:Epoch[98] Validation-accuracy=0.941667
INFO:root:Epoch[99] Batch [20]	Speed: 34.13 samples/sec	Train-accuracy=0.980159
INFO:root:Epoch[99] Batch [40]	Speed: 34.67 samples/sec	Train-accuracy=0.979167
INFO:root:Epoch[99] Batch [60]	Speed: 34.55 samples/sec	Train-accuracy=0.985417
INFO:root:Epoch[99] Batch [80]	Speed: 34.56 samples/sec	Train-accuracy=0.977083
INFO:root:Epoch[99] Train-accuracy=0.970833
INFO:root:Epoch[99] Time cost=62.871
INFO:root:Saved checkpoint to "./models/inception-resnet-v2-50-train-224-lr-0.01/inception-resnet-v2-50-train-224-lr-0.01-0100.params"
INFO:root:Epoch[99] Validation-accuracy=0.947917
INFO:root:Epoch[100] Batch [20]	Speed: 34.46 samples/sec	Train-accuracy=0.988095
INFO:root:Epoch[100] Batch [40]	Speed: 34.62 samples/sec	Train-accuracy=0.983333
INFO:root:Epoch[100] Batch [60]	Speed: 34.43 samples/sec	Train-accuracy=0.985417
INFO:root:Epoch[100] Batch [80]	Speed: 34.55 samples/sec	Train-accuracy=0.981250
INFO:root:Epoch[100] Train-accuracy=0.979167
INFO:root:Epoch[100] Time cost=62.825
INFO:root:Saved checkpoint to "./models/inception-resnet-v2-50-train-224-lr-0.01/inception-resnet-v2-50-train-224-lr-0.01-0101.params"
INFO:root:Epoch[100] Validation-accuracy=0.958333
INFO:root:Epoch[101] Batch [20]	Speed: 34.36 samples/sec	Train-accuracy=0.984127
INFO:root:Epoch[101] Batch [40]	Speed: 34.52 samples/sec	Train-accuracy=0.983333
INFO:root:Epoch[101] Batch [60]	Speed: 34.80 samples/sec	Train-accuracy=0.981250
INFO:root:Epoch[101] Batch [80]	Speed: 34.66 samples/sec	Train-accuracy=0.989583
INFO:root:Epoch[101] Train-accuracy=0.995370
INFO:root:Epoch[101] Time cost=61.950
INFO:root:Saved checkpoint to "./models/inception-resnet-v2-50-train-224-lr-0.01/inception-resnet-v2-50-train-224-lr-0.01-0102.params"
INFO:root:Epoch[101] Validation-accuracy=0.950000
INFO:root:Epoch[102] Batch [20]	Speed: 34.15 samples/sec	Train-accuracy=0.992063
INFO:root:Epoch[102] Batch [40]	Speed: 34.66 samples/sec	Train-accuracy=0.981250
INFO:root:Epoch[102] Batch [60]	Speed: 34.56 samples/sec	Train-accuracy=0.993750
INFO:root:Epoch[102] Batch [80]	Speed: 34.54 samples/sec	Train-accuracy=0.987500
INFO:root:Epoch[102] Train-accuracy=0.991667
INFO:root:Epoch[102] Time cost=63.237
INFO:root:Saved checkpoint to "./models/inception-resnet-v2-50-train-224-lr-0.01/inception-resnet-v2-50-train-224-lr-0.01-0103.params"
INFO:root:Epoch[102] Validation-accuracy=0.950000
INFO:root:Epoch[103] Batch [20]	Speed: 34.54 samples/sec	Train-accuracy=0.988095
INFO:root:Epoch[103] Batch [40]	Speed: 34.53 samples/sec	Train-accuracy=0.981250
INFO:root:Epoch[103] Batch [60]	Speed: 34.33 samples/sec	Train-accuracy=0.983333
INFO:root:Epoch[103] Batch [80]	Speed: 34.31 samples/sec	Train-accuracy=0.985417
INFO:root:Epoch[103] Train-accuracy=0.975000
INFO:root:Epoch[103] Time cost=62.954
INFO:root:Saved checkpoint to "./models/inception-resnet-v2-50-train-224-lr-0.01/inception-resnet-v2-50-train-224-lr-0.01-0104.params"
INFO:root:Epoch[103] Validation-accuracy=0.933333
INFO:root:Epoch[104] Batch [20]	Speed: 34.37 samples/sec	Train-accuracy=0.974206
INFO:root:Epoch[104] Batch [40]	Speed: 34.58 samples/sec	Train-accuracy=0.975000
INFO:root:Epoch[104] Batch [60]	Speed: 34.55 samples/sec	Train-accuracy=0.977083
INFO:root:Epoch[104] Batch [80]	Speed: 34.40 samples/sec	Train-accuracy=0.997917
INFO:root:Epoch[104] Train-accuracy=0.987500
INFO:root:Epoch[104] Time cost=62.896
INFO:root:Saved checkpoint to "./models/inception-resnet-v2-50-train-224-lr-0.01/inception-resnet-v2-50-train-224-lr-0.01-0105.params"
INFO:root:Epoch[104] Validation-accuracy=0.916667
INFO:root:Epoch[105] Batch [20]	Speed: 34.30 samples/sec	Train-accuracy=0.988095
INFO:root:Epoch[105] Batch [40]	Speed: 34.70 samples/sec	Train-accuracy=0.991667
INFO:root:Epoch[105] Batch [60]	Speed: 34.71 samples/sec	Train-accuracy=0.989583
INFO:root:Epoch[105] Batch [80]	Speed: 34.33 samples/sec	Train-accuracy=0.995833
INFO:root:Epoch[105] Train-accuracy=0.987500
INFO:root:Epoch[105] Time cost=62.818
INFO:root:Saved checkpoint to "./models/inception-resnet-v2-50-train-224-lr-0.01/inception-resnet-v2-50-train-224-lr-0.01-0106.params"
INFO:root:Epoch[105] Validation-accuracy=0.966667
INFO:root:Epoch[106] Batch [20]	Speed: 34.46 samples/sec	Train-accuracy=0.992063
INFO:root:Epoch[106] Batch [40]	Speed: 34.60 samples/sec	Train-accuracy=0.989583
INFO:root:Epoch[106] Batch [60]	Speed: 34.48 samples/sec	Train-accuracy=0.997917
INFO:root:Epoch[106] Batch [80]	Speed: 34.15 samples/sec	Train-accuracy=0.985417
INFO:root:Epoch[106] Train-accuracy=1.000000
INFO:root:Epoch[106] Time cost=62.920
INFO:root:Saved checkpoint to "./models/inception-resnet-v2-50-train-224-lr-0.01/inception-resnet-v2-50-train-224-lr-0.01-0107.params"
INFO:root:Epoch[106] Validation-accuracy=0.950000
INFO:root:Epoch[107] Batch [20]	Speed: 34.44 samples/sec	Train-accuracy=0.992063
INFO:root:Epoch[107] Batch [40]	Speed: 34.43 samples/sec	Train-accuracy=0.983333
INFO:root:Epoch[107] Batch [60]	Speed: 34.56 samples/sec	Train-accuracy=0.985417
INFO:root:Epoch[107] Batch [80]	Speed: 34.59 samples/sec	Train-accuracy=0.981250
INFO:root:Epoch[107] Train-accuracy=0.995370
INFO:root:Epoch[107] Time cost=62.130
INFO:root:Saved checkpoint to "./models/inception-resnet-v2-50-train-224-lr-0.01/inception-resnet-v2-50-train-224-lr-0.01-0108.params"
INFO:root:Epoch[107] Validation-accuracy=0.858333
INFO:root:Epoch[108] Batch [20]	Speed: 34.19 samples/sec	Train-accuracy=0.966270
INFO:root:Epoch[108] Batch [40]	Speed: 34.08 samples/sec	Train-accuracy=0.979167
INFO:root:Epoch[108] Batch [60]	Speed: 34.82 samples/sec	Train-accuracy=0.987500
INFO:root:Epoch[108] Batch [80]	Speed: 34.33 samples/sec	Train-accuracy=0.989583
INFO:root:Epoch[108] Train-accuracy=0.991667
INFO:root:Epoch[108] Time cost=63.464
INFO:root:Saved checkpoint to "./models/inception-resnet-v2-50-train-224-lr-0.01/inception-resnet-v2-50-train-224-lr-0.01-0109.params"
INFO:root:Epoch[108] Validation-accuracy=0.950000
INFO:root:Epoch[109] Batch [20]	Speed: 34.53 samples/sec	Train-accuracy=0.986111
INFO:root:Epoch[109] Batch [40]	Speed: 34.61 samples/sec	Train-accuracy=0.981250
INFO:root:Epoch[109] Batch [60]	Speed: 34.49 samples/sec	Train-accuracy=0.989583
INFO:root:Epoch[109] Batch [80]	Speed: 34.24 samples/sec	Train-accuracy=0.985417
INFO:root:Epoch[109] Train-accuracy=0.987500
INFO:root:Epoch[109] Time cost=62.942
INFO:root:Saved checkpoint to "./models/inception-resnet-v2-50-train-224-lr-0.01/inception-resnet-v2-50-train-224-lr-0.01-0110.params"
INFO:root:Epoch[109] Validation-accuracy=0.947917
INFO:root:Epoch[110] Batch [20]	Speed: 34.35 samples/sec	Train-accuracy=0.990079
INFO:root:Epoch[110] Batch [40]	Speed: 34.51 samples/sec	Train-accuracy=0.991667
INFO:root:Epoch[110] Batch [60]	Speed: 34.52 samples/sec	Train-accuracy=0.991667
INFO:root:Epoch[110] Batch [80]	Speed: 34.58 samples/sec	Train-accuracy=0.995833
INFO:root:Epoch[110] Train-accuracy=0.983333
INFO:root:Epoch[110] Time cost=62.877
INFO:root:Saved checkpoint to "./models/inception-resnet-v2-50-train-224-lr-0.01/inception-resnet-v2-50-train-224-lr-0.01-0111.params"
INFO:root:Epoch[110] Validation-accuracy=0.950000
INFO:root:Epoch[111] Batch [20]	Speed: 34.34 samples/sec	Train-accuracy=0.984127
INFO:root:Epoch[111] Batch [40]	Speed: 34.31 samples/sec	Train-accuracy=0.985417
INFO:root:Epoch[111] Batch [60]	Speed: 34.20 samples/sec	Train-accuracy=0.987500
INFO:root:Epoch[111] Batch [80]	Speed: 34.19 samples/sec	Train-accuracy=0.995833
INFO:root:Epoch[111] Train-accuracy=0.991667
INFO:root:Epoch[111] Time cost=63.299
INFO:root:Saved checkpoint to "./models/inception-resnet-v2-50-train-224-lr-0.01/inception-resnet-v2-50-train-224-lr-0.01-0112.params"
INFO:root:Epoch[111] Validation-accuracy=0.941667
INFO:root:Epoch[112] Batch [20]	Speed: 34.19 samples/sec	Train-accuracy=0.976190
INFO:root:Epoch[112] Batch [40]	Speed: 34.16 samples/sec	Train-accuracy=0.989583
INFO:root:Epoch[112] Batch [60]	Speed: 34.19 samples/sec	Train-accuracy=0.991667
INFO:root:Epoch[112] Batch [80]	Speed: 34.02 samples/sec	Train-accuracy=0.991667
INFO:root:Epoch[112] Train-accuracy=0.979167
INFO:root:Epoch[112] Time cost=63.518
INFO:root:Saved checkpoint to "./models/inception-resnet-v2-50-train-224-lr-0.01/inception-resnet-v2-50-train-224-lr-0.01-0113.params"
INFO:root:Epoch[112] Validation-accuracy=0.916667
INFO:root:Epoch[113] Batch [20]	Speed: 34.19 samples/sec	Train-accuracy=0.982143
INFO:root:Epoch[113] Batch [40]	Speed: 34.12 samples/sec	Train-accuracy=0.985417
INFO:root:Epoch[113] Batch [60]	Speed: 34.30 samples/sec	Train-accuracy=0.968750
INFO:root:Epoch[113] Batch [80]	Speed: 34.19 samples/sec	Train-accuracy=0.979167
INFO:root:Epoch[113] Train-accuracy=0.990741
INFO:root:Epoch[113] Time cost=62.680
INFO:root:Saved checkpoint to "./models/inception-resnet-v2-50-train-224-lr-0.01/inception-resnet-v2-50-train-224-lr-0.01-0114.params"
INFO:root:Epoch[113] Validation-accuracy=0.925000
INFO:root:Epoch[114] Batch [20]	Speed: 34.26 samples/sec	Train-accuracy=0.980159
INFO:root:Epoch[114] Batch [40]	Speed: 33.98 samples/sec	Train-accuracy=0.975000
INFO:root:Epoch[114] Batch [60]	Speed: 34.18 samples/sec	Train-accuracy=0.968750
INFO:root:Epoch[114] Batch [80]	Speed: 34.31 samples/sec	Train-accuracy=0.977083
INFO:root:Epoch[114] Train-accuracy=0.979167
INFO:root:Epoch[114] Time cost=63.745
INFO:root:Saved checkpoint to "./models/inception-resnet-v2-50-train-224-lr-0.01/inception-resnet-v2-50-train-224-lr-0.01-0115.params"
INFO:root:Epoch[114] Validation-accuracy=0.916667
INFO:root:Epoch[115] Batch [20]	Speed: 34.29 samples/sec	Train-accuracy=0.992063
INFO:root:Epoch[115] Batch [40]	Speed: 34.29 samples/sec	Train-accuracy=0.991667
INFO:root:Epoch[115] Batch [60]	Speed: 34.30 samples/sec	Train-accuracy=0.991667
INFO:root:Epoch[115] Batch [80]	Speed: 34.05 samples/sec	Train-accuracy=0.983333
INFO:root:Epoch[115] Train-accuracy=0.983333
INFO:root:Epoch[115] Time cost=63.302
INFO:root:Saved checkpoint to "./models/inception-resnet-v2-50-train-224-lr-0.01/inception-resnet-v2-50-train-224-lr-0.01-0116.params"
INFO:root:Epoch[115] Validation-accuracy=0.933333
INFO:root:Epoch[116] Batch [20]	Speed: 34.33 samples/sec	Train-accuracy=0.988095
INFO:root:Epoch[116] Batch [40]	Speed: 34.42 samples/sec	Train-accuracy=0.987500
INFO:root:Epoch[116] Batch [60]	Speed: 34.34 samples/sec	Train-accuracy=0.989583
INFO:root:Epoch[116] Batch [80]	Speed: 34.42 samples/sec	Train-accuracy=0.987500
INFO:root:Epoch[116] Train-accuracy=0.983333
INFO:root:Epoch[116] Time cost=63.083
INFO:root:Saved checkpoint to "./models/inception-resnet-v2-50-train-224-lr-0.01/inception-resnet-v2-50-train-224-lr-0.01-0117.params"
INFO:root:Epoch[116] Validation-accuracy=0.950000
INFO:root:Epoch[117] Batch [20]	Speed: 34.47 samples/sec	Train-accuracy=0.984127
INFO:root:Epoch[117] Batch [40]	Speed: 34.02 samples/sec	Train-accuracy=0.985417
INFO:root:Epoch[117] Batch [60]	Speed: 34.32 samples/sec	Train-accuracy=0.995833
INFO:root:Epoch[117] Batch [80]	Speed: 34.29 samples/sec	Train-accuracy=0.993750
INFO:root:Epoch[117] Train-accuracy=0.991667
INFO:root:Epoch[117] Time cost=63.256
INFO:root:Saved checkpoint to "./models/inception-resnet-v2-50-train-224-lr-0.01/inception-resnet-v2-50-train-224-lr-0.01-0118.params"
INFO:root:Epoch[117] Validation-accuracy=0.933333
INFO:root:Epoch[118] Batch [20]	Speed: 34.43 samples/sec	Train-accuracy=0.980159
INFO:root:Epoch[118] Batch [40]	Speed: 34.29 samples/sec	Train-accuracy=0.993750
INFO:root:Epoch[118] Batch [60]	Speed: 34.29 samples/sec	Train-accuracy=0.983333
INFO:root:Epoch[118] Batch [80]	Speed: 34.40 samples/sec	Train-accuracy=0.979167
INFO:root:Epoch[118] Train-accuracy=0.979167
INFO:root:Epoch[118] Time cost=63.133
INFO:root:Saved checkpoint to "./models/inception-resnet-v2-50-train-224-lr-0.01/inception-resnet-v2-50-train-224-lr-0.01-0119.params"
INFO:root:Epoch[118] Validation-accuracy=0.916667
INFO:root:Epoch[119] Batch [20]	Speed: 34.30 samples/sec	Train-accuracy=0.986111
INFO:root:Epoch[119] Batch [40]	Speed: 34.41 samples/sec	Train-accuracy=0.989583
INFO:root:Epoch[119] Batch [60]	Speed: 34.26 samples/sec	Train-accuracy=0.983333
INFO:root:Epoch[119] Batch [80]	Speed: 34.40 samples/sec	Train-accuracy=0.991667
INFO:root:Epoch[119] Train-accuracy=0.990741
INFO:root:Epoch[119] Time cost=62.443
INFO:root:Saved checkpoint to "./models/inception-resnet-v2-50-train-224-lr-0.01/inception-resnet-v2-50-train-224-lr-0.01-0120.params"
INFO:root:Epoch[119] Validation-accuracy=0.958333
INFO:root:Epoch[120] Batch [20]	Speed: 34.57 samples/sec	Train-accuracy=0.992063
INFO:root:Epoch[120] Batch [40]	Speed: 33.98 samples/sec	Train-accuracy=0.989583
INFO:root:Epoch[120] Batch [60]	Speed: 34.37 samples/sec	Train-accuracy=0.993750
INFO:root:Epoch[120] Batch [80]	Speed: 34.34 samples/sec	Train-accuracy=0.993750
INFO:root:Epoch[120] Train-accuracy=0.995833
INFO:root:Epoch[120] Time cost=63.559
INFO:root:Saved checkpoint to "./models/inception-resnet-v2-50-train-224-lr-0.01/inception-resnet-v2-50-train-224-lr-0.01-0121.params"
INFO:root:Epoch[120] Validation-accuracy=0.966667
INFO:root:Epoch[121] Batch [20]	Speed: 34.30 samples/sec	Train-accuracy=0.988095
INFO:root:Epoch[121] Batch [40]	Speed: 34.57 samples/sec	Train-accuracy=0.983333
INFO:root:Epoch[121] Batch [60]	Speed: 34.35 samples/sec	Train-accuracy=0.981250
INFO:root:Epoch[121] Batch [80]	Speed: 34.14 samples/sec	Train-accuracy=0.993750
INFO:root:Epoch[121] Train-accuracy=0.979167
INFO:root:Epoch[121] Time cost=63.173
INFO:root:Saved checkpoint to "./models/inception-resnet-v2-50-train-224-lr-0.01/inception-resnet-v2-50-train-224-lr-0.01-0122.params"
INFO:root:Epoch[121] Validation-accuracy=0.941667
INFO:root:Epoch[122] Batch [20]	Speed: 34.32 samples/sec	Train-accuracy=0.978175
INFO:root:Epoch[122] Batch [40]	Speed: 34.51 samples/sec	Train-accuracy=0.991667
INFO:root:Epoch[122] Batch [60]	Speed: 34.37 samples/sec	Train-accuracy=0.981250
INFO:root:Epoch[122] Batch [80]	Speed: 34.36 samples/sec	Train-accuracy=0.989583
INFO:root:Epoch[122] Train-accuracy=0.995833
INFO:root:Epoch[122] Time cost=63.061
INFO:root:Saved checkpoint to "./models/inception-resnet-v2-50-train-224-lr-0.01/inception-resnet-v2-50-train-224-lr-0.01-0123.params"
INFO:root:Epoch[122] Validation-accuracy=0.941667
INFO:root:Epoch[123] Batch [20]	Speed: 34.32 samples/sec	Train-accuracy=0.992063
INFO:root:Epoch[123] Batch [40]	Speed: 34.30 samples/sec	Train-accuracy=0.993750
INFO:root:Epoch[123] Batch [60]	Speed: 34.28 samples/sec	Train-accuracy=0.995833
INFO:root:Epoch[123] Batch [80]	Speed: 34.32 samples/sec	Train-accuracy=0.991667
INFO:root:Epoch[123] Train-accuracy=0.991667
INFO:root:Epoch[123] Time cost=63.195
INFO:root:Saved checkpoint to "./models/inception-resnet-v2-50-train-224-lr-0.01/inception-resnet-v2-50-train-224-lr-0.01-0124.params"
INFO:root:Epoch[123] Validation-accuracy=0.947917
INFO:root:Epoch[124] Batch [20]	Speed: 34.25 samples/sec	Train-accuracy=0.984127
INFO:root:Epoch[124] Batch [40]	Speed: 34.31 samples/sec	Train-accuracy=0.993750
INFO:root:Epoch[124] Batch [60]	Speed: 34.42 samples/sec	Train-accuracy=0.993750
INFO:root:Epoch[124] Batch [80]	Speed: 34.24 samples/sec	Train-accuracy=0.993750
INFO:root:Epoch[124] Train-accuracy=0.987500
INFO:root:Epoch[124] Time cost=63.204
INFO:root:Saved checkpoint to "./models/inception-resnet-v2-50-train-224-lr-0.01/inception-resnet-v2-50-train-224-lr-0.01-0125.params"
INFO:root:Epoch[124] Validation-accuracy=0.958333
INFO:root:Epoch[125] Batch [20]	Speed: 34.32 samples/sec	Train-accuracy=0.994048
INFO:root:Epoch[125] Batch [40]	Speed: 34.10 samples/sec	Train-accuracy=0.991667
INFO:root:Epoch[125] Batch [60]	Speed: 34.37 samples/sec	Train-accuracy=0.989583
INFO:root:Epoch[125] Batch [80]	Speed: 34.22 samples/sec	Train-accuracy=0.991667
INFO:root:Epoch[125] Train-accuracy=0.986111
INFO:root:Epoch[125] Time cost=62.627
INFO:root:Saved checkpoint to "./models/inception-resnet-v2-50-train-224-lr-0.01/inception-resnet-v2-50-train-224-lr-0.01-0126.params"
INFO:root:Epoch[125] Validation-accuracy=0.950000
INFO:root:Epoch[126] Batch [20]	Speed: 34.26 samples/sec	Train-accuracy=0.992063
INFO:root:Epoch[126] Batch [40]	Speed: 34.38 samples/sec	Train-accuracy=0.995833
INFO:root:Epoch[126] Batch [60]	Speed: 34.22 samples/sec	Train-accuracy=0.995833
INFO:root:Epoch[126] Batch [80]	Speed: 34.28 samples/sec	Train-accuracy=0.987500
INFO:root:Epoch[126] Train-accuracy=0.983333
INFO:root:Epoch[126] Time cost=63.600
INFO:root:Saved checkpoint to "./models/inception-resnet-v2-50-train-224-lr-0.01/inception-resnet-v2-50-train-224-lr-0.01-0127.params"
INFO:root:Epoch[126] Validation-accuracy=0.950000
INFO:root:Epoch[127] Batch [20]	Speed: 34.26 samples/sec	Train-accuracy=0.992063
INFO:root:Epoch[127] Batch [40]	Speed: 34.19 samples/sec	Train-accuracy=0.991667
INFO:root:Epoch[127] Batch [60]	Speed: 34.17 samples/sec	Train-accuracy=0.985417
INFO:root:Epoch[127] Batch [80]	Speed: 34.02 samples/sec	Train-accuracy=0.995833
INFO:root:Epoch[127] Train-accuracy=0.987500
INFO:root:Epoch[127] Time cost=63.461
INFO:root:Saved checkpoint to "./models/inception-resnet-v2-50-train-224-lr-0.01/inception-resnet-v2-50-train-224-lr-0.01-0128.params"
INFO:root:Epoch[127] Validation-accuracy=0.958333
INFO:root:Epoch[128] Batch [20]	Speed: 34.22 samples/sec	Train-accuracy=0.990079
INFO:root:Epoch[128] Batch [40]	Speed: 34.04 samples/sec	Train-accuracy=0.989583
INFO:root:Epoch[128] Batch [60]	Speed: 34.31 samples/sec	Train-accuracy=0.983333
INFO:root:Epoch[128] Batch [80]	Speed: 34.24 samples/sec	Train-accuracy=0.989583
INFO:root:Epoch[128] Train-accuracy=0.995833
INFO:root:Epoch[128] Time cost=63.434
INFO:root:Saved checkpoint to "./models/inception-resnet-v2-50-train-224-lr-0.01/inception-resnet-v2-50-train-224-lr-0.01-0129.params"
INFO:root:Epoch[128] Validation-accuracy=0.968750
INFO:root:Epoch[129] Batch [20]	Speed: 34.31 samples/sec	Train-accuracy=0.992063
INFO:root:Epoch[129] Batch [40]	Speed: 34.28 samples/sec	Train-accuracy=0.989583
INFO:root:Epoch[129] Batch [60]	Speed: 34.11 samples/sec	Train-accuracy=0.991667
INFO:root:Epoch[129] Batch [80]	Speed: 34.34 samples/sec	Train-accuracy=0.989583
INFO:root:Epoch[129] Train-accuracy=0.991667
INFO:root:Epoch[129] Time cost=63.314
INFO:root:Saved checkpoint to "./models/inception-resnet-v2-50-train-224-lr-0.01/inception-resnet-v2-50-train-224-lr-0.01-0130.params"
INFO:root:Epoch[129] Validation-accuracy=0.950000
INFO:root:Epoch[130] Batch [20]	Speed: 34.28 samples/sec	Train-accuracy=0.994048
INFO:root:Epoch[130] Batch [40]	Speed: 34.21 samples/sec	Train-accuracy=0.989583
INFO:root:Epoch[130] Batch [60]	Speed: 34.10 samples/sec	Train-accuracy=0.993750
INFO:root:Epoch[130] Batch [80]	Speed: 34.27 samples/sec	Train-accuracy=0.991667
INFO:root:Epoch[130] Train-accuracy=0.995833
INFO:root:Epoch[130] Time cost=63.395
INFO:root:Saved checkpoint to "./models/inception-resnet-v2-50-train-224-lr-0.01/inception-resnet-v2-50-train-224-lr-0.01-0131.params"
INFO:root:Epoch[130] Validation-accuracy=0.950000
INFO:root:Epoch[131] Batch [20]	Speed: 34.26 samples/sec	Train-accuracy=1.000000
INFO:root:Epoch[131] Batch [40]	Speed: 34.05 samples/sec	Train-accuracy=1.000000
INFO:root:Epoch[131] Batch [60]	Speed: 34.34 samples/sec	Train-accuracy=0.993750
INFO:root:Epoch[131] Batch [80]	Speed: 34.25 samples/sec	Train-accuracy=0.995833
INFO:root:Epoch[131] Train-accuracy=1.000000
INFO:root:Epoch[131] Time cost=62.661
INFO:root:Saved checkpoint to "./models/inception-resnet-v2-50-train-224-lr-0.01/inception-resnet-v2-50-train-224-lr-0.01-0132.params"
INFO:root:Epoch[131] Validation-accuracy=0.941667
INFO:root:Epoch[132] Batch [20]	Speed: 34.36 samples/sec	Train-accuracy=0.988095
INFO:root:Epoch[132] Batch [40]	Speed: 34.20 samples/sec	Train-accuracy=0.993750
INFO:root:Epoch[132] Batch [60]	Speed: 34.10 samples/sec	Train-accuracy=0.989583
INFO:root:Epoch[132] Batch [80]	Speed: 34.07 samples/sec	Train-accuracy=0.993750
INFO:root:Epoch[132] Train-accuracy=0.995833
INFO:root:Epoch[132] Time cost=63.829
INFO:root:Saved checkpoint to "./models/inception-resnet-v2-50-train-224-lr-0.01/inception-resnet-v2-50-train-224-lr-0.01-0133.params"
INFO:root:Epoch[132] Validation-accuracy=0.958333
INFO:root:Epoch[133] Batch [20]	Speed: 34.02 samples/sec	Train-accuracy=0.994048
INFO:root:Epoch[133] Batch [40]	Speed: 34.13 samples/sec	Train-accuracy=0.991667
INFO:root:Epoch[133] Batch [60]	Speed: 33.89 samples/sec	Train-accuracy=0.993750
INFO:root:Epoch[133] Batch [80]	Speed: 34.14 samples/sec	Train-accuracy=0.991667
INFO:root:Epoch[133] Train-accuracy=0.991667
INFO:root:Epoch[133] Time cost=63.693
INFO:root:Saved checkpoint to "./models/inception-resnet-v2-50-train-224-lr-0.01/inception-resnet-v2-50-train-224-lr-0.01-0134.params"
INFO:root:Epoch[133] Validation-accuracy=0.927083
INFO:root:Epoch[134] Batch [20]	Speed: 34.22 samples/sec	Train-accuracy=0.986111
INFO:root:Epoch[134] Batch [40]	Speed: 34.26 samples/sec	Train-accuracy=0.985417
INFO:root:Epoch[134] Batch [60]	Speed: 34.46 samples/sec	Train-accuracy=0.987500
INFO:root:Epoch[134] Batch [80]	Speed: 34.24 samples/sec	Train-accuracy=0.987500
INFO:root:Epoch[134] Train-accuracy=0.983333
INFO:root:Epoch[134] Time cost=63.225
INFO:root:Saved checkpoint to "./models/inception-resnet-v2-50-train-224-lr-0.01/inception-resnet-v2-50-train-224-lr-0.01-0135.params"
INFO:root:Epoch[134] Validation-accuracy=0.925000
INFO:root:Epoch[135] Batch [20]	Speed: 34.30 samples/sec	Train-accuracy=0.996032
INFO:root:Epoch[135] Batch [40]	Speed: 34.27 samples/sec	Train-accuracy=0.995833
INFO:root:Epoch[135] Batch [60]	Speed: 34.30 samples/sec	Train-accuracy=0.993750
INFO:root:Epoch[135] Batch [80]	Speed: 34.35 samples/sec	Train-accuracy=1.000000
INFO:root:Epoch[135] Train-accuracy=0.995833
INFO:root:Epoch[135] Time cost=63.226
INFO:root:Saved checkpoint to "./models/inception-resnet-v2-50-train-224-lr-0.01/inception-resnet-v2-50-train-224-lr-0.01-0136.params"
INFO:root:Epoch[135] Validation-accuracy=0.925000
INFO:root:Epoch[136] Batch [20]	Speed: 34.23 samples/sec	Train-accuracy=0.996032
INFO:root:Epoch[136] Batch [40]	Speed: 34.34 samples/sec	Train-accuracy=0.977083
INFO:root:Epoch[136] Batch [60]	Speed: 34.40 samples/sec	Train-accuracy=0.985417
INFO:root:Epoch[136] Batch [80]	Speed: 34.12 samples/sec	Train-accuracy=0.989583
INFO:root:Epoch[136] Train-accuracy=0.987500
INFO:root:Epoch[136] Time cost=63.239
INFO:root:Saved checkpoint to "./models/inception-resnet-v2-50-train-224-lr-0.01/inception-resnet-v2-50-train-224-lr-0.01-0137.params"
INFO:root:Epoch[136] Validation-accuracy=0.958333
INFO:root:Epoch[137] Batch [20]	Speed: 34.15 samples/sec	Train-accuracy=0.990079
INFO:root:Epoch[137] Batch [40]	Speed: 34.04 samples/sec	Train-accuracy=0.987500
INFO:root:Epoch[137] Batch [60]	Speed: 33.98 samples/sec	Train-accuracy=0.995833
INFO:root:Epoch[137] Batch [80]	Speed: 34.08 samples/sec	Train-accuracy=0.991667
INFO:root:Epoch[137] Train-accuracy=0.990741
INFO:root:Epoch[137] Time cost=62.977
INFO:root:Saved checkpoint to "./models/inception-resnet-v2-50-train-224-lr-0.01/inception-resnet-v2-50-train-224-lr-0.01-0138.params"
INFO:root:Epoch[137] Validation-accuracy=0.933333
INFO:root:Epoch[138] Batch [20]	Speed: 33.99 samples/sec	Train-accuracy=0.992063
INFO:root:Epoch[138] Batch [40]	Speed: 34.31 samples/sec	Train-accuracy=0.993750
INFO:root:Epoch[138] Batch [60]	Speed: 34.45 samples/sec	Train-accuracy=0.993750
INFO:root:Epoch[138] Batch [80]	Speed: 34.34 samples/sec	Train-accuracy=0.993750
INFO:root:Epoch[138] Train-accuracy=0.995833
INFO:root:Epoch[138] Time cost=63.626
INFO:root:Saved checkpoint to "./models/inception-resnet-v2-50-train-224-lr-0.01/inception-resnet-v2-50-train-224-lr-0.01-0139.params"
INFO:root:Epoch[138] Validation-accuracy=0.947917
INFO:root:Epoch[139] Batch [20]	Speed: 34.39 samples/sec	Train-accuracy=0.990079
INFO:root:Epoch[139] Batch [40]	Speed: 34.27 samples/sec	Train-accuracy=0.989583
INFO:root:Epoch[139] Batch [60]	Speed: 34.01 samples/sec	Train-accuracy=0.993750
INFO:root:Epoch[139] Batch [80]	Speed: 34.21 samples/sec	Train-accuracy=0.995833
INFO:root:Epoch[139] Train-accuracy=0.991667
INFO:root:Epoch[139] Time cost=63.394
INFO:root:Saved checkpoint to "./models/inception-resnet-v2-50-train-224-lr-0.01/inception-resnet-v2-50-train-224-lr-0.01-0140.params"
INFO:root:Epoch[139] Validation-accuracy=0.950000
INFO:root:Epoch[140] Batch [20]	Speed: 34.25 samples/sec	Train-accuracy=0.994048
INFO:root:Epoch[140] Batch [40]	Speed: 34.15 samples/sec	Train-accuracy=0.993750
INFO:root:Epoch[140] Batch [60]	Speed: 34.21 samples/sec	Train-accuracy=0.997917
INFO:root:Epoch[140] Batch [80]	Speed: 34.22 samples/sec	Train-accuracy=0.995833
INFO:root:Epoch[140] Train-accuracy=0.987500
INFO:root:Epoch[140] Time cost=63.396
INFO:root:Saved checkpoint to "./models/inception-resnet-v2-50-train-224-lr-0.01/inception-resnet-v2-50-train-224-lr-0.01-0141.params"
INFO:root:Epoch[140] Validation-accuracy=0.958333
INFO:root:Epoch[141] Batch [20]	Speed: 34.15 samples/sec	Train-accuracy=0.998016
INFO:root:Epoch[141] Batch [40]	Speed: 34.17 samples/sec	Train-accuracy=0.995833
INFO:root:Epoch[141] Batch [60]	Speed: 34.14 samples/sec	Train-accuracy=0.991667
INFO:root:Epoch[141] Batch [80]	Speed: 34.27 samples/sec	Train-accuracy=0.991667
INFO:root:Epoch[141] Train-accuracy=1.000000
INFO:root:Epoch[141] Time cost=63.374
INFO:root:Saved checkpoint to "./models/inception-resnet-v2-50-train-224-lr-0.01/inception-resnet-v2-50-train-224-lr-0.01-0142.params"
INFO:root:Epoch[141] Validation-accuracy=0.966667
INFO:root:Epoch[142] Batch [20]	Speed: 34.26 samples/sec	Train-accuracy=1.000000
INFO:root:Epoch[142] Batch [40]	Speed: 34.42 samples/sec	Train-accuracy=0.995833
INFO:root:Epoch[142] Batch [60]	Speed: 34.14 samples/sec	Train-accuracy=0.995833
INFO:root:Epoch[142] Batch [80]	Speed: 34.00 samples/sec	Train-accuracy=0.995833
INFO:root:Epoch[142] Train-accuracy=0.991667
INFO:root:Epoch[142] Time cost=63.493
INFO:root:Saved checkpoint to "./models/inception-resnet-v2-50-train-224-lr-0.01/inception-resnet-v2-50-train-224-lr-0.01-0143.params"
INFO:root:Epoch[142] Validation-accuracy=0.937500
INFO:root:Epoch[143] Batch [20]	Speed: 34.37 samples/sec	Train-accuracy=0.994048
INFO:root:Epoch[143] Batch [40]	Speed: 34.38 samples/sec	Train-accuracy=0.987500
INFO:root:Epoch[143] Batch [60]	Speed: 34.52 samples/sec	Train-accuracy=0.995833
INFO:root:Epoch[143] Batch [80]	Speed: 34.23 samples/sec	Train-accuracy=0.993750
INFO:root:Epoch[143] Train-accuracy=0.986111
INFO:root:Epoch[143] Time cost=62.357
INFO:root:Saved checkpoint to "./models/inception-resnet-v2-50-train-224-lr-0.01/inception-resnet-v2-50-train-224-lr-0.01-0144.params"
INFO:root:Epoch[143] Validation-accuracy=0.925000
INFO:root:Epoch[144] Batch [20]	Speed: 34.36 samples/sec	Train-accuracy=0.992063
INFO:root:Epoch[144] Batch [40]	Speed: 34.20 samples/sec	Train-accuracy=0.989583
INFO:root:Epoch[144] Batch [60]	Speed: 34.26 samples/sec	Train-accuracy=0.993750
INFO:root:Epoch[144] Batch [80]	Speed: 34.16 samples/sec	Train-accuracy=0.997917
INFO:root:Epoch[144] Train-accuracy=0.995833
INFO:root:Epoch[144] Time cost=63.715
INFO:root:Saved checkpoint to "./models/inception-resnet-v2-50-train-224-lr-0.01/inception-resnet-v2-50-train-224-lr-0.01-0145.params"
INFO:root:Epoch[144] Validation-accuracy=0.933333
INFO:root:Epoch[145] Batch [20]	Speed: 33.74 samples/sec	Train-accuracy=0.976190
INFO:root:Epoch[145] Batch [40]	Speed: 34.06 samples/sec	Train-accuracy=0.979167
INFO:root:Epoch[145] Batch [60]	Speed: 34.16 samples/sec	Train-accuracy=0.993750
INFO:root:Epoch[145] Batch [80]	Speed: 34.10 samples/sec	Train-accuracy=0.993750
INFO:root:Epoch[145] Train-accuracy=0.995833
INFO:root:Epoch[145] Time cost=63.680
INFO:root:Saved checkpoint to "./models/inception-resnet-v2-50-train-224-lr-0.01/inception-resnet-v2-50-train-224-lr-0.01-0146.params"
INFO:root:Epoch[145] Validation-accuracy=0.941667
INFO:root:Epoch[146] Batch [20]	Speed: 34.41 samples/sec	Train-accuracy=0.992063
INFO:root:Epoch[146] Batch [40]	Speed: 34.30 samples/sec	Train-accuracy=0.995833
INFO:root:Epoch[146] Batch [60]	Speed: 34.16 samples/sec	Train-accuracy=0.989583
INFO:root:Epoch[146] Batch [80]	Speed: 34.54 samples/sec	Train-accuracy=0.989583
INFO:root:Epoch[146] Train-accuracy=0.975000
INFO:root:Epoch[146] Time cost=63.125
INFO:root:Saved checkpoint to "./models/inception-resnet-v2-50-train-224-lr-0.01/inception-resnet-v2-50-train-224-lr-0.01-0147.params"
INFO:root:Epoch[146] Validation-accuracy=0.916667
INFO:root:Epoch[147] Batch [20]	Speed: 34.04 samples/sec	Train-accuracy=0.992063
INFO:root:Epoch[147] Batch [40]	Speed: 34.13 samples/sec	Train-accuracy=0.987500
INFO:root:Epoch[147] Batch [60]	Speed: 34.36 samples/sec	Train-accuracy=0.987500
INFO:root:Epoch[147] Batch [80]	Speed: 34.17 samples/sec	Train-accuracy=0.993750
INFO:root:Epoch[147] Train-accuracy=1.000000
INFO:root:Epoch[147] Time cost=63.437
INFO:root:Saved checkpoint to "./models/inception-resnet-v2-50-train-224-lr-0.01/inception-resnet-v2-50-train-224-lr-0.01-0148.params"
INFO:root:Epoch[147] Validation-accuracy=0.937500
INFO:root:Epoch[148] Batch [20]	Speed: 34.41 samples/sec	Train-accuracy=0.996032
INFO:root:Epoch[148] Batch [40]	Speed: 34.55 samples/sec	Train-accuracy=0.997917
INFO:root:Epoch[148] Batch [60]	Speed: 34.33 samples/sec	Train-accuracy=0.997917
INFO:root:Epoch[148] Batch [80]	Speed: 33.99 samples/sec	Train-accuracy=0.993750
INFO:root:Epoch[148] Train-accuracy=0.995833
INFO:root:Epoch[148] Time cost=63.228
INFO:root:Saved checkpoint to "./models/inception-resnet-v2-50-train-224-lr-0.01/inception-resnet-v2-50-train-224-lr-0.01-0149.params"
INFO:root:Epoch[148] Validation-accuracy=0.916667
INFO:root:Epoch[149] Batch [20]	Speed: 34.26 samples/sec	Train-accuracy=0.998016
INFO:root:Epoch[149] Batch [40]	Speed: 34.33 samples/sec	Train-accuracy=0.995833
INFO:root:Epoch[149] Batch [60]	Speed: 34.28 samples/sec	Train-accuracy=0.995833
INFO:root:Epoch[149] Batch [80]	Speed: 34.23 samples/sec	Train-accuracy=0.993750
INFO:root:Epoch[149] Train-accuracy=0.972222
INFO:root:Epoch[149] Time cost=62.538
INFO:root:Saved checkpoint to "./models/inception-resnet-v2-50-train-224-lr-0.01/inception-resnet-v2-50-train-224-lr-0.01-0150.params"
INFO:root:Epoch[149] Validation-accuracy=0.950000
